episode,reward,profit_dollars,num_trades,sharpe_ratio,win_rate,max_drawdown,loss,avg_loss,epsilon,oos_profit_dollars,oos_num_trades,oos_sharpe_ratio,oos_win_rate,oos_max_drawdown
0,0.002,373.93,5,6.139,0.600,0.015,0.328,0.328,0.999,0.00,0.0,0.000,0.000,0.000
1,0.000,-1243.45,4,-6.726,0.500,0.200,0.448,0.388,0.998,0.00,0.0,0.000,0.000,0.000
2,0.012,260.98,6,5.013,0.667,0.017,0.262,0.346,0.997,0.00,0.0,0.000,0.000,0.000
3,0.025,159.89,4,4.451,0.750,0.013,0.191,0.307,0.996,0.00,0.0,0.000,0.000,0.000
4,-0.150,-895.43,4,-10.706,0.250,0.090,0.108,0.267,0.994,0.00,0.0,0.000,0.000,0.000
5,-0.016,-402.27,6,-3.599,0.333,0.073,0.172,0.251,0.993,0.00,0.0,0.000,0.000,0.000
6,-0.195,-1659.78,4,-25.797,0.000,0.166,0.193,0.243,0.992,0.00,0.0,0.000,0.000,0.000
7,-0.004,-214.41,4,-3.715,0.500,0.038,0.167,0.234,0.991,0.00,0.0,0.000,0.000,0.000
8,-0.070,-1175.94,7,-8.302,0.429,0.141,0.168,0.226,0.990,0.00,0.0,0.000,0.000,0.000
9,0.043,100.32,6,1.455,0.667,0.043,0.127,0.216,0.988,0.00,0.0,0.000,0.000,0.000
10,-0.014,-380.54,6,-11.798,0.333,0.043,0.162,0.211,0.987,0.00,0.0,0.000,0.000,0.000
11,0.003,-127.73,3,-4.106,0.333,0.031,0.164,0.207,0.986,0.00,0.0,0.000,0.000,0.000
12,-0.133,-1446.06,4,-19.931,0.000,0.145,0.161,0.204,0.985,0.00,0.0,0.000,0.000,0.000
13,0.009,-240.34,3,-26.466,0.000,0.024,0.193,0.203,0.984,0.00,0.0,0.000,0.000,0.000
14,-0.074,-372.43,4,-5.109,0.250,0.072,0.245,0.206,0.982,-15.58,0.4,0.000,0.200,0.008
15,-0.044,-323.00,4,-6.549,0.500,0.051,0.141,0.202,0.981,110.80,1.4,-6.243,0.400,0.010
16,-0.044,-314.54,6,-4.231,0.500,0.059,0.128,0.197,0.980,-360.20,0.4,0.000,0.000,0.036
17,0.015,271.84,4,9.732,0.750,0.009,0.196,0.197,0.979,30.81,0.2,0.000,0.200,0.000
18,0.010,-369.42,4,-9.298,0.250,0.043,0.150,0.195,0.978,0.00,0.0,0.000,0.000,0.000
19,0.040,261.26,5,2.751,0.400,0.030,0.163,0.193,0.976,0.00,0.0,0.000,0.000,0.000
20,-0.049,91.17,4,1.744,0.750,0.031,0.176,0.192,0.975,0.00,0.0,0.000,0.000,0.000
21,-0.014,-46.99,5,-0.657,0.400,0.046,0.158,0.191,0.974,0.00,0.0,0.000,0.000,0.000
22,0.118,890.35,5,8.467,0.800,0.025,0.161,0.190,0.973,0.00,0.0,0.000,0.000,0.000
23,0.023,-98.43,4,-1.698,0.500,0.038,0.182,0.189,0.972,0.00,0.0,0.000,0.000,0.000
24,0.048,532.45,6,3.815,0.667,0.067,0.226,0.191,0.970,0.00,0.0,0.000,0.000,0.000
25,-0.105,-800.36,2,-23.908,0.000,0.080,0.232,0.187,0.969,0.00,0.0,0.000,0.000,0.000
26,-0.002,-119.68,6,-7.379,0.167,0.013,0.217,0.178,0.968,0.00,0.0,0.000,0.000,0.000
27,-0.027,186.98,4,3.948,0.750,0.026,0.200,0.175,0.968,0.00,0.0,0.000,0.000,0.000
28,0.007,-148.44,3,-11.302,0.333,0.015,0.263,0.178,0.967,-36.32,0.6,-5.408,0.200,0.009
29,-0.113,-1231.16,5,-17.065,0.200,0.127,0.219,0.183,0.965,0.00,0.0,0.000,0.000,0.000
30,-0.053,-370.68,4,-9.755,0.250,0.037,0.115,0.180,0.964,0.00,0.0,0.000,0.000,0.000
31,-0.019,-343.91,5,-5.654,0.400,0.060,0.189,0.180,0.963,0.00,0.0,0.000,0.000,0.000
32,0.027,76.04,7,0.981,0.571,0.023,0.163,0.180,0.962,0.00,0.0,0.000,0.000,0.000
33,-0.109,-1396.65,5,-17.272,0.200,0.140,0.134,0.179,0.961,0.00,0.0,0.000,0.000,0.000
34,0.180,1865.01,5,20.587,1.000,0.000,0.175,0.181,0.959,140.25,0.2,0.000,0.200,0.000
35,0.003,-242.55,5,-3.668,0.400,0.051,0.078,0.177,0.958,0.00,0.0,0.000,0.000,0.000
36,0.014,294.03,6,3.336,0.667,0.047,0.188,0.178,0.957,-36.33,0.8,-5.457,0.200,0.011
37,0.036,-43.29,5,-3.611,0.400,0.009,0.140,0.177,0.956,0.00,0.0,0.000,0.000,0.000
38,0.039,167.02,5,3.026,0.600,0.021,0.225,0.179,0.955,0.00,0.0,0.000,0.000,0.000
39,0.011,-305.72,4,-9.342,0.500,0.035,0.148,0.175,0.953,0.00,0.0,0.000,0.000,0.000
40,-0.080,-395.43,5,-5.308,0.600,0.054,0.099,0.173,0.952,0.00,0.0,0.000,0.000,0.000
41,0.013,242.21,4,5.154,0.500,0.018,0.120,0.173,0.951,0.00,0.0,0.000,0.000,0.000
42,0.010,-359.08,4,-18.051,0.000,0.036,0.154,0.171,0.950,0.00,0.0,0.000,0.000,0.000
43,0.028,31.34,5,0.482,0.600,0.035,0.121,0.170,0.949,0.00,0.0,0.000,0.000,0.000
44,-0.100,-977.90,4,-7.957,0.500,0.106,0.081,0.167,0.947,0.00,0.0,0.000,0.000,0.000
45,-0.008,-673.36,3,-27.264,0.000,0.067,0.163,0.166,0.946,0.00,0.0,0.000,0.000,0.000
46,-0.023,-157.71,3,-8.407,0.333,0.024,0.180,0.167,0.946,0.00,0.0,0.000,0.000,0.000
47,-0.007,-428.68,5,-9.742,0.200,0.050,0.072,0.163,0.945,0.00,0.0,0.000,0.000,0.000
48,-0.105,-410.81,3,-7.227,0.333,0.068,0.062,0.159,0.944,0.00,0.0,0.000,0.000,0.000
49,0.169,632.50,2,35.959,1.000,0.000,0.111,0.154,0.942,0.00,0.0,0.000,0.000,0.000
50,-0.053,-690.78,5,-9.464,0.200,0.069,0.129,0.150,0.941,0.00,0.0,0.000,0.000,0.000
51,0.024,530.72,5,10.902,0.800,0.015,0.109,0.146,0.940,0.00,0.0,0.000,0.000,0.000
52,0.082,2023.05,4,19.466,1.000,0.000,0.078,0.141,0.939,0.00,0.0,0.000,0.000,0.000
53,-0.069,-678.07,3,-17.004,0.333,0.074,0.139,0.136,0.938,0.00,0.0,0.000,0.000,0.000
54,-0.058,-920.65,3,-118.121,0.000,0.092,0.095,0.131,0.936,0.00,0.0,0.000,0.000,0.000
55,0.004,668.50,3,47.769,1.000,0.000,0.078,0.129,0.935,272.05,1.0,2.967,0.700,0.001
56,-0.043,-584.54,4,-25.345,0.000,0.058,0.080,0.125,0.934,-310.85,0.8,0.000,0.000,0.031
57,-0.005,213.21,4,5.712,0.750,0.019,0.044,0.120,0.933,-315.75,0.4,0.000,0.000,0.032
58,0.094,1703.78,6,11.430,0.833,0.008,0.046,0.117,0.932,289.61,1.0,4.308,0.167,0.002
59,0.020,95.84,7,0.606,0.429,0.083,0.058,0.112,0.930,77.56,0.2,0.000,0.200,0.000
60,-0.018,-152.04,5,-3.259,0.400,0.023,0.028,0.110,0.930,0.00,0.0,0.000,0.000,0.000
61,-0.058,100.31,7,1.737,0.286,0.024,0.044,0.104,0.929,0.00,0.0,0.000,0.000,0.000
62,-0.053,-844.33,6,-7.830,0.500,0.120,0.070,0.101,0.928,0.00,0.0,0.000,0.000,0.000
63,0.024,-81.51,6,-0.561,0.500,0.065,0.045,0.094,0.927,0.00,0.0,0.000,0.000,0.000
64,-0.007,83.13,3,3.806,0.667,0.012,0.057,0.091,0.925,0.00,0.0,0.000,0.000,0.000
65,-0.010,-770.97,8,-9.483,0.375,0.078,0.051,0.089,0.924,-185.80,0.2,0.000,0.000,0.019
66,0.053,489.79,5,7.280,0.400,0.008,0.054,0.086,0.923,21.27,0.2,0.000,0.200,0.000
67,0.013,469.19,1,0.000,1.000,0.000,0.039,0.081,0.922,0.00,0.0,0.000,0.000,0.000
68,-0.059,-591.37,6,-7.262,0.333,0.059,0.055,0.079,0.921,191.51,1.6,4.913,0.367,0.016
69,-0.033,-299.26,4,-6.838,0.500,0.037,0.027,0.077,0.919,0.00,0.0,0.000,0.000,0.000
70,-0.103,-1037.43,5,-19.227,0.000,0.104,0.042,0.072,0.918,78.27,0.2,0.000,0.200,0.000
71,-0.072,-813.68,3,-8.371,0.333,0.116,0.027,0.066,0.918,218.87,0.8,11.199,0.400,0.000
72,0.049,875.06,4,15.764,0.750,0.005,0.026,0.064,0.917,171.12,1.0,4.926,0.333,0.004
73,0.048,918.06,2,19.558,1.000,0.000,0.024,0.062,0.916,115.43,0.4,3.776,0.200,0.000
74,-0.010,25.37,4,0.761,0.500,0.018,0.023,0.059,0.914,0.00,0.0,0.000,0.000,0.000
75,0.090,255.20,5,2.444,0.200,0.026,0.027,0.055,0.913,0.00,0.0,0.000,0.000,0.000
76,0.161,1378.26,4,8.950,0.750,0.045,0.023,0.051,0.912,0.00,0.0,0.000,0.000,0.000
77,-0.024,-290.70,4,-14.147,0.250,0.029,0.023,0.049,0.911,0.00,0.0,0.000,0.000,0.000
78,0.001,75.66,2,3.277,0.500,0.014,0.019,0.044,0.910,0.00,0.0,0.000,0.000,0.000
79,-0.029,-1197.14,5,-11.214,0.400,0.129,0.018,0.041,0.908,0.00,0.0,0.000,0.000,0.000
80,0.125,1033.38,6,19.151,1.000,0.000,0.027,0.039,0.908,0.00,0.0,0.000,0.000,0.000
81,-0.040,-331.74,6,-4.629,0.667,0.048,0.022,0.037,0.907,0.00,0.0,0.000,0.000,0.000
82,0.060,254.76,7,2.800,0.429,0.018,0.030,0.036,0.906,0.00,0.0,0.000,0.000,0.000
83,-0.046,-749.93,3,-21.738,0.000,0.075,0.024,0.035,0.905,0.00,0.0,0.000,0.000,0.000
84,-0.039,-1545.21,4,-30.993,0.000,0.155,0.018,0.034,0.903,0.00,0.0,0.000,0.000,0.000
85,-0.053,-869.82,5,-30.451,0.000,0.087,0.017,0.033,0.902,0.00,0.0,0.000,0.000,0.000
86,-0.008,171.84,4,5.784,0.500,0.012,0.023,0.033,0.901,0.00,0.0,0.000,0.000,0.000
87,-0.029,200.59,5,3.181,0.800,0.034,0.009,0.030,0.900,0.00,0.0,0.000,0.000,0.000
88,-0.044,-208.51,5,-2.785,0.400,0.039,0.013,0.029,0.899,0.00,0.0,0.000,0.000,0.000
89,0.028,80.78,5,1.393,0.200,0.020,0.022,0.027,0.898,20.93,0.4,0.000,0.200,0.007
90,0.055,-363.84,3,-35.979,0.000,0.036,0.021,0.026,0.897,0.00,0.0,0.000,0.000,0.000
91,0.012,-54.52,5,-0.691,0.400,0.043,0.012,0.025,0.896,0.00,0.0,0.000,0.000,0.000
92,0.013,-73.45,7,-2.327,0.571,0.019,0.012,0.023,0.895,0.00,0.0,0.000,0.000,0.000
93,-0.033,-316.54,3,-11.377,0.333,0.032,0.014,0.022,0.894,0.00,0.0,0.000,0.000,0.000
94,-0.022,281.87,7,3.578,0.429,0.023,0.020,0.022,0.892,0.00,0.0,0.000,0.000,0.000
95,0.002,417.74,4,4.675,0.250,0.021,0.012,0.020,0.891,0.00,0.0,0.000,0.000,0.000
96,-0.030,-489.13,5,-5.208,0.400,0.072,0.013,0.020,0.890,0.00,0.0,0.000,0.000,0.000
97,-0.124,-767.59,5,-9.292,0.200,0.083,0.015,0.019,0.890,-40.53,0.2,0.000,0.000,0.004
98,-0.109,-1100.72,5,-7.941,0.400,0.120,0.022,0.019,0.889,0.00,0.0,0.000,0.000,0.000
99,-0.001,-140.04,5,-2.646,0.200,0.038,0.016,0.019,0.887,0.00,0.0,0.000,0.000,0.000
100,0.017,-373.32,5,-4.729,0.400,0.069,0.014,0.018,0.886,47.70,0.2,0.000,0.200,0.000
101,-0.005,-17.14,5,-0.602,0.400,0.012,0.017,0.018,0.885,0.00,0.0,0.000,0.000,0.000
102,-0.011,-833.72,4,-13.278,0.000,0.083,0.013,0.018,0.884,0.00,0.0,0.000,0.000,0.000
103,-0.011,77.47,3,4.884,0.667,0.009,0.012,0.017,0.883,-50.14,0.4,0.000,0.000,0.005
104,0.054,551.91,3,16.208,0.667,0.006,0.015,0.017,0.882,72.89,0.2,0.000,0.200,0.000
105,-0.064,-331.27,7,-5.228,0.286,0.048,0.008,0.017,0.881,0.00,0.0,0.000,0.000,0.000
106,0.018,-131.95,6,-3.359,0.333,0.030,0.016,0.016,0.880,0.00,0.0,0.000,0.000,0.000
107,-0.034,-118.97,5,-2.718,0.600,0.025,0.016,0.016,0.879,0.00,0.0,0.000,0.000,0.000
108,-0.009,-93.03,7,-0.552,0.429,0.081,0.008,0.015,0.878,-86.38,0.2,0.000,0.000,0.009
109,-0.021,-56.21,4,-2.357,0.250,0.017,0.027,0.015,0.876,0.00,0.0,0.000,0.000,0.000
110,0.013,740.93,4,12.314,0.750,0.012,0.021,0.016,0.875,-55.90,0.2,0.000,0.000,0.006
111,-0.070,-349.67,4,-4.669,0.500,0.071,0.010,0.015,0.875,116.06,0.2,0.000,0.200,0.000
112,-0.064,-252.68,4,-5.823,0.500,0.042,0.022,0.016,0.874,51.58,0.4,1.371,0.100,0.003
113,-0.011,-311.88,4,-29.347,0.000,0.031,0.012,0.016,0.873,0.00,0.0,0.000,0.000,0.000
114,-0.027,210.87,3,5.781,0.667,0.019,0.017,0.015,0.871,0.00,0.0,0.000,0.000,0.000
115,-0.036,-459.42,4,-15.636,0.250,0.046,0.013,0.015,0.870,0.00,0.0,0.000,0.000,0.000
116,-0.013,-51.67,5,-1.252,0.400,0.032,0.015,0.015,0.869,0.00,0.0,0.000,0.000,0.000
117,-0.071,117.29,3,2.014,0.333,0.027,0.007,0.015,0.868,0.00,0.0,0.000,0.000,0.000
118,-0.026,-407.69,3,-8.925,0.333,0.046,0.017,0.015,0.868,0.00,0.0,0.000,0.000,0.000
119,-0.001,-642.35,8,-7.619,0.250,0.069,0.014,0.015,0.866,0.00,0.0,0.000,0.000,0.000
120,-0.034,327.89,4,4.215,0.750,0.041,0.017,0.015,0.865,0.00,0.0,0.000,0.000,0.000
121,-0.022,-163.47,3,-25.572,0.000,0.016,0.012,0.015,0.864,0.00,0.0,0.000,0.000,0.000
122,-0.061,-1253.30,3,-34.393,0.000,0.125,0.021,0.015,0.863,0.00,0.0,0.000,0.000,0.000
123,0.031,1077.52,4,14.014,0.750,0.000,0.018,0.015,0.862,0.00,0.0,0.000,0.000,0.000
124,-0.037,-140.17,6,-1.752,0.333,0.042,0.016,0.015,0.861,-286.96,0.4,0.000,0.200,0.029
125,-0.004,438.68,4,9.597,0.750,0.007,0.008,0.015,0.860,-113.97,0.6,-2.213,0.100,0.014
126,0.006,-428.57,3,-17.265,0.333,0.045,0.020,0.015,0.859,-18.06,0.2,0.000,0.000,0.002
127,-0.025,-4.72,6,-0.216,0.500,0.014,0.011,0.015,0.858,239.66,1.4,2.097,0.600,0.020
128,0.005,299.58,4,11.715,0.750,0.004,0.019,0.015,0.857,132.39,1.6,0.295,0.500,0.011
129,-0.008,-762.31,6,-5.537,0.333,0.099,0.010,0.015,0.855,55.19,1.0,-3.581,0.400,0.012
130,-0.041,-240.04,7,-2.384,0.571,0.065,0.031,0.016,0.855,-94.47,1.2,-3.355,0.400,0.016
131,0.017,-812.46,4,-24.228,0.000,0.081,0.015,0.016,0.854,92.03,0.4,0.000,0.200,0.002
132,0.086,331.75,6,2.943,0.500,0.045,0.012,0.016,0.853,113.06,0.8,2.749,0.100,0.014
133,-0.068,-605.89,5,-25.293,0.200,0.062,0.006,0.016,0.852,-134.21,1.8,9.533,0.467,0.029
134,-0.001,-811.06,6,-11.672,0.333,0.081,0.014,0.015,0.850,-136.08,1.0,0.832,0.200,0.023
135,0.055,472.54,5,9.280,0.800,0.011,0.015,0.015,0.850,-27.76,0.4,0.000,0.200,0.003
136,0.006,-1177.28,5,-11.120,0.000,0.118,0.005,0.015,0.849,0.00,0.0,0.000,0.000,0.000
137,0.076,324.70,5,3.841,0.800,0.040,0.008,0.014,0.848,65.44,0.4,9.128,0.200,0.000
138,-0.003,-189.75,4,-8.326,0.500,0.022,0.013,0.014,0.847,-39.93,0.2,0.000,0.000,0.004
139,-0.018,93.80,3,3.094,0.667,0.018,0.015,0.014,0.845,-54.37,0.2,0.000,0.000,0.005
140,-0.022,164.82,5,3.017,0.600,0.015,0.012,0.014,0.844,0.00,0.0,0.000,0.000,0.000
141,-0.017,-0.27,3,-0.006,0.667,0.029,0.018,0.014,0.844,0.00,0.0,0.000,0.000,0.000
142,-0.002,-40.16,6,-0.609,0.500,0.040,0.008,0.014,0.843,0.00,0.0,0.000,0.000,0.000
143,0.020,-649.70,4,-13.606,0.250,0.065,0.012,0.014,0.842,0.00,0.0,0.000,0.000,0.000
144,-0.033,-160.05,4,-10.450,0.250,0.019,0.016,0.014,0.840,0.00,0.0,0.000,0.000,0.000
145,-0.155,-847.68,4,-3.857,0.500,0.137,0.008,0.014,0.839,0.00,0.0,0.000,0.000,0.000
146,-0.053,-446.71,4,-21.677,0.000,0.045,0.006,0.013,0.839,0.00,0.0,0.000,0.000,0.000
147,-0.059,-300.79,2,-14.990,0.500,0.031,0.013,0.013,0.838,0.00,0.0,0.000,0.000,0.000
148,0.001,-416.35,2,-40.904,0.000,0.042,0.007,0.013,0.837,0.00,0.0,0.000,0.000,0.000
149,0.017,319.19,5,7.015,0.600,0.014,0.009,0.012,0.835,0.00,0.0,0.000,0.000,0.000
150,-0.039,-581.94,5,-9.162,0.200,0.059,0.014,0.013,0.834,0.00,0.0,0.000,0.000,0.000
151,0.023,71.30,3,9.132,0.667,0.003,0.006,0.012,0.834,0.00,0.0,0.000,0.000,0.000
152,-0.050,44.39,5,0.911,0.800,0.027,0.010,0.012,0.833,-116.28,0.4,0.000,0.000,0.012
153,-0.111,-1303.89,4,-16.322,0.250,0.131,0.007,0.012,0.832,36.88,0.2,0.000,0.200,0.000
154,0.087,1313.47,2,19.243,1.000,0.000,0.011,0.012,0.830,10.56,0.4,0.274,0.100,0.006
155,-0.032,-77.62,4,-3.360,0.250,0.016,0.011,0.011,0.829,-29.67,0.2,0.000,0.000,0.003
156,0.022,-310.83,5,-28.075,0.200,0.031,0.012,0.011,0.829,21.34,0.2,0.000,0.200,0.000
157,-0.038,15.97,5,0.247,0.600,0.040,0.008,0.011,0.828,-38.01,0.6,0.000,0.200,0.006
158,0.011,-1124.77,4,-12.269,0.250,0.112,0.006,0.011,0.827,0.00,0.0,0.000,0.000,0.000
159,-0.026,462.57,3,21.161,1.000,0.000,0.011,0.010,0.825,0.00,0.0,0.000,0.000,0.000
160,0.030,98.51,4,6.607,0.500,0.004,0.005,0.010,0.824,67.10,0.2,0.000,0.200,0.000
161,0.088,477.25,4,6.672,0.500,0.029,0.009,0.010,0.824,48.67,0.2,0.000,0.200,0.000
162,-0.041,-189.95,6,-1.914,0.500,0.061,0.008,0.010,0.823,0.00,0.0,0.000,0.000,0.000
163,0.007,-468.96,7,-6.133,0.286,0.064,0.008,0.010,0.822,223.96,0.4,0.000,0.400,0.000
164,0.029,821.39,3,15.363,0.667,0.007,0.009,0.010,0.820,67.10,0.2,0.000,0.200,0.000
165,-0.015,-423.25,4,-7.482,0.250,0.053,0.004,0.009,0.819,0.00,0.0,0.000,0.000,0.000
166,-0.009,-204.63,5,-3.976,0.200,0.036,0.010,0.009,0.819,91.80,0.2,0.000,0.200,0.000
167,-0.093,-1057.92,5,-8.893,0.400,0.125,0.008,0.009,0.818,91.80,0.2,0.000,0.200,0.000
168,0.068,1417.49,4,26.155,1.000,0.000,0.011,0.009,0.817,0.00,0.0,0.000,0.000,0.000
169,0.023,-140.13,4,-7.114,0.250,0.022,0.006,0.009,0.815,137.81,0.2,0.000,0.200,0.000
170,0.012,289.62,5,8.549,0.800,0.014,0.008,0.009,0.815,0.00,0.0,0.000,0.000,0.000
171,-0.061,-202.93,4,-9.513,0.250,0.029,0.004,0.009,0.814,0.00,0.0,0.000,0.000,0.000
172,0.014,246.34,4,19.184,1.000,0.000,0.004,0.008,0.813,0.00,0.0,0.000,0.000,0.000
173,0.011,-197.31,3,-4.972,0.333,0.033,0.007,0.008,0.812,0.00,0.0,0.000,0.000,0.000
174,-0.086,-625.60,2,-11.463,0.500,0.074,0.006,0.008,0.810,123.93,0.4,0.000,0.400,0.000
175,-0.042,-153.18,7,-2.233,0.429,0.046,0.003,0.008,0.810,0.00,0.0,0.000,0.000,0.000
176,-0.106,-825.73,4,-10.156,0.250,0.083,0.009,0.008,0.809,106.25,0.2,0.000,0.200,0.000
177,-0.069,-1106.33,6,-7.511,0.333,0.118,0.011,0.008,0.808,0.00,0.0,0.000,0.000,0.000
178,-0.026,-109.71,2,-14.243,0.500,0.012,0.007,0.008,0.807,0.00,0.0,0.000,0.000,0.000
179,-0.004,-486.24,4,-3.992,0.500,0.085,0.007,0.008,0.806,0.00,0.0,0.000,0.000,0.000
180,0.037,483.11,5,10.350,0.800,0.011,0.009,0.008,0.805,0.00,0.0,0.000,0.000,0.000
181,0.004,52.65,4,2.641,0.500,0.013,0.008,0.007,0.804,0.00,0.0,0.000,0.000,0.000
182,-0.085,-1145.54,5,-10.779,0.200,0.115,0.007,0.007,0.803,0.00,0.0,0.000,0.000,0.000
183,-0.021,-342.40,6,-25.035,0.000,0.034,0.006,0.007,0.802,0.00,0.0,0.000,0.000,0.000
184,0.001,-286.11,4,-9.831,0.250,0.029,0.007,0.007,0.801,0.00,0.0,0.000,0.000,0.000
185,0.005,109.53,5,1.656,0.400,0.023,0.006,0.007,0.800,0.00,0.0,0.000,0.000,0.000
186,0.026,-99.45,3,-14.967,0.333,0.010,0.005,0.007,0.799,0.00,0.0,0.000,0.000,0.000
187,0.007,-415.40,3,-8.970,0.333,0.053,0.010,0.007,0.798,0.00,0.0,0.000,0.000,0.000
188,0.025,-733.53,5,-4.248,0.600,0.117,0.004,0.007,0.798,0.00,0.0,0.000,0.000,0.000
189,0.087,603.43,6,6.856,0.667,0.029,0.005,0.007,0.796,0.00,0.0,0.000,0.000,0.000
190,0.044,770.85,5,12.104,0.800,0.011,0.008,0.007,0.795,20.60,0.2,0.000,0.200,0.000
191,0.037,25.80,3,3.570,0.333,0.003,0.007,0.007,0.794,121.89,0.6,0.770,0.300,0.005
192,0.037,406.51,4,12.065,0.750,0.005,0.007,0.007,0.794,155.52,0.6,0.000,0.600,0.000
193,-0.029,-374.92,6,-23.295,0.000,0.037,0.012,0.007,0.793,8.41,0.6,5.747,0.200,0.009
194,0.042,455.83,5,10.630,0.800,0.013,0.010,0.007,0.791,0.00,0.0,0.000,0.000,0.000
195,-0.005,-162.16,3,-3.254,0.333,0.036,0.011,0.007,0.790,0.00,0.0,0.000,0.000,0.000
196,0.010,248.29,4,5.427,0.500,0.018,0.013,0.008,0.790,239.54,0.2,0.000,0.200,0.000
197,0.002,-38.36,2,-5.020,0.500,0.008,0.007,0.008,0.789,0.00,0.0,0.000,0.000,0.000
198,0.046,164.41,5,4.664,0.400,0.008,0.007,0.008,0.788,0.00,0.0,0.000,0.000,0.000
199,-0.003,-230.54,2,-10.861,0.500,0.028,0.007,0.008,0.787,0.00,0.0,0.000,0.000,0.000
200,-0.080,-1159.10,5,-13.519,0.000,0.116,0.006,0.008,0.786,428.29,0.4,0.000,0.400,0.000
201,-0.073,202.85,4,6.755,0.750,0.013,0.008,0.008,0.785,0.00,0.0,0.000,0.000,0.000
202,-0.023,9.72,4,0.204,0.750,0.029,0.003,0.007,0.784,145.92,0.2,0.000,0.200,0.000
203,0.080,513.66,2,17.508,1.000,0.000,0.004,0.007,0.783,0.00,0.0,0.000,0.000,0.000
204,0.017,-6.51,3,-0.130,0.667,0.035,0.005,0.007,0.782,0.00,0.0,0.000,0.000,0.000
205,-0.021,75.35,6,1.383,0.500,0.022,0.007,0.007,0.781,65.71,0.8,16.037,0.200,0.005
206,0.024,328.80,3,4.951,0.333,0.026,0.004,0.007,0.780,0.00,0.0,0.000,0.000,0.000
207,-0.032,-673.70,2,-16.793,0.000,0.067,0.007,0.007,0.779,0.00,0.0,0.000,0.000,0.000
208,0.037,425.00,4,3.776,0.750,0.046,0.005,0.007,0.779,0.00,0.0,0.000,0.000,0.000
209,0.031,-373.28,5,-27.254,0.000,0.037,0.003,0.007,0.777,0.00,0.0,0.000,0.000,0.000
210,0.108,994.94,4,9.276,0.750,0.026,0.010,0.007,0.776,0.00,0.0,0.000,0.000,0.000
211,-0.004,-67.47,3,-4.416,0.667,0.013,0.006,0.007,0.776,0.00,0.0,0.000,0.000,0.000
212,0.024,837.55,4,13.220,0.750,0.005,0.007,0.007,0.775,0.00,0.0,0.000,0.000,0.000
213,-0.149,-1296.50,5,-8.066,0.400,0.130,0.006,0.007,0.774,0.00,0.0,0.000,0.000,0.000
214,0.053,494.78,4,21.535,0.750,0.001,0.006,0.007,0.772,-19.50,0.2,0.000,0.000,0.002
215,0.037,252.93,6,3.946,0.500,0.018,0.009,0.007,0.772,91.80,0.2,0.000,0.200,0.000
216,0.145,611.91,2,12.680,0.500,0.008,0.010,0.007,0.771,-6.27,0.2,0.000,0.000,0.001
217,0.035,661.60,5,16.492,0.800,0.002,0.004,0.007,0.770,0.00,0.0,0.000,0.000,0.000
218,0.090,941.60,1,0.000,1.000,0.000,0.003,0.007,0.769,-80.47,0.2,0.000,0.000,0.008
219,0.005,-189.46,3,-5.037,0.333,0.024,0.004,0.006,0.768,0.00,0.0,0.000,0.000,0.000
220,-0.001,105.12,4,1.432,0.750,0.040,0.003,0.006,0.767,0.00,0.0,0.000,0.000,0.000
221,-0.024,-102.46,2,-118.507,0.000,0.010,0.005,0.006,0.766,0.00,0.0,0.000,0.000,0.000
222,0.009,4.71,1,0.000,1.000,0.000,0.004,0.006,0.766,0.00,0.0,0.000,0.000,0.000
223,-0.091,-645.12,3,-33.526,0.000,0.065,0.003,0.005,0.765,0.00,0.0,0.000,0.000,0.000
224,-0.036,-674.90,3,-20.940,0.000,0.067,0.007,0.006,0.763,0.00,0.0,0.000,0.000,0.000
225,0.013,305.14,4,22.155,1.000,0.000,0.005,0.005,0.763,0.00,0.0,0.000,0.000,0.000
226,0.068,434.16,6,6.877,0.500,0.024,0.006,0.005,0.762,0.00,0.0,0.000,0.000,0.000
227,-0.020,-671.66,8,-12.671,0.250,0.067,0.007,0.006,0.761,0.00,0.0,0.000,0.000,0.000
228,0.157,-1126.84,4,-24.529,0.250,0.114,0.008,0.006,0.760,80.48,0.4,4.476,0.200,0.000
229,0.157,1928.28,3,17.520,1.000,0.000,0.006,0.006,0.759,39.37,0.4,1.048,0.100,0.004
230,0.013,22.25,5,0.656,0.400,0.023,0.005,0.006,0.758,0.00,0.0,0.000,0.000,0.000
231,0.025,53.39,1,0.000,1.000,0.000,0.004,0.006,0.757,-79.77,0.4,0.000,0.000,0.008
232,0.011,-125.81,4,-4.967,0.250,0.019,0.003,0.006,0.756,-255.90,0.6,-5.900,0.000,0.026
233,-0.181,-1698.60,1,0.000,0.000,0.170,0.009,0.006,0.756,0.00,0.0,0.000,0.000,0.000
234,0.112,1051.59,2,14.666,0.500,0.004,0.006,0.006,0.754,0.00,0.0,0.000,0.000,0.000
235,-0.030,-300.96,4,-6.320,0.500,0.037,0.005,0.006,0.753,0.00,0.0,0.000,0.000,0.000
236,-0.037,-475.96,5,-13.997,0.200,0.048,0.006,0.006,0.753,0.00,0.0,0.000,0.000,0.000
237,0.004,-331.75,4,-14.616,0.250,0.033,0.003,0.006,0.752,0.00,0.0,0.000,0.000,0.000
238,-0.092,-243.78,3,-2.596,0.667,0.074,0.003,0.005,0.751,0.00,0.0,0.000,0.000,0.000
239,-0.011,-41.90,2,-2.109,0.500,0.018,0.007,0.006,0.750,0.00,0.0,0.000,0.000,0.000
240,-0.025,-78.17,4,-3.621,0.250,0.014,0.008,0.005,0.749,0.00,0.0,0.000,0.000,0.000
241,-0.019,-194.00,4,-5.383,0.750,0.029,0.005,0.005,0.748,0.00,0.0,0.000,0.000,0.000
242,-0.076,-293.81,3,-15.669,0.333,0.030,0.003,0.005,0.747,0.00,0.0,0.000,0.000,0.000
243,-0.030,-624.30,2,-70.732,0.000,0.062,0.003,0.005,0.747,0.00,0.0,0.000,0.000,0.000
244,-0.072,494.59,5,8.050,0.800,0.020,0.006,0.005,0.745,0.00,0.0,0.000,0.000,0.000
245,0.065,795.52,2,10.999,0.500,0.018,0.008,0.005,0.744,0.00,0.0,0.000,0.000,0.000
246,0.063,550.03,1,0.000,1.000,0.000,0.004,0.005,0.744,0.00,0.0,0.000,0.000,0.000
247,0.005,-256.00,5,-7.684,0.400,0.026,0.005,0.005,0.743,0.00,0.0,0.000,0.000,0.000
248,-0.009,-215.14,4,-10.403,0.500,0.023,0.007,0.006,0.742,0.00,0.0,0.000,0.000,0.000
249,-0.026,-68.71,3,-1.986,0.667,0.027,0.007,0.006,0.741,147.79,0.4,749.203,0.200,0.000
250,-0.100,-1086.08,4,-10.008,0.500,0.132,0.004,0.006,0.740,125.01,0.4,1.676,0.100,0.006
251,-0.056,-128.61,2,-9.296,0.500,0.017,0.003,0.005,0.739,38.35,0.2,0.000,0.200,0.000
252,-0.089,-1372.03,4,-22.342,0.000,0.137,0.007,0.005,0.738,0.00,0.0,0.000,0.000,0.000
253,-0.044,-89.65,3,-4.704,0.333,0.018,0.005,0.005,0.738,0.00,0.0,0.000,0.000,0.000
254,-0.078,470.19,5,41.595,1.000,0.000,0.003,0.005,0.736,0.00,0.0,0.000,0.000,0.000
255,-0.011,301.14,4,6.879,0.750,0.016,0.004,0.005,0.736,0.00,0.0,0.000,0.000,0.000
256,0.007,-60.48,3,-1.232,0.667,0.037,0.010,0.005,0.735,0.00,0.0,0.000,0.000,0.000
257,0.087,1022.39,4,15.271,0.750,0.011,0.005,0.005,0.734,0.00,0.0,0.000,0.000,0.000
258,0.090,102.13,5,1.979,0.200,0.012,0.008,0.005,0.733,0.00,0.0,0.000,0.000,0.000
259,0.052,666.11,4,16.804,1.000,0.000,0.006,0.005,0.732,0.00,0.0,0.000,0.000,0.000
260,0.072,1039.12,5,17.160,0.800,0.003,0.004,0.005,0.731,0.00,0.0,0.000,0.000,0.000
261,-0.064,-975.81,2,-20.787,0.000,0.098,0.004,0.005,0.730,0.00,0.0,0.000,0.000,0.000
262,-0.132,-1177.50,4,-10.023,0.250,0.118,0.007,0.005,0.730,0.00,0.0,0.000,0.000,0.000
263,-0.023,-64.81,5,-1.823,0.200,0.023,0.005,0.006,0.729,0.00,0.0,0.000,0.000,0.000
264,0.014,225.19,4,3.673,0.500,0.026,0.006,0.005,0.727,90.62,0.4,0.000,0.400,0.000
265,-0.040,315.63,4,6.026,0.750,0.023,0.002,0.005,0.727,-58.14,0.2,0.000,0.000,0.006
266,0.014,-33.54,6,-0.348,0.500,0.049,0.005,0.005,0.726,-71.94,0.2,0.000,0.000,0.007
267,0.066,1186.39,4,25.758,1.000,0.000,0.008,0.005,0.725,0.00,0.0,0.000,0.000,0.000
268,-0.042,-870.71,6,-11.014,0.167,0.087,0.003,0.005,0.725,367.19,0.6,0.000,0.400,0.001
269,0.006,-530.18,4,-13.467,0.250,0.053,0.008,0.006,0.723,0.00,0.0,0.000,0.000,0.000
270,-0.071,439.49,4,9.169,0.500,0.015,0.008,0.006,0.722,0.00,0.0,0.000,0.000,0.000
271,-0.025,-456.90,5,-3.132,0.600,0.119,0.002,0.006,0.722,0.00,0.0,0.000,0.000,0.000
272,0.057,229.59,4,2.115,0.250,0.031,0.006,0.006,0.721,0.00,0.0,0.000,0.000,0.000
273,-0.006,-38.75,5,-0.468,0.600,0.053,0.005,0.006,0.720,0.00,0.0,0.000,0.000,0.000
274,0.045,-91.07,8,-1.373,0.250,0.034,0.005,0.005,0.719,0.00,0.0,0.000,0.000,0.000
275,-0.064,204.81,4,4.411,0.500,0.013,0.005,0.005,0.718,0.00,0.0,0.000,0.000,0.000
276,0.029,-199.02,3,-9.528,0.333,0.027,0.004,0.005,0.717,0.00,0.0,0.000,0.000,0.000
277,-0.008,-126.54,6,-2.447,0.333,0.030,0.005,0.005,0.717,0.00,0.0,0.000,0.000,0.000
278,-0.008,-584.30,7,-7.330,0.286,0.088,0.005,0.005,0.716,0.00,0.0,0.000,0.000,0.000
279,-0.077,159.53,5,4.962,0.400,0.007,0.005,0.005,0.715,0.00,0.0,0.000,0.000,0.000
280,-0.035,-489.59,4,-15.070,0.250,0.049,0.004,0.005,0.714,0.00,0.0,0.000,0.000,0.000
281,-0.093,-703.90,5,-12.454,0.400,0.070,0.004,0.005,0.713,0.00,0.0,0.000,0.000,0.000
282,-0.071,-20.99,2,-0.433,0.500,0.038,0.005,0.005,0.712,0.00,0.0,0.000,0.000,0.000
283,-0.013,-231.16,7,-4.002,0.286,0.029,0.002,0.005,0.712,0.00,0.0,0.000,0.000,0.000
284,-0.071,-517.65,3,-7.840,0.333,0.052,0.006,0.005,0.710,0.00,0.0,0.000,0.000,0.000
285,0.014,-80.97,4,-4.579,0.250,0.017,0.003,0.005,0.710,0.00,0.0,0.000,0.000,0.000
286,0.019,207.09,4,6.148,0.750,0.010,0.004,0.005,0.709,0.00,0.0,0.000,0.000,0.000
287,0.137,1423.97,6,17.163,0.667,0.006,0.004,0.005,0.708,205.91,0.2,0.000,0.200,0.000
288,-0.027,-944.47,3,-16.868,0.333,0.105,0.014,0.005,0.707,0.00,0.0,0.000,0.000,0.000
289,0.151,578.19,6,3.266,0.333,0.067,0.004,0.005,0.706,80.49,0.8,1.548,0.200,0.012
290,-0.034,-76.58,4,-1.337,0.500,0.047,0.005,0.005,0.705,0.00,0.0,0.000,0.000,0.000
291,-0.056,-85.49,4,-7.982,0.500,0.009,0.005,0.005,0.705,0.00,0.0,0.000,0.000,0.000
292,-0.082,-681.42,5,-11.347,0.000,0.068,0.003,0.005,0.704,0.00,0.0,0.000,0.000,0.000
293,-0.056,-505.68,4,-21.312,0.000,0.051,0.003,0.005,0.703,0.00,0.0,0.000,0.000,0.000
294,0.018,477.02,6,8.469,0.667,0.023,0.004,0.005,0.702,0.00,0.0,0.000,0.000,0.000
295,-0.011,283.72,4,6.790,0.750,0.011,0.005,0.005,0.701,0.00,0.0,0.000,0.000,0.000
296,-0.022,206.47,6,7.773,0.667,0.005,0.007,0.005,0.700,0.00,0.0,0.000,0.000,0.000
297,-0.008,72.24,6,1.195,0.667,0.022,0.002,0.005,0.700,0.00,0.0,0.000,0.000,0.000
298,0.003,-287.50,4,-9.068,0.250,0.038,0.005,0.005,0.699,0.00,0.0,0.000,0.000,0.000
299,-0.157,-2212.44,3,-13.748,0.333,0.225,0.004,0.005,0.698,0.00,0.0,0.000,0.000,0.000
