episode,reward,profit_dollars,num_trades,sharpe_ratio,win_rate,max_drawdown,loss,avg_loss,epsilon,oos_profit_dollars,oos_num_trades,oos_sharpe_ratio,oos_win_rate,oos_max_drawdown,target_achieved,profit_gap,quality_score
0,-0.1813,-281.33,11,-2.160,0.364,0.072,0.0958,0.0958,0.908,163.79,2,27.449,1.000,0.000,0,781.33,1.6
1,0.2327,189.63,10,0.812,0.500,0.072,0.2227,0.1593,0.500,884.33,1,0.000,1.000,0.000,0,310.37,50.8
2,-0.1859,-146.77,9,-1.234,0.222,0.043,0.3879,0.2355,0.454,511.79,1,0.000,1.000,0.000,0,646.77,8.8
3,-0.0942,-328.01,7,-28.571,0.000,0.033,0.6237,0.3325,0.488,148.33,2,8.024,0.500,0.007,0,828.01,0.0
4,0.1184,25.09,3,2.448,0.667,0.007,0.9020,0.4464,0.443,0.00,0,0.000,0.000,0.000,0,474.91,53.7
5,-0.7000,-1615.70,3,-19.681,0.333,0.163,1.4086,0.6068,0.476,0.00,0,0.000,0.000,0.000,0,2115.70,0.0
6,-0.1821,-576.96,1,0.000,0.000,0.058,1.7305,0.7673,0.433,0.00,1,0.000,0.000,0.000,0,1076.96,0.0
7,-0.2794,-900.00,6,-9.129,0.333,0.105,2.1835,0.9444,0.469,0.00,0,0.000,0.000,0.000,0,1400.00,0.0
8,0.5042,639.33,7,4.707,0.571,0.024,2.5214,1.1196,0.426,0.00,1,0.000,0.000,0.000,1,-139.33,89.3
9,-0.2996,-865.98,6,-8.499,0.500,0.103,2.9997,1.3076,0.464,0.00,0,0.000,0.000,0.000,0,1365.98,0.0
10,-0.2667,-654.70,11,-3.322,0.455,0.106,3.6945,1.5246,0.421,0.00,1,0.000,0.000,0.000,0,1154.70,0.0
11,0.4889,936.32,6,9.888,0.833,0.007,3.6301,1.7000,0.459,0.00,0,0.000,0.000,0.000,1,-436.32,95.8
12,-0.0761,-193.40,4,-7.757,0.250,0.019,3.4500,1.8347,0.417,0.00,0,0.000,0.000,0.000,0,693.40,5.8
13,0.2290,621.54,5,6.448,0.600,0.023,3.9713,1.9873,0.454,0.00,1,0.000,0.000,0.000,1,-121.54,90.0
14,-0.0675,-401.93,4,-6.247,0.250,0.063,4.4744,2.1531,0.413,0.00,0,0.000,0.000,0.000,0,901.93,0.0
15,0.0126,-320.71,5,-6.190,0.600,0.039,4.0678,2.2727,0.450,0.00,0,0.000,0.000,0.000,0,820.71,4.3
16,0.5338,1452.03,5,9.935,0.600,0.023,4.3676,2.3960,0.408,0.00,1,0.000,0.000,0.000,1,-952.03,90.0
17,-0.4145,-1018.45,2,-114.417,0.000,0.102,4.1144,2.4914,0.445,0.00,0,0.000,0.000,0.000,0,1518.45,0.0
18,-0.2900,-1072.38,4,-21.922,0.000,0.107,4.9595,2.6213,0.404,0.00,1,0.000,0.000,0.000,0,1572.38,0.0
19,0.2740,579.40,6,6.305,0.500,0.019,4.8682,2.7337,0.440,0.00,0,0.000,0.000,0.000,1,-79.40,87.5
20,0.1392,-10.16,4,-0.422,0.500,0.014,4.7214,2.8283,0.400,0.00,0,0.000,0.000,0.000,0,510.16,26.7
21,-0.1648,-794.24,3,-11.446,0.333,0.079,5.0666,2.9301,0.436,0.00,1,0.000,0.000,0.000,0,1294.24,0.0
22,0.0795,126.05,6,2.461,0.333,0.018,5.2378,3.0304,0.396,0.00,0,0.000,0.000,0.000,0,373.95,53.4
23,0.2361,357.40,5,6.989,0.400,0.006,5.1499,3.1187,0.431,0.00,0,0.000,0.000,0.000,0,142.60,73.6
24,0.0357,281.16,6,1.497,0.167,0.081,4.6093,3.1784,0.392,0.00,1,0.000,0.000,0.000,0,218.84,56.6
25,0.0052,-373.92,5,-2.640,0.400,0.064,4.9078,3.3708,0.427,0.00,1,0.000,0.000,0.000,0,873.92,0.0
26,-0.4443,-1128.13,4,-9.296,0.250,0.124,4.7995,3.5539,0.388,0.00,0,0.000,0.000,0.000,0,1628.13,0.0
27,0.0634,-341.05,6,-2.561,0.500,0.062,4.5225,3.7193,0.422,0.00,1,0.000,0.000,0.000,0,841.05,0.2
28,-0.0463,-489.29,4,-4.047,0.500,0.095,4.1018,3.8584,0.384,0.00,0,0.000,0.000,0.000,0,989.29,0.0
29,-0.0582,-690.31,4,-24.755,0.000,0.069,3.0018,3.9424,0.418,0.00,1,0.000,0.000,0.000,0,1190.31,0.0
30,0.0231,-241.24,4,-3.267,0.500,0.061,2.3306,3.9793,0.380,615.26,5,7.680,0.800,0.028,0,741.24,8.2
31,-0.0118,-134.29,3,-50.720,0.000,0.013,1.7619,3.9805,0.414,0.00,0,0.000,0.000,0.000,0,634.29,4.3
32,-0.3113,-924.35,2,-21.888,0.000,0.092,2.0461,3.9750,0.376,0.00,0,0.000,0.000,0.000,0,1424.35,0.0
33,0.4879,805.99,6,5.870,0.833,0.053,2.4224,3.9711,0.409,120.04,2,5.374,0.500,0.012,1,-305.99,95.8
34,0.0717,-122.67,5,-7.768,0.400,0.018,2.3350,3.9445,0.372,0.00,0,0.000,0.000,0.000,0,622.67,15.2
35,0.0340,-259.78,6,-3.248,0.333,0.062,1.9618,3.8752,0.405,0.00,1,0.000,0.000,0.000,0,759.78,2.6
36,-0.2286,-689.77,5,-5.997,0.600,0.103,1.6261,3.7950,0.368,0.00,0,0.000,0.000,0.000,0,1189.77,0.0
37,0.1798,-29.39,3,-1.934,0.667,0.012,1.4291,3.7142,0.401,0.00,1,0.000,0.000,0.000,0,529.39,29.3
38,-0.0561,-628.70,8,-5.278,0.500,0.103,1.2279,3.6045,0.364,0.00,0,0.000,0.000,0.000,0,1128.70,0.0
39,0.2402,367.46,4,5.625,0.750,0.031,0.8420,3.4592,0.397,0.00,0,0.000,0.000,0.000,0,132.54,83.1
40,-0.2249,-813.26,8,-6.447,0.375,0.081,0.5394,3.3180,0.360,427.67,7,3.394,0.571,0.057,0,1313.26,0.0
41,0.1100,51.36,4,1.705,0.750,0.018,0.3170,3.1560,0.393,0.00,1,0.000,0.000,0.000,0,448.64,54.9
42,0.2950,678.29,2,31.015,1.000,0.000,0.1328,2.9967,0.356,0.00,0,0.000,0.000,0.000,1,-178.29,100.0
43,0.1216,-21.88,6,-0.427,0.500,0.035,0.0738,2.8013,0.388,0.00,1,0.000,0.000,0.000,0,521.88,25.7
44,-0.1079,-614.09,6,-7.844,0.500,0.066,0.0547,2.6088,0.353,0.00,1,0.000,0.000,0.000,0,1114.09,0.0
45,0.0768,-194.36,6,-2.175,0.500,0.068,0.0588,2.4223,0.384,0.00,0,0.000,0.000,0.000,0,694.36,12.0
46,0.0818,161.33,4,5.069,0.500,0.016,0.0555,2.2218,0.349,0.00,0,0.000,0.000,0.000,0,338.67,60.4
47,0.4852,1305.57,7,7.538,0.571,0.041,0.0334,2.0136,0.380,0.00,1,0.000,0.000,0.000,1,-805.57,89.3
48,-0.8183,-1731.10,9,-13.133,0.333,0.173,0.0351,1.8091,0.345,0.00,1,0.000,0.000,0.000,0,2231.10,0.0
49,0.0095,-58.54,10,-0.303,0.500,0.099,0.0393,1.6263,0.376,510.24,9,3.998,0.556,0.035,0,558.54,22.8
50,0.0118,-384.00,4,-21.221,0.000,0.038,0.0399,1.4315,0.410,0.00,1,0.000,0.000,0.000,0,884.00,0.0
51,-0.2948,-449.42,10,-3.484,0.200,0.074,0.0393,1.2411,0.373,0.00,1,0.000,0.000,0.000,0,949.42,0.0
52,-0.1581,322.16,7,0.984,0.571,0.154,0.0412,1.0619,0.406,0.00,1,0.000,0.000,0.000,0,177.84,59.9
53,0.5132,1446.20,5,15.345,0.800,0.017,0.0324,0.8991,0.369,0.00,0,0.000,0.000,0.000,1,-946.20,95.0
54,0.0275,-144.89,6,-2.814,0.333,0.034,0.0269,0.7801,0.402,0.00,0,0.000,0.000,0.000,0,644.89,11.7
55,0.5540,1292.38,6,23.678,1.000,0.000,0.0274,0.6880,0.365,0.00,1,0.000,0.000,0.000,1,-792.38,100.0
56,-0.2127,-991.81,5,-6.950,0.200,0.141,0.0293,0.6187,0.398,0.00,1,0.000,0.000,0.000,0,1491.81,0.0
57,0.1574,160.46,7,1.328,0.571,0.031,0.0199,0.5376,0.361,0.00,0,0.000,0.000,0.000,0,339.54,55.4
58,0.3974,655.72,5,13.105,0.600,0.011,0.0285,0.4419,0.328,0.00,1,0.000,0.000,0.000,1,-155.72,90.0
59,0.3038,686.54,7,5.631,0.429,0.017,0.0206,0.3493,0.298,0.00,0,0.000,0.000,0.000,1,-186.54,85.7
60,0.1566,88.35,4,2.028,0.750,0.022,0.0223,0.2717,0.324,0.00,1,0.000,0.000,0.000,0,411.65,60.8
61,-0.0641,193.10,7,0.837,0.571,0.105,0.0238,0.2076,0.354,0.00,0,0.000,0.000,0.000,0,306.90,48.1
62,-0.2399,-1272.98,7,-10.065,0.286,0.139,0.0265,0.1515,0.321,0.00,1,0.000,0.000,0.000,0,1772.98,0.0
63,-0.1862,-544.48,3,-8.188,0.333,0.080,0.0244,0.1034,0.350,0.00,1,0.000,0.000,0.000,0,1044.48,0.0
64,-0.0821,-316.57,9,-2.748,0.444,0.047,0.0242,0.0707,0.318,0.00,1,0.000,0.000,0.000,0,816.57,0.8
65,0.0052,281.29,10,1.002,0.300,0.095,0.0239,0.0500,0.346,0.00,1,0.000,0.000,0.000,0,218.71,55.0
66,0.1223,435.82,11,4.084,0.636,0.031,0.0214,0.0382,0.314,1513.52,1,0.000,1.000,0.000,0,64.18,85.8
67,-0.2898,-1094.94,6,-28.831,0.000,0.109,0.0186,0.0336,0.286,0.00,1,0.000,0.000,0.000,0,1594.94,0.0
68,-0.3511,-1151.42,10,-6.784,0.400,0.115,0.0154,0.0313,0.311,0.00,1,0.000,0.000,0.000,0,1651.42,0.0
69,-0.2891,-509.95,11,-8.055,0.273,0.062,0.0168,0.0298,0.339,0.00,1,0.000,0.000,0.000,0,1009.95,0.0
70,-0.2446,-1075.53,11,-5.466,0.364,0.108,0.0180,0.0282,0.308,0.00,1,0.000,0.000,0.000,0,1575.53,0.0
71,0.1068,-62.27,5,-1.028,0.600,0.032,0.0169,0.0266,0.336,1777.32,4,9.198,0.750,0.056,0,562.27,25.0
72,-0.4108,-1023.45,8,-7.068,0.250,0.108,0.0174,0.0260,0.305,0.00,0,0.000,0.000,0.000,0,1523.45,0.0
73,0.4202,1477.82,2,10.822,0.500,0.034,0.0129,0.0251,0.277,0.00,1,0.000,0.000,0.000,1,-977.82,87.5
74,0.2241,473.69,9,3.254,0.778,0.046,0.0214,0.0244,0.302,0.00,0,0.000,0.000,0.000,0,26.31,92.3
75,-0.0215,113.49,2,8.335,0.500,0.005,0.0163,0.0234,0.329,2306.58,3,15.039,0.667,0.014,0,386.51,56.6
76,-0.0813,-86.34,11,-0.989,0.545,0.052,0.0186,0.0226,0.298,0.00,0,0.000,0.000,0.000,0,586.34,21.7
77,0.1077,122.20,4,2.162,0.250,0.028,0.0166,0.0216,0.325,0.00,0,0.000,0.000,0.000,0,377.80,51.0
78,0.3942,681.72,5,2.834,0.600,0.094,0.0125,0.0208,0.295,0.00,1,0.000,0.000,0.000,1,-181.72,90.0
79,-0.7496,-1610.74,11,-5.583,0.455,0.200,0.0131,0.0203,0.322,1785.11,2,67.655,1.000,0.000,0,2110.74,0.0
80,-0.2453,-879.46,6,-7.463,0.500,0.117,0.0120,0.0197,0.292,0.00,1,0.000,0.000,0.000,0,1379.46,0.0
81,0.4085,927.21,10,6.413,0.700,0.017,0.0091,0.0188,0.319,1268.21,5,7.563,0.600,0.062,1,-427.21,92.5
82,0.2382,604.94,9,4.298,0.444,0.029,0.0131,0.0186,0.289,1064.37,3,21.915,1.000,0.000,1,-104.94,86.1
83,0.1801,352.06,8,6.272,0.500,0.009,0.0109,0.0179,0.263,-20.81,7,-0.151,0.429,0.055,0,147.94,75.7
84,-0.0572,-208.21,5,-8.797,0.400,0.028,0.0093,0.0174,0.239,0.00,0,0.000,0.000,0.000,0,708.21,8.3
85,0.2564,282.88,7,2.664,0.571,0.045,0.0153,0.0171,0.260,0.00,1,0.000,0.000,0.000,0,217.12,71.9
86,0.0567,-103.38,4,-1.707,0.250,0.026,0.0106,0.0166,0.236,203.56,2,35.881,1.000,0.000,0,603.38,13.0
87,-0.1994,-837.06,3,-11.459,0.333,0.084,0.0102,0.0160,0.257,0.00,1,0.000,0.000,0.000,0,1337.06,0.0
88,0.1032,328.55,3,4.598,0.333,0.031,0.0101,0.0154,0.234,0.00,1,0.000,0.000,0.000,0,171.45,69.6
89,-0.4321,-1219.56,5,-30.637,0.000,0.122,0.0117,0.0149,0.255,1086.21,1,0.000,1.000,0.000,0,1719.56,0.0
90,0.5275,1745.12,8,6.941,0.625,0.058,0.0120,0.0144,0.231,0.00,1,0.000,0.000,0.000,1,-1245.12,90.6
91,-0.2448,-694.96,8,-11.781,0.125,0.069,0.0092,0.0139,0.252,0.00,0,0.000,0.000,0.000,0,1194.96,0.0
92,-0.1376,-650.52,8,-7.083,0.250,0.065,0.0131,0.0137,0.229,0.00,1,0.000,0.000,0.000,0,1150.52,0.0
93,0.1994,438.18,7,3.673,0.429,0.045,0.0105,0.0135,0.249,0.00,0,0.000,0.000,0.000,0,61.82,80.8
94,-0.0847,-353.14,2,-20.247,0.000,0.035,0.0091,0.0132,0.226,0.00,1,0.000,0.000,0.000,0,853.14,0.0
95,0.3358,690.67,7,4.380,0.571,0.055,0.0127,0.0130,0.247,1583.63,7,7.713,0.714,0.069,1,-190.67,89.3
96,-0.1487,-567.36,4,-12.570,0.000,0.057,0.0102,0.0127,0.224,0.00,0,0.000,0.000,0.000,0,1067.36,0.0
97,-0.2020,-801.45,4,-8.022,0.250,0.109,0.0102,0.0124,0.203,0.00,1,0.000,0.000,0.000,0,1301.45,0.0
98,0.4079,542.77,5,6.760,0.800,0.039,0.0090,0.0123,0.222,-219.07,2,-12.337,0.500,0.025,1,-42.77,95.0
99,-0.1945,-450.08,1,0.000,0.000,0.045,0.0067,0.0117,0.201,0.00,1,0.000,0.000,0.000,0,950.08,0.0
100,0.0499,226.87,3,3.078,0.333,0.035,0.0097,0.0114,0.219,1680.55,3,13.798,0.667,0.032,0,273.13,61.5
101,-0.2016,-1086.07,6,-11.934,0.333,0.109,0.0085,0.0110,0.199,0.00,1,0.000,0.000,0.000,0,1586.07,0.0
102,-0.0460,-217.64,5,-2.837,0.200,0.054,0.0074,0.0106,0.217,0.00,1,0.000,0.000,0.000,0,717.64,2.6
103,0.4193,1058.71,4,9.422,0.500,0.019,0.0068,0.0104,0.197,0.00,0,0.000,0.000,0.000,1,-558.71,87.5
104,0.1964,493.83,3,4.678,0.333,0.042,0.0067,0.0102,0.215,1086.21,1,0.000,1.000,0.000,0,6.17,82.8
105,0.1119,-119.86,7,-1.153,0.429,0.055,0.0055,0.0099,0.195,0.00,1,0.000,0.000,0.000,0,619.86,16.1
106,-0.0661,-358.76,7,-5.486,0.429,0.040,0.0065,0.0098,0.213,0.00,1,0.000,0.000,0.000,0,858.76,0.0
107,0.2239,337.80,4,6.023,0.500,0.012,0.0076,0.0096,0.193,913.61,1,0.000,1.000,0.000,0,162.20,74.5
108,-0.4318,-686.70,9,-4.665,0.444,0.110,0.0084,0.0095,0.210,1266.88,2,35.761,1.000,0.000,0,1186.70,0.0
109,-0.0237,-118.97,4,-4.741,0.250,0.018,0.0066,0.0094,0.191,0.00,1,0.000,0.000,0.000,0,618.97,11.7
110,0.0544,134.79,5,2.005,0.400,0.029,0.0078,0.0091,0.174,204.70,3,146.771,1.000,0.000,0,365.21,55.8
111,-0.1300,-478.98,3,-12.093,0.333,0.058,0.0056,0.0089,0.189,0.00,1,0.000,0.000,0.000,0,978.98,0.0
112,-0.1182,-488.27,5,-4.916,0.600,0.093,0.0060,0.0087,0.172,0.00,0,0.000,0.000,0.000,0,988.27,0.0
113,-0.3284,-1415.17,3,-17.269,0.333,0.142,0.0060,0.0085,0.187,0.00,1,0.000,0.000,0.000,0,1915.17,0.0
114,-0.0067,-0.08,1,0.000,0.000,0.000,0.0045,0.0082,0.204,0.00,0,0.000,0.000,0.000,0,500.08,15.0
115,-0.3551,-1453.92,4,-11.060,0.250,0.146,0.0049,0.0080,0.185,1182.94,4,8.897,0.750,0.032,0,1953.92,0.0
116,-0.1685,-666.99,5,-20.907,0.000,0.067,0.0051,0.0078,0.202,0.00,1,0.000,0.000,0.000,0,1166.99,0.0
117,0.1991,291.96,5,2.531,0.600,0.040,0.0049,0.0075,0.183,0.00,1,0.000,0.000,0.000,0,208.04,73.4
118,-0.1272,-308.13,3,-4.763,0.667,0.058,0.0050,0.0073,0.166,0.00,1,0.000,0.000,0.000,0,808.13,7.0
119,-0.0369,-356.94,6,-4.684,0.500,0.052,0.0046,0.0071,0.181,0.00,0,0.000,0.000,0.000,0,856.94,0.0
120,-0.0060,-26.71,2,-5.545,0.500,0.005,0.0044,0.0067,0.165,0.00,1,0.000,0.000,0.000,0,526.71,25.4
121,0.1576,667.68,2,12.844,0.500,0.008,0.0052,0.0065,0.179,625.31,2,14.256,0.500,0.003,1,-167.68,87.5
122,0.1879,572.58,3,11.446,0.667,0.011,0.0063,0.0064,0.163,0.00,1,0.000,0.000,0.000,1,-72.58,91.7
123,-0.2463,-966.62,3,-25.265,0.000,0.097,0.0041,0.0062,0.178,0.00,0,0.000,0.000,0.000,0,1466.62,0.0
124,0.0943,142.68,3,1.301,0.667,0.073,0.0045,0.0061,0.161,0.00,1,0.000,0.000,0.000,0,357.32,56.1
125,0.1885,266.83,6,1.976,0.500,0.058,0.0062,0.0060,0.176,0.00,1,0.000,0.000,0.000,0,233.17,68.6
126,-0.6393,-1634.98,5,-13.592,0.200,0.167,0.0042,0.0058,0.160,0.00,0,0.000,0.000,0.000,0,2134.98,0.0
127,-0.0753,-141.45,2,-295.749,0.000,0.014,0.0048,0.0057,0.145,1411.77,4,31.421,1.000,0.000,0,641.45,3.7
128,-0.1045,-375.50,5,-10.924,0.200,0.039,0.0046,0.0056,0.158,0.00,0,0.000,0.000,0.000,0,875.50,0.0
129,0.0642,-174.37,5,-3.057,0.400,0.032,0.0056,0.0056,0.143,0.00,1,0.000,0.000,0.000,0,674.37,11.1
130,0.0553,-173.53,6,-3.690,0.500,0.027,0.0044,0.0055,0.156,2083.46,1,0.000,1.000,0.000,0,673.53,13.6
131,0.1340,7.26,7,0.093,0.429,0.046,0.0053,0.0055,0.142,0.00,1,0.000,0.000,0.000,0,492.74,27.2
132,0.0983,24.51,3,2.116,0.667,0.007,0.0038,0.0053,0.155,0.00,0,0.000,0.000,0.000,0,475.49,53.6
133,-0.0054,0.00,1,0.000,0.000,0.000,0.0038,0.0051,0.140,0.00,1,0.000,0.000,0.000,0,500.00,15.0
134,0.4207,1094.25,10,11.929,0.700,0.007,0.0045,0.0050,0.153,0.00,1,0.000,0.000,0.000,1,-594.25,92.5
135,0.3303,320.35,4,4.511,0.750,0.037,0.0035,0.0049,0.139,0.00,1,0.000,0.000,0.000,0,179.65,79.4
136,0.4816,1434.23,3,21.564,0.667,0.002,0.0043,0.0048,0.151,1228.91,1,0.000,1.000,0.000,1,-934.23,91.7
137,-0.0766,64.78,1,0.000,1.000,0.000,0.0037,0.0047,0.138,0.00,0,0.000,0.000,0.000,0,435.22,45.2
138,0.1650,306.49,4,7.150,0.500,0.006,0.0044,0.0047,0.125,0.00,1,0.000,0.000,0.000,0,193.51,72.0
139,-0.0076,-253.50,4,-5.328,0.250,0.031,0.0037,0.0046,0.136,951.95,4,16.463,0.750,0.009,0,753.50,1.0
140,-0.2003,-812.55,5,-11.396,0.200,0.091,0.0040,0.0046,0.124,0.00,1,0.000,0.000,0.000,0,1312.55,0.0
141,-0.0695,-56.83,6,-1.145,0.167,0.031,0.0034,0.0045,0.135,0.00,0,0.000,0.000,0.000,0,556.83,14.6
142,-0.0499,0.00,0,0.000,0.000,0.000,0.0038,0.0045,0.122,0.00,0,0.000,0.000,0.000,0,500.00,15.0
143,0.4088,1738.79,1,0.000,1.000,0.000,0.0049,0.0045,0.133,0.00,1,0.000,0.000,0.000,1,-1238.79,80.0
144,-0.1726,-289.94,2,-558.283,0.000,0.029,0.0040,0.0045,0.121,0.00,0,0.000,0.000,0.000,0,789.94,0.0
145,0.0229,-245.37,4,-5.576,0.750,0.036,0.0032,0.0044,0.132,1211.26,1,0.000,1.000,0.000,0,745.37,14.1
146,0.1952,494.07,7,5.964,0.571,0.027,0.0037,0.0044,0.120,0.00,1,0.000,0.000,0.000,0,5.93,88.8
147,-0.0871,-469.55,7,-2.852,0.286,0.069,0.0031,0.0042,0.131,-198.12,8,-1.895,0.375,0.037,0,969.55,0.0
148,0.1352,129.39,7,1.173,0.571,0.052,0.0029,0.0042,0.119,577.31,5,3.839,0.600,0.066,0,370.61,51.4
149,-0.1626,-628.27,7,-5.209,0.286,0.094,0.0032,0.0041,0.129,1039.12,5,8.055,0.600,0.028,0,1128.27,0.0
150,0.3129,502.59,3,10.964,0.667,0.003,0.0028,0.0040,0.117,0.00,0,0.000,0.000,0.000,1,-2.59,91.7
151,-0.3351,-1118.96,6,-13.601,0.167,0.112,0.0030,0.0039,0.128,675.89,3,5.756,0.333,0.038,0,1618.96,0.0
152,-0.5614,-2139.66,3,-9.510,0.667,0.233,0.0036,0.0039,0.116,0.00,1,0.000,0.000,0.000,0,2639.66,0.0
153,-0.2373,-351.77,2,-17.297,0.000,0.035,0.0032,0.0038,0.127,0.00,0,0.000,0.000,0.000,0,851.77,0.0
154,0.2988,604.55,4,10.465,0.500,0.009,0.0033,0.0037,0.138,2262.64,5,8.759,0.400,0.019,1,-104.55,87.5
155,0.1032,222.87,8,2.013,0.500,0.045,0.0022,0.0037,0.125,0.00,0,0.000,0.000,0.000,0,277.13,65.3
156,0.2098,308.80,4,6.583,0.500,0.015,0.0024,0.0035,0.136,0.00,1,0.000,0.000,0.000,0,191.20,72.2
157,0.0568,-93.86,5,-1.902,0.200,0.035,0.0026,0.0035,0.124,0.00,0,0.000,0.000,0.000,0,593.86,12.5
158,-0.1289,-505.34,7,-2.839,0.571,0.108,0.0025,0.0034,0.135,1678.94,2,36.125,1.000,0.000,0,1005.34,0.0
159,0.3768,1178.44,4,9.095,0.500,0.016,0.0026,0.0034,0.123,0.00,0,0.000,0.000,0.000,1,-678.44,87.5
160,-0.0046,-189.25,4,-19.730,0.250,0.020,0.0023,0.0033,0.134,2305.05,3,20.401,1.000,0.000,0,689.25,6.1
161,0.5815,1871.65,4,15.560,0.750,0.007,0.0022,0.0032,0.121,0.00,0,0.000,0.000,0.000,1,-1371.65,93.8
162,-0.0736,-864.61,4,-18.686,0.250,0.086,0.0027,0.0032,0.132,0.00,1,0.000,0.000,0.000,0,1364.61,0.0
163,-0.0816,-105.58,2,-16.670,0.000,0.011,0.0023,0.0031,0.120,0.00,0,0.000,0.000,0.000,0,605.58,6.6
164,-0.0594,-423.88,4,-4.382,0.750,0.076,0.0020,0.0030,0.131,1452.14,7,7.718,0.857,0.018,0,923.88,0.0
165,-0.4787,-880.71,2,-8.872,0.500,0.123,0.0028,0.0030,0.119,466.03,1,0.000,1.000,0.000,0,1380.71,0.0
166,-0.1399,-313.16,5,-6.519,0.400,0.040,0.0027,0.0030,0.130,1431.37,1,0.000,1.000,0.000,0,813.16,0.0
167,-0.3612,-1090.33,5,-8.351,0.400,0.133,0.0023,0.0029,0.118,1197.54,7,6.004,0.714,0.023,0,1590.33,0.0
168,-0.2960,-664.97,1,0.000,0.000,0.066,0.0022,0.0028,0.128,0.00,0,0.000,0.000,0.000,0,1164.97,0.0
169,0.1579,153.19,3,5.150,0.333,0.012,0.0025,0.0027,0.140,1268.98,3,7.330,0.333,0.038,0,346.81,55.6
170,0.4298,1131.08,3,22.715,1.000,0.000,0.0024,0.0027,0.127,24.07,2,0.326,0.500,0.054,1,-631.08,100.0
171,-0.0169,0.00,1,0.000,0.000,0.000,0.0027,0.0027,0.115,0.00,1,0.000,0.000,0.000,0,500.00,15.0
172,0.2658,738.57,2,20.594,1.000,0.000,0.0028,0.0026,0.126,0.00,1,0.000,0.000,0.000,1,-238.57,100.0
173,-0.1011,-293.30,4,-5.882,0.250,0.038,0.0022,0.0026,0.137,0.00,0,0.000,0.000,0.000,0,793.30,0.0
174,0.5055,1770.10,2,289.730,1.000,0.000,0.0022,0.0026,0.124,0.00,1,0.000,0.000,0.000,1,-1270.10,100.0
175,-0.1246,-363.51,3,-8.186,0.333,0.052,0.0028,0.0026,0.135,0.00,0,0.000,0.000,0.000,0,863.51,0.0
176,0.4275,1347.09,4,6.731,0.500,0.048,0.0021,0.0025,0.123,746.95,6,8.550,0.833,0.024,1,-847.09,87.5
177,0.3281,530.36,3,17.643,0.667,0.001,0.0026,0.0025,0.134,287.63,4,3.051,0.750,0.051,1,-30.36,91.7
178,0.1066,192.29,4,5.418,0.500,0.012,0.0021,0.0025,0.122,206.34,5,2.283,0.600,0.044,0,307.71,62.9
179,-0.0773,-463.61,2,-25.372,0.000,0.046,0.0020,0.0024,0.133,0.00,1,0.000,0.000,0.000,0,963.61,0.0
180,-0.1205,-460.43,3,-17.641,0.333,0.048,0.0020,0.0024,0.120,857.24,3,13.967,0.667,0.002,0,960.43,0.0
181,0.2986,448.72,2,109.731,1.000,0.000,0.0024,0.0024,0.131,0.00,1,0.000,0.000,0.000,0,51.28,95.9
182,-0.0326,-300.14,3,-4.580,0.667,0.059,0.0016,0.0024,0.119,0.00,0,0.000,0.000,0.000,0,800.14,7.7
183,-0.0588,-11.15,1,0.000,0.000,0.001,0.0023,0.0024,0.130,0.00,1,0.000,0.000,0.000,0,511.15,14.1
184,0.1828,471.61,4,5.691,0.500,0.028,0.0025,0.0023,0.118,2061.69,3,22.102,1.000,0.000,0,28.39,85.2
185,-0.1281,-505.20,5,-15.970,0.200,0.051,0.0019,0.0023,0.128,0.00,0,0.000,0.000,0.000,0,1005.20,0.0
186,0.0862,0.00,1,0.000,0.000,0.000,0.0017,0.0023,0.117,1373.28,12,5.290,0.667,0.029,0,500.00,15.0
187,0.1234,26.37,2,7.761,0.500,0.001,0.0020,0.0023,0.127,0.00,0,0.000,0.000,0.000,0,473.63,49.6
188,-0.3054,148.13,1,0.000,1.000,0.000,0.0026,0.0023,0.115,1132.84,2,12.869,0.500,0.013,0,351.87,51.9
189,-0.1038,0.00,1,0.000,0.000,0.000,0.0020,0.0023,0.126,0.00,1,0.000,0.000,0.000,0,500.00,15.0
190,-0.4964,-1248.63,10,-6.196,0.200,0.125,0.0017,0.0023,0.114,1325.72,7,12.795,0.857,0.029,0,1748.63,0.0
191,0.2335,582.28,2,4.516,0.500,0.065,0.0019,0.0022,0.124,1623.60,7,7.627,0.857,0.018,1,-82.28,87.5
192,0.0696,-618.16,4,-15.201,0.000,0.062,0.0018,0.0022,0.113,0.00,1,0.000,0.000,0.000,0,1118.16,0.0
193,-0.4683,-1122.81,2,-17.277,0.000,0.112,0.0016,0.0022,0.123,113.40,2,11.849,0.500,0.002,0,1622.81,0.0
194,0.2019,598.80,1,0.000,1.000,0.000,0.0019,0.0022,0.112,0.00,1,0.000,0.000,0.000,1,-98.80,80.0
195,0.5807,1436.46,4,20.115,1.000,0.000,0.0015,0.0021,0.122,776.48,12,4.880,0.417,0.043,1,-936.46,100.0
196,0.2468,527.10,3,5.631,0.333,0.034,0.0015,0.0021,0.133,0.00,1,0.000,0.000,0.000,1,-27.10,83.3
197,-0.3212,-951.22,3,-10.915,0.333,0.112,0.0020,0.0020,0.121,1918.58,2,14.125,0.500,0.010,0,1451.22,0.0
198,0.7038,3605.59,1,0.000,1.000,0.000,0.0017,0.0020,0.131,1139.85,1,0.000,1.000,0.000,1,-3105.59,80.0
199,0.2755,628.63,5,3.663,0.400,0.068,0.0017,0.0020,0.119,2108.45,10,8.843,0.800,0.044,1,-128.63,85.0
200,0.1437,281.30,5,4.548,0.400,0.015,0.0019,0.0020,0.130,1385.68,6,7.146,0.667,0.044,0,218.70,67.5
201,-0.1072,-94.35,1,0.000,0.000,0.009,0.0015,0.0019,0.118,857.24,3,13.967,0.667,0.002,0,594.35,7.5
202,-0.0070,89.07,3,3.919,0.667,0.013,0.0016,0.0019,0.129,612.59,7,4.968,0.571,0.016,0,410.93,58.8
203,0.3385,658.05,3,11.739,0.667,0.018,0.0019,0.0019,0.117,477.93,1,0.000,1.000,0.000,1,-158.05,91.7
204,0.2029,463.43,1,0.000,1.000,0.000,0.0020,0.0019,0.127,0.00,1,0.000,0.000,0.000,0,36.57,77.1
205,-0.1101,0.00,1,0.000,0.000,0.000,0.0017,0.0019,0.116,0.00,1,0.000,0.000,0.000,0,500.00,15.0
206,0.3135,592.40,2,228.921,1.000,0.000,0.0016,0.0018,0.126,0.00,1,0.000,0.000,0.000,1,-92.40,100.0
207,-0.3341,-817.68,4,-4.530,0.500,0.136,0.0013,0.0018,0.115,0.00,0,0.000,0.000,0.000,0,1317.68,0.0
208,0.0050,248.54,1,0.000,1.000,0.000,0.0016,0.0018,0.125,0.00,1,0.000,0.000,0.000,0,251.46,59.9
209,-0.1924,-299.39,2,-26.413,0.000,0.030,0.0014,0.0018,0.113,394.28,9,1.979,0.667,0.060,0,799.39,0.0
210,0.2563,662.55,3,5.947,0.333,0.033,0.0020,0.0018,0.123,552.78,6,4.487,0.500,0.058,1,-162.55,83.3
211,-0.2167,-1015.27,5,-11.101,0.200,0.102,0.0016,0.0018,0.112,1768.35,1,0.000,1.000,0.000,0,1515.27,0.0
212,0.0683,148.86,2,4.355,0.500,0.019,0.0014,0.0017,0.122,960.61,4,13.050,0.750,0.002,0,351.14,59.4
213,0.0870,210.23,4,5.705,0.750,0.016,0.0012,0.0017,0.133,-220.76,3,-35.405,0.000,0.022,0,289.77,70.6
214,0.2573,381.71,5,9.945,0.800,0.010,0.0015,0.0017,0.121,156.51,1,0.000,1.000,0.000,0,118.29,85.5
215,0.0968,173.33,6,2.135,0.333,0.031,0.0013,0.0016,0.132,857.24,3,13.967,0.667,0.002,0,326.67,57.2
216,-0.3674,-1206.27,3,-11.973,0.000,0.121,0.0015,0.0016,0.120,0.00,1,0.000,0.000,0.000,0,1706.27,0.0
217,-0.1839,-794.88,2,-10.149,0.500,0.100,0.0016,0.0016,0.130,1542.09,2,21.745,1.000,0.000,0,1294.88,0.0
218,0.6330,2505.49,3,17.866,1.000,0.000,0.0014,0.0016,0.118,0.00,0,0.000,0.000,0.000,1,-2005.49,100.0
219,0.1932,513.98,1,0.000,1.000,0.000,0.0015,0.0016,0.129,0.00,1,0.000,0.000,0.000,1,-13.98,80.0
220,0.2159,609.45,1,0.000,1.000,0.000,0.0015,0.0016,0.117,675.87,5,8.077,0.800,0.028,1,-109.45,80.0
221,0.0467,-50.97,3,-49.457,0.000,0.005,0.0013,0.0016,0.128,0.00,1,0.000,0.000,0.000,0,550.97,10.9
222,0.3233,1130.15,4,8.859,0.500,0.004,0.0013,0.0016,0.116,466.03,1,0.000,1.000,0.000,1,-630.15,87.5
223,0.4285,1136.18,2,95.472,1.000,0.000,0.0013,0.0015,0.105,1529.78,7,7.956,0.857,0.018,1,-636.18,100.0
224,-0.3000,-916.58,2,-9.759,0.500,0.117,0.0015,0.0015,0.115,0.00,0,0.000,0.000,0.000,0,1416.58,0.0
225,-0.0112,86.72,1,0.000,1.000,0.000,0.0014,0.0015,0.104,0.00,1,0.000,0.000,0.000,0,413.28,46.9
226,-0.1766,0.00,1,0.000,0.000,0.000,0.0016,0.0015,0.114,199.94,3,11.284,0.667,0.003,0,500.00,15.0
227,-0.2900,-895.41,1,0.000,0.000,0.090,0.0015,0.0015,0.103,2047.10,5,10.562,0.600,0.011,0,1395.41,0.0
228,0.6497,1996.64,7,12.407,0.714,0.025,0.0010,0.0015,0.094,1993.73,1,0.000,1.000,0.000,1,-1496.64,92.9
229,-0.2421,-235.21,1,0.000,0.000,0.024,0.0013,0.0014,0.102,1294.25,11,6.167,0.455,0.044,0,735.21,0.0
230,0.0721,312.94,2,17.618,1.000,0.000,0.0012,0.0014,0.093,0.00,1,0.000,0.000,0.000,0,187.06,85.0
231,-0.2173,-480.82,1,0.000,0.000,0.048,0.0014,0.0014,0.101,466.03,1,0.000,1.000,0.000,0,980.82,0.0
232,-0.3604,-447.40,4,-18.942,0.000,0.045,0.0011,0.0014,0.092,1762.40,3,25.334,1.000,0.000,0,947.40,0.0
233,-0.1953,-307.23,9,-2.425,0.444,0.072,0.0014,0.0014,0.100,831.27,11,5.704,0.545,0.035,0,807.23,1.5
234,-0.1007,-20.39,1,0.000,0.000,0.002,0.0013,0.0014,0.091,0.00,0,0.000,0.000,0.000,0,520.39,13.4
235,0.1332,398.09,1,0.000,1.000,0.000,0.0013,0.0014,0.099,466.03,1,0.000,1.000,0.000,0,101.91,71.8
236,-0.1874,0.00,1,0.000,0.000,0.000,0.0015,0.0014,0.108,0.00,1,0.000,0.000,0.000,0,500.00,15.0
237,-0.5447,-1120.54,5,-8.430,0.400,0.112,0.0013,0.0014,0.098,189.21,2,4.306,0.500,0.025,0,1620.54,0.0
238,0.0151,-252.54,5,-2.097,0.600,0.075,0.0010,0.0014,0.107,141.30,10,1.406,0.400,0.045,0,752.54,9.8
239,0.1920,474.99,3,3.170,0.333,0.058,0.0013,0.0013,0.097,466.03,1,0.000,1.000,0.000,0,25.01,81.3
240,0.0327,486.06,3,12.490,0.667,0.005,0.0011,0.0013,0.106,0.00,1,0.000,0.000,0.000,0,13.94,90.6
241,-0.1396,-225.64,4,-6.434,0.250,0.039,0.0011,0.0013,0.096,857.24,3,13.967,0.667,0.002,0,725.64,3.2
242,0.0451,0.00,1,0.000,0.000,0.000,0.0010,0.0013,0.087,1702.34,15,4.299,0.667,0.030,0,500.00,15.0
243,-0.1408,119.22,3,0.395,0.333,0.159,0.0010,0.0013,0.095,-115.40,2,-31.615,0.000,0.012,0,380.78,31.8
244,-0.4516,-1207.04,4,-15.263,0.250,0.121,0.0011,0.0013,0.103,1101.93,6,8.500,0.833,0.020,0,1707.04,0.0
245,0.1373,480.44,1,0.000,1.000,0.000,0.0009,0.0012,0.094,466.03,1,0.000,1.000,0.000,0,19.56,78.4
246,-0.0056,-270.63,4,-3.186,0.500,0.062,0.0013,0.0012,0.085,0.00,0,0.000,0.000,0.000,0,770.63,5.8
247,0.3648,1248.78,4,10.409,0.500,0.019,0.0011,0.0012,0.093,0.00,1,0.000,0.000,0.000,1,-748.78,87.5
248,-0.1200,0.00,1,0.000,0.000,0.000,0.0012,0.0012,0.101,1637.36,11,7.812,0.545,0.022,0,500.00,15.0
249,-0.1238,-320.85,2,-4.817,0.500,0.066,0.0011,0.0012,0.092,0.00,1,0.000,0.000,0.000,0,820.85,1.8
250,-0.2534,-824.37,3,-15.096,0.000,0.082,0.0008,0.0012,0.083,0.00,0,0.000,0.000,0.000,0,1324.37,0.0
251,-0.1539,0.00,1,0.000,0.000,0.000,0.0010,0.0012,0.091,0.00,1,0.000,0.000,0.000,0,500.00,15.0
252,0.0452,245.90,1,0.000,1.000,0.000,0.0010,0.0011,0.083,0.00,0,0.000,0.000,0.000,0,254.10,59.7
253,0.0498,270.49,1,0.000,1.000,0.000,0.0009,0.0011,0.090,0.00,1,0.000,0.000,0.000,0,229.51,61.6
254,0.4023,605.24,5,4.261,0.600,0.042,0.0011,0.0011,0.098,0.00,0,0.000,0.000,0.000,1,-105.24,90.0
255,-0.1815,136.04,1,0.000,1.000,0.000,0.0010,0.0011,0.089,1473.82,13,4.412,0.692,0.030,0,363.96,50.9
256,-0.6446,-1144.86,1,0.000,0.000,0.114,0.0010,0.0011,0.097,466.03,1,0.000,1.000,0.000,0,1644.86,0.0
257,-0.1414,-504.08,4,-10.978,0.250,0.050,0.0011,0.0011,0.088,0.00,1,0.000,0.000,0.000,0,1004.08,0.0
258,-0.4696,-1281.96,2,-308.298,0.000,0.128,0.0014,0.0011,0.096,0.00,0,0.000,0.000,0.000,0,1781.96,0.0
259,-0.3743,-1102.68,2,-37.434,0.000,0.110,0.0011,0.0011,0.087,0.00,1,0.000,0.000,0.000,0,1602.68,0.0
260,-0.0296,6.75,2,0.204,0.500,0.026,0.0009,0.0011,0.095,0.00,0,0.000,0.000,0.000,0,493.25,30.1
261,-0.2635,-1032.69,5,-7.995,0.400,0.125,0.0009,0.0011,0.104,0.00,0,0.000,0.000,0.000,0,1532.69,0.0
262,-0.0158,-20.92,1,0.000,0.000,0.002,0.0009,0.0010,0.094,0.00,1,0.000,0.000,0.000,0,520.92,13.3
263,-0.3701,-970.90,2,-16.476,0.000,0.097,0.0010,0.0011,0.103,0.00,0,0.000,0.000,0.000,0,1470.90,0.0
264,-0.1456,0.00,1,0.000,0.000,0.000,0.0009,0.0010,0.093,0.00,1,0.000,0.000,0.000,0,500.00,15.0
265,-0.0499,0.00,0,0.000,0.000,0.000,0.0009,0.0010,0.085,339.28,8,5.757,0.500,0.016,0,500.00,15.0
266,-0.1836,-229.51,1,0.000,0.000,0.023,0.0009,0.0010,0.092,0.00,0,0.000,0.000,0.000,0,729.51,0.0
267,-0.0920,-114.42,1,0.000,0.000,0.011,0.0010,0.0010,0.084,0.00,1,0.000,0.000,0.000,0,614.42,5.8
268,0.0188,0.00,1,0.000,0.000,0.000,0.0009,0.0010,0.091,132.66,1,0.000,1.000,0.000,0,500.00,15.0
269,0.0532,-57.01,4,-23.259,0.000,0.006,0.0009,0.0010,0.083,0.00,0,0.000,0.000,0.000,0,557.01,10.4
270,0.1109,-3.35,3,-0.059,0.333,0.036,0.0009,0.0010,0.090,285.78,5,4.220,0.600,0.027,0,503.35,23.1
271,0.4959,1264.97,4,42.720,1.000,0.000,0.0009,0.0010,0.082,0.00,0,0.000,0.000,0.000,1,-764.97,100.0
272,0.1098,-34.69,2,-2.538,0.500,0.012,0.0007,0.0010,0.074,0.00,1,0.000,0.000,0.000,0,534.69,24.7
273,-0.0952,-273.98,2,-9.255,0.500,0.037,0.0009,0.0010,0.081,0.00,1,0.000,0.000,0.000,0,773.98,5.6
274,-0.1233,-194.82,2,-34.325,0.000,0.019,0.0008,0.0010,0.088,0.00,0,0.000,0.000,0.000,0,694.82,0.0
275,0.3887,636.48,4,17.813,0.750,0.005,0.0008,0.0010,0.080,0.00,0,0.000,0.000,0.000,1,-136.48,93.8
276,-0.0499,0.00,0,0.000,0.000,0.000,0.0010,0.0010,0.087,387.67,4,3.318,0.750,0.060,0,500.00,15.0
277,0.3359,1360.13,1,0.000,1.000,0.000,0.0007,0.0009,0.079,466.03,1,0.000,1.000,0.000,1,-860.13,80.0
278,-0.1755,-611.55,3,-19.115,0.000,0.061,0.0007,0.0009,0.087,0.00,0,0.000,0.000,0.000,0,1111.55,0.0
279,0.4348,1129.82,4,8.017,0.500,0.026,0.0007,0.0009,0.079,0.00,0,0.000,0.000,0.000,1,-629.82,87.5
280,-0.0810,15.06,1,0.000,1.000,0.000,0.0008,0.0009,0.086,0.00,1,0.000,0.000,0.000,0,484.94,41.2
281,-0.0678,16.89,2,1.832,0.500,0.006,0.0008,0.0009,0.078,0.00,0,0.000,0.000,0.000,0,483.11,47.2
282,-0.0647,-20.67,1,0.000,0.000,0.002,0.0008,0.0009,0.071,1588.76,8,7.102,0.750,0.051,0,520.67,13.3
283,-0.0499,0.00,0,0.000,0.000,0.000,0.0007,0.0009,0.077,1405.46,5,11.976,0.600,0.007,0,500.00,15.0
284,-0.2898,-792.54,1,0.000,0.000,0.079,0.0006,0.0008,0.070,0.00,0,0.000,0.000,0.000,0,1292.54,0.0
285,-0.0195,-357.50,2,-16.677,0.000,0.036,0.0008,0.0008,0.076,993.73,12,3.592,0.583,0.094,0,857.50,0.0
286,-0.0629,-187.40,2,-3.697,0.500,0.048,0.0008,0.0008,0.069,0.00,1,0.000,0.000,0.000,0,687.40,12.5
287,0.3816,1660.71,2,14.027,0.500,0.009,0.0007,0.0008,0.075,0.00,0,0.000,0.000,0.000,1,-1160.71,87.5
288,0.0224,61.64,1,0.000,1.000,0.000,0.0008,0.0008,0.082,0.00,1,0.000,0.000,0.000,0,438.36,44.9
289,0.0650,208.87,3,1.486,0.333,0.080,0.0009,0.0008,0.075,0.00,0,0.000,0.000,0.000,0,291.13,54.9
290,-0.1141,-455.46,4,-12.018,0.250,0.049,0.0008,0.0008,0.081,0.00,0,0.000,0.000,0.000,0,955.46,0.0
291,0.0107,25.76,1,0.000,1.000,0.000,0.0007,0.0008,0.074,0.00,0,0.000,0.000,0.000,0,474.24,42.1
292,-0.0890,-38.64,1,0.000,0.000,0.004,0.0007,0.0008,0.080,0.00,0,0.000,0.000,0.000,0,538.64,11.9
293,-0.0919,0.00,1,0.000,0.000,0.000,0.0007,0.0008,0.073,0.00,0,0.000,0.000,0.000,0,500.00,15.0
294,-0.3514,-1377.95,2,-15.898,0.000,0.138,0.0007,0.0008,0.080,0.00,1,0.000,0.000,0.000,0,1877.95,0.0
295,0.0752,95.94,4,2.026,0.500,0.017,0.0006,0.0008,0.087,115.73,4,3.773,0.500,0.018,0,404.06,55.2
296,-0.0499,0.00,0,0.000,0.000,0.000,0.0006,0.0007,0.079,0.00,1,0.000,0.000,0.000,0,500.00,15.0
297,-0.3845,-396.62,1,0.000,0.000,0.040,0.0007,0.0007,0.086,0.00,0,0.000,0.000,0.000,0,896.62,0.0
298,0.2980,672.69,2,27.410,1.000,0.000,0.0006,0.0007,0.078,0.00,1,0.000,0.000,0.000,1,-172.69,100.0
299,0.0140,65.57,2,4.724,0.500,0.008,0.0006,0.0007,0.071,0.00,0,0.000,0.000,0.000,0,434.43,52.7
