episode,reward,avg_reward,cumulative_reward,lr,loss,avg_loss,epsilon,profit_dollars,num_trades,sharpe_ratio,win_rate,max_drawdown,oos_profit_dollars,oos_num_trades,oos_sharpe_ratio,oos_win_rate,oos_max_drawdown
0,0.0443,0.0443,1.0449,1.0000e-03,0.0599,0.0599,1,674.63,1,0.0000,1.0000,0.0000,-329.37,1.6,-7.0512,0.1667,0.0405
1,0.0482,0.0462,1.0061,1.0000e-03,0.0255,0.0427,0.999,0.00,0,0.0000,0.0000,0.0000,-61.68,1.0,3.6661,0.4000,0.0223
2,0.0822,0.0582,1.0840,1.0000e-03,0.0073,0.0309,0.998,748.16,2,45.1821,1.0000,0.0000,-121.63,1.8,1.3892,0.2500,0.0197
3,0.0091,0.046,1.0000,1.0000e-03,0.0069,0.0249,0.997,0.00,0,0.0000,0.0000,0.0000,226.18,1.0,6.3557,0.3000,0.0039
4,-0.0568,0.0254,0.9442,1.0000e-03,0.0017,0.0203,0.996,-517.84,1,0.0000,0.0000,0.0518,72.00,1.4,-50.1439,0.5000,0.0097
5,-0.0794,0.0079,0.9289,1.0000e-03,0.0012,0.0171,0.995,-706.53,1,0.0000,0.0000,0.0707,-206.70,1.4,3.6282,0.4000,0.0404
6,-0.0964,-0.007,0.9077,1.0000e-03,0.0026,0.0150,0.994,-900.07,1,0.0000,0.0000,0.0900,-45.50,1.0,0.0000,0.6000,0.0121
7,0.0312,-0.0022,0.9756,1.0000e-03,0.0003,0.0132,0.993,-195.34,1,0.0000,0.0000,0.0195,-251.06,1.2,-5.0281,0.4000,0.0363
8,0.0775,0.0067,1.0674,1.0000e-03,0.0008,0.0118,0.992,973.38,1,0.0000,1.0000,0.0000,-383.69,1.2,-28.7580,0.1000,0.0385
9,0.015,0.0075,1.0209,1.0000e-03,0.0013,0.0108,0.991,0.00,0,0.0000,0.0000,0.0000,77.03,1.6,-2.1075,0.5000,0.0234
10,0.0198,0.0086,1.0134,1.0000e-03,0.0013,0.0099,0.99,-124.19,1,0.0000,0.0000,0.0124,20.61,1.2,3.7781,0.4000,0.0332
11,0.0535,0.0124,1.0546,1.0000e-03,0.0035,0.0094,0.989,0.00,0,0.0000,0.0000,0.0000,145.87,1.8,7.1759,0.5667,0.0225
12,-0.0425,0.0081,0.9519,1.0000e-03,0.0005,0.0087,0.988,-160.68,1,0.0000,0.0000,0.0161,-196.88,1.4,11.3270,0.4000,0.0465
13,-0.1533,-0.0034,0.8790,1.0000e-03,0.0003,0.0081,0.987,-998.66,2,-16.0280,0.0000,0.0999,60.26,1.8,-1.9235,0.4667,0.0295
14,0.0418,-0.0004,1.0595,1.0000e-03,0.0003,0.0076,0.986,0.00,0,0.0000,0.0000,0.0000,-41.16,1.8,-3.4764,0.4333,0.0358
15,-0.0174,-0.0014,0.9926,1.0000e-03,0.0007,0.0071,0.985,100.15,1,0.0000,1.0000,0.0000,154.85,1.0,-1.8293,0.4667,0.0047
16,0.0891,0.0039,1.0905,1.0000e-03,0.0003,0.0067,0.984,-271.73,1,0.0000,0.0000,0.0272,-149.27,1.4,-9.9481,0.2667,0.0204
17,-0.0652,0.0,0.9300,1.0000e-03,0.0024,0.0065,0.9446,-638.57,1,0.0000,0.0000,0.0639,-57.38,1.2,4.2293,0.3000,0.0109
18,0.095,0.005,1.0939,1.0000e-03,0.0006,0.0062,0.9068,0.00,0,0.0000,0.0000,0.0000,-8.48,1.6,-1.3589,0.4000,0.0313
19,-0.0053,0.0045,0.9908,1.0000e-03,0.0001,0.0059,0.8705,21.82,2,1.3340,0.5000,0.0117,346.76,1.2,5.9824,0.5000,0.0084
20,-0.033,0.0027,0.9656,1.0000e-03,0.0003,0.0056,0.8357,196.29,1,0.0000,1.0000,0.0000,-4.22,2.0,6.4409,0.6000,0.0344
21,0.0852,0.0065,1.0759,1.0000e-03,0.0002,0.0054,0.8023,511.72,2,14.2263,0.5000,0.0030,-129.33,1.0,-8.7805,0.2000,0.0183
22,0.0589,0.0088,1.0417,1.0000e-03,0.0001,0.0051,0.7702,544.75,2,12.0500,0.5000,0.0086,-109.40,1.8,3.1299,0.6333,0.0290
23,0.0061,0.0086,1.0023,1.0000e-03,0.0006,0.0049,0.7394,192.89,1,0.0000,1.0000,0.0000,152.70,1.0,2.5270,0.3000,0.0082
24,-0.0265,0.0072,0.9678,1.0000e-03,0.0002,0.0048,0.7098,-440.23,2,-4.7641,0.5000,0.0954,31.17,1.2,-0.3744,0.6000,0.0139
25,0.0946,0.0093,1.1049,1.0000e-03,0.0002,0.0024,0.6814,1291.61,1,0.0000,1.0000,0.0000,106.42,1.2,3.0180,0.4000,0.0123
26,0.0731,0.0103,1.0386,1.0000e-03,0.0002,0.0014,0.6541,347.42,2,52.0298,1.0000,0.0000,81.33,1.6,410.8345,0.6000,0.0143
27,-0.03,0.0058,0.9641,1.0000e-03,0.0001,0.0011,0.6279,0.00,0,0.0000,0.0000,0.0000,-69.12,1.6,31.6443,0.3333,0.0187
28,-0.0245,0.0044,0.9700,1.0000e-03,0.0002,0.0008,0.6028,0.00,0,0.0000,0.0000,0.0000,-121.29,1.0,-10.9579,0.2000,0.0270
29,0.0514,0.0087,1.0518,1.0000e-03,0.0001,0.0007,0.5787,665.94,2,7.7339,0.5000,0.0318,-34.42,1.0,-1.9906,0.1667,0.0061
30,0.0303,0.0131,1.0256,1.0000e-03,0.0002,0.0007,0.5556,216.24,2,349.4643,1.0000,0.0000,-446.95,1.6,-18.6400,0.0667,0.0464
31,0.0876,0.0205,1.0998,1.0000e-03,0.0001,0.0006,0.5334,869.75,2,94.8829,1.0000,0.0000,-312.44,1.6,-0.3449,0.3000,0.0490
32,-0.0902,0.0156,0.9151,1.0000e-03,0.0005,0.0006,0.5121,-488.24,2,-117.8167,0.0000,0.0488,-185.27,1.6,-1.3226,0.3000,0.0286
33,-0.0443,0.0108,0.9485,1.0000e-03,0.0003,0.0006,0.4916,-370.25,1,0.0000,0.0000,0.0370,-412.47,1.6,-8.7661,0.4000,0.0511
34,-0.0299,0.009,0.9582,1.0000e-03,0.0006,0.0006,0.4719,0.00,0,0.0000,0.0000,0.0000,-241.65,2.0,-8.8448,0.1333,0.0331
35,-0.0165,0.0075,0.9942,1.0000e-03,0.0004,0.0005,0.453,70.16,2,5.9141,0.5000,0.0058,81.13,1.0,-5.6228,0.3000,0.0061
36,0.0022,0.0055,0.9814,1.0000e-03,0.0002,0.0004,0.4349,-40.72,1,0.0000,0.0000,0.0041,-22.25,0.8,0.0000,0.4000,0.0173
37,0.0041,0.0073,1.0067,1.0000e-03,0.0003,0.0004,0.4175,137.28,2,145.0007,1.0000,0.0000,-157.38,1.6,-1.2092,0.5000,0.0380
38,0.0271,0.0145,1.0435,1.0000e-03,0.0000,0.0004,0.4008,479.62,2,19.4995,1.0000,0.0000,368.84,1.6,5.7427,0.5333,0.0039
39,0.1038,0.017,1.0801,1.0000e-03,0.0005,0.0004,0.3848,825.73,1,0.0000,1.0000,0.0000,159.74,0.8,4.4350,0.4000,0.0035
40,0.0001,0.0177,0.9938,1.0000e-03,0.0001,0.0004,0.3694,0.00,0,0.0000,0.0000,0.0000,311.80,1.4,9.1966,0.8000,0.0168
41,-0.0096,0.0138,0.9750,1.0000e-03,0.0010,0.0004,0.3546,-338.93,3,-19.2150,0.0000,0.0339,125.65,1.2,0.5256,0.4000,0.0130
42,-0.0058,0.0162,1.0145,1.0000e-03,0.0006,0.0003,0.3404,-295.50,2,-137.9557,0.0000,0.0295,133.47,1.2,31.7159,0.7000,0.0108
43,0.0699,0.0152,1.0531,1.0000e-03,0.0001,0.0003,0.3268,282.33,2,5.6029,0.5000,0.0246,207.16,1.0,0.0821,0.5000,0.0071
44,0.0039,0.0155,0.9964,1.0000e-03,0.0001,0.0003,0.3137,-216.77,1,0.0000,0.0000,0.0217,71.79,1.0,0.4575,0.3000,0.0310
45,0.008,0.0172,1.0075,1.0000e-03,0.0000,0.0003,0.3012,143.95,2,2.1787,0.5000,0.0452,-514.19,2.0,-897.0527,0.1667,0.0548
46,0.0464,0.0156,1.0329,1.0000e-03,0.0000,0.0003,0.3,-85.31,2,-4.6594,0.5000,0.0188,-49.88,1.0,0.6456,0.3000,0.0162
47,-0.0175,0.0126,0.9920,1.0000e-03,0.0002,0.0003,0.3,233.09,2,12.0605,0.5000,0.0036,-114.68,1.0,-7.1252,0.0667,0.0125
48,-0.0187,0.0116,1.0112,1.0000e-03,0.0002,0.0003,0.3,32.93,1,0.0000,1.0000,0.0000,152.68,1.6,1.5387,0.8333,0.0064
49,-0.0303,0.0114,0.9855,1.0000e-03,0.0001,0.0003,0.3,-286.42,1,0.0000,0.0000,0.0286,196.29,1.4,1.1670,0.5000,0.0253
50,-0.0135,0.0071,0.9899,9.5000e-04,0.0001,0.0002,0.3,-62.09,1,0.0000,0.0000,0.0062,-128.60,1.0,-1.6256,0.3000,0.0174
51,0.0275,0.0053,1.0043,9.5000e-04,0.0002,0.0002,0.3,-214.84,1,0.0000,0.0000,0.0215,392.93,1.2,5.8508,0.7000,0.0046
52,0.0273,0.0076,1.0250,9.5000e-04,0.0004,0.0003,0.3,265.01,1,0.0000,1.0000,0.0000,147.23,1.2,1.4727,0.4000,0.0141
53,0.0189,0.0093,0.9995,9.5000e-04,0.0000,0.0003,0.3,0.00,0,0.0000,0.0000,0.0000,432.33,1.0,0.7771,0.7000,0.0068
54,-0.0616,0.0048,0.9354,9.5000e-04,0.0006,0.0003,0.3,0.00,0,0.0000,0.0000,0.0000,-302.06,1.6,-14.4574,0.1000,0.0343
55,0.0472,0.0054,1.0511,9.5000e-04,0.0004,0.0003,0.3,612.66,1,0.0000,1.0000,0.0000,-55.90,0.8,0.0000,0.4000,0.0178
56,0.0346,0.0033,1.0475,9.5000e-04,0.0000,0.0003,0.3,62.18,2,2.5222,0.5000,0.0165,652.11,1.0,12.3722,0.6000,0.0000
57,-0.0212,0.0061,0.9888,9.5000e-04,0.0001,0.0003,0.3,-228.75,2,-29.3764,0.0000,0.0229,160.51,1.4,-9.5947,0.5000,0.0213
58,-0.0022,0.0078,1.0045,9.5000e-04,0.0002,0.0003,0.3,-149.16,2,-6.4750,0.5000,0.0257,357.40,1.6,1.5322,0.7667,0.0088
59,0.016,0.0096,1.0000,9.5000e-04,0.0002,0.0002,0.3,0.00,0,0.0000,0.0000,0.0000,165.49,1.4,-4.3102,0.2667,0.0143
60,-0.0058,0.01,0.9875,9.5000e-04,0.0001,0.0002,0.3,153.29,1,0.0000,1.0000,0.0000,211.86,1.2,16.6383,0.7000,0.0044
61,0.0028,0.0101,0.9944,9.5000e-04,0.0001,0.0002,0.3,-445.81,2,-23.8937,0.0000,0.0446,-299.53,1.8,-15.0775,0.3000,0.0435
62,0.0338,0.0112,0.9918,9.5000e-04,0.0014,0.0003,0.3,0.00,0,0.0000,0.0000,0.0000,55.07,1.8,4.9835,0.3000,0.0210
63,0.1221,0.015,1.1021,9.5000e-04,0.0004,0.0003,0.3,1119.67,2,8.9900,0.5000,0.0371,230.70,1.6,79.9449,0.4000,0.0285
64,-0.0061,0.0106,0.9790,9.5000e-04,0.0003,0.0003,0.3,264.68,1,0.0000,1.0000,0.0000,313.10,1.4,2.7496,0.4333,0.0052
65,-0.0358,0.0092,0.9419,9.5000e-04,0.0001,0.0003,0.3,-658.90,1,0.0000,0.0000,0.0659,156.13,1.0,4.4766,0.6000,0.0022
66,0.0657,0.0122,1.0708,9.5000e-04,0.0001,0.0002,0.3,729.63,1,0.0000,1.0000,0.0000,-94.93,1.2,-8.7410,0.4000,0.0164
67,0.0502,0.0145,1.1080,9.5000e-04,0.0001,0.0002,0.3,529.01,1,0.0000,1.0000,0.0000,-149.51,1.0,1.0139,0.3000,0.0188
68,-0.0324,0.0104,0.9673,9.5000e-04,0.0003,0.0002,0.3,-263.75,1,0.0000,0.0000,0.0264,67.89,2.0,-0.3871,0.4500,0.0091
69,0.0112,0.0107,1.0125,9.5000e-04,0.0000,0.0002,0.3,210.84,1,0.0000,1.0000,0.0000,-178.12,1.2,-5.6094,0.2000,0.0202
70,0.0565,0.0126,1.0489,9.5000e-04,0.0001,0.0002,0.3,438.76,1,0.0000,1.0000,0.0000,299.56,1.6,-1.0618,0.7667,0.0168
71,-0.0991,0.0068,0.9088,9.5000e-04,0.0003,0.0002,0.3,57.87,1,0.0000,1.0000,0.0000,94.12,1.4,-223.0395,0.2000,0.0164
72,-0.1084,0.0031,0.8932,9.5000e-04,0.0000,0.0002,0.3,-926.97,1,0.0000,0.0000,0.0927,302.28,1.0,4.9797,0.5000,0.0015
73,0.0375,0.0054,1.0278,9.5000e-04,0.0001,0.0002,0.3,-751.07,2,-15.4174,0.5000,0.0762,-51.85,0.6,0.0000,0.2000,0.0116
74,0.0567,0.0089,1.0567,9.5000e-04,0.0001,0.0002,0.3,1104.03,2,25.0949,1.0000,0.0000,-72.14,1.0,-13.1294,0.4000,0.0131
75,-0.1067,0.0051,0.9032,9.5000e-04,0.0001,0.0002,0.3,-1131.53,1,0.0000,0.0000,0.1132,-248.52,1.2,-1.7631,0.4000,0.0432
76,0.0089,0.0044,1.0101,9.5000e-04,0.0001,0.0002,0.3,0.97,1,0.0000,1.0000,0.0000,-31.61,1.2,-0.4919,0.4333,0.0246
77,-0.0182,0.0026,1.0000,9.5000e-04,0.0003,0.0002,0.3,0.00,0,0.0000,0.0000,0.0000,-50.27,1.0,-0.2740,0.3000,0.0203
78,-0.0247,0.0008,0.9852,9.5000e-04,0.0001,0.0002,0.3,-116.66,1,0.0000,0.0000,0.0117,324.76,2.0,72.0202,0.6000,0.0148
79,0.0038,0.0035,1.0126,9.5000e-04,0.0002,0.0002,0.3,-174.32,1,0.0000,0.0000,0.0174,-91.29,0.8,-0.0989,0.1000,0.0149
80,0.1217,0.0064,1.1247,9.5000e-04,0.0000,0.0002,0.3,538.19,3,7.4001,0.3333,0.0179,324.72,1.4,4.5625,0.6000,0.0138
81,0.0543,0.0072,1.0422,9.5000e-04,0.0000,0.0002,0.3,733.66,2,21.7123,1.0000,0.0000,181.13,1.4,-17.5184,0.2000,0.0141
82,-0.0679,0.0054,0.9367,9.5000e-04,0.0001,0.0002,0.3,0.00,0,0.0000,0.0000,0.0000,279.50,1.2,1.0988,0.3333,0.0111
83,0.0209,0.0063,1.0078,9.5000e-04,0.0000,0.0002,0.3,-295.95,2,-8.4374,0.5000,0.0426,-221.24,1.0,-3.2820,0.1000,0.0289
84,0.0712,0.0085,1.0631,9.5000e-04,0.0007,0.0002,0.3,629.53,3,9.6795,0.6667,0.0090,-175.42,1.2,-61.9747,0.1000,0.0379
85,-0.0367,0.0073,0.9668,9.5000e-04,0.0002,0.0002,0.3,-574.71,3,-11.4697,0.3333,0.0687,-146.67,1.2,-3.8656,0.4000,0.0333
86,-0.0205,0.0063,0.9742,9.5000e-04,0.0003,0.0002,0.3,-398.95,1,0.0000,0.0000,0.0399,-146.78,1.8,-0.2233,0.5333,0.0291
87,0.0537,0.0071,1.0575,9.5000e-04,0.0001,0.0002,0.3,588.50,2,43.0334,1.0000,0.0000,-394.58,1.4,-11.5606,0.2000,0.0411
88,0.0158,0.0029,1.0145,9.5000e-04,0.0001,0.0002,0.3,-223.69,1,0.0000,0.0000,0.0224,-122.42,1.0,2.0748,0.1000,0.0304
89,0.0623,0.0056,1.0608,9.5000e-04,0.0001,0.0001,0.3,633.55,3,50.3543,1.0000,0.0000,-95.85,1.2,1.0480,0.2000,0.0307
90,0.0025,0.0071,0.9922,9.5000e-04,0.0002,0.0001,0.3,825.73,1,0.0000,1.0000,0.0000,-92.99,1.2,-14.1080,0.6000,0.0302
91,-0.0568,0.0022,0.9403,9.5000e-04,0.0004,0.0002,0.3,0.00,0,0.0000,0.0000,0.0000,117.81,1.6,-82.1212,0.4000,0.0335
92,-0.0432,-0.0015,0.9717,9.5000e-04,0.0001,0.0002,0.3,-282.51,1,0.0000,0.0000,0.0283,-321.04,2.2,-76.7838,0.1333,0.0462
93,0.0363,0.0012,1.0286,9.5000e-04,0.0002,0.0002,0.3,594.25,3,15.5880,0.6667,0.0027,-283.10,1.2,-0.4748,0.5000,0.0348
94,0.0284,0.0019,1.0283,9.5000e-04,0.0000,0.0002,0.3,0.00,0,0.0000,0.0000,0.0000,-433.84,1.4,-19.0951,0.0000,0.0434
95,0.0007,-0.0003,1.0003,9.5000e-04,0.0003,0.0002,0.3,-173.89,2,-6.8903,0.5000,0.0284,-91.93,1.0,-0.7561,0.5000,0.0155
96,0.0511,0.0057,1.0943,9.5000e-04,0.0000,0.0002,0.3,994.45,1,0.0000,1.0000,0.0000,10.70,1.2,-1.2219,0.5333,0.0060
97,0.0615,0.0125,1.0725,9.5000e-04,0.0001,0.0002,0.3,569.56,2,64.6555,1.0000,0.0000,145.65,1.6,5.8893,0.8667,0.0073
98,0.0647,0.0136,1.0740,9.5000e-04,0.0002,0.0002,0.3,729.75,1,0.0000,1.0000,0.0000,-63.58,1.0,-2.7452,0.5000,0.0174
99,-0.0165,0.0107,0.9726,9.5000e-04,0.0001,0.0002,0.3,-1047.48,2,-14.1619,0.5000,0.1104,665.79,1.4,46.6833,0.6000,0.0056
100,-0.0424,0.0132,0.9510,9.0250e-04,0.0007,0.0002,0.3,-845.86,2,-29.3336,0.0000,0.0846,-166.21,1.2,3.0761,0.2000,0.0192
101,-0.0461,0.011,0.9750,9.0250e-04,0.0001,0.0002,0.3,-389.97,1,0.0000,0.0000,0.0390,165.97,1.6,-6.3077,0.5333,0.0133
102,-0.0872,0.0083,0.9455,9.0250e-04,0.0000,0.0002,0.3,-286.36,2,-49.3770,0.0000,0.0286,-319.29,1.4,-3.2369,0.3000,0.0411
103,-0.0178,0.0086,0.9833,9.0250e-04,0.0001,0.0002,0.3,-131.47,1,0.0000,0.0000,0.0131,-274.71,1.8,-4.3258,0.5333,0.0410
104,0.0181,0.0091,0.9980,9.0250e-04,0.0000,0.0002,0.3,-195.51,1,0.0000,0.0000,0.0196,-77.88,1.2,29.0011,0.4000,0.0211
105,-0.0791,0.0011,0.9100,9.0250e-04,0.0005,0.0002,0.3,-608.71,2,-597.2218,0.0000,0.0609,-106.67,2.0,-46.4705,0.5667,0.0411
106,-0.0049,-0.0013,1.0033,9.0250e-04,0.0001,0.0002,0.3,123.92,1,0.0000,1.0000,0.0000,302.21,1.8,3.4803,0.4000,0.0151
107,0.039,0.003,1.0323,9.0250e-04,0.0000,0.0002,0.3,686.33,1,0.0000,1.0000,0.0000,20.29,1.2,17.2154,0.4000,0.0118
108,-0.0252,0.0012,0.9725,9.0250e-04,0.0001,0.0002,0.3,-277.98,2,-28.0162,0.0000,0.0278,-214.47,1.0,-3.1593,0.2667,0.0218
109,0.0334,-0.0004,1.0327,9.0250e-04,0.0000,0.0002,0.3,229.91,2,5.3148,0.5000,0.0228,74.22,0.8,359.4090,0.4000,0.0034
110,-0.0599,-0.0013,0.9443,9.0250e-04,0.0001,0.0002,0.3,-480.29,1,0.0000,0.0000,0.0480,336.66,1.6,5.6638,0.8000,0.0176
111,0.0241,0.0005,1.0086,9.0250e-04,0.0002,0.0002,0.3,44.97,2,0.8255,0.5000,0.0392,153.79,1.4,10.0513,0.5000,0.0255
112,0.0788,0.0015,1.0776,9.0250e-04,0.0002,0.0002,0.3,454.44,2,8.1254,0.5000,0.0203,-201.98,0.8,0.0000,0.2000,0.0265
113,-0.0366,-0.0006,0.9637,9.0250e-04,0.0000,0.0002,0.3,12.75,3,0.5883,0.3333,0.0149,-44.72,1.4,-2.8692,0.3333,0.0223
114,-0.0164,-0.0037,0.9834,9.0250e-04,0.0001,0.0002,0.3,-183.19,1,0.0000,0.0000,0.0183,-13.28,1.2,0.5158,0.5000,0.0281
115,0.0388,-0.0023,1.0295,9.0250e-04,0.0001,0.0001,0.3,228.31,1,0.0000,1.0000,0.0000,-82.92,2.0,-6.5872,0.3667,0.0267
116,0.0223,0.0009,0.9911,9.0250e-04,0.0002,0.0001,0.3,-210.61,1,0.0000,0.0000,0.0211,-301.82,1.6,-11.9223,0.2000,0.0439
117,-0.0238,0.0017,0.9651,9.0250e-04,0.0002,0.0001,0.3,-384.75,2,-131.3038,0.0000,0.0385,-15.72,2.0,-131.6827,0.2000,0.0463
118,-0.0164,-0.0005,0.9750,9.0250e-04,0.0004,0.0002,0.3,-306.81,1,0.0000,0.0000,0.0307,391.32,1.6,13.8325,0.7000,0.0020
119,0.0406,0.0,1.0389,9.0250e-04,0.0000,0.0002,0.3,0.00,0,0.0000,0.0000,0.0000,-278.41,1.4,-7.2772,0.2000,0.0393
120,0.01,0.0004,0.9967,9.0250e-04,0.0001,0.0001,0.3,42.90,2,2.3626,0.5000,0.0123,-114.41,1.6,25.8213,0.5000,0.0405
121,-0.0574,-0.0039,0.9466,9.0250e-04,0.0003,0.0002,0.3,-612.29,1,0.0000,0.0000,0.0612,487.32,1.6,10.0107,0.5667,0.0056
122,-0.1056,-0.0106,0.8928,9.0250e-04,0.0000,0.0002,0.3,0.00,0,0.0000,0.0000,0.0000,-197.58,1.2,-11.5753,0.2000,0.0351
123,0.0282,-0.0121,1.0358,9.0250e-04,0.0003,0.0002,0.3,366.96,2,27.2552,1.0000,0.0000,-123.20,1.2,1.2653,0.3000,0.0315
124,0.0092,-0.0111,1.0003,9.0250e-04,0.0002,0.0002,0.3,-56.16,2,-7.4287,0.5000,0.0088,-140.96,1.6,1.2199,0.4000,0.0364
125,-0.0144,-0.0099,0.9766,9.0250e-04,0.0002,0.0001,0.3,-76.04,1,0.0000,0.0000,0.0076,1.12,1.4,3.0388,0.4000,0.0189
126,0.0051,-0.0079,1.0007,9.0250e-04,0.0003,0.0001,0.3,-31.80,1,0.0000,0.0000,0.0032,63.02,1.8,6.6651,0.4667,0.0162
127,-0.0604,-0.0068,0.9561,9.0250e-04,0.0000,0.0001,0.3,53.87,1,0.0000,1.0000,0.0000,-253.28,2.0,1.1802,0.3667,0.0618
128,0.065,-0.0035,1.0701,9.0250e-04,0.0001,0.0001,0.3,-168.17,2,-29.0838,0.0000,0.0168,106.51,1.2,0.9985,0.5000,0.0189
129,0.0284,-0.0031,1.0038,9.0250e-04,0.0001,0.0002,0.3,205.19,2,11.3274,0.5000,0.0041,-153.61,1.4,0.1879,0.4000,0.0391
130,-0.0407,-0.0016,0.9684,9.0250e-04,0.0001,0.0001,0.3,-406.92,1,0.0000,0.0000,0.0407,99.88,1.0,1.1331,0.1667,0.0146
131,-0.0308,-0.0026,0.9573,9.0250e-04,0.0001,0.0001,0.3,17.55,1,0.0000,1.0000,0.0000,-349.83,1.2,-4.3782,0.1000,0.0415
132,0.0306,-0.0029,1.0171,9.0250e-04,0.0001,0.0001,0.3,-72.96,2,-1.7538,0.5000,0.0367,-162.78,1.0,-65.7545,0.2000,0.0181
133,0.0338,-0.0006,1.0241,9.0250e-04,0.0001,0.0001,0.3,43.35,2,0.9695,0.5000,0.0333,-421.53,1.8,-6.0576,0.4667,0.0542
134,-0.0121,-0.0024,0.9823,9.0250e-04,0.0000,0.0001,0.3,-212.79,2,-23.0851,0.0000,0.0213,427.50,2.0,3.7172,0.7000,0.0211
135,0.0218,0.0009,1.0001,9.0250e-04,0.0001,0.0001,0.3,-279.39,3,-16.6106,0.0000,0.0279,-1.63,0.8,2.0380,0.3000,0.0137
136,-0.0723,-0.003,0.9316,9.0250e-04,0.0002,0.0001,0.3,102.99,1,0.0000,1.0000,0.0000,26.74,2.0,25.0108,0.6667,0.0231
137,0.1565,0.0001,1.1554,9.0250e-04,0.0003,0.0001,0.3,-12.64,1,0.0000,0.0000,0.0013,-153.75,1.4,12.7991,0.3000,0.0295
138,-0.0564,-0.0007,0.9444,9.0250e-04,0.0005,0.0002,0.3,-730.82,2,-31.3031,0.0000,0.0731,-50.46,0.8,1.0629,0.3000,0.0123
139,0.0317,0.0013,1.0012,9.0250e-04,0.0000,0.0002,0.3,-1096.80,1,0.0000,0.0000,0.1097,-33.36,1.4,0.4321,0.3333,0.0126
140,0.0702,0.0025,1.0559,9.0250e-04,0.0001,0.0002,0.3,639.20,3,11.7858,0.6667,0.0187,-123.51,1.0,2.3995,0.1000,0.0239
141,0.0135,0.0022,1.0095,9.0250e-04,0.0001,0.0002,0.3,-23.67,1,0.0000,0.0000,0.0024,-19.65,1.8,81.6850,0.5333,0.0255
142,-0.049,0.0012,0.9706,9.0250e-04,0.0000,0.0001,0.3,-556.10,2,-63.4961,0.0000,0.0556,93.50,1.2,4.6921,0.4000,0.0088
143,0.0375,0.0033,1.0376,9.0250e-04,0.0001,0.0001,0.3,-135.61,2,-40.6652,0.0000,0.0136,775.49,1.4,10.5531,0.5333,0.0116
144,-0.0325,0.0004,0.9526,9.0250e-04,0.0002,0.0001,0.3,-478.46,1,0.0000,0.0000,0.0478,278.03,1.6,9.0208,0.7000,0.0086
145,-0.024,-0.001,0.9585,9.0250e-04,0.0001,0.0001,0.3,-434.05,3,-20.7476,0.0000,0.0434,116.33,1.4,-2.8875,0.4000,0.0323
146,-0.0405,-0.0003,0.9678,9.0250e-04,0.0001,0.0001,0.3,-300.36,1,0.0000,0.0000,0.0300,-334.19,1.6,-740.8511,0.3000,0.0385
147,0.0194,0.0047,1.0000,9.0250e-04,0.0000,0.0001,0.3,0.00,0,0.0000,0.0000,0.0000,34.29,1.8,3.7959,0.5333,0.0119
148,0.0311,0.0048,1.0380,9.0250e-04,0.0001,0.0001,0.3,126.84,2,3.3490,0.5000,0.0237,245.73,0.6,0.0000,0.6000,0.0000
149,-0.0372,0.003,0.9712,9.0250e-04,0.0001,0.0001,0.3,157.50,1,0.0000,1.0000,0.0000,-287.08,1.4,-11.9190,0.3000,0.0476
150,0.0529,0.0057,1.0166,8.5737e-04,0.0002,0.0001,0.3,0.00,0,0.0000,0.0000,0.0000,-191.97,1.8,-3.5963,0.2000,0.0292
151,-0.0761,0.0024,0.9495,8.5737e-04,0.0001,0.0001,0.3,-73.67,1,0.0000,0.0000,0.0074,77.49,0.8,0.0000,0.4000,0.0315
152,-0.0097,0.0044,0.9846,8.5737e-04,0.0001,0.0001,0.3,-130.75,2,-9.6827,0.5000,0.0172,-11.29,1.0,-0.4288,0.4000,0.0166
153,0.0301,0.003,1.0137,8.5737e-04,0.0005,0.0001,0.3,0.00,0,0.0000,0.0000,0.0000,50.77,1.6,-6.5494,0.4333,0.0186
154,0.0453,0.0037,1.0361,8.5737e-04,0.0003,0.0001,0.3,498.47,1,0.0000,1.0000,0.0000,168.41,1.4,1.1422,0.4667,0.0105
155,0.0453,0.0072,1.0388,8.5737e-04,0.0001,0.0001,0.3,0.00,0,0.0000,0.0000,0.0000,-399.50,1.8,-16.9598,0.2667,0.0430
156,0.0632,0.0109,1.0582,8.5737e-04,0.0001,0.0001,0.3,0.00,0,0.0000,0.0000,0.0000,-334.65,1.4,-13.6829,0.2000,0.0410
157,0.0131,0.0102,1.0072,8.5737e-04,0.0001,0.0001,0.3,156.92,1,0.0000,1.0000,0.0000,-121.32,1.2,-2.5594,0.4000,0.0179
158,0.0339,0.0102,1.0314,8.5737e-04,0.0003,0.0002,0.3,-6.93,2,-1.4148,0.5000,0.0042,59.95,1.0,0.0000,0.6000,0.0477
159,-0.1343,0.0053,0.8790,8.5737e-04,0.0001,0.0002,0.3,546.22,1,0.0000,1.0000,0.0000,32.98,0.6,-0.2607,0.3000,0.0087
160,0.0294,0.0056,1.0408,8.5737e-04,0.0002,0.0002,0.3,363.71,2,496.6110,1.0000,0.0000,-117.34,0.8,-0.6166,0.0667,0.0156
161,-0.0482,0.0066,0.9550,8.5737e-04,0.0001,0.0002,0.3,121.23,1,0.0000,1.0000,0.0000,158.34,0.8,4.4977,0.4000,0.0093
162,0.011,0.0008,0.9940,8.5737e-04,0.0000,0.0001,0.3,85.13,1,0.0000,1.0000,0.0000,-55.39,1.2,-6.0761,0.3333,0.0116
163,0.0267,0.0041,1.0398,8.5737e-04,0.0001,0.0001,0.3,252.13,1,0.0000,1.0000,0.0000,57.53,1.0,-3.3295,0.4000,0.0088
164,0.0424,0.0045,1.0503,8.5737e-04,0.0001,0.0001,0.3,437.93,2,44.6548,1.0000,0.0000,-334.38,1.4,-6.6756,0.2000,0.0490
165,0.0832,0.0051,1.0648,8.5737e-04,0.0003,0.0001,0.3,1100.08,2,28.1413,1.0000,0.0000,-303.16,1.0,-2.6522,0.1000,0.0304
166,-0.0107,0.0041,0.9765,8.5737e-04,0.0003,0.0001,0.3,-20.62,1,0.0000,0.0000,0.0021,-124.91,1.0,1.8080,0.3000,0.0231
167,0.0105,0.0065,0.9884,8.5737e-04,0.0001,0.0002,0.3,105.31,2,3.6202,0.5000,0.0178,-158.37,1.2,-23.8332,0.0667,0.0180
168,0.0282,0.0061,1.0211,8.5737e-04,0.0003,0.0002,0.3,181.18,2,5.5372,0.5000,0.0169,-355.19,1.6,-38.3442,0.1333,0.0421
169,0.0785,0.0105,1.0802,8.5737e-04,0.0003,0.0002,0.3,996.68,3,57.7808,1.0000,0.0000,40.01,1.4,22.1790,0.6000,0.0103
170,-0.0083,0.0112,1.0005,8.5737e-04,0.0002,0.0002,0.3,-197.70,2,-14.4707,0.5000,0.0207,-258.11,1.0,-2.2948,0.3000,0.0302
171,0.0519,0.0149,1.0114,8.5737e-04,0.0018,0.0002,0.3,44.61,1,0.0000,1.0000,0.0000,-158.59,1.6,0.1766,0.1667,0.0287
172,-0.0021,0.014,1.0151,8.5737e-04,0.0001,0.0002,0.3,169.76,1,0.0000,1.0000,0.0000,-223.38,1.4,-6.4186,0.2667,0.0353
173,-0.0008,0.0127,1.0199,8.5737e-04,0.0001,0.0002,0.3,0.00,0,0.0000,0.0000,0.0000,-198.35,1.2,2.1424,0.3000,0.0287
174,-0.0233,0.0133,0.9700,8.5737e-04,0.0003,0.0002,0.3,0.00,0,0.0000,0.0000,0.0000,-573.22,1.6,-70.9488,0.0667,0.0604
175,0.0295,0.0123,1.0000,8.5737e-04,0.0001,0.0002,0.3,0.00,0,0.0000,0.0000,0.0000,-83.86,1.6,1.7219,0.3333,0.0165
176,0.0046,0.0156,1.0105,8.5737e-04,0.0003,0.0003,0.3,314.74,2,7.6356,0.5000,0.0170,422.63,1.2,7.7382,0.7000,0.0046
177,0.0154,0.0166,1.0250,8.5737e-04,0.0000,0.0002,0.3,333.55,2,28.9335,1.0000,0.0000,-276.80,1.2,-0.3990,0.0667,0.0357
178,0.0708,0.0182,1.0835,8.5737e-04,0.0002,0.0002,0.3,821.35,1,0.0000,1.0000,0.0000,56.81,0.8,0.0000,0.4000,0.0018
179,-0.043,0.0147,0.9523,8.5737e-04,0.0002,0.0002,0.3,80.42,2,11.3766,0.5000,0.0016,117.15,1.6,6.4032,0.4000,0.0142
180,-0.0623,0.0104,0.9311,8.5737e-04,0.0001,0.0002,0.3,-826.24,2,-551.3207,0.0000,0.0826,10.91,0.8,0.0000,0.4000,0.0337
181,0.0826,0.0111,1.0701,8.5737e-04,0.0002,0.0002,0.3,-27.88,1,0.0000,0.0000,0.0028,-318.65,1.8,-33.0310,0.2667,0.0376
182,0.0309,0.0119,1.0347,8.5737e-04,0.0001,0.0002,0.3,326.47,2,8.5912,0.5000,0.0138,10.42,1.2,2.0865,0.2000,0.0161
183,0.0585,0.0128,1.0356,8.5737e-04,0.0002,0.0002,0.3,532.33,3,11.8633,0.6667,0.0041,-117.73,1.4,0.1234,0.2667,0.0243
184,0.0869,0.0217,1.1119,8.5737e-04,0.0001,0.0002,0.3,510.95,2,11.6435,0.5000,0.0088,-180.91,1.8,-0.0538,0.4000,0.0338
185,-0.0211,0.0197,0.9612,8.5737e-04,0.0001,0.0002,0.3,-1142.44,2,-26.6862,0.0000,0.1142,19.46,0.8,0.0000,0.4000,0.0133
186,-0.0162,0.021,1.0000,8.5737e-04,0.0001,0.0002,0.3,0.00,0,0.0000,0.0000,0.0000,-39.68,1.4,1.1744,0.3000,0.0164
187,0.0149,0.0211,1.0128,8.5737e-04,0.0001,0.0002,0.3,377.50,2,28.7811,1.0000,0.0000,88.91,1.6,1230.7976,0.6000,0.0099
188,-0.0139,0.0195,0.9830,8.5737e-04,0.0000,0.0002,0.3,-314.07,1,0.0000,0.0000,0.0314,337.51,1.2,5.4890,0.2333,0.0064
189,-0.0694,0.015,0.9313,8.5737e-04,0.0000,0.0002,0.3,0.00,0,0.0000,0.0000,0.0000,701.46,1.4,5.2510,0.7000,0.0111
190,-0.046,0.0098,0.9737,8.5737e-04,0.0000,0.0002,0.3,-322.31,2,-34.5921,0.0000,0.0322,433.34,1.4,15.4146,0.7000,0.0016
191,-0.1282,0.0051,0.8849,8.5737e-04,0.0003,0.0002,0.3,-771.36,1,0.0000,0.0000,0.0771,84.06,1.6,-4.8321,0.6000,0.0099
192,0.0081,0.005,1.0074,8.5737e-04,0.0001,0.0002,0.3,82.49,1,0.0000,1.0000,0.0000,357.06,1.6,9.8303,0.8000,0.0046
193,0.0424,0.0056,1.0467,8.5737e-04,0.0001,0.0002,0.3,896.45,1,0.0000,1.0000,0.0000,132.49,1.6,0.5627,0.6000,0.0294
194,-0.0115,0.002,1.0151,8.5737e-04,0.0003,0.0002,0.3,-182.23,2,-7.7177,0.5000,0.0276,-326.82,1.2,-2.3014,0.2000,0.0410
195,-0.0438,0.0006,0.9930,8.5737e-04,0.0000,0.0002,0.3,278.14,1,0.0000,1.0000,0.0000,-38.76,1.4,0.2462,0.5000,0.0392
196,-0.0259,-0.0025,0.9687,8.5737e-04,0.0002,0.0001,0.3,-316.84,2,-9.8635,0.5000,0.0413,31.20,1.0,1.0420,0.0667,0.0262
197,-0.0194,-0.0032,0.9979,8.5737e-04,0.0001,0.0001,0.3,0.00,0,0.0000,0.0000,0.0000,157.76,1.0,6.6772,0.4000,0.0051
198,-0.0005,-0.0032,0.9728,8.5737e-04,0.0001,0.0001,0.3,32.62,1,0.0000,1.0000,0.0000,399.06,1.6,39.3179,0.8000,0.0123
199,0.0785,0.0009,1.0481,8.5737e-04,0.0002,0.0001,0.3,680.69,2,34.2755,1.0000,0.0000,492.91,1.8,10.4367,0.6000,0.0058
200,-0.0507,-0.0023,0.9478,8.1451e-04,0.0002,0.0001,0.3,-323.61,1,0.0000,0.0000,0.0324,7.47,2.0,-3.4922,0.5667,0.0189
201,0.0042,-0.0023,0.9987,8.1451e-04,0.0001,0.0001,0.3,96.72,1,0.0000,1.0000,0.0000,117.10,1.0,2.6578,0.3000,0.0073
202,-0.0242,-0.0039,0.9742,8.1451e-04,0.0001,0.0001,0.3,0.00,0,0.0000,0.0000,0.0000,-70.45,1.4,0.1009,0.2000,0.0220
203,0.0501,-0.0048,1.0545,8.1451e-04,0.0000,0.0001,0.3,625.92,1,0.0000,1.0000,0.0000,-157.97,1.8,19.8419,0.3667,0.0487
204,-0.0573,-0.0053,0.9888,8.1451e-04,0.0001,0.0001,0.3,-115.47,1,0.0000,0.0000,0.0115,-137.54,1.6,-3.3814,0.2000,0.0247
205,0.0019,-0.0028,0.9829,8.1451e-04,0.0001,0.0001,0.3,-61.31,1,0.0000,0.0000,0.0061,-404.80,1.2,-6.7723,0.3000,0.0426
206,0.0176,-0.0054,0.9970,8.1451e-04,0.0001,0.0001,0.3,42.70,2,3.4326,0.5000,0.0077,-76.04,1.4,-5.0630,0.4000,0.0285
207,-0.0598,-0.009,0.9433,8.1451e-04,0.0001,0.0001,0.3,358.31,1,0.0000,1.0000,0.0000,-4.95,1.4,0.1086,0.3000,0.0233
208,-0.0214,-0.0122,0.9878,8.1451e-04,0.0000,0.0001,0.3,96.80,3,16.8788,0.6667,0.0011,-545.29,1.4,-35.9702,0.0000,0.0545
209,-0.058,-0.018,0.9394,8.1451e-04,0.0000,0.0001,0.3,-476.06,2,-15.8945,0.0000,0.0476,100.48,1.4,-1.3052,0.6000,0.0306
210,-0.0376,-0.0186,0.9620,8.1451e-04,0.0001,0.0001,0.3,0.00,0,0.0000,0.0000,0.0000,392.24,1.2,21.2803,0.5000,0.0102
211,-0.0198,-0.0188,0.9619,8.1451e-04,0.0001,0.0001,0.3,-592.46,2,-14.5161,0.5000,0.0618,-75.10,0.8,0.5633,0.1000,0.0121
212,-0.0163,-0.02,0.9876,8.1451e-04,0.0001,0.0001,0.3,-38.59,2,-4.1148,0.5000,0.0093,-268.52,1.4,-5.1914,0.3667,0.0336
213,0.0018,-0.0194,1.0000,8.1451e-04,0.0002,0.0001,0.3,0.00,0,0.0000,0.0000,0.0000,135.05,1.8,-112.0602,0.3000,0.0165
214,0.0054,-0.0164,0.9847,8.1451e-04,0.0002,0.0001,0.3,-253.69,2,-14.6571,0.5000,0.0264,424.41,1.6,13.9149,0.6333,0.0073
215,0.0767,-0.0115,1.0267,8.1451e-04,0.0000,0.0001,0.3,203.58,1,0.0000,1.0000,0.0000,190.84,1.4,-0.9794,0.5000,0.0163
216,0.1185,-0.0016,1.1085,8.1451e-04,0.0000,0.0001,0.3,666.09,1,0.0000,1.0000,0.0000,-306.30,1.2,-22.2534,0.2000,0.0331
217,0.0104,-0.0015,1.0002,8.1451e-04,0.0001,0.0001,0.3,174.66,2,8.8860,0.5000,0.0069,12.05,1.8,-30.5408,0.5333,0.0182
218,0.028,-0.0021,1.0169,8.1451e-04,0.0002,0.0001,0.3,132.68,1,0.0000,1.0000,0.0000,-19.92,2.0,11.0691,0.5000,0.0372
219,-0.0288,-0.0028,0.9797,8.1451e-04,0.0001,0.0001,0.3,-150.83,1,0.0000,0.0000,0.0151,145.31,2.4,5.0843,0.6333,0.0113
220,-0.0192,-0.0018,0.9558,8.1451e-04,0.0003,0.0001,0.3,184.21,1,0.0000,1.0000,0.0000,-32.68,1.4,-2.3969,0.5000,0.0140
221,0.0105,-0.0004,0.9711,8.1451e-04,0.0001,0.0001,0.3,-482.44,1,0.0000,0.0000,0.0482,227.10,1.2,-1.7951,0.2000,0.0120
222,-0.0173,-0.0003,0.9900,8.1451e-04,0.0000,0.0001,0.3,11.81,1,0.0000,1.0000,0.0000,367.05,1.6,-0.2217,0.5333,0.0101
223,-0.0558,-0.0025,0.9342,8.1451e-04,0.0000,0.0001,0.3,-547.22,1,0.0000,0.0000,0.0547,-96.16,0.8,-4.7098,0.0000,0.0096
224,-0.0647,-0.0082,0.9323,8.1451e-04,0.0001,0.0001,0.3,-641.83,2,-48.4454,0.0000,0.0642,93.69,1.2,-5.5041,0.4000,0.0173
225,-0.0489,-0.0082,0.9595,8.1451e-04,0.0001,0.0001,0.3,-85.01,1,0.0000,0.0000,0.0085,-325.93,1.8,-15.2120,0.1667,0.0453
226,-0.0475,-0.0102,0.9281,8.1451e-04,0.0000,0.0001,0.3,14.46,3,0.2683,0.3333,0.0370,273.78,1.8,40.2032,0.6333,0.0108
227,0.0194,-0.0085,1.0141,8.1451e-04,0.0000,0.0001,0.3,590.96,1,0.0000,1.0000,0.0000,-117.47,0.8,0.0000,0.4000,0.0378
228,0.0163,-0.0098,0.9990,8.1451e-04,0.0001,0.0001,0.3,223.43,1,0.0000,1.0000,0.0000,-107.86,1.0,2.9910,0.1000,0.0168
229,-0.0434,-0.0093,0.9639,8.1451e-04,0.0000,0.0001,0.3,-113.81,1,0.0000,0.0000,0.0114,-123.20,1.0,-0.0253,0.2000,0.0289
230,-0.0235,-0.0103,0.9659,8.1451e-04,0.0001,0.0001,0.3,10.87,1,0.0000,1.0000,0.0000,-323.51,2.6,-6.4436,0.4167,0.0543
231,0.0467,-0.0091,1.0441,8.1451e-04,0.0001,0.0001,0.3,436.48,2,7.3741,0.5000,0.0252,-146.92,1.6,-2.7981,0.3667,0.0265
232,0.0099,-0.0063,0.9990,8.1451e-04,0.0011,0.0001,0.3,-68.45,2,-17.0552,0.0000,0.0068,261.37,1.6,9.2675,0.6333,0.0085
233,0.0158,-0.0049,1.0085,8.1451e-04,0.0001,0.0001,0.3,126.93,1,0.0000,1.0000,0.0000,-298.05,1.6,-4.2133,0.6333,0.0501
234,0.0412,-0.0009,1.0286,8.1451e-04,0.0000,0.0001,0.3,-251.01,1,0.0000,0.0000,0.0251,18.66,1.0,-4.7594,0.4000,0.0111
235,0.047,0.0025,1.0420,8.1451e-04,0.0002,0.0001,0.3,528.47,1,0.0000,1.0000,0.0000,7.45,1.2,-0.8130,0.5333,0.0082
236,0.0311,0.0045,1.0610,8.1451e-04,0.0001,0.0001,0.3,0.00,0,0.0000,0.0000,0.0000,-348.35,1.8,-18.9406,0.0667,0.0375
237,-0.0697,0.0024,0.9154,8.1451e-04,0.0002,0.0001,0.3,59.03,1,0.0000,1.0000,0.0000,371.90,2.0,94.7052,0.6333,0.0147
238,0.0908,0.006,1.0942,8.1451e-04,0.0001,0.0001,0.3,0.00,0,0.0000,0.0000,0.0000,321.92,1.4,2.8721,0.5667,0.0132
239,0.0117,0.0062,1.0119,8.1451e-04,0.0001,0.0001,0.3,-108.68,1,0.0000,0.0000,0.0109,135.56,1.6,35.6601,0.5000,0.0120
240,-0.0031,0.003,0.9912,8.1451e-04,0.0001,0.0001,0.3,188.72,3,7.5464,0.6667,0.0118,-499.24,1.4,-2.3091,0.2000,0.0560
241,-0.1703,-0.0085,0.8420,8.1451e-04,0.0001,0.0001,0.3,-0.76,1,0.0000,0.0000,0.0001,-255.95,2.0,-104.7701,0.2667,0.0346
242,0.0075,-0.0087,0.9925,8.1451e-04,0.0002,0.0001,0.3,-145.89,1,0.0000,0.0000,0.0146,-129.88,2.0,-28.4156,0.4000,0.0438
243,-0.0627,-0.0123,0.9384,8.1451e-04,0.0004,0.0001,0.3,0.00,0,0.0000,0.0000,0.0000,151.73,0.4,0.0000,0.2000,0.0022
244,0.0416,-0.0095,1.0391,8.1451e-04,0.0001,0.0001,0.3,0.00,0,0.0000,0.0000,0.0000,-53.79,1.2,0.2790,0.3000,0.0122
245,-0.0118,-0.0092,0.9854,8.1451e-04,0.0000,0.0001,0.3,41.58,1,0.0000,1.0000,0.0000,-139.01,1.0,2.8163,0.2000,0.0185
246,-0.0608,-0.012,0.9465,8.1451e-04,0.0000,0.0001,0.3,-174.95,2,-28.5651,0.0000,0.0175,-163.86,1.2,-7.7161,0.4000,0.0197
247,-0.0018,-0.0114,1.0082,8.1451e-04,0.0003,0.0001,0.3,15.53,1,0.0000,1.0000,0.0000,-400.73,1.2,-1.3152,0.5000,0.0546
248,-0.0684,-0.0119,0.9352,8.1451e-04,0.0005,0.0002,0.3,16.01,2,1.0707,0.5000,0.0109,-0.11,1.4,2.0846,0.4667,0.0221
249,0.0556,-0.0071,1.0517,8.1451e-04,0.0000,0.0002,0.3,764.48,1,0.0000,1.0000,0.0000,-176.56,1.4,-3.0925,0.4000,0.0381
250,-0.0663,-0.0078,0.9351,7.7378e-04,0.0003,0.0002,0.3,-558.03,1,0.0000,0.0000,0.0558,64.18,1.2,5.0263,0.5000,0.0069
251,0.0578,-0.0036,1.0496,7.7378e-04,0.0001,0.0002,0.3,442.13,2,53.3762,1.0000,0.0000,182.80,1.0,0.3453,0.3333,0.0115
252,0.0462,-0.0025,1.0369,7.7378e-04,0.0001,0.0002,0.3,617.03,2,23.4197,1.0000,0.0000,-200.86,1.0,-0.0645,0.3333,0.0330
253,-0.0042,-0.0033,0.9792,7.7378e-04,0.0001,0.0002,0.3,338.05,1,0.0000,1.0000,0.0000,58.73,1.0,4.5257,0.4000,0.0187
254,0.0594,0.0008,1.0669,7.7378e-04,0.0001,0.0002,0.3,725.73,1,0.0000,1.0000,0.0000,32.99,1.4,2.1912,0.5333,0.0161
255,-0.0072,0.0014,0.9791,7.7378e-04,0.0002,0.0002,0.3,-110.05,2,-11.5325,0.5000,0.0130,-328.97,1.6,4.0350,0.2000,0.0640
256,-0.081,-0.0037,0.9244,7.7378e-04,0.0002,0.0002,0.3,-541.38,1,0.0000,0.0000,0.0541,-228.55,1.8,-9.2427,0.3500,0.0511
257,0.0438,-0.0023,1.0482,7.7378e-04,0.0002,0.0002,0.3,564.81,2,23.9533,1.0000,0.0000,-201.95,1.6,-164.9030,0.2000,0.0226
258,-0.0487,-0.0049,0.9478,7.7378e-04,0.0000,0.0001,0.3,0.00,0,0.0000,0.0000,0.0000,-87.72,1.4,3.0681,0.3000,0.0357
259,-0.0131,-0.0071,0.9681,7.7378e-04,0.0000,0.0001,0.3,-57.56,1,0.0000,0.0000,0.0058,-481.05,1.6,-14.0328,0.2333,0.0548
260,0.0071,-0.0087,0.9949,7.7378e-04,0.0002,0.0001,0.3,99.32,1,0.0000,1.0000,0.0000,-212.44,1.8,-8.3346,0.3667,0.0323
261,-0.047,-0.0118,0.9700,7.7378e-04,0.0000,0.0001,0.3,-485.75,2,-26.4701,0.0000,0.0486,-531.05,2.4,-17.3618,0.4333,0.0727
262,0.0073,-0.0087,1.0202,7.7378e-04,0.0000,0.0001,0.3,-116.50,1,0.0000,0.0000,0.0117,63.61,1.8,-45.1615,0.6333,0.0147
263,-0.1567,-0.0186,0.8655,7.7378e-04,0.0002,0.0001,0.3,-630.46,1,0.0000,0.0000,0.0630,-490.32,1.2,-55.6522,0.1000,0.0563
264,0.0207,-0.0182,0.9867,7.7378e-04,0.0002,0.0001,0.3,261.52,1,0.0000,1.0000,0.0000,241.04,1.8,-2.5045,0.5000,0.0080
265,0.0179,-0.0174,1.0160,7.7378e-04,0.0002,0.0001,0.3,58.93,1,0.0000,1.0000,0.0000,105.30,1.0,4.0260,0.5000,0.0328
266,-0.1393,-0.0162,0.8629,7.7378e-04,0.0000,0.0001,0.3,-223.46,2,-41.1414,0.0000,0.0223,287.38,0.6,0.0000,0.4000,0.0037
267,0.0448,-0.0147,1.0371,7.7378e-04,0.0000,0.0001,0.3,0.00,0,0.0000,0.0000,0.0000,455.13,1.0,11.2652,0.5000,0.0050
268,-0.0561,-0.0144,0.9391,7.7378e-04,0.0001,0.0001,0.3,-335.27,1,0.0000,0.0000,0.0335,-18.89,1.4,4.3206,0.4000,0.0200
269,0.012,-0.0156,1.0115,7.7378e-04,0.0002,0.0001,0.3,0.00,0,0.0000,0.0000,0.0000,-159.71,1.0,-7.2160,0.2000,0.0279
270,0.0387,-0.0136,1.0416,7.7378e-04,0.0000,0.0001,0.3,80.20,1,0.0000,1.0000,0.0000,-442.81,2.0,-5.6487,0.3000,0.0520
271,-0.0919,-0.0148,0.9038,7.7378e-04,0.0001,0.0001,0.3,-1025.62,1,0.0000,0.0000,0.1026,-276.49,1.6,-16.7828,0.2000,0.0335
272,-0.0744,-0.0177,0.9289,7.7378e-04,0.0001,0.0001,0.3,-540.92,3,-10.6239,0.3333,0.0726,-545.32,1.6,-1.7741,0.3000,0.0739
273,-0.0531,-0.0171,0.9619,7.7378e-04,0.0001,0.0001,0.3,-125.07,1,0.0000,0.0000,0.0125,261.56,1.6,21.3212,0.5000,0.0069
274,0.0475,-0.0174,1.0361,7.7378e-04,0.0001,0.0001,0.3,361.68,3,31.3596,1.0000,0.0000,186.33,1.4,-1.5017,0.6000,0.0109
275,-0.0357,-0.0162,0.9589,7.7378e-04,0.0011,0.0001,0.3,0.00,0,0.0000,0.0000,0.0000,-265.19,1.4,0.4331,0.4000,0.0424
276,0.0313,-0.0173,1.0526,7.7378e-04,0.0010,0.0002,0.3,679.40,2,12.0424,0.5000,0.0100,-93.33,1.4,-3.1574,0.1333,0.0392
277,0.024,-0.0182,1.0492,7.7378e-04,0.0000,0.0002,0.3,483.08,2,7.6738,0.5000,0.0258,56.69,1.4,-4.5660,0.3000,0.0229
278,-0.0599,-0.0204,0.9517,7.7378e-04,0.0003,0.0002,0.3,0.00,0,0.0000,0.0000,0.0000,-192.09,2.4,-10.5207,0.2500,0.0250
279,-0.0519,-0.0248,0.9538,7.7378e-04,0.0001,0.0002,0.3,-135.18,1,0.0000,0.0000,0.0135,-15.21,1.6,-387.0591,0.6000,0.0435
280,0.0637,-0.022,1.0782,7.7378e-04,0.0003,0.0002,0.3,-633.44,2,-7.2587,0.5000,0.0973,74.22,1.4,3.0080,0.4000,0.0255
281,0.0872,-0.0153,1.0509,7.7378e-04,0.0000,0.0002,0.3,646.15,2,70.3194,1.0000,0.0000,38.88,1.0,13.2124,0.4000,0.0129
282,0.0059,-0.0168,1.0024,7.7378e-04,0.0000,0.0002,0.3,7.85,1,0.0000,1.0000,0.0000,-143.12,1.8,-35.5438,0.2333,0.0269
283,0.061,-0.0124,1.0120,7.7378e-04,0.0000,0.0002,0.3,0.00,0,0.0000,0.0000,0.0000,130.28,1.2,57.8998,0.3000,0.0080
284,-0.0094,-0.0123,0.9815,7.7378e-04,0.0001,0.0002,0.3,6.94,3,0.2158,0.6667,0.0230,145.63,1.0,0.0000,0.8000,0.0038
285,0.0302,-0.0113,1.0508,7.7378e-04,0.0002,0.0002,0.3,375.94,2,6.6097,0.5000,0.0248,174.96,1.0,8.7165,0.4000,0.0101
286,0.0105,-0.009,0.9953,7.7378e-04,0.0001,0.0002,0.3,-120.61,1,0.0000,0.0000,0.0121,45.72,1.8,2.8507,0.4000,0.0237
287,-0.008,-0.0096,1.0000,7.7378e-04,0.0004,0.0002,0.3,0.00,0,0.0000,0.0000,0.0000,-262.32,1.0,-8.1500,0.2000,0.0327
288,0.0038,-0.0032,1.0000,7.7378e-04,0.0000,0.0002,0.3,0.00,0,0.0000,0.0000,0.0000,-394.02,1.8,-11.9467,0.3333,0.0457
289,0.0037,-0.0039,1.0078,7.7378e-04,0.0000,0.0002,0.3,0.00,0,0.0000,0.0000,0.0000,391.80,1.2,4.1777,0.4000,0.0097
290,-0.0007,-0.0046,1.0034,7.7378e-04,0.0001,0.0002,0.3,102.10,2,95.7520,1.0000,0.0000,394.14,1.8,7.6146,0.4333,0.0110
291,0.0349,0.0023,1.0322,7.7378e-04,0.0002,0.0002,0.3,420.01,2,13.0081,0.5000,0.0044,-386.75,1.0,-7.8808,0.2000,0.0394
292,-0.0276,-0.0006,0.9753,7.7378e-04,0.0001,0.0002,0.3,-218.31,2,-3.4211,0.5000,0.0592,-47.71,1.2,0.1847,0.2667,0.0141
293,-0.0125,0.0012,0.9724,7.7378e-04,0.0006,0.0002,0.3,-514.72,2,-50.9340,0.0000,0.0515,-443.28,1.4,-0.4696,0.4000,0.0539
294,0.0096,0.0011,0.9768,7.7378e-04,0.0003,0.0002,0.3,-72.71,2,-17.3660,0.0000,0.0073,-117.55,0.8,2.4986,0.1000,0.0310
295,-0.0197,-0.0013,0.9905,7.7378e-04,0.0000,0.0002,0.3,0.00,0,0.0000,0.0000,0.0000,-137.33,1.4,0.9636,0.3333,0.0393
296,-0.0526,0.0003,0.9725,7.7378e-04,0.0002,0.0002,0.3,-570.50,1,0.0000,0.0000,0.0570,5.24,1.6,3.4811,0.3000,0.0227
297,0.0848,0.0067,1.0762,7.7378e-04,0.0000,0.0002,0.3,244.61,1,0.0000,1.0000,0.0000,131.69,1.4,1.8106,0.2333,0.0178
298,-0.0083,0.0085,0.9580,7.7378e-04,0.0000,0.0002,0.3,-338.92,1,0.0000,0.0000,0.0339,-229.84,2.0,-14.5213,0.3667,0.0336
299,-0.0169,0.0059,0.9892,7.7378e-04,0.0002,0.0002,0.3,-130.11,1,0.0000,0.0000,0.0130,68.07,0.4,0.0000,0.2000,0.0014
