episode,train_profit,oos_profit_fixed,oos_profit_median,oos_profit_mean,oos_win_rate,oos_consistency,train_trades,oos_trades,train_win_rate,train_sharpe,oos_sharpe,loss,epsilon
0,505.01,0.00,0.00,0.00,0.000,0.000,20,0.0,0.500,1.018,0.000,0.000000,1.000
1,-1303.46,0.00,0.00,0.00,0.000,0.000,21,0.0,0.381,-2.094,0.000,0.000000,1.000
2,-2632.16,0.00,0.00,0.00,0.000,0.000,13,0.0,0.385,-9.303,0.000,0.000000,1.000
3,2012.82,0.00,0.00,0.00,0.000,0.000,19,0.0,0.684,4.290,0.000,0.000000,1.000
4,467.77,0.00,0.00,0.00,0.000,0.000,16,1.0,0.500,2.015,0.000,0.058382,0.950
5,-1388.73,1730.23,1568.66,1546.21,0.950,1.000,17,3.4,0.529,-2.255,36.319,0.054227,0.485
6,-1853.25,1538.67,1538.67,1538.46,0.950,1.000,16,3.2,0.312,-6.316,40.677,0.013286,0.481
7,679.05,1508.74,1508.74,1508.74,0.667,1.000,15,3.0,0.533,3.715,8.776,0.005907,0.477
8,-1013.30,1123.10,2107.76,1910.82,0.667,1.000,18,6.0,0.333,-5.331,7.572,0.004573,0.481
9,-192.59,-460.39,356.58,193.18,0.500,0.800,23,4.0,0.348,-0.914,1.808,0.003747,0.477
10,5757.44,855.81,1768.76,1586.17,0.600,1.000,14,5.0,0.714,12.380,6.782,0.003476,0.472
11,167.86,922.86,922.86,922.86,0.333,1.000,21,3.0,0.524,0.545,5.250,0.003008,0.490
12,-1954.33,837.10,837.10,837.10,0.600,1.000,14,5.0,0.357,-6.486,4.453,0.003014,0.485
13,456.03,-1362.33,2275.13,1021.93,0.733,0.600,15,5.2,0.467,1.061,4.667,0.002612,0.484
14,-966.79,376.12,1430.93,1219.97,0.580,1.000,21,5.2,0.429,-3.191,4.975,0.002523,0.479
15,1092.29,850.95,850.95,850.95,1.000,1.000,14,2.0,0.429,4.709,34.111,0.002267,0.475
16,-860.06,493.85,1401.11,1219.65,0.400,1.000,19,5.0,0.579,-1.517,5.128,0.002093,0.471
17,-1099.11,-58.63,957.13,792.54,0.593,0.800,15,5.4,0.333,-2.326,3.601,0.001990,0.497
18,348.59,-412.33,1904.69,1214.00,0.569,0.800,18,10.2,0.611,0.880,3.375,0.001929,0.493
19,-819.73,-1887.24,1381.55,727.79,0.450,0.800,18,4.0,0.333,-4.047,4.368,0.001825,0.488
20,822.29,1098.82,2013.62,1597.21,0.478,1.000,13,8.4,0.615,2.819,4.511,0.001866,0.454
21,1662.82,767.04,1769.84,1697.03,0.720,1.000,18,6.4,0.667,6.617,6.843,0.001627,0.474
22,549.54,409.24,1430.93,1254.84,0.745,1.000,20,8.4,0.400,2.466,10.813,0.001544,0.491
23,1866.04,11.97,1069.36,979.62,0.778,1.000,18,5.6,0.611,5.380,12.543,0.001505,0.457
24,217.02,-1690.37,1811.79,1111.36,0.700,0.800,17,4.0,0.529,1.487,6.935,0.001324,0.467
25,1654.07,2231.16,2231.16,2231.16,0.800,1.000,15,5.0,0.733,6.137,11.187,0.001381,0.474
26,-576.72,401.88,1480.48,1313.86,0.787,1.000,21,8.4,0.476,-2.753,11.107,0.001174,0.481
27,-137.01,539.99,1198.44,1190.60,0.960,1.000,16,5.6,0.500,-0.282,16.058,0.001186,0.477
28,1258.84,1360.47,2510.38,2416.45,0.758,1.000,17,7.4,0.529,5.065,7.908,0.001151,0.472
29,2601.72,1722.47,1722.47,1721.38,0.910,1.000,16,3.6,0.750,8.047,16.708,0.001083,0.468
30,1451.62,1168.24,1314.96,1507.73,0.549,1.000,18,12.4,0.611,3.660,3.413,0.001105,0.472
31,-1636.69,280.70,1302.53,1176.79,0.753,1.000,15,6.4,0.600,-3.341,11.997,0.000969,0.472
32,735.70,1624.55,3065.10,2777.90,0.867,1.000,16,5.8,0.438,3.441,16.771,0.001022,0.471
33,59.72,979.63,979.63,995.39,0.756,1.000,17,5.6,0.353,0.480,11.775,0.000953,0.497
34,2188.58,1106.40,2057.59,1623.46,0.427,1.000,16,9.4,0.688,7.536,3.955,0.000923,0.462
35,110.98,670.67,1729.71,1567.79,0.720,1.000,19,6.4,0.316,0.684,12.875,0.000933,0.500
36,544.46,2427.52,2205.73,2271.20,1.000,1.000,21,6.8,0.667,1.460,20.478,0.000895,0.497
37,-55.95,1885.17,1885.17,1842.05,0.905,1.000,15,5.8,0.400,-0.425,17.187,0.000893,0.462
38,-442.13,614.24,1692.60,1476.93,0.489,1.000,20,8.2,0.450,-2.995,4.031,0.000854,0.469
39,-1793.85,954.19,954.19,953.15,0.883,1.000,16,2.6,0.438,-4.656,37.634,0.000796,0.488
40,-470.32,1275.49,2437.43,2205.91,0.900,1.000,12,7.8,0.583,-2.423,16.947,0.000799,0.500
41,-132.38,2338.35,2338.35,2338.35,0.714,1.000,18,7.0,0.389,-1.703,8.822,0.000749,0.497
42,1474.71,0.00,1423.23,1098.25,0.800,0.800,17,1.0,0.471,5.659,0.000,0.000744,0.493
43,1278.00,1887.56,1887.56,1934.50,1.000,1.000,15,4.6,0.600,4.296,29.038,0.000752,0.497
44,95.88,2391.82,2171.33,2236.55,1.000,1.000,15,5.8,0.267,0.442,27.617,0.000687,0.493
45,203.75,2351.97,2130.20,2196.56,1.000,1.000,15,5.8,0.467,0.649,25.461,0.000694,0.500
46,1521.87,1323.64,1485.90,1683.79,0.655,1.000,23,10.4,0.652,5.709,4.068,0.000670,0.496
47,964.78,2469.45,2204.74,2264.10,0.946,1.000,17,6.4,0.529,3.548,23.213,0.000621,0.494
48,-212.97,1475.78,1485.37,1541.62,0.668,1.000,12,7.2,0.333,-2.206,9.763,0.000639,0.460
49,710.35,2715.62,2485.74,2554.39,0.741,1.000,17,7.8,0.647,2.874,12.787,0.000589,0.469
50,-693.95,0.00,0.00,44.91,0.200,0.200,21,0.2,0.381,-1.903,0.000,0.000606,0.477
51,-1527.95,1501.81,1501.81,1501.81,1.000,1.000,18,4.0,0.333,-4.731,31.757,0.000554,0.481
52,-1175.52,18.68,18.68,96.78,0.456,0.600,21,15.4,0.381,-5.186,0.263,0.000529,0.477
53,-35.91,50.53,1081.04,874.94,0.626,1.000,20,11.2,0.450,-0.274,3.707,0.000534,0.472
54,1266.54,2056.98,1705.46,1805.47,0.898,1.000,15,5.4,0.733,4.552,21.441,0.000523,0.468
55,-666.78,1693.41,1354.44,1423.31,0.736,1.000,18,6.0,0.444,-2.109,9.189,0.000535,0.472
56,69.00,105.84,7.20,46.66,0.700,1.000,20,1.6,0.600,0.106,0.335,0.000501,0.471
57,746.01,761.21,761.21,850.98,0.536,1.000,14,11.6,0.643,2.701,2.512,0.000506,0.497
58,516.16,-696.08,288.79,213.03,0.500,0.600,12,3.6,0.417,2.267,1.557,0.000505,0.494
59,-163.38,79.04,227.63,443.91,0.529,0.800,19,14.0,0.421,-0.468,1.179,0.000489,0.493
60,1256.27,0.00,204.07,394.61,0.800,0.800,16,1.0,0.375,4.707,0.000,0.000465,0.488
61,243.08,0.00,0.00,0.00,0.000,0.000,20,0.0,0.450,0.607,0.000,0.000536,0.491
62,2294.64,1307.58,1307.58,1307.58,0.667,1.000,16,3.0,0.688,7.797,10.174,0.000497,0.457
63,1565.37,0.00,0.00,0.00,0.000,0.000,13,1.0,0.615,6.254,0.000,0.000451,0.471
64,-620.01,0.00,0.00,0.00,0.000,0.000,22,1.0,0.500,-2.405,0.000,0.000459,0.471
65,1008.71,479.95,479.95,479.95,1.000,1.000,12,2.0,0.500,3.485,39.502,0.000475,0.497
66,412.30,463.41,890.23,852.93,0.633,1.000,20,2.8,0.550,1.237,8.645,0.000464,0.494
67,-222.41,851.87,745.64,788.14,0.700,1.000,17,1.6,0.471,-0.635,7.413,0.000460,0.490
68,-95.89,400.73,400.73,400.73,1.000,1.000,17,2.0,0.529,-0.462,127.330,0.000469,0.485
69,-1199.85,554.20,554.20,648.44,0.520,1.000,19,10.0,0.421,-2.968,1.568,0.000431,0.481
70,1415.45,1232.26,1083.88,1148.55,0.641,1.000,18,11.2,0.556,5.324,4.632,0.000443,0.477
71,301.84,-257.89,-254.76,16.13,0.487,0.400,9,11.2,0.667,2.046,0.151,0.000474,0.484
72,56.55,589.27,589.27,639.92,0.620,1.000,8,6.8,0.625,0.395,5.510,0.000451,0.479
73,-421.08,1849.56,1527.99,1638.93,0.596,1.000,13,11.4,0.615,-1.661,5.289,0.000438,0.475
74,1151.32,842.28,842.28,842.28,0.571,1.000,17,7.0,0.765,3.599,4.699,0.000421,0.471
75,762.58,-270.36,-270.36,-270.36,0.500,0.000,13,6.0,0.615,6.629,-1.967,0.000435,0.468
76,-1184.59,397.20,395.89,378.23,0.733,1.000,13,2.6,0.231,-10.083,4.808,0.000410,0.471
77,2146.96,-291.10,636.63,209.78,0.421,0.600,14,7.6,0.500,5.088,1.014,0.000421,0.500
78,176.63,1594.55,1140.33,1219.06,0.860,1.000,21,6.0,0.429,0.508,14.783,0.000409,0.465
79,678.23,223.25,223.25,435.54,0.627,0.600,19,9.6,0.579,2.558,2.237,0.000407,0.477
80,224.97,839.93,431.28,526.81,0.593,1.000,16,7.4,0.500,1.110,3.044,0.000403,0.475
81,937.52,524.98,1247.33,1102.86,0.733,1.000,14,3.8,0.571,4.783,8.176,0.000420,0.471
82,113.07,455.96,455.96,558.40,0.611,1.000,11,9.8,0.455,0.481,3.534,0.000427,0.487
83,754.13,1870.00,1870.00,1870.00,0.750,1.000,21,4.0,0.571,2.214,14.639,0.000410,0.488
84,703.14,0.00,204.07,724.22,0.800,0.800,10,1.0,0.700,5.751,0.000,0.000396,0.487
85,2577.77,-857.18,105.88,154.55,0.500,0.600,11,1.6,0.727,9.610,0.643,0.000408,0.497
86,2.40,194.69,194.69,194.69,0.667,1.000,20,3.0,0.500,0.012,2.327,0.000397,0.462
87,1578.11,505.30,505.30,505.30,1.000,1.000,13,3.0,0.538,4.467,19.807,0.000403,0.471
88,-1512.75,-183.40,-183.40,-134.02,0.764,0.200,15,11.8,0.533,-2.891,-0.288,0.000396,0.471
89,1123.22,-334.40,-289.03,-422.19,0.447,0.000,14,5.8,0.643,6.742,-3.540,0.000417,0.471
90,265.66,0.00,0.00,0.00,0.000,0.000,13,0.0,0.538,1.685,0.000,0.000390,0.472
91,1293.72,0.00,0.00,0.00,0.000,0.000,16,0.0,0.625,4.102,0.000,0.000394,0.482
92,-1429.90,0.00,0.00,0.00,0.000,0.000,16,0.0,0.375,-6.872,0.000,0.000408,0.479
93,-1077.61,0.00,0.00,0.00,0.000,0.000,13,0.0,0.385,-3.783,0.000,0.000418,0.491
94,-252.94,-6.95,-6.95,-6.95,0.000,0.000,16,1.0,0.438,-1.645,0.000,0.000401,0.498
95,-248.02,2288.83,2116.55,2185.47,0.880,1.000,16,4.6,0.625,-0.571,14.178,0.000400,0.496
96,-101.77,-640.20,-640.20,-604.22,0.457,0.200,13,7.0,0.538,-0.635,-2.414,0.000380,0.496
97,-763.03,0.00,0.00,0.00,0.000,0.000,17,0.0,0.412,-2.908,0.000,0.000422,0.493
98,32.88,0.00,0.00,0.00,0.000,0.000,13,0.0,0.769,0.092,0.000,0.000378,0.458
99,1117.52,551.27,551.27,551.27,0.800,1.000,13,5.0,0.462,4.329,4.881,0.000375,0.478
100,303.46,867.35,867.35,867.35,0.857,1.000,16,7.0,0.500,1.262,6.251,0.000349,0.474
101,-481.84,-909.40,-576.73,-524.28,0.693,0.200,16,5.8,0.438,-3.094,-2.839,0.000397,0.477
102,-1763.46,0.00,0.00,0.00,0.000,0.000,17,0.0,0.412,-4.196,0.000,0.000368,0.472
103,427.96,-653.38,-653.38,-653.38,0.500,0.000,19,2.0,0.421,0.712,-14.252,0.000386,0.469
104,1667.33,-1568.83,-1431.23,-1253.39,0.367,0.000,15,2.8,0.600,5.240,-15.327,0.000361,0.471
105,375.39,0.00,0.00,0.00,0.000,0.000,17,0.0,0.588,1.276,0.000,0.000369,0.500
106,1016.21,0.00,0.00,0.00,0.000,0.000,13,0.0,0.462,2.641,0.000,0.000374,0.465
107,-250.85,-484.06,75.64,183.52,0.333,0.600,17,2.8,0.529,-1.285,-4.688,0.000393,0.471
108,782.06,-252.13,-252.13,-218.13,0.534,0.200,14,6.0,0.571,4.579,-1.090,0.000395,0.498
109,1345.27,-368.07,-368.07,-351.77,0.480,0.000,15,5.0,0.600,3.718,-2.653,0.000400,0.464
110,-313.44,-741.44,-608.14,-415.23,0.733,0.200,9,2.6,0.444,-1.675,-4.264,0.000381,0.481
111,-1381.93,-452.42,-452.42,-158.27,0.800,0.400,13,2.6,0.462,-2.939,3.981,0.000352,0.477
112,-1168.23,0.00,0.00,0.00,0.000,0.000,17,0.0,0.412,-4.122,0.000,0.000377,0.485
113,1411.44,574.70,551.44,563.06,0.317,1.000,19,3.8,0.474,1.775,3.856,0.000391,0.481
114,571.03,1508.71,1508.71,1508.71,1.000,1.000,21,3.0,0.571,2.916,14.996,0.000413,0.484
115,-1019.89,-901.71,-603.28,-709.94,0.313,0.000,18,5.0,0.389,-3.425,-3.869,0.000377,0.479
116,206.74,0.00,0.00,0.00,0.000,0.000,15,0.0,0.667,0.783,0.000,0.000390,0.475
117,256.71,1269.79,1269.79,1269.79,0.667,1.000,18,3.0,0.556,0.731,11.355,0.000408,0.475
118,1704.85,473.29,634.34,975.32,0.754,1.000,16,7.4,0.688,9.129,3.667,0.000406,0.490
119,564.24,2126.73,2126.73,2583.07,0.853,1.000,21,9.2,0.619,1.611,11.814,0.000400,0.485
120,-1066.19,841.75,841.75,904.71,0.662,1.000,12,10.6,0.333,-6.506,4.246,0.000417,0.485
121,4785.35,-576.86,-576.86,-576.86,0.333,0.000,18,3.0,0.667,6.498,-5.323,0.000410,0.481
122,-392.99,424.29,424.29,491.49,0.837,1.000,20,4.8,0.400,-2.210,6.904,0.000428,0.477
123,1593.47,0.00,0.00,0.00,0.000,0.000,16,0.0,0.750,7.098,0.000,0.000423,0.472
124,-1402.09,0.00,0.00,0.00,0.000,0.000,13,0.0,0.462,-5.035,0.000,0.000448,0.490
125,956.31,2268.68,2264.42,2244.97,0.762,1.000,17,6.6,0.588,3.766,10.232,0.000427,0.485
126,2006.82,1429.16,1429.16,1548.94,0.733,1.000,24,6.8,0.625,5.705,6.979,0.000434,0.481
127,2049.26,232.30,232.30,232.30,0.500,1.000,16,4.0,0.688,7.868,2.465,0.000444,0.490
128,1846.61,2134.79,2320.32,2265.85,0.780,1.000,15,4.6,0.467,4.636,11.721,0.000456,0.496
129,-1190.31,739.31,1182.38,1125.05,0.800,1.000,17,3.8,0.529,-3.922,9.880,0.000449,0.494
130,-702.39,848.54,848.54,848.54,0.500,1.000,18,2.0,0.556,-1.610,8.768,0.000430,0.490
131,2324.40,0.00,0.00,0.00,0.000,0.000,24,0.0,0.708,8.767,0.000,0.000442,0.497
132,639.62,0.00,0.00,0.00,0.000,0.000,24,0.0,0.625,1.567,0.000,0.000459,0.493
133,1431.90,0.00,0.00,0.00,0.000,0.000,19,0.0,0.684,3.798,0.000,0.000481,0.488
134,278.54,0.00,0.00,0.00,0.000,0.000,24,0.0,0.417,0.789,0.000,0.000466,0.484
135,766.57,63.10,0.00,12.62,0.200,0.200,13,0.2,0.692,2.779,0.000,0.000446,0.479
136,641.29,0.00,0.00,0.00,0.000,0.000,24,0.0,0.583,2.515,0.000,0.000471,0.475
137,738.12,1835.63,1835.63,1889.36,0.747,1.000,21,9.4,0.571,3.296,6.487,0.000408,0.488
138,-385.80,396.86,396.86,396.86,1.000,1.000,21,3.0,0.381,-1.397,74.820,0.000414,0.491
139,-544.91,0.00,0.00,0.00,0.000,0.000,19,0.0,0.421,-2.838,0.000,0.000483,0.494
140,-298.47,0.00,0.00,0.00,0.000,0.000,15,0.0,0.600,-0.807,0.000,0.000472,0.497
141,-31.16,2910.29,2560.60,2449.04,0.786,1.000,17,6.4,0.471,-0.136,11.603,0.000431,0.462
142,-963.03,1218.79,1218.79,1090.26,0.710,1.000,16,6.0,0.312,-4.872,6.858,0.000452,0.469
143,86.99,330.71,330.71,330.71,1.000,1.000,19,1.0,0.579,0.215,0.000,0.000416,0.471
144,-988.42,-480.11,-333.48,-234.94,0.667,0.000,20,3.2,0.350,-3.651,-5.046,0.000419,0.498
145,749.55,2911.48,2911.48,2911.48,0.750,1.000,16,4.0,0.500,3.592,16.823,0.000414,0.496
146,95.71,1422.69,1268.54,1216.85,0.620,1.000,18,11.6,0.500,0.515,8.002,0.000431,0.498
147,-973.30,1619.20,1619.20,1544.50,0.593,1.000,18,14.2,0.500,-1.961,4.930,0.000406,0.496
148,221.16,-755.90,-755.90,-699.78,0.420,0.000,13,4.8,0.462,1.466,-4.154,0.000431,0.491
149,1287.44,191.29,191.29,191.29,1.000,1.000,18,1.0,0.556,3.734,0.000,0.000460,0.457
150,2543.53,0.00,0.00,35.11,0.200,0.200,19,0.8,0.579,5.871,0.000,0.000427,0.498
151,1114.60,115.52,2.89,47.94,0.700,1.000,20,1.6,0.600,1.984,0.121,0.000447,0.498
152,-460.45,1234.76,1234.76,1213.38,0.600,1.000,18,3.4,0.556,-2.056,7.714,0.000424,0.494
153,-502.19,1112.80,1112.80,1112.80,1.000,1.000,20,2.0,0.350,-4.481,20.034,0.000424,0.490
154,-145.39,0.00,0.00,0.00,0.000,0.000,23,0.8,0.609,-0.439,0.000,0.000395,0.485
155,-863.16,4.44,4.44,-14.69,0.800,0.600,22,1.4,0.500,-2.545,-5.270,0.000405,0.488
156,-889.44,0.00,0.00,0.00,0.000,0.000,19,0.0,0.421,-3.884,0.000,0.000378,0.484
157,798.43,289.36,289.36,325.85,0.533,1.000,15,2.2,0.400,2.154,8.600,0.000397,0.479
158,190.21,-360.50,-254.63,-296.98,0.320,0.000,22,11.2,0.500,0.573,-1.390,0.000365,0.494
159,599.43,1289.85,1289.85,1289.85,0.667,1.000,17,3.0,0.529,1.999,14.339,0.000360,0.490
160,-406.23,0.00,0.00,0.00,0.000,0.000,12,0.0,0.500,-1.139,0.000,0.000398,0.485
161,295.55,229.08,229.08,229.08,0.500,1.000,21,2.0,0.476,1.776,5.912,0.000380,0.481
162,764.29,-623.55,-623.55,-429.21,0.590,0.200,18,6.8,0.500,3.259,-1.992,0.000382,0.484
163,-303.44,-190.95,-196.24,-90.20,0.447,0.200,15,9.4,0.533,-1.563,-0.239,0.000401,0.479
164,-481.27,241.97,241.97,241.97,0.667,1.000,15,3.0,0.600,-1.240,4.045,0.000387,0.475
165,2431.31,-1721.79,-1032.29,-1269.93,0.485,0.000,21,12.4,0.619,3.358,-4.266,0.000361,0.471
166,3140.94,175.07,283.94,711.72,0.540,1.000,23,5.6,0.826,11.290,3.577,0.000388,0.498
167,1411.33,-678.77,-678.77,-347.17,0.550,0.400,15,13.8,0.533,2.193,-0.887,0.000376,0.494
168,705.20,-778.80,-778.80,-388.11,0.643,0.400,16,13.4,0.500,1.217,-1.185,0.000350,0.496
169,335.66,-961.93,-961.93,-552.00,0.500,0.200,21,13.2,0.381,1.681,-1.938,0.000366,0.491
170,678.32,459.82,428.89,437.20,0.390,1.000,17,5.4,0.588,4.214,4.468,0.000364,0.487
171,-714.86,392.43,746.61,614.45,0.491,1.000,23,8.2,0.391,-4.092,4.622,0.000359,0.482
172,607.15,694.26,694.26,694.26,0.500,1.000,20,4.0,0.550,1.449,4.290,0.000351,0.478
173,1450.02,1086.98,1086.98,1077.99,0.511,1.000,22,9.8,0.636,4.534,3.153,0.000325,0.474
174,1380.76,-177.69,-177.69,57.96,0.601,0.400,15,7.6,0.600,5.671,0.445,0.000335,0.469
175,2784.82,-634.63,-634.63,-503.01,0.419,0.200,14,12.4,0.786,6.881,-1.286,0.000315,0.471
176,-890.13,-1585.55,-1684.03,-1566.26,0.425,0.000,16,12.8,0.500,-2.267,-5.104,0.000369,0.469
177,-298.78,-1859.91,-1698.35,-1558.55,0.429,0.000,16,9.8,0.625,-0.841,-5.713,0.000336,0.471
178,-978.85,-450.25,-450.25,-326.19,0.456,0.200,20,11.4,0.250,-2.987,-0.884,0.000332,0.468
179,1314.64,-414.66,-414.66,-414.66,0.500,0.000,22,2.0,0.500,2.972,-5.070,0.000348,0.474
180,1272.27,-2021.55,-1923.38,-1755.71,0.413,0.000,19,12.2,0.737,5.097,-5.750,0.000355,0.469
181,-1349.19,-1127.29,-785.94,-623.83,0.509,0.200,20,10.2,0.350,-8.177,-2.336,0.000342,0.474
182,-67.83,-638.88,-638.88,-296.30,0.610,0.400,20,6.6,0.350,-0.333,-1.001,0.000361,0.500
183,140.38,-885.41,-903.14,-797.37,0.553,0.200,23,9.4,0.348,1.300,-2.596,0.000387,0.496
184,1017.44,-870.74,-870.74,-658.38,0.559,0.200,15,11.0,0.667,6.931,-2.487,0.000362,0.493
185,-622.38,-892.73,-910.35,-840.90,0.482,0.200,13,17.0,0.462,-2.597,-2.152,0.000337,0.488
186,-839.64,-236.89,-236.89,-236.89,0.500,0.000,23,4.0,0.348,-3.676,-1.656,0.000342,0.484
187,-760.74,110.46,110.46,308.04,0.539,1.000,27,6.6,0.481,-2.912,1.530,0.000348,0.485
188,834.67,458.03,458.03,504.28,0.542,1.000,19,9.6,0.526,4.666,2.125,0.000354,0.485
189,704.22,-944.09,-944.09,-759.43,0.470,0.200,22,14.0,0.455,3.211,-2.302,0.000314,0.482
190,-104.50,29.41,29.41,29.41,1.000,1.000,21,1.0,0.571,-0.227,0.000,0.000348,0.478
191,982.94,-112.12,-112.12,-112.12,0.600,0.000,18,10.0,0.500,2.792,-0.551,0.000344,0.474
192,-364.16,426.91,397.49,393.38,0.610,1.000,21,6.6,0.381,-1.753,13.671,0.000328,0.475
193,506.41,-929.05,-929.05,-674.04,0.524,0.000,19,16.8,0.684,2.432,-1.808,0.000337,0.471
194,1290.33,1331.54,1162.80,1144.27,0.681,1.000,18,10.2,0.556,3.646,8.271,0.000307,0.467
195,-141.13,0.00,152.61,122.09,0.800,0.800,16,0.8,0.500,-0.628,0.000,0.000320,0.481
196,583.16,0.00,0.00,0.00,0.000,0.000,16,0.0,0.562,2.657,0.000,0.000334,0.482
197,2298.19,45.08,45.08,21.58,0.490,0.800,22,6.8,0.500,3.704,0.261,0.000346,0.482
198,484.32,-139.49,-186.77,-174.24,0.578,0.200,24,14.2,0.542,1.392,-0.548,0.000335,0.479
199,-754.21,1285.08,864.41,910.21,0.456,1.000,23,9.2,0.478,-1.949,3.112,0.000360,0.478
200,-207.00,450.39,478.44,517.86,0.626,1.000,21,9.6,0.571,-0.619,2.115,0.000349,0.474
201,-750.09,1193.50,676.68,791.07,0.578,1.000,20,12.8,0.450,-2.125,2.188,0.000329,0.469
202,-325.00,-352.98,-590.12,-560.80,0.444,0.000,22,15.8,0.500,-1.471,-1.728,0.000369,0.472
203,1380.87,66.40,-268.51,-260.50,0.449,0.200,15,13.8,0.600,5.131,-0.928,0.000366,0.474
204,-102.74,-228.38,-402.26,-349.51,0.504,0.000,19,10.0,0.579,-0.310,-1.722,0.000368,0.469
205,239.64,-266.06,-266.06,-280.94,0.444,0.000,19,9.0,0.632,0.613,-1.405,0.000376,0.467
206,-667.82,641.42,641.42,641.42,1.000,1.000,18,1.0,0.333,-2.235,0.000,0.000362,0.468
207,-562.01,70.47,70.47,139.90,0.630,0.600,26,4.8,0.308,-2.566,1.509,0.000337,0.500
208,-777.97,815.48,797.77,804.85,0.800,1.000,17,2.6,0.412,-2.193,20.229,0.000342,0.496
209,-1608.76,-893.56,-286.64,-394.24,0.514,0.000,21,7.4,0.333,-5.705,-1.602,0.000310,0.491
210,-590.98,-438.47,-463.79,-453.66,0.180,0.000,25,5.6,0.360,-1.658,-4.341,0.000314,0.487
211,241.78,454.30,454.30,454.30,0.750,1.000,19,4.0,0.684,0.640,3.465,0.000335,0.484
212,110.29,-468.35,-797.96,-724.25,0.413,0.000,14,12.6,0.500,0.333,-2.527,0.000343,0.479
213,-1553.42,973.51,440.68,535.47,0.641,1.000,13,10.0,0.615,-2.910,1.813,0.000337,0.475
214,2657.67,-423.40,463.50,293.89,0.538,0.800,18,8.6,0.833,11.667,2.086,0.000382,0.471
215,-7.91,-145.09,767.00,652.53,0.507,0.800,18,13.0,0.611,-0.028,2.271,0.000374,0.497
216,566.45,1951.40,1951.40,1933.48,0.556,1.000,17,9.0,0.529,0.822,6.508,0.000380,0.493
217,1321.66,402.09,402.09,402.09,0.500,1.000,15,2.0,0.467,5.225,4.357,0.000385,0.488
218,10.18,1127.06,1104.41,1043.13,0.492,1.000,18,8.6,0.444,0.045,3.961,0.000361,0.485
219,769.41,-872.81,-872.81,-670.39,0.377,0.200,18,14.8,0.500,2.750,-1.442,0.000335,0.481
220,-214.58,-279.45,-279.45,-200.04,0.374,0.400,21,13.4,0.286,-1.469,-0.455,0.000348,0.477
221,189.15,-1674.85,-644.14,-850.28,0.543,0.000,15,7.0,0.533,0.798,-3.469,0.000342,0.475
222,146.54,102.02,29.61,6.46,0.667,0.600,21,2.2,0.571,0.913,-1.827,0.000331,0.471
223,-81.89,-343.32,871.26,675.46,0.629,0.800,16,8.6,0.500,-0.359,3.533,0.000324,0.500
224,712.25,102.02,102.02,38.49,0.667,0.600,15,2.2,0.533,2.112,-1.183,0.000357,0.500
225,-912.78,-685.74,-685.74,-736.32,0.442,0.000,14,10.4,0.500,-2.685,-2.999,0.000316,0.496
226,-193.78,47.95,47.95,-3.56,0.327,0.800,16,9.2,0.562,-0.931,-0.001,0.000360,0.491
227,-264.66,157.04,157.04,93.50,0.307,0.600,17,7.2,0.588,-0.744,0.472,0.000326,0.490
228,-1260.51,628.63,370.03,475.51,0.487,1.000,24,9.8,0.375,-5.907,2.981,0.000355,0.488
229,-307.30,-906.02,-1093.30,-1075.58,0.354,0.000,15,12.4,0.267,-0.642,-5.600,0.000325,0.484
230,2542.33,263.74,263.74,209.34,0.358,0.800,20,8.4,0.750,6.555,1.161,0.000360,0.493
231,1935.01,334.93,334.93,270.19,0.693,1.000,17,6.2,0.706,8.348,2.303,0.000371,0.458
232,-191.02,-495.21,-662.14,-595.37,0.220,0.000,22,4.6,0.409,-0.800,-6.928,0.000358,0.500
233,414.96,852.49,244.05,365.74,0.457,1.000,13,7.0,0.308,2.350,1.830,0.000355,0.498
234,-762.98,655.60,518.94,573.61,0.507,1.000,18,4.2,0.500,-2.588,4.644,0.000342,0.497
235,-72.43,551.19,94.01,130.32,0.496,0.600,18,7.2,0.389,-0.290,0.876,0.000360,0.493
236,2292.30,934.65,905.79,917.33,0.567,1.000,20,3.6,0.800,12.382,12.427,0.000360,0.458
237,-957.49,450.92,450.92,450.92,0.750,1.000,23,4.0,0.304,-5.353,8.147,0.000375,0.474
238,977.29,-78.88,-204.03,-207.55,0.460,0.200,16,10.4,0.438,2.203,-1.460,0.000335,0.474
239,1225.78,1135.88,1000.29,800.39,0.469,1.000,21,10.2,0.667,3.384,3.079,0.000344,0.500
240,-0.12,1955.68,1554.97,1635.11,0.420,1.000,23,4.8,0.609,-0.000,6.640,0.000332,0.500
241,2426.85,850.81,829.22,688.12,0.438,1.000,21,9.6,0.619,3.889,2.348,0.000348,0.465
242,-1390.14,277.69,85.87,162.60,0.610,1.000,17,6.6,0.412,-3.982,1.645,0.000369,0.472
243,1278.42,1587.18,1587.18,1587.18,0.455,1.000,16,11.0,0.625,5.832,5.008,0.000371,0.468
244,609.72,653.07,741.31,813.81,0.397,1.000,15,12.6,0.467,4.061,2.207,0.000347,0.500
245,1943.68,498.05,498.05,498.05,0.600,1.000,18,5.0,0.611,7.656,3.355,0.000349,0.496
246,2565.62,2021.50,2017.37,2019.02,0.610,1.000,9,6.6,0.889,13.911,8.729,0.000350,0.461
247,-178.23,1001.36,1001.36,1001.36,1.000,1.000,12,1.0,0.250,-2.829,0.000,0.000333,0.471
248,3455.97,834.56,834.56,834.56,0.667,1.000,20,3.0,0.700,6.764,13.345,0.000383,0.467
249,547.10,917.99,917.99,917.99,0.571,1.000,21,7.0,0.476,2.682,3.519,0.000362,0.469
250,1092.92,1100.07,1222.02,1151.41,0.793,1.000,13,7.6,0.615,3.016,5.985,0.000352,0.478
251,269.87,1706.97,1706.97,1706.97,1.000,1.000,13,2.0,0.615,1.454,68.699,0.000376,0.474
252,-1033.98,237.43,237.43,271.74,0.324,1.000,9,6.2,0.556,-4.805,2.672,0.000355,0.469
253,739.71,2140.84,1733.45,1814.93,0.590,1.000,14,6.8,0.643,3.088,5.393,0.000332,0.500
254,197.69,1566.05,1566.05,1488.85,0.717,1.000,16,3.6,0.562,0.373,13.494,0.000376,0.496
255,-1356.39,1164.86,1164.86,1164.86,0.750,1.000,11,4.0,0.273,-10.386,8.351,0.000360,0.461
256,1819.29,740.87,740.87,761.03,0.500,1.000,12,10.4,0.750,4.149,2.647,0.000396,0.474
257,1265.70,768.82,768.82,799.89,0.529,1.000,15,7.6,0.667,8.722,3.179,0.000333,0.469
258,-387.04,1701.40,1564.58,1607.28,0.564,1.000,14,6.8,0.500,-1.125,9.679,0.000374,0.478
259,-820.67,1288.71,1288.71,1379.05,0.569,1.000,15,6.0,0.267,-4.791,8.854,0.000306,0.474
260,182.77,1040.42,1040.42,1110.19,0.670,1.000,11,4.8,0.636,1.828,6.841,0.000352,0.469
261,1771.04,0.00,0.00,253.53,0.200,0.200,11,1.0,0.636,7.465,0.000,0.000365,0.471
262,-1224.62,821.05,821.05,821.05,1.000,1.000,13,1.0,0.462,-3.268,0.000,0.000316,0.467
263,-457.14,847.66,847.66,899.23,0.817,1.000,12,2.8,0.500,-3.000,65.319,0.000364,0.471
264,-258.40,131.33,131.33,130.95,0.443,0.600,13,6.8,0.462,-0.724,0.896,0.000335,0.475
265,-815.40,1282.37,1265.27,1191.64,0.529,1.000,13,6.4,0.385,-8.597,5.232,0.000368,0.485
266,1360.16,697.16,1049.97,1035.14,0.800,1.000,12,2.6,0.750,8.827,11.630,0.000307,0.481
267,-28.14,1313.48,1313.48,1335.14,0.420,1.000,11,5.2,0.636,-0.108,6.496,0.000357,0.482
268,-240.70,-172.07,-172.07,-171.98,0.420,0.200,11,4.8,0.364,-4.186,-0.981,0.000318,0.478
269,-320.21,1460.88,1460.88,1395.56,0.850,1.000,12,3.8,0.500,-1.164,16.076,0.000316,0.490
270,3005.05,1282.78,962.45,871.38,0.487,1.000,14,14.4,0.500,7.207,2.162,0.000334,0.485
271,353.75,-738.65,404.98,361.06,0.500,0.800,11,7.6,0.727,0.942,0.817,0.000293,0.481
272,-891.68,94.48,1083.58,961.33,0.514,1.000,12,7.4,0.333,-3.002,4.452,0.000361,0.481
273,-92.86,486.66,486.66,696.81,0.317,1.000,12,3.8,0.417,-0.402,5.526,0.000341,0.477
274,2094.93,558.06,700.32,767.15,0.660,1.000,11,4.6,0.727,7.707,6.262,0.000373,0.472
275,-1097.71,-155.14,1.09,148.42,0.427,0.600,8,8.4,0.375,-11.188,0.835,0.000343,0.500
276,-217.94,-286.72,-286.72,-303.31,0.347,0.200,7,5.8,0.429,-1.794,-1.920,0.000338,0.496
277,517.52,464.28,444.29,403.08,0.693,1.000,11,5.8,0.636,1.851,3.882,0.000314,0.496
278,-330.59,-562.33,-562.33,-501.88,0.456,0.200,14,8.8,0.214,-0.446,-2.917,0.000372,0.497
279,573.42,-1570.55,-982.89,-899.58,0.363,0.200,11,8.2,0.545,5.525,-4.621,0.000386,0.500
280,-817.93,-985.04,-985.04,-786.76,0.509,0.200,14,9.8,0.429,-2.847,-3.251,0.000351,0.465
281,4382.62,-55.81,-155.93,-61.22,0.501,0.200,11,13.6,0.636,13.883,-0.156,0.000341,0.498
282,771.56,276.18,-82.43,11.47,0.394,0.400,11,13.2,0.727,9.018,0.053,0.000330,0.464
283,1710.25,1247.81,1098.26,1078.56,0.457,1.000,12,6.6,0.917,7.728,4.193,0.000308,0.472
284,1173.15,-185.32,-352.68,-305.35,0.414,0.200,11,12.2,0.545,4.975,-0.854,0.000325,0.493
285,487.40,369.95,369.95,353.37,0.511,0.800,12,9.8,0.583,3.371,1.857,0.000300,0.500
286,-520.24,687.18,368.15,388.83,0.573,0.800,14,8.4,0.357,-2.354,2.386,0.000318,0.500
287,-258.71,963.60,1062.03,1252.73,0.580,1.000,18,10.0,0.556,-1.245,4.554,0.000301,0.496
288,142.10,1630.23,1234.79,1246.10,0.600,1.000,15,12.0,0.467,0.878,3.490,0.000301,0.491
289,3459.94,399.30,541.84,621.57,0.475,1.000,12,8.0,0.750,12.992,2.710,0.000341,0.487
290,-1736.16,351.80,330.76,400.37,0.500,0.800,15,10.4,0.267,-6.729,1.454,0.000347,0.488
291,3272.74,121.98,121.98,197.99,0.569,0.600,11,8.8,0.818,9.612,1.293,0.000331,0.484
292,2013.36,-265.30,-265.30,-104.90,0.687,0.200,11,5.8,0.727,11.847,0.445,0.000348,0.481
293,-1269.63,23.22,155.30,261.40,0.567,1.000,17,6.0,0.471,-3.209,1.859,0.000321,0.477
294,1203.89,-840.88,-753.32,-563.19,0.421,0.200,11,7.6,0.636,3.303,-3.114,0.000355,0.475
295,-669.18,-915.05,-784.89,-598.14,0.233,0.200,13,9.4,0.385,-2.832,-2.955,0.000346,0.477
296,1036.71,530.32,530.32,530.32,0.750,1.000,18,4.0,0.611,4.033,5.320,0.000360,0.481
297,-871.55,-308.88,-450.78,-337.34,0.394,0.200,12,11.2,0.583,-2.989,-1.225,0.000375,0.477
298,-596.27,321.79,459.95,545.83,0.660,1.000,12,4.6,0.417,-2.110,6.064,0.000378,0.491
299,2447.12,752.43,752.43,817.34,0.731,1.000,18,6.6,0.722,8.513,4.963,0.000357,0.457
