episode,reward,profit_dollars,num_trades,sharpe_ratio,win_rate,max_drawdown,loss,avg_loss,epsilon,adaptive_epsilon,oos_profit_dollars,oos_num_trades,oos_sharpe_ratio,oos_win_rate,oos_max_drawdown,exploration_balance,hold_pct,buy_pct,sell_pct
0,0.0094,-293.45,8,-2.621,0.375,0.050,0.3465,0.3465,0.975,0.975,124.03,1.3333333333333333,5.388,0.333,0.000,0.747,0.327,0.288,0.385
1,0.0620,340.99,7,3.010,0.429,0.043,0.1542,0.2503,0.951,0.951,634.66,3.6666666666666665,82.923,0.786,0.001,0.830,0.354,0.294,0.352
2,0.1033,316.63,6,3.324,0.500,0.027,0.1114,0.2040,0.928,0.928,-641.44,3.6666666666666665,-1.577,0.389,0.075,0.919,0.349,0.331,0.321
3,-0.0998,-160.53,4,-13.787,0.250,0.016,0.0996,0.1779,0.905,0.905,-395.75,2.3333333333333335,-11.630,0.000,0.040,0.940,0.340,0.320,0.340
4,-0.3407,-1363.84,10,-6.576,0.400,0.156,0.0983,0.1620,0.882,0.882,36.24,0.6666666666666666,5.577,0.333,0.000,0.780,0.319,0.298,0.383
5,-0.0437,-493.42,9,-3.365,0.444,0.061,0.0932,0.1505,0.500,0.500,235.64,1.3333333333333333,17.163,0.667,0.012,0.718,0.297,0.294,0.409
6,0.2529,356.68,6,14.050,0.833,0.003,0.1243,0.1468,0.488,0.488,-696.46,2.3333333333333335,-28.526,0.222,0.079,0.703,0.285,0.310,0.405
7,-0.0485,-147.62,7,-3.162,0.286,0.021,0.1357,0.1454,0.476,0.476,-93.85,1.0,0.000,0.000,0.009,0.689,0.272,0.333,0.395
8,-0.4443,-1248.21,11,-17.150,0.182,0.125,0.1393,0.1447,0.493,0.493,-98.01,1.0,0.000,0.000,0.010,0.665,0.257,0.356,0.387
9,0.0292,-349.74,6,-8.870,0.333,0.046,0.1767,0.1479,0.480,0.480,-61.68,2.6666666666666665,-4.200,0.611,0.050,0.641,0.245,0.382,0.374
10,-0.1171,-758.09,9,-4.149,0.444,0.102,0.1403,0.1472,0.468,0.468,-19.46,1.3333333333333333,-0.190,0.083,0.023,0.678,0.254,0.375,0.371
11,0.3259,309.89,9,1.766,0.556,0.044,0.1517,0.1476,0.457,0.457,-599.19,2.3333333333333335,-83.430,0.111,0.064,0.660,0.252,0.382,0.366
12,0.1494,-481.37,9,-7.123,0.444,0.050,0.1495,0.1477,0.500,0.500,256.38,1.3333333333333333,-60.999,0.667,0.002,0.633,0.246,0.388,0.366
13,0.1866,639.09,11,3.992,0.727,0.060,0.1406,0.1472,0.488,0.488,394.13,1.0,0.000,0.333,0.010,0.609,0.238,0.391,0.372
14,-0.2872,-951.06,11,-10.173,0.182,0.110,0.1411,0.1468,0.476,0.476,867.09,1.0,0.000,1.000,0.000,0.595,0.229,0.385,0.386
15,-0.2259,-1195.69,3,-59.715,0.000,0.120,0.1285,0.1457,0.497,0.497,59.96,0.3333333333333333,0.000,0.333,0.000,0.539,0.222,0.366,0.412
16,0.2113,277.22,2,2.463,0.500,0.075,0.1232,0.1443,0.485,0.485,0.00,0.0,0.000,0.000,0.000,0.509,0.219,0.350,0.431
17,0.0870,-8.27,4,-0.841,0.500,0.006,0.1500,0.1447,0.473,0.473,0.00,0.0,0.000,0.000,0.000,0.486,0.217,0.336,0.447
18,0.2739,600.72,6,7.394,0.833,0.026,0.1252,0.1436,0.500,0.500,0.00,0.0,0.000,0.000,0.000,0.494,0.224,0.322,0.454
19,0.0691,-97.55,2,-47.030,0.000,0.010,0.1353,0.1432,0.488,0.488,0.00,0.0,0.000,0.000,0.000,0.481,0.224,0.309,0.466
20,0.1719,197.28,2,9.798,0.500,0.006,0.1359,0.1429,0.476,0.476,-152.14,0.3333333333333333,0.000,0.000,0.015,0.477,0.227,0.297,0.476
21,-0.1104,-592.40,6,-19.705,0.167,0.059,0.1311,0.1423,0.490,0.490,-765.53,4.666666666666667,-6.524,0.206,0.077,0.500,0.232,0.304,0.464
22,-0.3831,-1141.70,10,-12.357,0.200,0.125,0.1111,0.1410,0.478,0.478,-603.94,3.3333333333333335,-5.216,0.528,0.097,0.508,0.229,0.321,0.450
23,0.2093,484.86,10,4.530,0.500,0.035,0.1082,0.1396,0.466,0.466,395.13,3.0,2.460,0.667,0.040,0.516,0.225,0.340,0.435
24,-0.1861,-302.00,7,-3.824,0.429,0.036,0.1026,0.1381,0.500,0.500,-367.52,4.333333333333333,-5.039,0.206,0.053,0.518,0.224,0.344,0.432
25,0.0288,-334.66,7,-8.316,0.143,0.039,0.1002,0.1283,0.488,0.488,-174.95,2.6666666666666665,-3.668,0.244,0.021,0.521,0.228,0.335,0.437
26,0.0767,288.20,3,5.132,0.333,0.022,0.1192,0.1269,0.476,0.476,6.94,0.3333333333333333,0.000,0.333,0.000,0.495,0.223,0.326,0.451
27,0.3987,1195.97,5,9.044,0.800,0.047,0.1007,0.1264,0.495,0.495,-443.62,0.6666666666666666,-29.659,0.000,0.044,0.476,0.218,0.323,0.459
28,-0.3441,-1269.21,5,-9.046,0.200,0.127,0.1122,0.1270,0.483,0.483,-94.66,1.0,-5.504,0.000,0.009,0.467,0.215,0.324,0.461
29,-0.0729,-67.20,8,-0.753,0.500,0.055,0.1227,0.1279,0.471,0.471,252.49,0.3333333333333333,0.000,0.333,0.000,0.459,0.214,0.321,0.465
30,0.2875,378.70,12,4.224,0.667,0.023,0.1322,0.1295,0.495,0.495,136.36,3.3333333333333335,-0.124,0.833,0.014,0.459,0.215,0.317,0.468
31,0.0921,-127.43,7,-1.618,0.429,0.051,0.1326,0.1298,0.483,0.483,0.00,0.0,0.000,0.000,0.000,0.460,0.218,0.309,0.473
32,0.3013,343.88,6,5.239,0.500,0.014,0.1578,0.1307,0.471,0.471,65.19,3.0,-4.673,0.583,0.065,0.464,0.217,0.316,0.467
33,0.2118,703.46,8,4.290,0.750,0.077,0.1295,0.1303,0.490,0.490,823.23,2.6666666666666665,7.279,0.500,0.034,0.470,0.214,0.330,0.455
34,0.2841,551.89,11,3.375,0.636,0.054,0.1174,0.1279,0.478,0.478,376.35,2.3333333333333335,-0.624,0.556,0.024,0.472,0.212,0.340,0.449
35,-0.3476,-1135.43,9,-11.111,0.111,0.127,0.1074,0.1266,0.493,0.493,-262.21,2.0,-2.754,0.067,0.027,0.472,0.212,0.339,0.449
36,0.3621,457.64,8,3.342,0.750,0.063,0.1071,0.1248,0.480,0.480,252.49,0.3333333333333333,0.000,0.333,0.000,0.461,0.211,0.332,0.457
37,0.0728,75.62,4,3.516,0.250,0.006,0.1090,0.1232,0.497,0.497,-55.87,0.3333333333333333,0.000,0.000,0.006,0.446,0.208,0.325,0.467
38,-0.0321,-105.64,5,-1.530,0.600,0.041,0.1168,0.1223,0.485,0.485,-203.74,0.6666666666666666,0.000,0.000,0.020,0.435,0.205,0.324,0.471
39,-0.0005,117.98,7,0.896,0.429,0.046,0.1179,0.1213,0.500,0.500,252.49,0.6666666666666666,0.000,0.333,0.000,0.423,0.202,0.321,0.477
40,-0.1845,-700.66,7,-6.841,0.429,0.070,0.1231,0.1211,0.488,0.488,-33.59,1.0,0.000,0.667,0.043,0.417,0.199,0.324,0.477
41,-0.1691,-1003.67,11,-4.557,0.455,0.105,0.1088,0.1206,0.476,0.476,-39.09,1.0,0.000,0.333,0.004,0.413,0.198,0.323,0.479
42,0.0521,116.16,10,1.141,0.300,0.043,0.1213,0.1194,0.464,0.464,-389.73,1.0,-7.673,0.000,0.039,0.406,0.197,0.319,0.484
43,0.2083,368.18,4,4.570,0.500,0.029,0.1196,0.1192,0.452,0.452,-416.41,1.3333333333333333,-5.523,0.000,0.042,0.409,0.199,0.314,0.487
44,0.1777,648.06,3,11.011,0.667,0.021,0.0998,0.1178,0.495,0.495,-105.73,1.6666666666666667,-2.690,0.133,0.016,0.410,0.201,0.309,0.490
45,0.2721,219.62,2,72.398,1.000,0.000,0.0921,0.1160,0.483,0.483,-133.45,1.0,0.000,0.000,0.013,0.404,0.200,0.304,0.496
46,-0.1392,-411.57,5,-12.550,0.200,0.051,0.1079,0.1151,0.471,0.471,0.00,0.3333333333333333,0.000,0.000,0.000,0.394,0.198,0.300,0.502
47,0.1497,316.60,8,2.891,0.375,0.029,0.0941,0.1144,0.459,0.459,-53.66,0.6666666666666666,0.000,0.000,0.005,0.388,0.196,0.299,0.505
48,-0.3648,-956.75,9,-11.679,0.111,0.113,0.1226,0.1150,0.497,0.497,0.00,1.0,0.000,0.000,0.000,0.384,0.194,0.302,0.504
49,-0.2214,-992.15,13,-4.410,0.462,0.135,0.1059,0.1151,0.485,0.485,0.00,1.0,0.000,0.000,0.000,0.387,0.191,0.313,0.495
50,-0.0999,-162.23,8,-0.580,0.625,0.139,0.0927,0.1148,0.473,0.473,0.00,1.0,0.000,0.000,0.000,0.387,0.189,0.323,0.488
51,-0.2507,-829.97,11,-10.822,0.182,0.086,0.1038,0.1142,0.497,0.497,-45.60,1.3333333333333333,-0.566,0.167,0.024,0.386,0.188,0.325,0.487
52,0.1556,72.64,5,1.400,0.400,0.030,0.0703,0.1130,0.485,0.485,565.85,3.0,5.545,0.444,0.033,0.393,0.188,0.333,0.479
53,0.2745,914.32,10,6.849,0.500,0.022,0.0732,0.1114,0.500,0.500,-78.30,0.6666666666666666,-12.389,0.000,0.008,0.391,0.188,0.331,0.481
54,0.0798,50.35,6,1.859,0.500,0.013,0.0666,0.1092,0.488,0.488,-250.92,3.0,-0.252,0.190,0.032,0.394,0.190,0.326,0.483
55,0.2719,187.46,2,1441.329,1.000,0.000,0.0763,0.1069,0.476,0.476,-53.78,1.6666666666666667,-2.109,0.083,0.006,0.394,0.191,0.323,0.486
56,0.1758,110.02,2,15.959,1.000,0.000,0.0419,0.1033,0.495,0.495,0.00,0.0,0.000,0.000,0.000,0.385,0.190,0.318,0.492
57,0.0896,122.13,9,1.168,0.556,0.043,0.0639,0.0996,0.483,0.483,252.49,0.3333333333333333,0.000,0.333,0.000,0.380,0.188,0.317,0.495
58,-0.1426,-902.14,11,-4.047,0.273,0.108,0.0534,0.0965,0.471,0.471,36.33,0.3333333333333333,0.000,0.333,0.000,0.375,0.187,0.315,0.498
59,0.1817,-132.44,6,-12.191,0.167,0.014,0.0531,0.0939,0.459,0.459,-1.77,3.3333333333333335,-0.480,0.333,0.037,0.379,0.188,0.314,0.497
60,-0.0466,-418.44,3,-84.953,0.000,0.042,0.0656,0.0923,0.500,0.500,-214.06,3.6666666666666665,-20.988,0.300,0.052,0.381,0.189,0.313,0.497
61,0.1063,-211.12,7,-11.199,0.143,0.021,0.0626,0.0905,0.488,0.488,-123.11,2.0,-1.104,0.167,0.044,0.386,0.190,0.316,0.494
62,0.1256,690.83,8,3.833,0.625,0.069,0.0477,0.0880,0.476,0.476,209.26,1.3333333333333333,-0.738,0.500,0.034,0.387,0.188,0.324,0.488
63,-0.3649,-1271.18,7,-7.601,0.571,0.129,0.0519,0.0854,0.464,0.464,0.00,1.0,0.000,0.000,0.000,0.388,0.187,0.332,0.481
64,-0.2027,-538.51,8,-3.641,0.625,0.105,0.0472,0.0826,0.452,0.452,0.00,1.0,0.000,0.000,0.000,0.388,0.185,0.340,0.475
65,0.1862,159.68,10,1.341,0.600,0.055,0.0454,0.0795,0.441,0.441,-1349.95,2.6666666666666665,-31.632,0.222,0.181,0.391,0.183,0.347,0.469
66,0.0605,-453.26,6,-1.744,0.667,0.141,0.0401,0.0768,0.495,0.495,-418.39,1.6666666666666667,-3.060,0.111,0.047,0.392,0.182,0.355,0.464
67,0.1429,31.67,10,0.784,0.700,0.016,0.0282,0.0730,0.483,0.483,0.00,1.0,0.000,0.000,0.000,0.393,0.180,0.362,0.457
68,-0.3437,-1214.06,10,-10.019,0.100,0.121,0.0322,0.0695,0.497,0.497,-212.56,1.0,0.000,0.000,0.021,0.395,0.178,0.370,0.452
69,-0.0496,7.44,8,0.137,0.375,0.016,0.0209,0.0664,0.485,0.485,0.00,1.0,0.000,0.000,0.000,0.397,0.177,0.377,0.446
70,0.0619,-150.46,8,-1.284,0.500,0.046,0.0243,0.0637,0.500,0.500,0.00,1.0,0.000,0.000,0.000,0.398,0.175,0.383,0.441
71,0.2612,773.76,10,6.353,0.400,0.015,0.0321,0.0606,0.488,0.488,0.00,1.0,0.000,0.000,0.000,0.399,0.174,0.389,0.437
72,0.1610,256.33,9,1.595,0.444,0.036,0.0256,0.0579,0.476,0.476,0.00,1.0,0.000,0.000,0.000,0.400,0.173,0.396,0.432
73,0.4449,2402.35,11,8.615,0.727,0.027,0.0264,0.0541,0.500,0.500,0.00,1.0,0.000,0.000,0.000,0.402,0.171,0.402,0.427
74,-0.0688,-176.91,8,-1.854,0.375,0.056,0.0262,0.0509,0.488,0.488,0.00,1.0,0.000,0.000,0.000,0.403,0.170,0.408,0.422
75,-0.6141,-2157.71,8,-15.448,0.375,0.222,0.0207,0.0480,0.476,0.476,-653.78,2.0,-62.916,0.111,0.081,0.405,0.169,0.413,0.418
76,-0.1755,-879.07,10,-3.553,0.400,0.106,0.0204,0.0447,0.495,0.495,123.65,1.3333333333333333,-1.465,0.500,0.023,0.401,0.168,0.419,0.413
77,-0.0316,-59.69,10,-0.301,0.400,0.083,0.0226,0.0427,0.483,0.483,-260.44,2.3333333333333335,-1.712,0.222,0.061,0.397,0.168,0.424,0.408
78,-0.0187,-77.59,9,-0.351,0.444,0.063,0.0252,0.0408,0.497,0.497,397.93,1.6666666666666667,2.327,0.444,0.038,0.393,0.168,0.428,0.404
79,0.1244,-42.68,7,-1.269,0.571,0.015,0.0183,0.0389,0.485,0.485,543.34,2.3333333333333335,2.053,0.444,0.020,0.395,0.169,0.428,0.403
80,0.0627,35.17,3,1.385,0.667,0.015,0.0187,0.0366,0.473,0.473,125.16,0.6666666666666666,4.022,0.167,0.002,0.398,0.169,0.426,0.405
81,0.0307,-16.97,8,-0.061,0.500,0.102,0.0229,0.0358,0.461,0.461,-77.80,0.6666666666666666,0.000,0.333,0.016,0.396,0.168,0.425,0.406
82,0.2058,174.89,2,18.572,1.000,0.000,0.0200,0.0341,0.493,0.493,-31.02,0.6666666666666666,-23.463,0.000,0.003,0.398,0.168,0.422,0.410
83,0.0017,-184.62,6,-5.247,0.500,0.027,0.0253,0.0329,0.480,0.480,-197.84,0.6666666666666666,0.000,0.333,0.028,0.399,0.167,0.419,0.414
84,-0.2569,-985.02,7,-22.411,0.143,0.099,0.0228,0.0317,0.468,0.468,0.00,1.0,0.000,0.000,0.000,0.396,0.167,0.420,0.413
85,0.0212,-120.15,3,-2.662,0.667,0.038,0.0187,0.0299,0.490,0.490,-381.99,0.3333333333333333,0.000,0.000,0.038,0.397,0.166,0.418,0.416
86,0.1544,572.47,9,3.704,0.444,0.029,0.0208,0.0282,0.478,0.478,-126.28,0.6666666666666666,0.000,0.000,0.013,0.394,0.165,0.418,0.417
87,-0.1611,-856.90,5,-23.935,0.200,0.090,0.0213,0.0271,0.493,0.493,-1165.17,1.0,0.000,0.000,0.117,0.392,0.164,0.418,0.417
88,0.2543,383.28,8,4.102,0.750,0.037,0.0247,0.0260,0.480,0.480,0.00,0.3333333333333333,0.000,0.000,0.000,0.390,0.164,0.417,0.419
89,-0.1693,-628.30,7,-6.114,0.429,0.084,0.0169,0.0248,0.468,0.468,-21.31,0.6666666666666666,-6.750,0.000,0.002,0.387,0.163,0.416,0.421
90,0.1174,355.74,5,4.448,0.600,0.043,0.0220,0.0239,0.457,0.457,-136.42,0.6666666666666666,0.000,0.000,0.014,0.387,0.164,0.413,0.423
91,0.2245,581.09,6,10.641,0.500,0.008,0.0205,0.0231,0.497,0.497,-47.16,1.0,0.000,0.333,0.033,0.389,0.164,0.414,0.422
92,-0.0106,-196.57,4,-14.952,0.250,0.020,0.0179,0.0227,0.485,0.485,223.57,1.0,0.000,0.333,0.000,0.393,0.165,0.415,0.420
93,-0.2692,-827.94,11,-5.130,0.455,0.108,0.0151,0.0220,0.473,0.473,39.25,1.0,0.000,0.333,0.020,0.392,0.164,0.420,0.416
94,-0.3668,-1094.01,9,-6.866,0.333,0.122,0.0246,0.0222,0.461,0.461,0.00,1.0,0.000,0.000,0.000,0.386,0.163,0.424,0.413
95,0.2628,798.81,8,7.529,0.750,0.026,0.0221,0.0221,0.450,0.450,0.00,1.0,0.000,0.000,0.000,0.380,0.162,0.428,0.410
96,-0.0072,-320.23,12,-2.293,0.417,0.064,0.0166,0.0215,0.439,0.439,0.00,1.0,0.000,0.000,0.000,0.374,0.162,0.432,0.407
97,-0.0302,-261.32,8,-3.377,0.375,0.032,0.0202,0.0212,0.495,0.495,0.00,1.0,0.000,0.000,0.000,0.368,0.161,0.437,0.403
98,-0.0803,-508.43,8,-6.939,0.125,0.072,0.0188,0.0209,0.483,0.483,-107.13,1.0,0.000,0.333,0.039,0.363,0.160,0.440,0.400
99,-0.0564,-252.85,9,-3.911,0.444,0.038,0.0326,0.0212,0.497,0.497,-140.12,1.0,-2.587,0.222,0.018,0.365,0.160,0.438,0.402
100,0.4405,922.58,7,7.420,0.571,0.033,0.0194,0.0211,0.485,0.485,0.00,0.0,0.000,0.000,0.000,0.377,0.164,0.435,0.401
101,0.0117,-314.48,5,-10.495,0.200,0.031,0.0189,0.0211,0.500,0.500,8.96,0.3333333333333333,0.000,0.333,0.000,0.388,0.167,0.431,0.402
102,-0.0313,-211.72,4,-10.660,0.250,0.021,0.0175,0.0209,0.488,0.488,-339.24,1.6666666666666667,-10.638,0.000,0.034,0.402,0.172,0.427,0.401
103,-0.0359,-314.04,5,-9.799,0.200,0.033,0.0253,0.0209,0.476,0.476,31.08,1.3333333333333333,75.753,0.333,0.031,0.411,0.174,0.424,0.401
104,-0.1389,-895.91,4,-14.666,0.250,0.090,0.0190,0.0209,0.490,0.490,-465.65,1.6666666666666667,-14.956,0.333,0.059,0.413,0.175,0.424,0.401
105,0.0277,31.99,4,0.833,0.250,0.015,0.0171,0.0208,0.478,0.478,768.02,1.3333333333333333,19.455,1.000,0.000,0.411,0.176,0.427,0.397
106,0.1515,488.76,5,3.843,0.200,0.036,0.0189,0.0207,0.466,0.466,-687.62,1.6666666666666667,-2.636,0.444,0.086,0.410,0.176,0.429,0.395
107,-0.0981,-594.14,7,-7.913,0.429,0.063,0.0165,0.0205,0.497,0.497,-39.20,1.0,0.000,0.000,0.004,0.404,0.175,0.434,0.391
108,0.0978,-51.61,5,-2.158,0.400,0.016,0.0200,0.0203,0.485,0.485,-171.46,1.3333333333333333,-7.857,0.333,0.028,0.403,0.176,0.436,0.389
109,0.0417,389.99,6,3.045,0.667,0.074,0.0146,0.0200,0.473,0.473,-1085.94,1.3333333333333333,-0.977,0.167,0.125,0.399,0.175,0.438,0.386
110,-0.0510,-69.84,7,-0.449,0.143,0.051,0.0219,0.0201,0.461,0.461,273.48,1.0,0.000,0.667,0.000,0.394,0.174,0.441,0.385
111,0.1624,608.37,12,4.307,0.667,0.020,0.0165,0.0200,0.493,0.493,-240.65,0.6666666666666666,0.000,0.333,0.032,0.395,0.174,0.440,0.387
112,-0.0083,-284.92,2,-62.674,0.000,0.028,0.0116,0.0196,0.480,0.480,0.00,0.0,0.000,0.000,0.000,0.399,0.174,0.436,0.390
113,-0.2248,-712.96,7,-9.797,0.143,0.088,0.0152,0.0192,0.468,0.468,128.94,0.3333333333333333,0.000,0.333,0.000,0.400,0.173,0.433,0.394
114,-0.0043,-362.44,7,-3.116,0.429,0.059,0.0167,0.0192,0.457,0.457,0.00,1.0,0.000,0.000,0.000,0.396,0.173,0.436,0.392
115,-0.1506,-635.76,9,-5.448,0.333,0.078,0.0224,0.0192,0.446,0.446,59.25,1.0,0.000,0.333,0.017,0.391,0.172,0.440,0.389
116,-0.3856,-1227.66,10,-11.870,0.300,0.123,0.0155,0.0190,0.493,0.493,-40.46,1.0,0.000,0.333,0.008,0.386,0.171,0.443,0.386
117,-0.3018,-1198.45,12,-4.414,0.333,0.159,0.0181,0.0190,0.480,0.480,-418.54,1.0,0.000,0.000,0.042,0.381,0.170,0.447,0.383
118,0.3614,1964.08,12,3.773,0.333,0.037,0.0158,0.0190,0.495,0.495,192.55,1.0,0.000,0.667,0.036,0.377,0.170,0.450,0.380
119,0.5279,2636.98,10,6.003,0.600,0.054,0.0140,0.0186,0.483,0.483,-679.03,2.6666666666666665,-29.035,0.222,0.077,0.372,0.169,0.454,0.377
120,0.2443,808.81,10,3.681,0.500,0.046,0.0199,0.0185,0.497,0.497,-274.70,5.333333333333333,-2.721,0.583,0.071,0.370,0.169,0.457,0.374
121,-0.1057,-1215.99,8,-7.252,0.250,0.136,0.0151,0.0185,0.485,0.485,401.24,7.666666666666667,3.038,0.629,0.055,0.371,0.170,0.459,0.371
122,-0.3439,-812.71,10,-9.900,0.200,0.096,0.0286,0.0188,0.473,0.473,-57.11,2.0,-0.866,0.500,0.027,0.367,0.169,0.462,0.369
123,0.1177,-49.83,11,-0.492,0.545,0.052,0.0151,0.0186,0.461,0.461,-399.90,1.3333333333333333,-3.832,0.167,0.048,0.364,0.169,0.465,0.366
124,-0.0219,-540.45,11,-1.816,0.727,0.135,0.0144,0.0179,0.490,0.490,-580.40,2.3333333333333335,-23.165,0.167,0.066,0.360,0.168,0.468,0.363
125,-0.0457,-396.37,10,-8.463,0.300,0.040,0.0165,0.0178,0.478,0.478,144.87,2.0,9.444,0.667,0.008,0.357,0.168,0.471,0.361
126,-0.4536,-1301.89,8,-18.609,0.125,0.130,0.0146,0.0176,0.493,0.493,-706.76,1.6666666666666667,-23.753,0.000,0.071,0.353,0.167,0.474,0.358
127,0.0098,-270.34,12,-1.501,0.583,0.105,0.0184,0.0177,0.480,0.480,184.07,1.3333333333333333,9.323,0.667,0.000,0.350,0.167,0.477,0.356
128,0.2609,829.98,8,4.972,0.375,0.027,0.0146,0.0172,0.500,0.500,-853.59,2.0,-9.302,0.111,0.098,0.346,0.166,0.480,0.353
129,-0.2022,-951.99,9,-5.206,0.222,0.146,0.0167,0.0171,0.488,0.488,-294.00,9.0,-2.099,0.406,0.074,0.350,0.168,0.481,0.351
130,0.1114,111.97,2,5.301,0.500,0.011,0.0127,0.0170,0.476,0.476,-427.27,8.666666666666666,-3.762,0.321,0.077,0.359,0.172,0.479,0.349
131,-0.1625,-963.80,6,-6.597,0.500,0.146,0.0138,0.0168,0.464,0.464,-617.08,12.0,-2.436,0.472,0.149,0.363,0.174,0.479,0.347
132,0.3295,1270.67,7,6.522,0.714,0.026,0.0169,0.0168,0.452,0.452,-785.50,7.333333333333333,-2.361,0.362,0.110,0.367,0.175,0.479,0.346
133,-0.0602,2.72,10,0.030,0.400,0.044,0.0095,0.0164,0.441,0.441,443.65,3.0,8.473,0.583,0.008,0.367,0.176,0.478,0.346
134,-0.0047,-329.44,9,-2.466,0.556,0.063,0.0106,0.0162,0.490,0.490,-328.45,1.0,0.000,0.333,0.042,0.364,0.175,0.480,0.345
135,0.3485,432.64,10,2.212,0.300,0.044,0.0155,0.0159,0.478,0.478,298.94,1.6666666666666667,56.824,0.667,0.000,0.361,0.174,0.483,0.343
136,0.0932,97.09,8,1.807,0.375,0.024,0.0129,0.0158,0.493,0.493,219.71,1.3333333333333333,6.339,0.333,0.000,0.358,0.174,0.485,0.342
137,-0.1216,-620.80,7,-4.416,0.429,0.087,0.0106,0.0158,0.480,0.480,98.40,2.3333333333333335,17.206,0.667,0.020,0.358,0.173,0.484,0.342
138,-0.1165,-548.77,4,-38.975,0.000,0.055,0.0124,0.0156,0.495,0.495,-712.02,2.6666666666666665,-4.865,0.300,0.086,0.359,0.173,0.483,0.344
139,-0.0520,-430.87,4,-7.766,0.500,0.043,0.0087,0.0153,0.483,0.483,-622.69,4.666666666666667,-2.036,0.258,0.082,0.358,0.173,0.484,0.343
140,-0.2472,-1128.15,8,-6.046,0.375,0.150,0.0152,0.0150,0.497,0.497,-51.06,5.333333333333333,3.118,0.542,0.056,0.358,0.173,0.485,0.341
141,-0.0039,-582.67,7,-8.168,0.429,0.062,0.0106,0.0148,0.485,0.485,-168.86,2.3333333333333335,13.751,0.444,0.051,0.357,0.174,0.487,0.339
142,-0.1448,-356.70,7,-1.315,0.143,0.112,0.0133,0.0147,0.473,0.473,-81.20,1.0,0.000,0.000,0.008,0.355,0.174,0.489,0.337
143,-0.0963,-588.76,9,-3.269,0.556,0.098,0.0113,0.0145,0.461,0.461,211.34,1.0,0.000,0.333,0.000,0.351,0.173,0.492,0.335
144,-0.1816,-677.26,10,-4.134,0.300,0.104,0.0102,0.0143,0.493,0.493,-93.32,1.0,0.000,0.000,0.009,0.348,0.172,0.495,0.333
145,0.0297,356.28,7,3.489,0.714,0.044,0.0170,0.0142,0.480,0.480,0.00,1.0,0.000,0.000,0.000,0.344,0.171,0.498,0.331
146,0.1472,84.55,10,1.086,0.600,0.024,0.0114,0.0141,0.468,0.468,-276.07,1.0,0.000,0.333,0.030,0.342,0.171,0.500,0.329
147,-0.0872,-566.63,11,-8.480,0.364,0.062,0.0093,0.0133,0.497,0.497,-618.83,1.6666666666666667,-9.066,0.000,0.062,0.339,0.170,0.503,0.327
148,-0.0082,-508.24,11,-3.307,0.455,0.089,0.0128,0.0132,0.485,0.485,-700.85,4.333333333333333,-28.534,0.236,0.091,0.338,0.171,0.504,0.325
149,0.3264,775.91,10,5.983,0.500,0.014,0.0133,0.0132,0.473,0.473,-122.37,6.666666666666667,2.955,0.417,0.046,0.341,0.172,0.504,0.324
150,0.3452,1315.75,8,8.552,0.625,0.033,0.0121,0.0130,0.493,0.493,-97.31,3.6666666666666665,-1.121,0.433,0.069,0.351,0.176,0.502,0.322
151,-0.0752,251.44,6,1.619,0.500,0.063,0.0113,0.0128,0.480,0.480,272.51,6.0,-3.856,0.533,0.039,0.357,0.179,0.500,0.321
152,0.0966,-58.50,6,-0.584,0.667,0.061,0.0121,0.0126,0.468,0.468,-845.11,4.333333333333333,-6.444,0.467,0.090,0.358,0.179,0.500,0.321
153,-0.0902,-907.57,13,-3.392,0.385,0.181,0.0115,0.0125,0.457,0.457,-288.73,1.6666666666666667,1.008,0.333,0.043,0.356,0.179,0.502,0.319
154,0.0170,-203.27,6,-1.422,0.500,0.076,0.0094,0.0122,0.490,0.490,-381.99,1.0,0.000,0.000,0.038,0.352,0.178,0.505,0.318
155,-0.2188,-226.67,8,-1.901,0.250,0.070,0.0092,0.0120,0.478,0.478,431.82,1.0,0.000,0.667,0.000,0.349,0.177,0.507,0.316
156,-0.1578,-725.15,9,-6.718,0.222,0.073,0.0113,0.0119,0.493,0.493,159.93,1.0,0.000,0.333,0.000,0.347,0.177,0.509,0.314
157,0.4811,1322.31,8,15.461,0.750,0.006,0.0102,0.0117,0.480,0.480,0.00,1.0,0.000,0.000,0.000,0.343,0.176,0.512,0.312
158,0.0769,144.87,9,0.983,0.444,0.041,0.0093,0.0117,0.495,0.495,0.00,1.0,0.000,0.000,0.000,0.340,0.175,0.514,0.311
159,0.0405,-329.23,10,-5.939,0.200,0.048,0.0114,0.0117,0.483,0.483,0.00,1.0,0.000,0.000,0.000,0.338,0.174,0.517,0.309
160,0.1980,719.07,11,6.139,0.455,0.034,0.0070,0.0114,0.497,0.497,0.00,1.0,0.000,0.000,0.000,0.335,0.174,0.519,0.307
161,-0.2831,-1476.42,11,-7.300,0.364,0.148,0.0096,0.0112,0.485,0.485,-173.03,1.6666666666666667,-9.755,0.333,0.021,0.333,0.173,0.521,0.305
162,0.0019,-387.75,5,-6.167,0.200,0.058,0.0134,0.0113,0.473,0.473,134.15,11.666666666666666,0.623,0.602,0.071,0.338,0.176,0.520,0.304
163,0.1493,-222.66,5,-11.372,0.200,0.024,0.0073,0.0111,0.461,0.461,0.00,0.0,0.000,0.000,0.000,0.348,0.180,0.518,0.302
164,0.3208,672.02,5,12.229,0.800,0.010,0.0080,0.0111,0.490,0.490,0.00,0.0,0.000,0.000,0.000,0.357,0.184,0.515,0.302
165,0.3822,1721.09,6,9.115,0.667,0.013,0.0074,0.0108,0.478,0.478,0.00,0.0,0.000,0.000,0.000,0.365,0.187,0.512,0.301
166,0.0250,50.76,5,0.724,0.400,0.032,0.0077,0.0107,0.493,0.493,-660.69,7.0,-4.203,0.386,0.085,0.371,0.189,0.510,0.301
167,0.0073,-159.90,6,-9.112,0.167,0.016,0.0118,0.0106,0.480,0.480,105.10,1.6666666666666667,-2.506,0.222,0.008,0.372,0.189,0.509,0.302
168,-0.2766,-851.49,5,-10.001,0.400,0.106,0.0135,0.0107,0.495,0.495,-232.10,1.0,0.000,0.333,0.032,0.370,0.189,0.510,0.302
169,0.2964,643.55,9,12.466,0.778,0.011,0.0091,0.0107,0.483,0.483,0.00,1.0,0.000,0.000,0.000,0.367,0.188,0.512,0.300
170,0.3466,1295.44,9,4.115,0.444,0.060,0.0110,0.0104,0.471,0.471,0.00,1.0,0.000,0.000,0.000,0.364,0.187,0.514,0.299
171,0.3088,632.46,6,11.323,0.833,0.003,0.0108,0.0104,0.459,0.459,0.00,1.0,0.000,0.000,0.000,0.361,0.186,0.517,0.297
172,-0.1517,-295.02,6,-3.045,0.500,0.084,0.0062,0.0103,0.493,0.493,0.00,1.0,0.000,0.000,0.000,0.358,0.186,0.519,0.296
173,0.0482,-299.21,9,-1.891,0.333,0.087,0.0108,0.0102,0.480,0.480,0.00,1.0,0.000,0.000,0.000,0.355,0.185,0.521,0.294
174,-0.1382,-361.95,5,-3.507,0.600,0.070,0.0099,0.0101,0.495,0.495,0.00,1.0,0.000,0.000,0.000,0.352,0.184,0.523,0.293
175,-0.3726,-1461.22,5,-21.329,0.000,0.146,0.0096,0.0100,0.483,0.483,0.00,1.0,0.000,0.000,0.000,0.349,0.183,0.526,0.291
176,0.4574,1514.16,7,5.762,0.714,0.067,0.0108,0.0099,0.471,0.471,-875.49,1.3333333333333333,-4.011,0.500,0.103,0.346,0.183,0.528,0.290
177,0.0902,48.34,9,0.336,0.556,0.045,0.0129,0.0100,0.497,0.497,-45.53,6.333333333333333,-1.747,0.572,0.036,0.346,0.183,0.529,0.288
178,-0.0592,-231.29,5,-7.860,0.200,0.028,0.0068,0.0098,0.485,0.485,-714.10,8.333333333333334,-3.924,0.344,0.110,0.351,0.185,0.528,0.287
179,0.1170,33.21,3,3.210,0.333,0.005,0.0116,0.0099,0.473,0.473,-691.65,5.666666666666667,-6.598,0.329,0.104,0.355,0.187,0.527,0.286
180,-0.1229,-806.64,5,-15.425,0.000,0.081,0.0085,0.0098,0.461,0.461,-238.73,8.666666666666666,1.687,0.424,0.059,0.359,0.189,0.526,0.285
181,-0.3251,-826.97,7,-21.120,0.143,0.083,0.0144,0.0100,0.495,0.495,-550.26,7.333333333333333,-6.302,0.327,0.069,0.361,0.190,0.525,0.285
182,0.2847,344.71,11,2.536,0.545,0.040,0.0098,0.0099,0.483,0.483,-133.66,2.3333333333333335,-18.314,0.111,0.013,0.363,0.190,0.525,0.285
183,0.4996,1557.17,8,8.450,0.500,0.035,0.0126,0.0101,0.497,0.497,-773.59,5.666666666666667,-4.590,0.228,0.077,0.367,0.192,0.524,0.284
184,0.1409,291.28,8,1.900,0.625,0.050,0.0109,0.0101,0.485,0.485,-95.39,0.6666666666666666,-7.461,0.000,0.010,0.373,0.194,0.521,0.285
185,0.0308,209.97,1,0.000,1.000,0.000,0.0096,0.0102,0.473,0.473,97.84,1.6666666666666667,0.067,0.889,0.020,0.378,0.196,0.519,0.285
186,-0.0479,-527.97,4,-49.098,0.000,0.053,0.0107,0.0102,0.493,0.493,561.97,3.6666666666666665,29.284,0.833,0.001,0.380,0.197,0.518,0.285
187,0.0748,-209.44,1,0.000,0.000,0.021,0.0119,0.0101,0.480,0.480,183.43,1.3333333333333333,35.572,0.667,0.000,0.381,0.196,0.516,0.288
188,0.1160,-114.26,10,-0.644,0.300,0.063,0.0124,0.0103,0.500,0.500,236.02,1.0,0.000,0.667,0.003,0.379,0.196,0.517,0.288
189,-0.2050,-1255.88,8,-4.151,0.500,0.177,0.0136,0.0106,0.488,0.488,0.00,1.0,0.000,0.000,0.000,0.379,0.195,0.515,0.290
190,0.0821,265.68,6,1.626,0.667,0.095,0.0108,0.0107,0.476,0.476,0.00,1.0,0.000,0.000,0.000,0.377,0.194,0.516,0.290
191,-0.0636,-203.28,4,-2.854,0.500,0.045,0.0114,0.0109,0.490,0.490,-339.22,0.6666666666666666,0.000,0.000,0.034,0.376,0.194,0.515,0.291
192,0.1758,273.03,7,3.797,0.571,0.027,0.0091,0.0107,0.478,0.478,-562.54,2.0,-3.057,0.133,0.056,0.377,0.194,0.514,0.292
193,-0.0711,-363.01,4,-6.990,0.500,0.056,0.0088,0.0106,0.466,0.466,-797.65,3.3333333333333335,-13.344,0.000,0.080,0.380,0.195,0.512,0.294
194,-0.1625,-68.51,1,0.000,0.000,0.007,0.0106,0.0106,0.500,0.500,-140.56,0.6666666666666666,0.000,0.000,0.014,0.389,0.198,0.509,0.293
195,-0.0451,-117.28,6,-2.595,0.333,0.029,0.0098,0.0106,0.488,0.488,-336.15,4.666666666666667,-18.374,0.208,0.051,0.396,0.201,0.507,0.291
196,0.0928,-75.73,7,-1.260,0.571,0.023,0.0118,0.0106,0.476,0.476,-404.86,5.333333333333333,-2.204,0.322,0.078,0.400,0.203,0.507,0.290
197,0.0773,-58.68,9,-0.261,0.444,0.077,0.0085,0.0107,0.464,0.464,-858.73,3.3333333333333335,-5.141,0.300,0.087,0.398,0.202,0.509,0.289
198,0.5081,1150.03,10,11.881,0.700,0.007,0.0089,0.0106,0.452,0.452,-68.96,1.6666666666666667,-1.123,0.111,0.019,0.396,0.202,0.510,0.288
199,-0.5133,-1606.83,7,-6.888,0.286,0.218,0.0073,0.0105,0.500,0.500,37.51,2.0,6.779,0.444,0.019,0.393,0.201,0.512,0.286
