episode,reward,avg_reward,cumulative_reward,lr,loss,avg_loss,epsilon,profit_dollars,num_trades,sharpe_ratio,win_rate,max_drawdown,oos_profit_dollars,oos_num_trades,oos_sharpe_ratio,oos_win_rate,oos_max_drawdown
0,-0.0215,-0.0215,0.9938,1.0000e-04,0.0002,0.0002,1,-871.93,3,-6.2671,0.6667,0.1327,-1630.51,20.0,-6.8303,0.2273,0.1910
1,0.0139,-0.0038,0.9955,1.0000e-04,0.0002,0.0002,0.85,-14.07,4,-0.1288,0.5000,0.0543,-2656.09,22.4,-9.3400,0.2404,0.2848
2,0.1059,0.0328,1.0874,1.0000e-04,0.0002,0.0002,0.7225,-158.15,3,-2.9417,0.3333,0.0297,-632.13,7.6,-17.2602,0.2362,0.0750
3,0.1981,0.0741,1.2037,1.0000e-04,0.0003,0.0002,0.6141,1936.80,4,16.1591,0.7500,0.0058,-2032.49,23.6,-6.1214,0.3106,0.2323
4,-0.0514,0.049,0.9593,1.0000e-04,0.0002,0.0002,0.522,85.30,7,1.0650,0.2857,0.0297,-2455.50,23.4,-9.9738,0.2165,0.2623
5,-0.0273,0.0363,0.9321,1.0000e-04,0.0002,0.0002,0.4437,-745.91,4,-13.1919,0.2500,0.0872,-1767.77,16.0,-6.2861,0.3507,0.2227
6,0.0364,0.0363,1.0205,1.0000e-04,0.0004,0.0002,0.3771,425.46,7,3.0028,0.4286,0.0365,-1149.94,12.4,-8.6554,0.2306,0.1290
7,0.0259,0.035,1.0167,1.0000e-04,0.0003,0.0002,0.3205,1053.10,7,5.4939,0.4286,0.0703,-1707.86,18.2,-7.9621,0.2628,0.2028
8,0.0655,0.0384,1.0138,1.0000e-04,0.0003,0.0003,0.2724,152.56,4,0.4016,0.7500,0.2208,-925.04,10.2,-3.0981,0.3389,0.1945
9,-0.1645,0.0181,0.8462,1.0000e-04,0.0002,0.0002,0.2315,-1398.09,6,-17.5749,0.0000,0.1398,-2266.89,24.8,-6.4275,0.2831,0.2726
10,-0.1195,0.0056,0.8443,9.0000e-05,0.0001,0.0002,0.1968,-1129.83,11,-14.9973,0.2727,0.1178,-1767.64,15.4,-11.1770,0.2926,0.1856
11,-0.1659,-0.0087,0.8455,9.0000e-05,0.0003,0.0002,0.1673,-997.66,4,-5.4880,0.7500,0.1498,-2212.21,22.8,-7.1139,0.3310,0.2497
12,-0.1537,-0.0199,0.8356,9.0000e-05,0.0004,0.0003,0.1422,-1669.12,6,-7.3617,0.5000,0.1899,-497.66,6.6,-12.9974,0.3000,0.0815
13,-0.1276,-0.0276,0.8891,9.0000e-05,0.0002,0.0002,0.1209,-733.58,9,-3.0036,0.3333,0.1466,-1460.78,19.4,-5.2372,0.2678,0.2155
14,-0.4447,-0.0554,0.6387,9.0000e-05,0.0002,0.0002,0.1028,-3429.64,7,-17.7958,0.1429,0.3430,-1996.77,15.8,-7.8283,0.3107,0.2441
15,-0.2475,-0.0674,0.7616,9.0000e-05,0.0004,0.0003,0.0874,-2225.97,16,-8.0755,0.2500,0.2226,-2634.93,23.8,-8.3133,0.2959,0.2819
16,-0.0498,-0.0663,0.8822,9.0000e-05,0.0001,0.0002,0.0743,-1150.02,13,-9.3500,0.1538,0.1361,-720.30,8.2,-16.7097,0.1241,0.0823
17,-0.0829,-0.0673,0.9060,9.0000e-05,0.0003,0.0002,0.0713,-658.20,6,-7.2822,0.3333,0.0658,-1834.91,15.8,-11.4340,0.3031,0.2000
18,-0.2308,-0.0759,0.8278,9.0000e-05,0.0001,0.0002,0.0684,-1627.53,11,-7.8927,0.2727,0.1774,-1301.13,5.6,-7.9485,0.3405,0.1698
19,-0.108,-0.0775,0.8990,9.0000e-05,0.0003,0.0002,0.0657,-789.36,11,-3.8035,0.4545,0.1159,-622.94,10.4,-2.4242,0.3783,0.1997
20,-0.0659,-0.0769,0.9512,8.1000e-05,0.0002,0.0002,0.0631,-1060.72,15,-4.2987,0.2667,0.1096,-899.27,14.4,-2.6636,0.3254,0.2124
21,0.0339,-0.0719,1.0179,8.1000e-05,0.0002,0.0002,0.0606,-374.65,16,-1.2851,0.4375,0.1252,-2550.07,22.2,-10.5388,0.2715,0.2656
22,-0.0165,-0.0695,0.9789,8.1000e-05,0.0001,0.0002,0.0582,64.33,24,0.1155,0.3750,0.1316,-1633.30,17.2,-8.6021,0.2405,0.1803
23,-0.2422,-0.0767,0.7747,8.1000e-05,0.0002,0.0002,0.0559,-2389.89,12,-7.7954,0.2500,0.2390,-575.07,5.8,-8.3259,0.3906,0.0705
24,-0.0057,-0.0738,0.9723,8.1000e-05,0.0004,0.0002,0.0537,-441.84,4,-21.3666,0.0000,0.0442,-2228.60,21.6,-11.3035,0.2011,0.2259
25,-0.2417,-0.0826,0.7834,8.1000e-05,0.0012,0.0003,0.0516,-1666.42,20,-8.2767,0.3000,0.1731,-1146.98,10.0,-4.8108,0.3342,0.2138
26,-0.1311,-0.0884,0.8684,8.1000e-05,0.0003,0.0003,0.0495,-1076.53,13,-4.0130,0.3077,0.1696,-1289.79,10.0,-8.2188,0.3278,0.1418
27,0.0009,-0.0926,0.9439,8.1000e-05,0.0002,0.0003,0.0475,-1027.77,6,-20.1586,0.1667,0.1041,-297.07,3.2,-9.4756,0.2000,0.0353
28,-0.1163,-0.1052,0.8946,8.1000e-05,0.0003,0.0003,0.0456,-613.23,11,-5.2753,0.4545,0.0770,-1657.66,22.2,-5.5175,0.3233,0.2251
29,-0.0815,-0.1064,0.9283,8.1000e-05,0.0002,0.0003,0.0438,-717.14,8,-3.4953,0.1250,0.1303,-247.17,2.0,-19.9706,0.1000,0.0272
30,-0.0081,-0.1057,0.9666,7.2900e-05,0.0003,0.0003,0.042,-233.26,2,-142.5686,0.0000,0.0233,-359.44,2.6,-53.5785,0.2571,0.0428
31,0.0261,-0.1061,1.0205,7.2900e-05,0.0002,0.0003,0.0403,604.87,2,30.9475,1.0000,0.0000,-647.22,4.8,-16.3810,0.1929,0.0732
32,-0.1074,-0.1114,0.8811,7.2900e-05,0.0001,0.0003,0.0387,-1048.07,6,-15.5167,0.1667,0.1048,-285.62,4.2,0.6242,0.4533,0.1254
33,-0.2004,-0.122,0.8254,7.2900e-05,0.0002,0.0003,0.0372,-1401.10,4,-10.6709,0.2500,0.1401,-1121.53,5.0,-7.3211,0.2305,0.1313
34,-0.2456,-0.1253,0.7807,7.2900e-05,0.0002,0.0003,0.0357,-1805.59,15,-11.2718,0.2000,0.1834,-1838.72,19.0,-5.0032,0.3596,0.2409
35,-0.0915,-0.1242,0.9401,7.2900e-05,0.0005,0.0003,0.0343,111.97,12,0.3913,0.5833,0.0747,-55.52,3.4,-121.7437,0.3400,0.0348
36,-0.1469,-0.1234,0.9232,7.2900e-05,0.0002,0.0003,0.0329,-764.32,5,-11.5333,0.2000,0.0764,-2354.22,22.4,-8.7367,0.2882,0.2596
37,-0.3775,-0.1323,0.7388,7.2900e-05,0.0007,0.0003,0.0316,-2104.92,21,-11.7965,0.1905,0.2105,-2947.29,26.0,-10.2742,0.3119,0.3141
38,-0.0789,-0.1304,0.9391,7.2900e-05,0.0002,0.0003,0.0303,311.62,10,1.3334,0.4000,0.0775,-1234.61,13.6,-10.2594,0.2760,0.1431
39,-0.1279,-0.1177,0.8435,7.2900e-05,0.0002,0.0003,0.0291,-549.04,6,-13.3981,0.3333,0.0549,-756.93,1.4,-38.5885,0.2000,0.0887
40,-0.0098,-0.1082,0.9738,6.5610e-05,0.0003,0.0003,0.0279,-501.20,4,-3.5326,0.5000,0.1321,-410.18,3.2,-2.3080,0.3867,0.1040
41,0.196,-0.0984,1.1723,6.5610e-05,0.0003,0.0003,0.0268,1359.50,2,18.1326,1.0000,0.0000,-815.79,1.6,-3.6066,0.1667,0.1002
42,-0.0141,-0.0956,0.9728,6.5610e-05,0.0002,0.0003,0.0257,-472.77,9,-3.8868,0.2222,0.0913,-442.47,5.0,-24.9484,0.3119,0.0606
43,0.1639,-0.0798,1.0961,6.5610e-05,0.0002,0.0003,0.0247,-200.03,2,-13.1802,0.5000,0.0220,-571.89,1.8,0.5738,0.0800,0.0716
44,-0.2325,-0.0848,0.7846,6.5610e-05,0.0001,0.0003,0.0237,-1627.29,9,-21.6028,0.0000,0.1627,-400.19,4.8,-7.2864,0.4000,0.0579
45,-0.0301,-0.0834,0.9302,6.5610e-05,0.0003,0.0003,0.0228,679.73,4,9.8912,0.7500,0.0089,-728.29,5.2,-4.7448,0.4407,0.1416
46,-0.3898,-0.1003,0.6622,6.5610e-05,0.0002,0.0003,0.0219,-2822.78,6,-9.1348,0.5000,0.2860,-661.32,3.4,-5.3326,0.2600,0.1144
47,-0.1994,-0.1077,0.8162,6.5610e-05,0.0003,0.0003,0.021,-479.44,1,0.0000,0.0000,0.0479,-334.27,2.6,-20.6973,0.1000,0.0359
48,0.0286,-0.0968,1.0349,6.5610e-05,0.0005,0.0003,0.0202,690.73,2,12.5661,0.5000,0.0084,-260.19,1.4,-7.1334,0.0000,0.0260
49,0.0683,-0.0939,1.0476,6.5610e-05,0.0002,0.0003,0.0194,310.89,3,5.1039,0.3333,0.0235,-34.37,0.4,0.0000,0.2000,0.0075
50,-0.0995,-0.0882,0.9030,5.9049e-05,0.0002,0.0003,0.0186,-993.05,1,0.0000,0.0000,0.0993,-58.95,0.6,-3.7203,0.0000,0.0059
51,-0.133,-0.0883,0.8885,5.9049e-05,0.0001,0.0003,0.0179,-798.22,8,-4.9091,0.5000,0.1089,-232.19,0.4,0.0000,0.0000,0.0232
52,-0.0865,-0.0918,0.9227,5.9049e-05,0.0003,0.0003,0.0172,-707.90,1,0.0000,0.0000,0.0708,-101.20,0.8,0.0000,0.0000,0.0101
53,-0.0338,-0.0885,0.9535,5.9049e-05,0.0002,0.0003,0.0165,-814.03,8,-10.7784,0.2500,0.0973,-1143.03,9.8,-4.3705,0.4282,0.1823
54,0.0676,-0.0825,1.0520,5.9049e-05,0.0002,0.0003,0.0158,1045.67,6,5.2322,0.5000,0.0514,-2569.45,23.2,-12.1729,0.1654,0.2778
55,-0.0179,-0.0829,0.9550,5.9049e-05,0.0002,0.0003,0.0152,-752.67,4,-31.4755,0.0000,0.0753,-101.23,0.8,-3.9306,0.2000,0.0109
56,-0.1335,-0.0893,0.9111,5.9049e-05,0.0002,0.0003,0.0146,-844.45,6,-11.0008,0.1667,0.0986,-832.33,9.2,-9.1101,0.2826,0.0994
57,0.0303,-0.0838,0.9978,5.9049e-05,0.0002,0.0003,0.014,0.00,0,0.0000,0.0000,0.0000,-339.19,1.0,-2.9990,0.1000,0.0476
58,-0.2238,-0.0847,0.7962,5.9049e-05,0.0002,0.0003,0.0134,-1992.01,1,0.0000,0.0000,0.1992,65.37,0.4,0.0000,0.2000,0.0131
59,0.0993,-0.0709,1.0863,5.9049e-05,0.0003,0.0003,0.0129,328.88,4,5.0568,0.5000,0.0326,-585.30,0.8,0.0000,0.0000,0.0585
60,-0.0493,-0.0692,0.9993,5.3144e-05,0.0004,0.0003,0.0124,-327.23,1,0.0000,0.0000,0.0327,-565.12,0.8,-2.7854,0.1000,0.0585
61,0.1491,-0.0574,1.1574,5.3144e-05,0.0001,0.0003,0.0119,1855.77,2,11.0441,0.5000,0.0406,-283.62,1.4,0.4618,0.1000,0.0398
62,0.1086,-0.0379,1.0594,5.3144e-05,0.0002,0.0002,0.0114,814.75,2,13.4342,0.5000,0.0068,-49.30,0.6,-7.0228,0.0000,0.0049
63,-0.1325,-0.0401,0.8516,5.3144e-05,0.0001,0.0002,0.0109,-369.49,5,-19.3802,0.2000,0.0369,-216.72,1.0,2.4706,0.1000,0.0313
64,0.1891,-0.0274,1.1740,5.3144e-05,0.0002,0.0002,0.0105,1839.67,3,18.2230,0.6667,0.0127,-266.62,2.8,5.9600,0.3167,0.0385
65,0.0005,-0.027,1.0342,5.3144e-05,0.0002,0.0002,0.0101,639.69,2,28.4433,1.0000,0.0000,-239.21,1.0,-5.4250,0.0000,0.0239
66,-0.0032,-0.0349,0.9957,5.3144e-05,0.0002,0.0002,0.0097,-174.26,1,0.0000,0.0000,0.0174,-1137.20,9.0,-18.3525,0.1408,0.1193
67,-0.0713,-0.0372,0.9670,5.3144e-05,0.0003,0.0002,0.0093,-344.59,3,-54.7215,0.0000,0.0345,-51.25,0.6,0.0000,0.2000,0.0067
68,-0.1188,-0.0485,0.9063,5.3144e-05,0.0001,0.0002,0.0089,-817.19,5,-8.7143,0.4000,0.0943,-452.04,4.8,-9.7861,0.2700,0.0670
69,0.0361,-0.0378,1.0086,5.3144e-05,0.0004,0.0002,0.0085,50.00,3,3.0142,0.3333,0.0088,-100.12,0.6,-3.5980,0.0000,0.0100
70,0.0033,-0.0365,0.9765,4.7830e-05,0.0008,0.0003,0.0082,-457.71,3,-12.1795,0.3333,0.0530,22.08,0.6,2.0683,0.1000,0.0037
71,-0.0347,-0.0223,0.9403,4.7830e-05,0.0004,0.0003,0.0079,-676.61,5,-58.3522,0.0000,0.0677,-179.69,1.2,-302.3577,0.0000,0.0180
72,-0.1066,-0.0185,0.9110,4.7830e-05,0.0002,0.0003,0.0076,-377.53,3,-9.0148,0.3333,0.0378,-454.32,0.6,-2.1726,0.1000,0.0492
73,-0.066,-0.0223,0.9551,4.7830e-05,0.0002,0.0002,0.0073,15.81,3,0.4080,0.3333,0.0215,-42.83,0.8,-16.0502,0.2000,0.0060
74,0.0098,-0.0247,0.9900,4.7830e-05,0.0002,0.0002,0.007,-134.69,1,0.0000,0.0000,0.0135,164.66,0.4,42.5106,0.2000,0.0000
75,-0.0815,-0.0239,0.9698,4.7830e-05,0.0002,0.0002,0.0067,-704.56,4,-15.3685,0.2500,0.0705,-2301.20,23.2,-9.0042,0.3051,0.2476
76,0.0342,-0.0173,1.0467,4.7830e-05,0.0002,0.0002,0.0064,822.64,2,18.5881,1.0000,0.0000,-262.05,1.4,-18.8551,0.0000,0.0262
77,0.0925,-0.0101,1.0869,4.7830e-05,0.0006,0.0003,0.0061,0.00,0,0.0000,0.0000,0.0000,-280.10,0.6,0.0000,0.2000,0.0340
78,-0.1964,-0.0166,0.7976,4.7830e-05,0.0002,0.0003,0.0059,-1323.31,5,-9.5926,0.2000,0.1323,-328.98,0.4,0.0000,0.0000,0.0329
79,-0.2383,-0.0288,0.7815,4.7830e-05,0.0001,0.0003,0.0057,-1172.45,2,-11.9811,0.5000,0.1337,-286.31,0.6,-0.3249,0.1000,0.0364
80,0.0554,-0.0259,1.0507,4.3047e-05,0.0002,0.0003,0.0055,364.89,1,0.0000,1.0000,0.0000,-195.67,0.6,-6.0229,0.0000,0.0196
81,-0.0594,-0.0229,0.9060,4.3047e-05,0.0002,0.0003,0.0053,-416.56,4,-3.5049,0.2500,0.0803,-1975.91,19.2,-6.6088,0.2825,0.2472
82,0.0148,-0.0236,1.0239,4.3047e-05,0.0002,0.0003,0.0051,259.66,2,48.7707,1.0000,0.0000,197.41,0.6,0.0000,0.2000,0.0063
83,-0.128,-0.0197,0.8609,4.3047e-05,0.0002,0.0003,0.005,-1777.57,5,-11.4625,0.2000,0.1778,90.14,1.0,3.9476,0.2000,0.0066
84,-0.0766,-0.0268,1.0000,4.3047e-05,0.0002,0.0003,0.005,0.00,0,0.0000,0.0000,0.0000,-125.57,0.6,-5.8651,0.0000,0.0126
85,0.0286,-0.0237,1.0575,4.3047e-05,0.0003,0.0002,0.005,772.80,3,17.3800,0.6667,0.0039,-46.40,0.8,-2.3853,0.2667,0.0087
86,0.0567,-0.0273,1.0545,4.3047e-05,0.0002,0.0003,0.005,522.63,2,659.0137,1.0000,0.0000,-95.87,0.4,0.0000,0.0000,0.0096
87,0.0515,-0.0296,0.9983,4.3047e-05,0.0002,0.0003,0.005,73.84,2,4.3938,0.5000,0.0095,4.63,0.4,0.1184,0.1000,0.0060
88,-0.2332,-0.0337,0.7903,4.3047e-05,0.0001,0.0003,0.005,-203.70,1,0.0000,0.0000,0.0204,51.19,0.4,0.0000,0.2000,0.0097
89,-0.1261,-0.0463,0.8778,4.3047e-05,0.0003,0.0003,0.005,594.34,1,0.0000,1.0000,0.0000,-381.18,0.2,0.0000,0.0000,0.0381
90,-0.061,-0.0487,0.9202,3.8742e-05,0.0001,0.0003,0.005,-107.49,1,0.0000,0.0000,0.0107,-361.20,0.6,0.0000,0.0000,0.0361
91,0.1202,-0.0438,1.0924,3.8742e-05,0.0001,0.0002,0.005,1475.83,4,12.5868,0.7500,0.0067,-572.45,5.0,-13.0440,0.2400,0.0623
92,-0.1672,-0.0476,0.8377,3.8742e-05,0.0004,0.0003,0.005,-1539.16,5,-15.2489,0.2000,0.1797,-233.45,0.8,-121.6556,0.2000,0.0246
93,0.1086,-0.0385,1.0666,3.8742e-05,0.0004,0.0003,0.005,1886.79,3,9.5616,0.3333,0.0180,-238.46,0.8,-1.0042,0.1333,0.0350
94,-0.1029,-0.0441,0.9544,3.8742e-05,0.0001,0.0003,0.005,-144.22,4,-1.6701,0.5000,0.0377,0.00,0.0,0.0000,0.0000,0.0000
95,-0.1942,-0.052,0.8126,3.8742e-05,0.0001,0.0002,0.005,-1909.11,5,-11.9597,0.2000,0.1974,-57.17,0.4,0.0000,0.2000,0.0222
96,-0.0356,-0.052,0.9221,3.8742e-05,0.0003,0.0002,0.005,-766.11,4,-10.2049,0.2500,0.0860,0.00,0.0,0.0000,0.0000,0.0000
97,0.0757,-0.0447,1.0816,3.8742e-05,0.0003,0.0002,0.005,941.86,2,19.5837,1.0000,0.0000,241.56,1.2,1.4775,0.4333,0.0236
98,-0.1041,-0.0463,0.9024,3.8742e-05,0.0002,0.0002,0.005,-1499.50,3,-10.5666,0.3333,0.1641,30.43,0.2,0.0000,0.2000,0.0000
99,-0.1334,-0.052,0.9211,3.8742e-05,0.0001,0.0002,0.005,-388.03,2,-7.7050,0.5000,0.0594,-173.06,0.4,0.0000,0.0000,0.0173
100,0.0075,-0.0484,1.0168,3.4868e-05,0.0002,0.0002,0.005,729.55,2,32.0750,1.0000,0.0000,127.43,1.0,4.0677,0.2000,0.0065
101,-0.1894,-0.0574,0.8269,3.4868e-05,0.0003,0.0002,0.005,-499.98,1,0.0000,0.0000,0.0500,-297.30,0.4,-2.0692,0.1000,0.0362
102,-0.2267,-0.0701,0.7908,3.4868e-05,0.0003,0.0002,0.005,-1762.82,4,-19.4077,0.0000,0.1763,-34.58,0.2,0.0000,0.0000,0.0035
103,-0.0924,-0.066,0.8852,3.4868e-05,0.0001,0.0002,0.005,241.44,3,2.5046,0.6667,0.0512,-234.59,0.8,0.0000,0.2000,0.0244
104,0.2043,-0.0483,1.1966,3.4868e-05,0.0002,0.0002,0.005,958.09,1,0.0000,1.0000,0.0000,0.00,0.0,0.0000,0.0000,0.0000
105,-0.0197,-0.0513,1.0061,3.4868e-05,0.0008,0.0002,0.005,225.41,1,0.0000,1.0000,0.0000,75.36,0.2,0.0000,0.2000,0.0000
106,-0.1187,-0.0537,0.8745,3.4868e-05,0.0003,0.0002,0.005,-725.54,4,-15.1162,0.2500,0.0727,-381.74,0.2,0.0000,0.0000,0.0382
107,0.024,-0.0533,1.0111,3.4868e-05,0.0002,0.0002,0.005,-143.82,2,-3.3618,0.5000,0.0401,-1951.47,19.2,-6.5527,0.3418,0.2328
108,-0.1189,-0.0529,0.8863,3.4868e-05,0.0002,0.0002,0.005,-232.88,1,0.0000,0.0000,0.0233,-214.97,0.4,0.0000,0.2000,0.0231
109,0.0625,-0.0474,1.1080,3.4868e-05,0.0002,0.0002,0.005,-484.55,2,-9.7500,0.5000,0.0637,0.00,0.0,0.0000,0.0000,0.0000
110,0.0072,-0.0482,1.0149,3.1381e-05,0.0002,0.0002,0.005,203.03,2,5.0321,0.5000,0.0219,-149.52,0.6,-3.8018,0.2000,0.0157
111,-0.2729,-0.0614,0.7596,3.1381e-05,0.0002,0.0002,0.005,-2297.26,7,-8.8703,0.1429,0.2297,-12.10,0.4,-0.6599,0.1000,0.0035
112,-0.1442,-0.0692,0.8339,3.1381e-05,0.0002,0.0002,0.005,-2636.01,3,-34.2080,0.0000,0.2636,-587.99,1.0,-7.7345,0.0000,0.0588
113,-0.0713,-0.0627,0.9259,3.1381e-05,0.0002,0.0002,0.005,0.00,0,0.0000,0.0000,0.0000,-135.76,0.6,0.0000,0.4000,0.0231
114,-0.2156,-0.0663,0.7933,3.1381e-05,0.0001,0.0002,0.005,-1885.73,1,0.0000,0.0000,0.1886,-253.74,0.6,-25.7562,0.0000,0.0254
115,-0.0918,-0.0676,0.8897,3.1381e-05,0.0002,0.0002,0.005,-378.71,3,-11.2238,0.3333,0.0430,-793.54,7.0,-16.0776,0.2152,0.0916
116,-0.1588,-0.0787,0.8751,3.1381e-05,0.0002,0.0002,0.005,-1396.11,1,0.0000,0.0000,0.1396,-259.94,0.2,0.0000,0.0000,0.0260
117,0.0879,-0.0685,1.0647,3.1381e-05,0.0002,0.0002,0.005,1144.06,3,17.0559,1.0000,0.0000,-342.43,1.4,-4.3122,0.1500,0.0408
118,0.0037,-0.0727,0.9977,3.1381e-05,0.0002,0.0002,0.005,-7.67,1,0.0000,0.0000,0.0008,-212.78,0.8,-1.7140,0.0667,0.0246
119,-0.0814,-0.0719,0.8991,3.1381e-05,0.0002,0.0002,0.005,-812.36,4,-12.9544,0.2500,0.0907,-77.75,0.6,0.0000,0.2000,0.0120
120,-0.1402,-0.0697,0.8454,2.8243e-05,0.0002,0.0002,0.005,0.00,0,0.0000,0.0000,0.0000,-283.48,0.4,0.0000,0.0000,0.0283
121,0.014,-0.0677,0.9827,2.8243e-05,0.0002,0.0002,0.005,0.00,0,0.0000,0.0000,0.0000,-23.74,0.2,0.0000,0.0000,0.0024
122,-0.0276,-0.0718,0.9571,2.8243e-05,0.0002,0.0002,0.005,-311.25,2,-15.9970,0.0000,0.0311,0.00,0.0,0.0000,0.0000,0.0000
123,-0.0079,-0.068,0.9918,2.8243e-05,0.0001,0.0002,0.005,53.87,1,0.0000,1.0000,0.0000,251.40,1.4,1.3456,0.5000,0.0087
124,0.0032,-0.0625,1.0133,2.8243e-05,0.0012,0.0003,0.005,0.00,0,0.0000,0.0000,0.0000,-336.99,0.6,0.0000,0.2000,0.0377
125,-0.0675,-0.0655,0.9265,2.8243e-05,0.0002,0.0003,0.005,-596.08,3,-5.6662,0.3333,0.0987,-731.65,1.4,-10.6613,0.2000,0.0786
126,0.1126,-0.0534,1.0803,2.8243e-05,0.0003,0.0003,0.005,10.50,1,0.0000,1.0000,0.0000,-139.35,0.4,0.0000,0.0000,0.0139
127,-0.0989,-0.0483,0.9056,2.8243e-05,0.0001,0.0003,0.005,-808.17,5,-15.3544,0.0000,0.0808,-279.54,0.8,-4.8840,0.0000,0.0280
128,-0.0732,-0.0476,0.9361,2.8243e-05,0.0003,0.0003,0.005,-598.23,2,-19.6831,0.0000,0.0598,0.00,0.0,0.0000,0.0000,0.0000
129,-0.143,-0.0615,0.8505,2.8243e-05,0.0004,0.0003,0.005,-656.20,1,0.0000,0.0000,0.0656,-293.60,0.4,0.0000,0.0000,0.0294
130,0.0758,-0.0576,1.0502,2.5419e-05,0.0002,0.0002,0.005,271.18,2,8.5663,0.5000,0.0111,-180.44,0.2,0.0000,0.0000,0.0180
131,0.1168,-0.0482,1.0967,2.5419e-05,0.0002,0.0002,0.005,1773.34,2,13.4111,0.5000,0.0136,-249.04,0.8,-8.5866,0.0000,0.0249
132,0.0472,-0.0473,1.0822,2.5419e-05,0.0005,0.0003,0.005,0.00,0,0.0000,0.0000,0.0000,-330.35,0.8,0.0000,0.0000,0.0330
133,-0.1872,-0.05,0.8481,2.5419e-05,0.0003,0.0003,0.005,-1404.82,1,0.0000,0.0000,0.1405,-40.55,0.4,-37.6079,0.0000,0.0041
134,0.1501,-0.0465,1.1675,2.5419e-05,0.0002,0.0003,0.005,1751.25,1,0.0000,1.0000,0.0000,-60.66,0.6,0.0000,0.2000,0.0156
135,-0.0373,-0.0483,0.9688,2.5419e-05,0.0006,0.0003,0.005,950.87,3,14.9742,1.0000,0.0000,-733.22,0.8,0.0000,0.0000,0.0733
136,-0.1259,-0.0424,0.8543,2.5419e-05,0.0003,0.0003,0.005,-1417.19,6,-10.2024,0.1667,0.1467,157.77,0.6,10.3815,0.2000,0.0002
137,-0.1538,-0.0428,0.8428,2.5419e-05,0.0002,0.0003,0.005,-1501.93,1,0.0000,0.0000,0.1502,-75.78,0.6,0.0000,0.4000,0.0127
138,0.1721,-0.0331,1.1772,2.5419e-05,0.0002,0.0003,0.005,1879.00,3,12.4786,1.0000,0.0000,-38.65,0.2,0.0000,0.0000,0.0039
139,-0.0307,-0.0257,0.9915,2.5419e-05,0.0002,0.0003,0.005,0.00,0,0.0000,0.0000,0.0000,-80.71,0.4,-4.8650,0.0000,0.0081
140,-0.1507,-0.028,0.8219,2.2877e-05,0.0006,0.0003,0.005,-145.99,4,-7.1525,0.2500,0.0207,0.00,0.0,0.0000,0.0000,0.0000
141,0.0211,-0.0208,0.9779,2.2877e-05,0.0003,0.0003,0.005,-77.47,2,-1.3235,0.5000,0.0503,-34.18,0.4,0.0000,0.2000,0.0071
142,-0.0683,-0.0271,0.8927,2.2877e-05,0.0003,0.0003,0.005,-633.50,1,0.0000,0.0000,0.0633,-532.62,7.4,-9.2905,0.3357,0.0714
143,0.0546,-0.025,1.0466,2.2877e-05,0.0001,0.0003,0.005,360.74,2,9.8903,0.5000,0.0109,37.87,0.4,0.6822,0.1000,0.0066
144,-0.118,-0.0265,0.8776,2.2877e-05,0.0002,0.0003,0.005,-1181.28,1,0.0000,0.0000,0.1181,-2.40,0.6,2.6434,0.1000,0.0026
145,-0.1426,-0.0266,0.8738,2.2877e-05,0.0002,0.0003,0.005,-859.45,2,-26.4359,0.0000,0.0859,228.43,0.2,0.0000,0.2000,0.0000
146,-0.1585,-0.0335,0.8270,2.2877e-05,0.0002,0.0003,0.005,-1699.66,2,-173.8754,0.0000,0.1700,56.73,0.2,0.0000,0.2000,0.0000
147,0.0148,-0.0318,1.0625,2.2877e-05,0.0007,0.0003,0.005,388.83,4,1.6458,0.5000,0.1305,0.00,0.0,0.0000,0.0000,0.0000
148,-0.1493,-0.0375,0.8745,2.2877e-05,0.0003,0.0003,0.005,0.00,0,0.0000,0.0000,0.0000,-53.84,0.4,-2.1686,0.1000,0.0066
149,-0.0699,-0.0404,0.9870,2.2877e-05,0.0002,0.0003,0.005,187.05,1,0.0000,1.0000,0.0000,-169.99,1.0,-5.5807,0.4000,0.0196
150,-0.0071,-0.038,1.0109,2.0589e-05,0.0001,0.0003,0.005,209.51,6,2.8611,0.3333,0.0249,161.71,0.6,9.4082,0.2000,0.0022
151,0.12,-0.0377,1.0818,2.0589e-05,0.0004,0.0003,0.005,1014.15,1,0.0000,1.0000,0.0000,-413.46,0.4,0.0000,0.0000,0.0413
152,-0.1251,-0.0387,0.8898,2.0589e-05,0.0002,0.0003,0.005,-1523.22,7,-15.7725,0.1429,0.1523,-587.56,4.6,-6.2886,0.3783,0.1181
153,0.0188,-0.035,1.0393,2.0589e-05,0.0007,0.0003,0.005,646.83,7,10.8182,0.7143,0.0138,-2091.13,20.2,-6.3484,0.3270,0.2569
154,-0.2,-0.0373,0.7984,2.0589e-05,0.0002,0.0003,0.005,-1296.84,2,-17.6668,0.0000,0.1297,-574.64,0.6,0.0000,0.2000,0.0697
155,-0.0252,-0.0414,0.9807,2.0589e-05,0.0002,0.0003,0.005,-1497.60,2,-23.6850,0.0000,0.1498,-238.62,0.4,0.0000,0.0000,0.0239
156,-0.0173,-0.0467,1.0066,2.0589e-05,0.0004,0.0003,0.005,39.18,1,0.0000,1.0000,0.0000,-20.30,0.4,0.0000,0.2000,0.0061
157,-0.1418,-0.0543,0.8719,2.0589e-05,0.0002,0.0003,0.005,-1170.37,2,-19.8629,0.0000,0.1170,-78.79,0.4,0.0000,0.2000,0.0291
158,0.1047,-0.0426,1.1065,2.0589e-05,0.0003,0.0003,0.005,-510.28,2,-24.6564,0.0000,0.0510,-236.70,0.6,-2.4346,0.1000,0.0266
159,-0.1733,-0.0555,0.8423,2.0589e-05,0.0002,0.0003,0.005,-656.83,5,-73.1703,0.0000,0.0657,-189.67,0.2,0.0000,0.0000,0.0190
160,-0.0876,-0.0576,0.8934,1.8530e-05,0.0002,0.0003,0.005,-918.64,1,0.0000,0.0000,0.0919,-404.22,0.6,-6.0226,0.0000,0.0404
161,0.0159,-0.0519,1.0232,1.8530e-05,0.0003,0.0003,0.005,140.68,6,1.2719,0.3333,0.0326,0.00,0.0,0.0000,0.0000,0.0000
162,-0.0877,-0.0492,0.8951,1.8530e-05,0.0001,0.0003,0.005,-197.68,3,-5.3531,0.3333,0.0342,-153.09,0.2,0.0000,0.0000,0.0153
163,-0.0874,-0.0596,0.9149,1.8530e-05,0.0001,0.0003,0.005,-821.83,6,-4.8228,0.1667,0.1167,-164.16,0.8,-1.4091,0.1000,0.0178
164,0.152,-0.0523,1.1512,1.8530e-05,0.0002,0.0003,0.005,0.00,0,0.0000,0.0000,0.0000,51.62,2.4,5.1413,0.6000,0.0723
165,-0.0323,-0.0476,0.9775,1.8530e-05,0.0002,0.0003,0.005,-184.14,2,-17.8845,0.0000,0.0184,-488.27,3.0,-15.1955,0.2700,0.0524
166,0.0634,-0.0459,1.0572,1.8530e-05,0.0001,0.0003,0.005,-99.41,3,-3.4774,0.3333,0.0217,-742.73,1.0,-3.0321,0.0000,0.0743
167,-0.2019,-0.0512,0.8418,1.8530e-05,0.0005,0.0003,0.005,-1563.14,5,-26.7263,0.0000,0.1563,-310.66,1.6,-5.6162,0.1667,0.0357
168,-0.0189,-0.0542,0.9933,1.8530e-05,0.0002,0.0003,0.005,82.94,3,2.3277,0.6667,0.0233,-400.00,2.2,-79.3974,0.0000,0.0400
169,-0.1614,-0.0559,0.8301,1.8530e-05,0.0002,0.0003,0.005,-2081.10,3,-11.5338,0.3333,0.2081,0.00,0.0,0.0000,0.0000,0.0000
170,0.0426,-0.0485,1.0255,1.6677e-05,0.0003,0.0003,0.005,111.99,3,2.7688,0.6667,0.0225,-310.04,0.6,-12.5642,0.0000,0.0310
171,-0.0216,-0.043,1.0164,1.6677e-05,0.0002,0.0003,0.005,693.74,4,5.2908,0.5000,0.0284,-356.52,0.8,-4.0639,0.0000,0.0357
172,-0.1223,-0.0485,0.9224,1.6677e-05,0.0002,0.0002,0.005,-856.22,2,-45.1136,0.0000,0.0856,67.51,0.6,4.8495,0.2000,0.0086
173,-0.1063,-0.0468,0.9754,1.6677e-05,0.0002,0.0002,0.005,-455.41,4,-5.9736,0.5000,0.0774,0.00,0.0,0.0000,0.0000,0.0000
174,-0.0761,-0.047,0.9247,1.6677e-05,0.0003,0.0002,0.005,-542.88,5,-5.8751,0.6000,0.0660,170.26,1.0,-87.7068,0.3000,0.0262
175,-0.0745,-0.0497,0.9092,1.6677e-05,0.0002,0.0003,0.005,-260.73,1,0.0000,0.0000,0.0261,-140.84,0.2,0.0000,0.0000,0.0141
176,-0.2248,-0.0635,0.7945,1.6677e-05,0.0001,0.0002,0.005,-1095.84,5,-22.1124,0.0000,0.1096,-240.33,0.2,0.0000,0.0000,0.0240
177,0.332,-0.0452,1.3312,1.6677e-05,0.0002,0.0002,0.005,3508.37,4,17.9961,1.0000,0.0000,-8.22,0.8,-0.8420,0.2667,0.0184
178,-0.2061,-0.0542,0.8312,1.6677e-05,0.0001,0.0002,0.005,-1464.13,2,-82.5127,0.0000,0.1464,-94.42,0.2,0.0000,0.0000,0.0094
179,0.0219,-0.0454,1.0401,1.6677e-05,0.0006,0.0002,0.005,416.71,5,3.4422,0.6000,0.0523,-77.05,1.8,-0.6561,0.5333,0.0496
180,0.0641,-0.0418,1.0801,1.5009e-05,0.0001,0.0002,0.005,1367.34,6,3.5075,0.3333,0.1247,16.92,0.2,0.0000,0.2000,0.0000
181,-0.1405,-0.0467,0.8559,1.5009e-05,0.0004,0.0002,0.005,-1414.55,5,-8.4804,0.4000,0.1465,0.00,0.0,0.0000,0.0000,0.0000
182,-0.0867,-0.0445,0.8915,1.5009e-05,0.0003,0.0002,0.005,-1181.47,2,-13.1930,0.5000,0.1286,0.00,0.0,0.0000,0.0000,0.0000
183,0.0929,-0.045,1.0919,1.5009e-05,0.0002,0.0002,0.005,0.00,0,0.0000,0.0000,0.0000,-32.67,0.2,0.0000,0.0000,0.0033
184,-0.2269,-0.0471,0.7948,1.5009e-05,0.0003,0.0002,0.005,-1724.55,4,-18.3927,0.0000,0.1725,-221.04,0.2,0.0000,0.0000,0.0221
185,-0.0141,-0.0442,0.9924,1.5009e-05,0.0004,0.0002,0.005,519.58,2,5.1388,0.5000,0.0491,-307.47,0.4,0.0000,0.0000,0.0307
186,0.0933,-0.0411,1.0928,1.5009e-05,0.0004,0.0002,0.005,2527.59,4,25.7697,1.0000,0.0000,-464.44,0.6,0.0000,0.0000,0.0464
187,0.0282,-0.0365,0.9753,1.5009e-05,0.0007,0.0003,0.005,-213.69,2,-32.1405,0.0000,0.0214,-139.59,0.2,0.0000,0.0000,0.0140
188,-0.0032,-0.0331,1.0044,1.5009e-05,0.0001,0.0003,0.005,27.15,1,0.0000,1.0000,0.0000,124.63,0.4,0.0000,0.4000,0.0000
189,-0.0287,-0.0403,1.0023,1.5009e-05,0.0004,0.0003,0.005,0.00,0,0.0000,0.0000,0.0000,-544.51,8.0,-2.2790,0.3210,0.1627
190,0.0412,-0.0374,1.0000,1.3509e-05,0.0002,0.0003,0.005,98.97,1,0.0000,1.0000,0.0000,195.80,0.4,0.0000,0.4000,0.0000
191,-0.0795,-0.0431,0.9465,1.3509e-05,0.0003,0.0003,0.005,-601.18,2,-29.1562,0.0000,0.0601,-405.17,0.6,-5.8032,0.0000,0.0405
192,0.151,-0.029,1.1401,1.3509e-05,0.0004,0.0003,0.005,162.63,7,0.6975,0.7143,0.1080,-4.64,0.2,0.0000,0.0000,0.0005
193,-0.2073,-0.0365,0.8132,1.3509e-05,0.0003,0.0003,0.005,-1752.75,3,-17.9260,0.0000,0.1753,255.05,0.6,30.0300,0.2000,0.0011
194,-0.068,-0.0328,0.9445,1.3509e-05,0.0002,0.0003,0.005,-234.79,2,-5.0903,0.5000,0.0472,0.00,0.0,0.0000,0.0000,0.0000
195,-0.1322,-0.0398,0.9058,1.3509e-05,0.0002,0.0003,0.005,-594.16,2,-32.6094,0.0000,0.0594,-52.30,0.4,-0.4335,0.1000,0.0218
196,-0.0837,-0.0423,0.9150,1.3509e-05,0.0002,0.0003,0.005,-713.33,2,-6.8305,0.5000,0.1186,49.66,0.4,0.0000,0.2000,0.0071
197,0.0036,-0.0372,1.0000,1.3509e-05,0.0002,0.0003,0.005,0.00,0,0.0000,0.0000,0.0000,-142.83,0.8,1.2353,0.1000,0.0199
198,0.0805,-0.0297,1.0780,1.3509e-05,0.0005,0.0003,0.005,0.00,0,0.0000,0.0000,0.0000,-301.42,0.6,-10.6646,0.0000,0.0301
199,0.0684,-0.024,1.0795,1.3509e-05,0.0004,0.0003,0.005,643.72,3,8.5234,0.6667,0.0290,24.14,0.2,0.0000,0.2000,0.0000
200,-0.0147,-0.0216,1.0187,1.2158e-05,0.0003,0.0003,0.005,262.12,2,9.3123,0.5000,0.0089,68.38,0.2,0.0000,0.2000,0.0000
201,0.0582,-0.0103,1.0000,1.2158e-05,0.0003,0.0003,0.005,0.00,0,0.0000,0.0000,0.0000,-10.48,0.2,0.0000,0.0000,0.0010
202,0.0386,-0.022,0.9960,1.2158e-05,0.0002,0.0003,0.005,-84.36,1,0.0000,0.0000,0.0084,-66.06,0.8,-0.9951,0.1000,0.0082
203,0.0306,-0.0125,1.0069,1.2158e-05,0.0003,0.0003,0.005,730.69,4,4.6482,0.5000,0.0432,-289.94,0.2,0.0000,0.0000,0.0290
204,-0.2581,-0.0237,0.7675,1.2158e-05,0.0003,0.0003,0.005,-1910.03,6,-12.8790,0.0000,0.1910,-250.51,0.2,0.0000,0.0000,0.0251
205,-0.1338,-0.0316,0.8621,1.2158e-05,0.0001,0.0003,0.005,-295.05,1,0.0000,0.0000,0.0295,-145.06,0.4,-1.6736,0.1000,0.0210
206,0.1188,-0.0213,1.1452,1.2158e-05,0.0003,0.0003,0.005,1432.36,3,16.7312,0.6667,0.0114,0.00,0.0,0.0000,0.0000,0.0000
207,-0.0361,-0.0192,0.9780,1.2158e-05,0.0002,0.0003,0.005,0.00,0,0.0000,0.0000,0.0000,-130.05,0.2,0.0000,0.0000,0.0130
208,0.1209,-0.0181,1.1145,1.2158e-05,0.0003,0.0003,0.005,956.99,6,5.0001,0.6667,0.0490,-99.57,3.0,-11.2937,0.1833,0.0325
209,-0.0077,-0.0094,0.9953,1.2158e-05,0.0002,0.0003,0.005,7.93,1,0.0000,1.0000,0.0000,-2259.29,22.2,-7.7573,0.1908,0.2530
210,0.0514,-0.0067,1.0165,1.0942e-05,0.0001,0.0003,0.005,-377.31,4,-4.3923,0.5000,0.0582,-120.73,0.2,0.0000,0.0000,0.0121
211,-0.0407,-0.0121,0.9596,1.0942e-05,0.0001,0.0003,0.005,-200.01,4,-1.3712,0.2500,0.0797,-904.52,13.0,-3.8590,0.4303,0.1795
212,-0.1522,-0.0193,0.9076,1.0942e-05,0.0001,0.0002,0.005,-854.41,1,0.0000,0.0000,0.0854,51.22,0.2,0.0000,0.2000,0.0000
213,0.0012,-0.0191,0.9681,1.0942e-05,0.0002,0.0003,0.005,-105.69,5,-1.1184,0.2000,0.0614,-925.35,7.0,-7.0736,0.3821,0.1541
214,-0.1775,-0.0251,0.8481,1.0942e-05,0.0004,0.0003,0.005,-1193.44,3,-20.5860,0.0000,0.1193,-377.67,0.8,-4.8983,0.2000,0.0430
215,0.2091,-0.0184,1.2235,1.0942e-05,0.0001,0.0002,0.005,2615.23,2,16.9262,1.0000,0.0000,-262.14,0.6,-4.9164,0.0000,0.0262
216,0.0898,-0.0116,1.1341,1.0942e-05,0.0004,0.0003,0.005,0.00,0,0.0000,0.0000,0.0000,-887.84,0.6,0.0000,0.0000,0.0888
217,-0.3171,-0.0303,0.7116,1.0942e-05,0.0002,0.0002,0.005,-2752.65,2,-23.0173,0.0000,0.2753,0.00,0.0,0.0000,0.0000,0.0000
218,0.113,-0.0175,1.1074,1.0942e-05,0.0002,0.0002,0.005,-403.82,1,0.0000,0.0000,0.0404,0.00,0.0,0.0000,0.0000,0.0000
219,0.1022,-0.0107,1.1017,1.0942e-05,0.0002,0.0002,0.005,0.00,0,0.0000,0.0000,0.0000,0.00,0.0,0.0000,0.0000,0.0000
220,-0.1871,-0.0129,0.8289,9.8477e-06,0.0002,0.0002,0.005,-2060.88,3,-60.9902,0.0000,0.2061,-21.42,0.4,0.0000,0.2000,0.0037
221,-0.0261,-0.0106,0.9967,9.8477e-06,0.0003,0.0002,0.005,1790.30,2,25.5338,1.0000,0.0000,-238.95,0.2,0.0000,0.0000,0.0239
222,-0.1269,-0.0158,0.8983,9.8477e-06,0.0003,0.0002,0.005,-982.95,1,0.0000,0.0000,0.0983,-2512.42,22.6,-7.0257,0.3404,0.2928
223,0.0765,-0.016,1.0702,9.8477e-06,0.0002,0.0002,0.005,619.83,2,13.4554,0.5000,0.0056,-150.22,0.2,0.0000,0.0000,0.0150
224,0.0291,-0.0175,1.0062,9.8477e-06,0.0002,0.0002,0.005,129.69,2,5.4109,0.5000,0.0125,-427.67,0.4,0.0000,0.0000,0.0428
225,0.1436,-0.0112,1.1492,9.8477e-06,0.0004,0.0002,0.005,1665.89,2,18.0173,1.0000,0.0000,104.67,0.6,0.0000,0.2000,0.0047
226,-0.0212,-0.0144,0.9732,9.8477e-06,0.0002,0.0002,0.005,-234.17,2,-13.2775,0.5000,0.0256,-87.68,0.6,0.0000,0.2000,0.0092
227,0.0698,-0.0131,1.0952,9.8477e-06,0.0002,0.0002,0.005,1339.27,2,18.7579,1.0000,0.0000,-2195.14,19.2,-6.7413,0.3167,0.2839
228,0.0153,-0.0138,0.9692,9.8477e-06,0.0001,0.0002,0.005,-802.10,6,-44.4471,0.0000,0.0802,-227.64,0.2,0.0000,0.0000,0.0228
229,0.0296,-0.0022,1.0012,9.8477e-06,0.0004,0.0002,0.005,-711.34,6,-28.6132,0.0000,0.0711,91.78,0.6,-1.1932,0.3000,0.0231
230,-0.3063,-0.0091,0.7307,8.8629e-06,0.0002,0.0002,0.005,0.00,0,0.0000,0.0000,0.0000,0.00,0.0,0.0000,0.0000,0.0000
231,0.0166,-0.0132,0.9821,8.8629e-06,0.0001,0.0002,0.005,-85.15,4,-4.9882,0.2500,0.0170,-108.49,0.6,0.0000,0.0000,0.0108
232,0.0139,-0.0112,0.9933,8.8629e-06,0.0005,0.0002,0.005,-223.41,1,0.0000,0.0000,0.0223,-229.91,0.8,0.0000,0.4000,0.0303
233,-0.0753,-0.0191,0.9297,8.8629e-06,0.0002,0.0002,0.005,-519.18,2,-66.1434,0.0000,0.0519,-42.27,1.2,0.6853,0.3000,0.0359
234,-0.0495,-0.0208,0.9764,8.8629e-06,0.0001,0.0002,0.005,-268.58,2,-2.0915,0.5000,0.1154,278.47,0.4,0.0000,0.2000,0.0029
235,0.0194,-0.022,1.0000,8.8629e-06,0.0002,0.0002,0.005,0.00,0,0.0000,0.0000,0.0000,66.46,0.4,0.0000,0.2000,0.0005
236,0.0718,-0.0175,1.0199,8.8629e-06,0.0006,0.0002,0.005,989.96,5,6.4790,0.6000,0.0122,-1216.32,8.0,-18.5850,0.1952,0.1299
237,0.076,-0.0084,1.0411,8.8629e-06,0.0003,0.0003,0.005,118.27,6,0.9371,0.3333,0.0506,192.62,1.8,-1.8019,0.3667,0.0580
238,-0.2266,-0.0175,0.8239,8.8629e-06,0.0001,0.0003,0.005,-1671.52,3,-8.8936,0.3333,0.2054,-15.31,0.2,0.0000,0.0000,0.0015
239,-0.0801,-0.0136,0.9244,8.8629e-06,0.0002,0.0002,0.005,-1067.88,1,0.0000,0.0000,0.1068,-121.68,0.2,0.0000,0.0000,0.0122
240,-0.0284,-0.0231,0.9816,7.9766e-06,0.0002,0.0002,0.005,-635.79,5,-4.7746,0.2000,0.1064,-182.21,0.4,-2.1184,0.1000,0.0228
241,0.3202,-0.0139,1.3570,7.9766e-06,0.0003,0.0002,0.005,3312.12,1,0.0000,1.0000,0.0000,-32.67,0.2,0.0000,0.0000,0.0033
242,-0.1101,-0.0056,0.8614,7.9766e-06,0.0002,0.0002,0.005,-1225.60,1,0.0000,0.0000,0.1226,47.20,1.0,0.4525,0.3333,0.0085
243,0.0624,-0.0076,1.1074,7.9766e-06,0.0002,0.0002,0.005,911.20,1,0.0000,1.0000,0.0000,-85.91,0.2,0.0000,0.0000,0.0086
244,-0.141,-0.0174,0.9407,7.9766e-06,0.0001,0.0002,0.005,-684.31,3,-12.0281,0.3333,0.0684,0.00,0.0,0.0000,0.0000,0.0000
245,-0.0584,-0.0122,0.9549,7.9766e-06,0.0004,0.0002,0.005,-246.03,1,0.0000,0.0000,0.0246,-18.56,0.2,0.0000,0.0000,0.0019
246,0.1451,-0.0054,1.1437,7.9766e-06,0.0002,0.0002,0.005,-58.42,2,-2.1408,0.5000,0.0246,174.27,0.2,0.0000,0.2000,0.0000
247,0.2118,0.0082,1.2243,7.9766e-06,0.0002,0.0002,0.005,2214.33,1,0.0000,1.0000,0.0000,-52.29,0.8,0.8442,0.3000,0.0225
248,-0.0917,0.0014,0.9114,7.9766e-06,0.0003,0.0002,0.005,-901.79,1,0.0000,0.0000,0.0902,-53.50,0.2,0.0000,0.0000,0.0053
249,0.1586,0.0066,1.1703,7.9766e-06,0.0001,0.0002,0.005,18.80,2,7.4248,0.5000,0.0011,-342.95,0.4,0.0000,0.0000,0.0343
250,0.1184,0.0056,1.1186,7.1790e-06,0.0002,0.0002,0.005,0.00,0,0.0000,0.0000,0.0000,-400.46,0.6,-1.8412,0.1000,0.0472
251,-0.1133,0.0019,0.8946,7.1790e-06,0.0013,0.0003,0.005,-553.52,2,-29.3626,0.0000,0.0554,-478.35,0.8,0.0000,0.0000,0.0478
252,-0.1024,-0.005,0.9447,7.1790e-06,0.0002,0.0003,0.005,-160.16,2,-10.7560,0.5000,0.0198,-151.89,0.2,0.0000,0.0000,0.0152
253,0.0694,-0.0028,1.0000,7.1790e-06,0.0002,0.0003,0.005,0.00,0,0.0000,0.0000,0.0000,59.69,0.2,0.0000,0.2000,0.0000
254,-0.0964,-0.0078,0.8909,7.1790e-06,0.0002,0.0003,0.005,-1096.30,1,0.0000,0.0000,0.1096,-88.99,0.4,0.0000,0.2000,0.0168
255,0.0271,0.0055,0.9953,7.1790e-06,0.0001,0.0003,0.005,-71.06,2,-0.7586,0.5000,0.0728,-146.25,0.2,0.0000,0.0000,0.0146
256,-0.0431,0.0031,0.9818,7.1790e-06,0.0002,0.0003,0.005,-163.36,4,-7.1427,0.2500,0.0248,-177.94,0.4,-3.0248,0.1000,0.0182
257,-0.2137,-0.006,0.7847,7.1790e-06,0.0003,0.0003,0.005,-128.24,1,0.0000,0.0000,0.0128,-67.99,0.2,0.0000,0.0000,0.0068
258,-0.0258,-0.004,0.9786,7.1790e-06,0.0001,0.0003,0.005,108.86,3,0.7787,0.6667,0.0975,241.70,0.6,7.2792,0.2000,0.0040
259,0.0088,-0.0017,0.9828,7.1790e-06,0.0002,0.0003,0.005,-386.74,1,0.0000,0.0000,0.0387,-68.04,0.2,0.0000,0.0000,0.0068
260,-0.3498,-0.0164,0.6961,6.4611e-06,0.0002,0.0003,0.005,-99.97,1,0.0000,0.0000,0.0100,-138.39,0.6,0.0000,0.2000,0.0179
261,-0.106,-0.0236,0.9232,6.4611e-06,0.0001,0.0002,0.005,0.45,3,0.0087,0.6667,0.0387,55.83,0.6,1.2626,0.3000,0.0027
262,-0.0698,-0.0294,0.9343,6.4611e-06,0.0005,0.0003,0.005,-673.72,4,-31.2653,0.0000,0.0674,232.39,0.4,8.6814,0.2000,0.0000
263,-0.0774,-0.0234,0.9187,6.4611e-06,0.0004,0.0003,0.005,-705.18,3,-13.0570,0.3333,0.0798,-84.58,0.2,0.0000,0.0000,0.0085
264,-0.1739,-0.0272,0.8552,6.4611e-06,0.0002,0.0003,0.005,-457.50,6,-15.6385,0.1667,0.0483,-401.01,0.4,0.0000,0.0000,0.0401
265,-0.1182,-0.0308,0.8812,6.4611e-06,0.0002,0.0003,0.005,-278.15,3,-10.6080,0.3333,0.0336,151.78,1.0,2.5051,0.1000,0.0193
266,0.0649,-0.041,1.0566,6.4611e-06,0.0003,0.0003,0.005,312.05,1,0.0000,1.0000,0.0000,-137.14,0.4,0.0000,0.0000,0.0137
267,0.214,-0.028,1.2329,6.4611e-06,0.0001,0.0003,0.005,0.00,0,0.0000,0.0000,0.0000,-203.79,0.4,0.0000,0.0000,0.0204
268,-0.0773,-0.0336,0.9158,6.4611e-06,0.0001,0.0003,0.005,0.00,0,0.0000,0.0000,0.0000,-486.07,1.2,-8.4143,0.0500,0.0508
269,-0.3905,-0.0436,0.6652,6.4611e-06,0.0002,0.0003,0.005,-1719.36,2,-18.0762,0.0000,0.1719,-59.02,0.2,0.0000,0.0000,0.0059
270,0.12,-0.0364,1.1480,5.8150e-06,0.0003,0.0003,0.005,1554.65,4,9.8962,0.7500,0.0086,0.00,0.0,0.0000,0.0000,0.0000
271,-0.0107,-0.0427,1.0000,5.8150e-06,0.0002,0.0003,0.005,0.00,0,0.0000,0.0000,0.0000,17.01,0.4,0.8189,0.1000,0.0024
272,0.1662,-0.0445,1.0573,5.8150e-06,0.0002,0.0003,0.005,536.81,2,158.9681,1.0000,0.0000,0.00,0.0,0.0000,0.0000,0.0000
273,-0.0221,-0.0417,1.0000,5.8150e-06,0.0002,0.0003,0.005,0.00,0,0.0000,0.0000,0.0000,0.00,0.0,0.0000,0.0000,0.0000
274,-0.0511,-0.0501,0.9439,5.8150e-06,0.0002,0.0003,0.005,-287.09,9,-0.8902,0.3333,0.1573,4.11,0.2,0.0000,0.2000,0.0000
275,0.0617,-0.0524,1.0000,5.8150e-06,0.0004,0.0003,0.005,0.00,0,0.0000,0.0000,0.0000,-113.71,0.4,-3.8853,0.0000,0.0114
276,0.0868,-0.0444,1.0000,5.8150e-06,0.0002,0.0002,0.005,0.00,0,0.0000,0.0000,0.0000,8.54,0.2,0.0000,0.2000,0.0000
277,-0.0657,-0.0429,0.9411,5.8150e-06,0.0002,0.0002,0.005,-639.86,3,-12.0154,0.3333,0.0640,0.00,0.0,0.0000,0.0000,0.0000
278,0.1995,-0.0377,1.2126,5.8150e-06,0.0002,0.0002,0.005,2470.13,2,15.7433,0.5000,0.0010,0.00,0.0,0.0000,0.0000,0.0000
279,0.0161,-0.0332,0.9811,5.8150e-06,0.0003,0.0002,0.005,-149.06,2,-53.6090,0.0000,0.0149,0.00,0.0,0.0000,0.0000,0.0000
280,0.1098,-0.0299,1.1053,5.2335e-06,0.0001,0.0002,0.005,0.00,0,0.0000,0.0000,0.0000,-407.45,0.4,-112.2193,0.0000,0.0407
281,0.1025,-0.0241,1.0959,5.2335e-06,0.0001,0.0002,0.005,0.00,0,0.0000,0.0000,0.0000,-695.49,0.4,0.0000,0.0000,0.0695
282,0.0627,-0.013,1.0318,5.2335e-06,0.0003,0.0002,0.005,-200.52,1,0.0000,0.0000,0.0201,-171.71,0.8,0.1468,0.3000,0.0418
283,-0.088,-0.0155,0.8980,5.2335e-06,0.0004,0.0002,0.005,-844.14,2,-11.5678,0.5000,0.1001,-733.52,2.2,-11.9214,0.1667,0.0833
284,-0.0932,-0.0196,0.9536,5.2335e-06,0.0002,0.0002,0.005,-364.18,1,0.0000,0.0000,0.0364,-2167.93,21.4,-7.6403,0.2956,0.2426
285,0.0063,-0.0053,0.9779,5.2335e-06,0.0003,0.0002,0.005,231.72,1,0.0000,1.0000,0.0000,-290.89,0.2,0.0000,0.0000,0.0291
286,-0.0043,-0.0013,0.9709,5.2335e-06,0.0002,0.0002,0.005,-472.86,1,0.0000,0.0000,0.0473,-99.40,0.2,0.0000,0.0000,0.0099
287,-0.0201,0.0007,0.9406,5.2335e-06,0.0001,0.0002,0.005,-331.42,2,-14.7581,0.5000,0.0344,-171.39,0.2,0.0000,0.0000,0.0171
288,-0.0355,0.0024,0.9497,5.2335e-06,0.0002,0.0002,0.005,-638.78,2,-51.8810,0.0000,0.0639,-138.90,0.4,0.0000,0.0000,0.0139
289,0.0989,0.0133,1.0810,5.2335e-06,0.0002,0.0002,0.005,607.55,5,5.3184,0.6000,0.0301,38.73,0.2,0.0000,0.2000,0.0000
290,0.1045,0.0222,1.0553,4.7101e-06,0.0004,0.0002,0.005,954.85,2,12.1690,0.5000,0.0145,-223.86,0.4,0.0000,0.0000,0.0224
291,0.0011,0.0197,1.0000,4.7101e-06,0.0001,0.0002,0.005,0.00,0,0.0000,0.0000,0.0000,24.83,0.4,0.0000,0.2000,0.0060
292,0.0124,0.0116,1.0000,4.7101e-06,0.0002,0.0002,0.005,0.00,0,0.0000,0.0000,0.0000,38.80,0.2,0.0000,0.2000,0.0000
293,-0.0732,0.0118,0.9574,4.7101e-06,0.0001,0.0002,0.005,-773.30,2,-130.0161,0.0000,0.0773,38.88,0.6,2.9400,0.1000,0.0153
294,0.0061,0.0276,1.0000,4.7101e-06,0.0002,0.0002,0.005,0.00,0,0.0000,0.0000,0.0000,55.62,0.4,0.0000,0.2000,0.0032
295,0.1532,0.029,1.1258,4.7101e-06,0.0002,0.0002,0.005,-548.77,1,0.0000,0.0000,0.0549,0.00,0.0,0.0000,0.0000,0.0000
296,-0.0876,0.0259,0.9091,4.7101e-06,0.0002,0.0002,0.005,0.00,0,0.0000,0.0000,0.0000,-185.21,0.8,1.9647,0.1000,0.0210
297,0.1235,0.0242,1.1110,4.7101e-06,0.0004,0.0002,0.005,0.00,0,0.0000,0.0000,0.0000,-542.25,0.6,-3.3796,0.0000,0.0542
298,-0.1597,0.0187,0.8468,4.7101e-06,0.0001,0.0002,0.005,0.00,0,0.0000,0.0000,0.0000,-722.96,1.4,-3.2175,0.1667,0.0904
299,-0.1628,0.0142,0.8831,4.7101e-06,0.0002,0.0002,0.005,-828.32,4,-11.9397,0.0000,0.0828,0.00,0.0,0.0000,0.0000,0.0000
300,0.0441,0.0135,1.0000,4.2391e-06,0.0002,0.0002,0.005,0.00,0,0.0000,0.0000,0.0000,-211.89,0.6,-10.5361,0.0000,0.0212
301,-0.0528,0.0079,0.9497,4.2391e-06,0.0001,0.0002,0.005,-299.43,4,-15.0540,0.2500,0.0350,0.00,0.0,0.0000,0.0000,0.0000
302,0.061,0.013,1.0000,4.2391e-06,0.0002,0.0002,0.005,0.00,0,0.0000,0.0000,0.0000,-123.39,0.6,-0.0455,0.1000,0.0189
303,0.0428,0.0067,1.0000,4.2391e-06,0.0002,0.0002,0.005,0.00,0,0.0000,0.0000,0.0000,-1408.28,9.6,-14.0905,0.3406,0.1602
304,-0.1266,0.001,0.8673,4.2391e-06,0.0002,0.0002,0.005,-1100.39,7,-7.3751,0.4286,0.1567,-118.12,0.4,0.0000,0.0000,0.0118
305,-0.1407,-0.009,0.8833,4.2391e-06,0.0002,0.0002,0.005,-1350.51,8,-19.5081,0.1250,0.1351,-668.08,4.8,-22.2594,0.0286,0.0668
306,-0.1419,-0.0188,0.8882,4.2391e-06,0.0002,0.0002,0.005,0.00,0,0.0000,0.0000,0.0000,124.59,0.2,0.0000,0.2000,0.0000
307,-0.0451,-0.0231,0.9444,4.2391e-06,0.0002,0.0002,0.005,-879.19,2,-30.6344,0.0000,0.0879,33.41,0.6,0.5365,0.3000,0.0021
308,0.0662,-0.0169,1.0639,4.2391e-06,0.0001,0.0002,0.005,0.00,0,0.0000,0.0000,0.0000,-256.42,0.4,0.0000,0.0000,0.0256
309,0.1437,-0.0075,1.1336,4.2391e-06,0.0001,0.0002,0.005,-197.91,1,0.0000,0.0000,0.0198,0.00,0.0,0.0000,0.0000,0.0000
310,-0.0099,-0.0081,0.9746,3.8152e-06,0.0001,0.0002,0.005,0.00,0,0.0000,0.0000,0.0000,-164.29,0.4,0.0000,0.0000,0.0164
311,0.1292,-0.0028,1.1323,3.8152e-06,0.0003,0.0002,0.005,1267.06,1,0.0000,1.0000,0.0000,-8.31,0.4,0.0000,0.2000,0.0053
312,0.0298,-0.0008,0.9635,3.8152e-06,0.0001,0.0002,0.005,-587.78,2,-16.4475,0.0000,0.0588,-95.03,0.2,0.0000,0.0000,0.0095
313,0.0624,0.0031,1.0694,3.8152e-06,0.0001,0.0002,0.005,0.00,0,0.0000,0.0000,0.0000,119.50,0.4,1.1042,0.1000,0.0112
314,0.006,-0.0006,0.9548,3.8152e-06,0.0002,0.0002,0.005,0.00,0,0.0000,0.0000,0.0000,-438.02,0.6,0.0000,0.0000,0.0438
315,-0.057,-0.007,0.9324,3.8152e-06,0.0003,0.0002,0.005,0.00,0,0.0000,0.0000,0.0000,155.03,0.2,0.0000,0.2000,0.0000
316,-0.2316,-0.0163,0.7867,3.8152e-06,0.0004,0.0002,0.005,-2105.74,5,-8.9163,0.2000,0.2140,-53.16,1.0,12.8709,0.2000,0.0244
317,-0.1015,-0.0209,0.8966,3.8152e-06,0.0009,0.0002,0.005,206.92,3,3.6056,0.3333,0.0288,-1830.23,14.4,-21.0456,0.0812,0.1871
318,-0.0234,-0.0189,0.9976,3.8152e-06,0.0002,0.0002,0.005,0.00,0,0.0000,0.0000,0.0000,-869.65,7.2,-6.7512,0.3770,0.1662
319,-0.0952,-0.023,0.8917,3.8152e-06,0.0004,0.0002,0.005,569.49,1,0.0000,1.0000,0.0000,-288.30,0.2,0.0000,0.0000,0.0288
320,-0.0709,-0.0319,0.9187,3.4337e-06,0.0002,0.0002,0.005,-606.75,11,-4.5586,0.1818,0.0998,-178.15,0.4,-2.1868,0.1000,0.0214
321,-0.0887,-0.032,0.9067,3.4337e-06,0.0004,0.0002,0.005,0.00,0,0.0000,0.0000,0.0000,69.82,0.4,0.0000,0.2000,0.0186
322,-0.1036,-0.041,0.9017,3.4337e-06,0.0002,0.0002,0.005,0.00,0,0.0000,0.0000,0.0000,0.00,0.0,0.0000,0.0000,0.0000
323,0.0466,-0.0328,0.9975,3.4337e-06,0.0002,0.0002,0.005,-131.55,1,0.0000,0.0000,0.0132,112.32,0.4,0.0000,0.4000,0.0000
324,-0.0296,-0.0275,0.9389,3.4337e-06,0.0001,0.0002,0.005,0.00,0,0.0000,0.0000,0.0000,-155.22,0.6,-0.4159,0.1000,0.0342
325,0.0861,-0.0258,1.0815,3.4337e-06,0.0003,0.0002,0.005,1190.13,4,13.3754,0.7500,0.0015,357.66,0.6,0.0000,0.6000,0.0000
326,-0.024,-0.0246,1.0000,3.4337e-06,0.0001,0.0002,0.005,0.00,0,0.0000,0.0000,0.0000,0.00,0.0,0.0000,0.0000,0.0000
327,-0.1417,-0.0327,0.8605,3.4337e-06,0.0002,0.0002,0.005,-1248.86,1,0.0000,0.0000,0.1249,-28.13,0.4,0.0000,0.2000,0.0037
328,-0.1185,-0.0392,0.8910,3.4337e-06,0.0004,0.0002,0.005,0.00,0,0.0000,0.0000,0.0000,-423.13,0.6,-1.4554,0.1000,0.0503
329,0.1613,-0.0277,1.1517,3.4337e-06,0.0002,0.0002,0.005,692.35,4,4.8583,0.7500,0.0427,-412.22,0.6,0.0000,0.0000,0.0412
330,0.17,-0.0153,1.1648,3.0903e-06,0.0001,0.0002,0.005,0.00,0,0.0000,0.0000,0.0000,-112.12,0.6,2.5243,0.1000,0.0157
331,0.0605,-0.0072,1.0454,3.0903e-06,0.0002,0.0002,0.005,1189.34,1,0.0000,1.0000,0.0000,1.22,0.6,0.1990,0.1000,0.0202
332,-0.0254,-0.0064,0.9449,3.0903e-06,0.0002,0.0002,0.005,-932.72,8,-9.8864,0.2500,0.0947,-1558.25,16.8,-4.8676,0.2935,0.2275
333,0.009,-0.0087,0.9674,3.0903e-06,0.0003,0.0002,0.005,-1261.20,7,-14.4607,0.1429,0.1261,-609.15,0.8,0.0000,0.2000,0.0639
334,-0.104,-0.0186,0.8813,3.0903e-06,0.0002,0.0003,0.005,545.52,1,0.0000,1.0000,0.0000,-61.31,0.6,0.0000,0.4000,0.0173
335,0.0538,-0.016,1.0363,3.0903e-06,0.0002,0.0003,0.005,464.35,1,0.0000,1.0000,0.0000,-60.55,0.2,0.0000,0.0000,0.0061
336,-0.0836,-0.0245,0.9233,3.0903e-06,0.0003,0.0003,0.005,-660.21,4,-17.2077,0.2500,0.0749,-118.09,0.2,0.0000,0.0000,0.0118
337,-0.0748,-0.0287,0.9183,3.0903e-06,0.0002,0.0003,0.005,0.00,0,0.0000,0.0000,0.0000,-262.56,0.4,0.0000,0.0000,0.0263
338,0.0039,-0.0311,0.9696,3.0903e-06,0.0002,0.0003,0.005,-352.81,4,-18.5703,0.2500,0.0360,-625.29,1.6,-5.2189,0.3667,0.0824
339,0.0083,-0.031,1.0037,3.0903e-06,0.0004,0.0003,0.005,0.00,0,0.0000,0.0000,0.0000,-29.28,0.2,0.0000,0.0000,0.0029
340,-0.0863,-0.0321,0.9064,2.7813e-06,0.0003,0.0003,0.005,-1187.41,1,0.0000,0.0000,0.1187,-2486.29,25.4,-6.2754,0.3585,0.2800
341,-0.1685,-0.0296,0.8720,2.7813e-06,0.0002,0.0003,0.005,-1178.33,5,-8.2912,0.2000,0.1369,-367.76,0.8,-6.0801,0.0000,0.0368
342,0.0136,-0.025,1.0293,2.7813e-06,0.0003,0.0002,0.005,-46.29,1,0.0000,0.0000,0.0046,-372.80,1.0,-3.7074,0.1000,0.0601
343,-0.0649,-0.0267,0.9182,2.7813e-06,0.0002,0.0002,0.005,-787.96,2,-20.2893,0.0000,0.0788,-210.54,0.6,-25.9003,0.0000,0.0211
344,-0.0369,-0.0243,0.9769,2.7813e-06,0.0002,0.0002,0.005,0.00,0,0.0000,0.0000,0.0000,187.12,0.4,2.2336,0.1000,0.0039
345,-0.025,-0.0225,1.0292,2.7813e-06,0.0006,0.0002,0.005,495.85,3,6.3728,0.6667,0.0250,0.00,0.0,0.0000,0.0000,0.0000
346,0.0274,-0.0179,1.0164,2.7813e-06,0.0003,0.0002,0.005,314.25,1,0.0000,1.0000,0.0000,-72.77,0.6,0.0000,0.0000,0.0073
347,0.0263,-0.0127,0.9925,2.7813e-06,0.0004,0.0003,0.005,15.97,2,3.0631,0.5000,0.0033,-197.37,0.6,0.0000,0.0000,0.0197
348,0.2504,-0.0045,1.2015,2.7813e-06,0.0002,0.0003,0.005,1955.41,1,0.0000,1.0000,0.0000,-5.20,0.4,0.0000,0.0000,0.0005
349,-0.3181,-0.016,0.7513,2.7813e-06,0.0001,0.0003,0.005,-802.65,8,-5.5705,0.2500,0.0915,0.00,0.0,0.0000,0.0000,0.0000
350,0.0109,-0.0191,1.0000,2.5032e-06,0.0001,0.0002,0.005,0.00,0,0.0000,0.0000,0.0000,-49.72,0.4,0.0000,0.0000,0.0050
351,0.0599,-0.0157,1.0124,2.5032e-06,0.0003,0.0003,0.005,184.47,1,0.0000,1.0000,0.0000,39.74,0.4,0.0000,0.2000,0.0002
352,-0.0795,-0.0132,0.9474,2.5032e-06,0.0003,0.0003,0.005,-673.54,1,0.0000,0.0000,0.0674,-41.92,0.4,0.0000,0.2000,0.0061
353,-0.1541,-0.0146,0.8550,2.5032e-06,0.0002,0.0002,0.005,0.00,0,0.0000,0.0000,0.0000,0.29,0.2,0.0000,0.2000,0.0000
354,0.1596,-0.0147,1.1133,2.5032e-06,0.0002,0.0002,0.005,1031.09,3,5.4373,0.3333,0.0614,-1675.41,19.8,-6.4300,0.3184,0.2001
355,0.1408,-0.0159,1.1397,2.5032e-06,0.0004,0.0003,0.005,-51.66,1,0.0000,0.0000,0.0052,-138.83,0.2,0.0000,0.0000,0.0139
356,0.0007,-0.0183,0.9676,2.5032e-06,0.0004,0.0003,0.005,735.24,12,3.3453,0.5000,0.0263,-479.39,0.4,0.0000,0.0000,0.0479
357,-0.0024,-0.0173,1.0287,2.5032e-06,0.0001,0.0003,0.005,-55.81,4,-1.2880,0.5000,0.0289,-261.90,0.6,-0.8407,0.1000,0.0357
358,-0.0281,-0.0188,1.0031,2.5032e-06,0.0007,0.0003,0.005,271.66,1,0.0000,1.0000,0.0000,-118.98,0.4,0.0000,0.2000,0.0180
359,0.0325,-0.0134,0.9814,2.5032e-06,0.0002,0.0003,0.005,231.37,4,4.0592,0.5000,0.0185,-376.18,1.2,-9.7936,0.2000,0.0489
360,-0.3195,-0.0283,0.7151,2.2528e-06,0.0002,0.0003,0.005,0.00,0,0.0000,0.0000,0.0000,-284.20,0.2,0.0000,0.0000,0.0284
361,-0.4189,-0.0417,0.6794,2.2528e-06,0.0003,0.0003,0.005,-2949.12,9,-7.0655,0.2222,0.2992,-248.28,0.2,0.0000,0.0000,0.0248
362,0.1319,-0.0334,1.1143,2.2528e-06,0.0003,0.0003,0.005,1317.21,6,3.0707,0.5000,0.1432,-1057.99,11.0,-5.3809,0.4085,0.1787
363,0.0103,-0.0332,1.0035,2.2528e-06,0.0003,0.0003,0.005,-1025.43,1,0.0000,0.0000,0.1025,-686.43,1.0,-9.2132,0.1000,0.0705
364,0.0124,-0.033,1.0077,2.2528e-06,0.0003,0.0003,0.005,0.00,0,0.0000,0.0000,0.0000,-12.26,0.4,0.0000,0.2000,0.0183
365,-0.0361,-0.031,0.9428,2.2528e-06,0.0002,0.0003,0.005,271.98,1,0.0000,1.0000,0.0000,-55.63,0.6,0.0000,0.2000,0.0221
366,-0.1731,-0.0312,0.8024,2.2528e-06,0.0003,0.0003,0.005,-2058.70,3,-8.3050,0.3333,0.2322,-158.73,0.6,0.0000,0.2000,0.0167
367,-0.0216,-0.0326,1.0481,2.2528e-06,0.0002,0.0003,0.005,-98.64,1,0.0000,0.0000,0.0099,-562.84,10.0,-6.5834,0.2671,0.0775
368,-0.1354,-0.0354,0.8617,2.2528e-06,0.0001,0.0003,0.005,-1191.06,2,-17.6282,0.0000,0.1191,173.57,0.6,0.0000,0.6000,0.0000
369,-0.1526,-0.0401,0.8524,2.2528e-06,0.0001,0.0003,0.005,-688.87,9,-5.2710,0.3333,0.1136,-156.52,0.2,0.0000,0.0000,0.0157
370,-0.0819,-0.0423,0.8806,2.0276e-06,0.0002,0.0003,0.005,-1109.17,2,-18.9050,0.0000,0.1109,0.00,0.0,0.0000,0.0000,0.0000
371,-0.0175,-0.0441,1.0000,2.0276e-06,0.0002,0.0003,0.005,0.00,0,0.0000,0.0000,0.0000,-2.19,0.2,0.0000,0.0000,0.0002
372,-0.0791,-0.0483,0.9487,2.0276e-06,0.0002,0.0002,0.005,-191.22,1,0.0000,0.0000,0.0191,-133.81,2.0,-4.5216,0.3500,0.0677
373,-0.0645,-0.0609,0.9398,2.0276e-06,0.0002,0.0002,0.005,-555.16,1,0.0000,0.0000,0.0555,0.00,0.0,0.0000,0.0000,0.0000
374,0.0084,-0.0479,1.0020,2.0276e-06,0.0001,0.0002,0.005,217.70,4,3.3222,0.7500,0.0341,-76.43,0.2,0.0000,0.0000,0.0076
375,0.0415,-0.0467,1.0000,2.0276e-06,0.0005,0.0003,0.005,0.00,0,0.0000,0.0000,0.0000,-13.11,0.2,0.0000,0.0000,0.0013
376,-0.0393,-0.0506,0.9934,2.0276e-06,0.0003,0.0003,0.005,-287.16,2,-20.6316,0.0000,0.0287,-2146.19,19.2,-5.9674,0.3530,0.2611
377,-0.2914,-0.0591,0.7311,2.0276e-06,0.0002,0.0003,0.005,-288.82,1,0.0000,0.0000,0.0289,-301.20,0.4,-48.9688,0.0000,0.0301
378,0.2183,-0.0442,1.2057,2.0276e-06,0.0003,0.0003,0.005,0.00,0,0.0000,0.0000,0.0000,0.00,0.0,0.0000,0.0000,0.0000
379,-0.0297,-0.0518,0.9526,2.0276e-06,0.0002,0.0003,0.005,0.00,0,0.0000,0.0000,0.0000,112.96,0.2,0.0000,0.2000,0.0000
380,0.0098,-0.057,1.0057,1.8248e-06,0.0002,0.0003,0.005,0.00,0,0.0000,0.0000,0.0000,-482.66,0.8,-1.8398,0.1000,0.0532
381,0.0496,-0.0551,1.0069,1.8248e-06,0.0003,0.0002,0.005,0.00,0,0.0000,0.0000,0.0000,-646.34,0.8,-10.0859,0.0000,0.0646
382,-0.0544,-0.0571,0.9378,1.8248e-06,0.0003,0.0003,0.005,0.00,0,0.0000,0.0000,0.0000,-225.52,0.6,-2.3652,0.1000,0.0252
383,0.1611,-0.0496,1.1708,1.8248e-06,0.0002,0.0002,0.005,0.00,0,0.0000,0.0000,0.0000,56.73,0.2,0.0000,0.2000,0.0000
384,-0.2049,-0.0591,0.8085,1.8248e-06,0.0002,0.0002,0.005,-1547.08,7,-6.3095,0.1429,0.1877,-198.28,0.6,0.0000,0.0000,0.0198
385,-0.063,-0.0488,0.9235,1.8248e-06,0.0003,0.0002,0.005,-779.05,5,-5.4744,0.2000,0.1459,-227.64,1.6,-1.1145,0.1400,0.0244
386,0.1101,-0.0276,1.1501,1.8248e-06,0.0002,0.0002,0.005,0.00,0,0.0000,0.0000,0.0000,-301.37,0.4,0.0000,0.0000,0.0301
387,-0.187,-0.0404,0.8247,1.8248e-06,0.0003,0.0002,0.005,-229.44,2,-94.1030,0.0000,0.0229,-22.79,0.2,0.0000,0.0000,0.0023
388,0.0036,-0.0407,0.9850,1.8248e-06,0.0003,0.0002,0.005,99.06,1,0.0000,1.0000,0.0000,-248.72,0.8,-4.4146,0.0000,0.0249
389,-0.1484,-0.0471,0.8535,1.8248e-06,0.0002,0.0002,0.005,0.00,0,0.0000,0.0000,0.0000,0.00,0.0,0.0000,0.0000,0.0000
390,-0.0174,-0.0464,0.9331,1.6423e-06,0.0003,0.0002,0.005,0.00,0,0.0000,0.0000,0.0000,-94.65,0.2,0.0000,0.0000,0.0095
391,-0.0384,-0.041,0.9355,1.6423e-06,0.0003,0.0002,0.005,0.00,0,0.0000,0.0000,0.0000,-423.58,1.0,-3.5022,0.2000,0.0542
392,-0.0904,-0.0437,0.9072,1.6423e-06,0.0003,0.0002,0.005,0.00,0,0.0000,0.0000,0.0000,-51.02,0.2,0.0000,0.0000,0.0051
393,-0.0916,-0.042,0.9026,1.6423e-06,0.0016,0.0003,0.005,312.96,1,0.0000,1.0000,0.0000,-358.23,0.6,-2.5654,0.1000,0.0385
394,-0.0941,-0.0396,0.9021,1.6423e-06,0.0007,0.0003,0.005,0.00,0,0.0000,0.0000,0.0000,-296.33,0.4,0.0000,0.0000,0.0296
395,-0.0321,-0.0376,0.9576,1.6423e-06,0.0002,0.0003,0.005,0.00,0,0.0000,0.0000,0.0000,-224.91,0.2,0.0000,0.0000,0.0225
396,-0.103,-0.0411,0.8867,1.6423e-06,0.0005,0.0003,0.005,0.00,0,0.0000,0.0000,0.0000,-41.42,0.4,0.0000,0.2000,0.0066
397,-0.0591,-0.0403,0.9330,1.6423e-06,0.0006,0.0004,0.005,-510.33,1,0.0000,0.0000,0.0510,-7.61,0.6,-8.4026,0.2000,0.0163
398,0.0361,-0.0362,1.0326,1.6423e-06,0.0002,0.0004,0.005,0.00,0,0.0000,0.0000,0.0000,-149.80,0.2,0.0000,0.0000,0.0150
399,-0.0729,-0.0395,0.9244,1.6423e-06,0.0003,0.0004,0.005,-900.42,1,0.0000,0.0000,0.0900,-196.56,0.4,0.0000,0.0000,0.0197
400,-0.1353,-0.0466,0.8857,1.4781e-06,0.0003,0.0004,0.005,-1519.74,4,-22.0973,0.0000,0.1520,5.35,0.4,0.5924,0.1000,0.0012
401,-0.0846,-0.0484,0.9007,1.4781e-06,0.0003,0.0004,0.005,8.00,2,0.7518,0.5000,0.0080,-237.05,0.2,0.0000,0.0000,0.0237
402,0.0696,-0.0339,1.0311,1.4781e-06,0.0004,0.0004,0.005,1066.26,8,3.9608,0.6250,0.0641,-604.96,1.8,-8.4475,0.2333,0.0822
403,-0.0753,-0.0457,0.9234,1.4781e-06,0.0002,0.0004,0.005,-1245.84,5,-15.4793,0.0000,0.1246,64.59,0.6,-2.6443,0.3000,0.0209
404,0.0021,-0.0444,0.9936,1.4781e-06,0.0001,0.0004,0.005,-263.33,1,0.0000,0.0000,0.0263,80.00,0.6,-10.9034,0.2000,0.0034
405,-0.0666,-0.0475,0.9309,1.4781e-06,0.0005,0.0004,0.005,0.00,0,0.0000,0.0000,0.0000,-118.76,0.4,0.0000,0.2000,0.0337
406,-0.0942,-0.0532,0.9205,1.4781e-06,0.0003,0.0004,0.005,-616.37,2,-7.1514,0.5000,0.0992,-75.73,0.2,0.0000,0.0000,0.0076
407,-0.1367,-0.0565,0.8620,1.4781e-06,0.0008,0.0004,0.005,-1009.82,6,-9.5845,0.3333,0.1010,0.00,0.0,0.0000,0.0000,0.0000
408,0.1148,-0.0583,1.1221,1.4781e-06,0.0002,0.0004,0.005,-71.63,1,0.0000,0.0000,0.0072,-222.83,2.0,-4.3472,0.3000,0.0833
409,-0.0745,-0.0531,0.9152,1.4781e-06,0.0002,0.0004,0.005,145.34,2,5.4388,0.5000,0.0139,0.00,0.0,0.0000,0.0000,0.0000
410,-0.2622,-0.0611,0.7707,1.3303e-06,0.0003,0.0004,0.005,-2008.30,9,-11.9345,0.1111,0.2047,-2651.80,18.2,-12.7764,0.2640,0.2827
411,-0.197,-0.0734,0.7954,1.3303e-06,0.0001,0.0004,0.005,-1515.56,13,-17.8511,0.0769,0.1543,-20.72,1.4,-3.0123,0.3333,0.0290
412,-0.1206,-0.0707,0.8908,1.3303e-06,0.0002,0.0004,0.005,0.00,0,0.0000,0.0000,0.0000,68.38,0.2,0.0000,0.2000,0.0000
413,0.1675,-0.0642,1.1739,1.3303e-06,0.0008,0.0004,0.005,0.00,0,0.0000,0.0000,0.0000,0.00,0.0,0.0000,0.0000,0.0000
414,0.1919,-0.0506,1.2032,1.3303e-06,0.0006,0.0004,0.005,0.00,0,0.0000,0.0000,0.0000,-454.53,0.6,0.0000,0.0000,0.0455
415,0.1391,-0.0443,1.1334,1.3303e-06,0.0002,0.0004,0.005,0.00,0,0.0000,0.0000,0.0000,-334.02,0.6,-1.0077,0.1000,0.0454
416,0.0525,-0.0407,1.0468,1.3303e-06,0.0004,0.0004,0.005,561.47,1,0.0000,1.0000,0.0000,37.25,0.4,0.0000,0.4000,0.0000
417,-0.3051,-0.0493,0.7352,1.3303e-06,0.0003,0.0004,0.005,-1395.50,13,-4.9652,0.3846,0.1659,-19.00,0.4,0.0000,0.2000,0.0021
418,-0.3411,-0.0592,0.6999,1.3303e-06,0.0002,0.0004,0.005,0.00,0,0.0000,0.0000,0.0000,-81.35,0.4,0.0000,0.2000,0.0150
419,0.1238,-0.0505,1.1136,1.3303e-06,0.0002,0.0003,0.005,1535.12,1,0.0000,1.0000,0.0000,-214.47,0.2,0.0000,0.0000,0.0214
420,0.0877,-0.0457,1.0852,1.1973e-06,0.0001,0.0003,0.005,0.00,0,0.0000,0.0000,0.0000,-242.45,0.2,0.0000,0.0000,0.0242
421,0.0833,-0.0383,1.0801,1.1973e-06,0.0003,0.0003,0.005,901.24,1,0.0000,1.0000,0.0000,-1055.55,13.2,-3.6971,0.3784,0.1936
422,0.1165,-0.0312,1.0361,1.1973e-06,0.0003,0.0003,0.005,-122.92,15,-0.2519,0.3333,0.1323,-1747.04,15.4,-6.1258,0.3452,0.2188
423,0.0149,-0.0321,0.9891,1.1973e-06,0.0002,0.0003,0.005,-79.11,2,-70.7921,0.0000,0.0079,-21.76,0.2,0.0000,0.0000,0.0022
424,-0.0782,-0.0323,0.9764,1.1973e-06,0.0003,0.0003,0.005,-122.31,1,0.0000,0.0000,0.0122,-78.91,0.2,0.0000,0.0000,0.0079
425,-0.0479,-0.0288,0.9318,1.1973e-06,0.0004,0.0003,0.005,-814.61,4,-15.9941,0.2500,0.0815,-1228.64,10.0,-14.5169,0.1903,0.1298
426,0.1314,-0.0202,1.1374,1.1973e-06,0.0002,0.0003,0.005,-188.04,1,0.0000,0.0000,0.0188,-182.57,0.2,0.0000,0.0000,0.0183
427,-0.2708,-0.0338,0.7470,1.1973e-06,0.0002,0.0003,0.005,-1884.46,4,-10.2058,0.0000,0.1884,-2267.45,21.4,-8.8831,0.2656,0.2382
428,-0.1065,-0.035,0.9004,1.1973e-06,0.0003,0.0003,0.005,-696.77,5,-6.5345,0.2000,0.0767,-1802.58,12.2,-6.2458,0.3596,0.2184
429,0.0484,-0.0332,0.9732,1.1973e-06,0.0006,0.0003,0.005,-259.92,3,-13.0575,0.3333,0.0260,-1718.66,21.4,-6.0758,0.2750,0.2068
430,0.0589,-0.0282,1.0286,1.0775e-06,0.0002,0.0003,0.005,105.40,1,0.0000,1.0000,0.0000,-156.52,0.2,0.0000,0.0000,0.0157
431,-0.2816,-0.0357,0.7689,1.0775e-06,0.0003,0.0003,0.005,-969.09,1,0.0000,0.0000,0.0969,-287.90,4.2,-10.6661,0.3890,0.1143
432,-0.1051,-0.0344,0.9003,1.0775e-06,0.0001,0.0003,0.005,-577.22,2,-26.4905,0.0000,0.0577,0.00,0.0,0.0000,0.0000,0.0000
433,0.0017,-0.0389,0.9967,1.0775e-06,0.0003,0.0003,0.005,293.96,1,0.0000,1.0000,0.0000,0.00,0.0,0.0000,0.0000,0.0000
434,0.0109,-0.0355,1.0000,1.0775e-06,0.0004,0.0003,0.005,0.00,0,0.0000,0.0000,0.0000,-765.00,8.0,-24.9920,0.1294,0.0896
435,-0.0445,-0.0268,0.9516,1.0775e-06,0.0001,0.0003,0.005,-1171.81,2,-27.6299,0.0000,0.1172,-484.37,0.6,0.0000,0.0000,0.0484
436,0.1091,-0.0146,1.1045,1.0775e-06,0.0001,0.0003,0.005,0.00,0,0.0000,0.0000,0.0000,-252.03,0.6,0.0000,0.2000,0.0303
437,0.074,-0.0068,1.0691,1.0775e-06,0.0001,0.0003,0.005,0.00,0,0.0000,0.0000,0.0000,-171.65,0.4,0.0000,0.0000,0.0172
438,0.303,-0.0013,1.3205,1.0775e-06,0.0004,0.0003,0.005,0.00,0,0.0000,0.0000,0.0000,137.57,0.2,0.0000,0.2000,0.0000
439,-0.1357,-0.0145,0.8686,1.0775e-06,0.0002,0.0003,0.005,-252.40,2,-14.1733,0.5000,0.0268,0.00,0.0,0.0000,0.0000,0.0000
440,0.1558,-0.0138,1.1459,9.6977e-07,0.0003,0.0003,0.005,131.75,1,0.0000,1.0000,0.0000,0.00,0.0,0.0000,0.0000,0.0000
441,-0.1519,-0.022,0.8529,9.6977e-07,0.0004,0.0003,0.005,0.00,0,0.0000,0.0000,0.0000,-93.22,0.4,0.0000,0.2000,0.0264
442,0.0302,-0.0085,1.0009,9.6977e-07,0.0003,0.0003,0.005,675.15,1,0.0000,1.0000,0.0000,-107.35,0.2,0.0000,0.0000,0.0107
443,-0.2551,-0.0051,0.7681,9.6977e-07,0.0003,0.0003,0.005,0.00,0,0.0000,0.0000,0.0000,-731.68,1.0,-3.3528,0.0667,0.0762
444,-0.1832,-0.0174,0.8061,9.6977e-07,0.0003,0.0003,0.005,0.00,0,0.0000,0.0000,0.0000,-224.37,0.2,0.0000,0.0000,0.0224
445,0.117,-0.0162,1.0868,9.6977e-07,0.0002,0.0003,0.005,0.00,0,0.0000,0.0000,0.0000,-137.95,0.4,-1.6171,0.1000,0.0204
446,-0.2621,-0.03,0.7621,9.6977e-07,0.0004,0.0003,0.005,-500.31,1,0.0000,0.0000,0.0500,-374.03,0.4,0.0000,0.0000,0.0374
447,0.1604,-0.0283,1.1463,9.6977e-07,0.0003,0.0003,0.005,0.00,0,0.0000,0.0000,0.0000,-107.30,0.4,0.0000,0.0000,0.0107
448,0.1717,-0.022,1.1709,9.6977e-07,0.0006,0.0003,0.005,0.00,0,0.0000,0.0000,0.0000,-44.03,0.4,-1.5163,0.1000,0.0068
449,0.1057,-0.0146,1.0971,9.6977e-07,0.0006,0.0003,0.005,1405.15,2,11.8540,0.5000,0.0238,-286.14,2.0,-11.8117,0.2000,0.0373
450,0.0349,-0.0113,1.0000,8.7280e-07,0.0002,0.0003,0.005,0.00,0,0.0000,0.0000,0.0000,-42.10,0.2,0.0000,0.0000,0.0042
451,-0.0187,-0.0173,1.0257,8.7280e-07,0.0002,0.0003,0.005,316.28,1,0.0000,1.0000,0.0000,-278.47,1.4,-11.3929,0.0667,0.0318
452,-0.0638,-0.0091,1.0000,8.7280e-07,0.0002,0.0003,0.005,0.00,0,0.0000,0.0000,0.0000,-153.82,0.4,0.0000,0.2000,0.0168
453,-0.0092,-0.0052,1.0000,8.7280e-07,0.0006,0.0003,0.005,0.00,0,0.0000,0.0000,0.0000,-38.22,0.2,0.0000,0.0000,0.0038
454,-0.0565,-0.0094,0.9376,8.7280e-07,0.0001,0.0003,0.005,-233.18,2,-241.1519,0.0000,0.0233,-582.79,2.6,-6.7553,0.2667,0.0677
455,0.0891,-0.0082,1.1041,8.7280e-07,0.0002,0.0003,0.005,891.90,4,3.7333,0.2500,0.0940,90.40,0.4,0.0000,0.2000,0.0064
456,-0.0203,0.0023,1.0000,8.7280e-07,0.0002,0.0003,0.005,0.00,0,0.0000,0.0000,0.0000,-107.02,0.4,-277.9722,0.0000,0.0107
457,0.0368,0.008,1.0791,8.7280e-07,0.0005,0.0003,0.005,0.00,0,0.0000,0.0000,0.0000,-27.63,0.4,0.0000,0.2000,0.0052
458,-0.1671,0.0012,0.8234,8.7280e-07,0.0002,0.0003,0.005,-1508.87,2,-14.9574,0.5000,0.1555,-927.77,1.0,-37.9297,0.0000,0.0928
459,-0.1196,-0.004,0.8559,8.7280e-07,0.0002,0.0003,0.005,0.00,0,0.0000,0.0000,0.0000,31.16,0.2,0.0000,0.2000,0.0000
460,0.1448,0.0036,1.1241,7.8552e-07,0.0002,0.0003,0.005,1292.44,2,22.3454,1.0000,0.0000,-369.17,0.4,0.0000,0.0000,0.0369
461,-0.064,-0.0034,0.9589,7.8552e-07,0.0004,0.0003,0.005,-211.35,4,-10.0472,0.2500,0.0244,138.64,0.2,0.0000,0.2000,0.0000
462,0.0346,-0.0049,1.0000,7.8552e-07,0.0003,0.0003,0.005,0.00,0,0.0000,0.0000,0.0000,-22.03,0.2,0.0000,0.0000,0.0022
463,-0.0373,-0.0185,0.9919,7.8552e-07,0.0003,0.0003,0.005,-100.93,1,0.0000,0.0000,0.0101,-74.18,0.4,0.0000,0.0000,0.0074
464,0.0252,-0.0121,1.0000,7.8552e-07,0.0002,0.0003,0.005,0.00,0,0.0000,0.0000,0.0000,-129.36,0.4,0.0000,0.2000,0.0213
465,-0.0085,-0.0187,0.9897,7.8552e-07,0.0006,0.0003,0.005,-126.88,1,0.0000,0.0000,0.0127,0.00,0.0,0.0000,0.0000,0.0000
466,-0.0068,-0.0129,1.0000,7.8552e-07,0.0001,0.0003,0.005,0.00,0,0.0000,0.0000,0.0000,-13.46,0.2,0.0000,0.0000,0.0013
467,-0.0105,-0.0145,1.0000,7.8552e-07,0.0002,0.0003,0.005,0.00,0,0.0000,0.0000,0.0000,-39.22,0.4,0.0000,0.0000,0.0039
468,0.0449,-0.0025,1.0027,7.8552e-07,0.0003,0.0003,0.005,278.90,1,0.0000,1.0000,0.0000,-24.10,0.2,0.0000,0.0000,0.0024
469,0.0055,0.005,1.0000,7.8552e-07,0.0001,0.0003,0.005,0.00,0,0.0000,0.0000,0.0000,10.65,0.4,0.0000,0.2000,0.0033
470,-0.0035,0.0002,1.0000,7.0697e-07,0.0004,0.0003,0.005,0.00,0,0.0000,0.0000,0.0000,-14.63,0.2,0.0000,0.0000,0.0015
471,-0.0795,0.0075,0.9626,7.0697e-07,0.0002,0.0003,0.005,-279.82,1,0.0000,0.0000,0.0280,-4.64,0.2,0.0000,0.0000,0.0005
472,-0.0766,-0.0019,0.9708,7.0697e-07,0.0006,0.0003,0.005,-921.19,3,-15.9967,0.0000,0.0921,-63.64,0.2,0.0000,0.0000,0.0064
473,0.0438,-0.0071,1.0000,7.0697e-07,0.0002,0.0003,0.005,0.00,0,0.0000,0.0000,0.0000,85.19,0.4,0.0000,0.2000,0.0024
474,0.023,-0.0104,1.0000,7.0697e-07,0.0002,0.0003,0.005,0.00,0,0.0000,0.0000,0.0000,55.98,0.6,1.1103,0.3000,0.0030
475,-0.0218,-0.0126,0.9862,7.0697e-07,0.0003,0.0003,0.005,-8.68,2,-0.2859,0.5000,0.0245,-414.90,1.0,-1.5362,0.0667,0.0514
476,-0.1361,-0.0173,0.8685,7.0697e-07,0.0003,0.0003,0.005,0.00,0,0.0000,0.0000,0.0000,18.26,0.4,0.0000,0.2000,0.0155
477,0.0731,-0.0119,1.0697,7.0697e-07,0.0002,0.0003,0.005,0.00,0,0.0000,0.0000,0.0000,-249.34,0.2,0.0000,0.0000,0.0249
478,0.0639,-0.0089,1.0472,7.0697e-07,0.0002,0.0003,0.005,0.00,0,0.0000,0.0000,0.0000,-180.78,0.4,0.0000,0.0000,0.0181
479,-0.1139,-0.0112,0.8607,7.0697e-07,0.0014,0.0003,0.005,0.00,0,0.0000,0.0000,0.0000,172.99,0.2,0.0000,0.2000,0.0000
480,-0.0642,-0.0174,0.9259,6.3627e-07,0.0002,0.0003,0.005,286.83,2,3.2275,0.5000,0.0518,0.00,0.0,0.0000,0.0000,0.0000
481,0.087,-0.0131,1.1234,6.3627e-07,0.0004,0.0003,0.005,767.90,9,3.0067,0.3333,0.0947,-315.35,1.8,-44.7186,0.2000,0.0333
482,0.0722,-0.0117,1.0241,6.3627e-07,0.0002,0.0003,0.005,-2.41,2,-0.1154,0.5000,0.0167,-120.58,0.8,-3.8596,0.0000,0.0121
483,0.017,-0.0043,1.0000,6.3627e-07,0.0005,0.0003,0.005,0.00,0,0.0000,0.0000,0.0000,-26.90,0.2,0.0000,0.0000,0.0027
484,-0.0364,-0.001,0.9529,6.3627e-07,0.0002,0.0003,0.005,-440.25,6,-22.9898,0.0000,0.0440,-154.36,0.2,0.0000,0.0000,0.0154
485,-0.0112,-0.0072,0.9855,6.3627e-07,0.0010,0.0004,0.005,-469.47,4,-46.2022,0.0000,0.0469,0.00,0.0,0.0000,0.0000,0.0000
486,-0.1054,-0.0089,0.9191,6.3627e-07,0.0010,0.0004,0.005,-133.37,3,-35.6443,0.0000,0.0133,-51.34,0.2,0.0000,0.0000,0.0051
487,-0.0257,-0.0113,0.9528,6.3627e-07,0.0005,0.0004,0.005,-187.03,1,0.0000,0.0000,0.0187,-402.93,0.8,-11.2891,0.2000,0.0566
488,-0.0917,-0.0134,0.8849,6.3627e-07,0.0003,0.0004,0.005,0.00,0,0.0000,0.0000,0.0000,-84.73,1.4,-2.5228,0.2667,0.0342
489,0.0496,-0.0125,1.0028,6.3627e-07,0.0002,0.0004,0.005,-12.42,1,0.0000,0.0000,0.0012,-23.48,0.4,0.0000,0.0000,0.0023
490,0.0071,-0.0118,1.0000,5.7264e-07,0.0002,0.0004,0.005,0.00,0,0.0000,0.0000,0.0000,0.00,0.0,0.0000,0.0000,0.0000
491,-0.1952,-0.0194,0.8032,5.7264e-07,0.0001,0.0004,0.005,-1799.55,6,-18.4816,0.0000,0.1800,-241.14,0.6,-3.5579,0.2000,0.0269
492,-0.1044,-0.0231,0.8834,5.7264e-07,0.0001,0.0004,0.005,-1300.02,2,-12.6382,0.5000,0.1466,0.00,0.0,0.0000,0.0000,0.0000
493,-0.0653,-0.0275,0.9673,5.7264e-07,0.0002,0.0004,0.005,-629.05,2,-28.8020,0.0000,0.0629,31.16,0.2,0.0000,0.2000,0.0000
494,0.0168,-0.0271,1.0000,5.7264e-07,0.0003,0.0004,0.005,0.00,0,0.0000,0.0000,0.0000,135.79,0.4,0.0000,0.2000,0.0005
495,0.152,-0.0209,1.1480,5.7264e-07,0.0001,0.0004,0.005,-78.00,2,-7.0744,0.5000,0.0127,-98.50,0.2,0.0000,0.0000,0.0098
496,-0.3089,-0.0301,0.7223,5.7264e-07,0.0002,0.0004,0.005,0.00,0,0.0000,0.0000,0.0000,-547.10,0.6,-2669.6238,0.0000,0.0547
497,0.0887,-0.0234,1.0635,5.7264e-07,0.0007,0.0004,0.005,0.00,0,0.0000,0.0000,0.0000,-4.64,0.2,0.0000,0.0000,0.0005
498,-0.3591,-0.0396,0.6782,5.7264e-07,0.0003,0.0004,0.005,0.00,0,0.0000,0.0000,0.0000,-397.82,0.6,0.0000,0.0000,0.0398
499,0.1013,-0.0364,1.1004,5.7264e-07,0.0001,0.0004,0.005,-446.72,1,0.0000,0.0000,0.0447,-41.79,0.2,0.0000,0.0000,0.0042
