episode,train_profit,oos_profit_fixed,oos_profit_median,oos_profit_mean,oos_win_rate,oos_consistency,train_trades,oos_trades,train_win_rate,train_sharpe,oos_sharpe,loss,epsilon
4,239.82,0.00,0.00,175.77,0.455,0.455,13,0.7,0.538,3.723,14.670,0.000000,0.495
0,-1407.27,1356.07,0.00,0.44,0.273,0.182,6,0.7,0.333,-12.633,-1.775,0.000000,0.500
5,-451.97,0.00,0.00,80.46,0.364,0.455,9,0.7,0.222,-10.758,0.563,0.064758,0.490
1,564.97,1356.07,0.00,0.44,0.273,0.182,2,0.7,1.000,41.787,-1.775,0.000000,0.500
6,-463.52,0.00,0.00,80.46,0.364,0.455,6,0.7,0.667,-2.785,0.563,0.000000,0.490
2,-854.59,1356.07,0.00,0.44,0.273,0.182,4,0.7,0.250,-15.862,-1.775,0.000000,0.500
7,-790.77,0.00,0.00,474.70,0.258,0.455,15,1.2,0.267,-7.062,7.210,0.066543,0.485
3,42.23,1356.07,0.00,171.47,0.364,0.364,4,0.5,0.500,0.519,0.000,0.079171,0.495
8,-1413.50,0.00,0.00,474.70,0.258,0.455,10,1.2,0.300,-11.447,7.210,0.054256,0.480
4,540.97,1356.07,0.00,171.47,0.364,0.364,4,0.5,0.750,12.633,0.000,0.000000,0.495
9,49.10,0.00,0.00,474.70,0.258,0.455,9,1.2,0.667,0.269,7.210,0.000000,0.480
5,439.39,1356.07,0.00,171.47,0.364,0.364,8,0.5,0.625,5.003,0.000,0.085449,0.490
10,182.60,0.00,55.00,520.21,0.545,0.545,11,1.2,0.455,1.307,8.236,0.035054,0.475
6,-67.09,1356.07,0.00,171.47,0.364,0.364,6,0.5,0.333,-1.177,0.000,0.000000,0.490
11,-1387.61,0.00,55.00,520.21,0.545,0.545,6,1.2,0.167,-15.189,8.236,0.000000,0.475
7,-30.83,1356.07,0.00,167.13,0.364,0.364,8,0.5,0.625,-0.185,0.000,0.082041,0.485
12,368.97,0.00,0.00,512.48,0.455,0.455,10,0.7,0.700,6.374,5.538,0.019039,0.471
8,158.25,1356.07,0.00,228.30,0.455,0.455,3,0.5,0.667,5.648,0.000,0.045970,0.480
13,316.44,159.93,159.93,594.41,0.727,0.727,4,1.4,0.500,10.010,10.049,0.025482,0.466
9,816.52,1356.07,0.00,228.30,0.455,0.455,7,0.5,0.429,6.156,0.000,0.000000,0.480
14,-697.05,159.93,159.93,594.41,0.727,0.727,12,1.4,0.167,-12.101,10.049,0.000000,0.466
10,-44.56,1790.85,0.00,267.83,0.455,0.455,13,0.5,0.462,-0.376,0.000,0.043525,0.475
15,547.68,32.01,32.01,458.26,0.545,0.545,6,2.0,0.500,5.437,8.300,0.020505,0.461
11,-412.18,1790.85,0.00,267.83,0.455,0.455,7,0.5,0.286,-3.972,0.000,0.000000,0.475
16,49.81,32.01,32.01,458.26,0.545,0.545,5,2.0,0.600,0.562,8.300,0.000000,0.461
12,992.59,1896.45,0.00,339.12,0.273,0.455,8,0.8,0.750,11.932,3.772,0.030373,0.471
17,562.69,-1103.19,-91.69,157.09,0.470,0.455,4,2.7,0.500,9.129,1.130,0.019745,0.457
13,-269.39,1896.45,0.00,339.12,0.273,0.455,3,0.8,0.000,-33.962,3.772,0.021358,0.466
18,54.14,-1118.72,58.22,229.42,0.409,0.545,4,3.3,0.750,0.531,-414.116,0.013206,0.452
14,760.01,1896.45,0.00,339.12,0.273,0.455,8,0.8,0.750,8.185,3.772,0.000000,0.466
19,1410.90,-1118.72,58.22,229.42,0.409,0.545,7,3.3,0.714,8.391,-414.116,0.000000,0.452
15,339.28,2074.05,0.00,-267.41,0.227,0.091,8,0.8,0.625,2.273,-1.742,0.020696,0.461
20,-1004.55,-738.37,43.67,391.52,0.539,0.545,8,3.4,0.125,-13.003,4.367,0.015598,0.448
16,98.87,2074.05,0.00,-267.41,0.227,0.091,7,0.8,0.571,1.399,-1.742,0.000000,0.461
21,339.68,-738.37,43.67,391.52,0.539,0.545,8,3.4,0.750,2.066,4.367,0.000000,0.448
17,-2.06,2074.05,0.00,-150.32,0.227,0.091,7,0.7,0.571,-0.024,-1.742,0.012852,0.457
22,-685.43,-738.37,32.55,338.26,0.402,0.636,3,2.8,0.667,-8.008,0.949,0.011119,0.443
18,692.72,2074.05,0.00,-150.32,0.227,0.091,10,0.7,0.600,4.639,-1.742,0.013157,0.452
23,-401.80,-738.37,-93.76,265.71,0.235,0.455,9,2.8,0.444,-4.890,-9.301,0.012692,0.439
19,496.40,2074.05,0.00,-150.32,0.227,0.091,10,0.7,0.500,3.698,-1.742,0.000000,0.452
24,-664.15,-738.37,-93.76,265.71,0.235,0.455,6,2.8,0.667,-4.190,-9.301,0.000000,0.439
20,-1051.49,2074.05,0.00,-150.32,0.227,0.091,8,0.7,0.250,-13.583,-1.742,0.011061,0.448
25,-473.72,-1116.77,-93.76,197.33,0.326,0.455,9,2.9,0.444,-3.474,-4.664,0.011398,0.434
21,-640.86,2074.05,0.00,-150.32,0.227,0.091,9,0.7,0.222,-11.489,-1.742,0.000000,0.448
26,-1353.07,-1116.77,-93.76,197.33,0.326,0.455,3,2.9,0.000,-34.439,-4.664,0.000000,0.434
22,249.33,2074.05,0.00,-150.32,0.227,0.091,3,0.7,0.667,9.000,-1.742,0.009270,0.443
27,-865.60,-1116.77,-144.43,107.15,0.326,0.455,3,2.9,0.333,-13.554,-4.399,0.010486,0.430
23,-467.72,1836.97,0.00,-171.87,0.227,0.091,11,0.7,0.273,-3.110,-1.742,0.012415,0.439
28,-411.69,-1116.77,-144.43,153.53,0.326,0.455,4,3.2,0.500,-7.806,-5.044,0.008362,0.426
24,634.44,1836.97,0.00,-171.87,0.227,0.091,3,0.7,0.667,4.614,-1.742,0.000000,0.439
29,-481.22,-1116.77,-144.43,153.53,0.326,0.455,7,3.2,0.143,-12.400,-5.044,0.000000,0.426
25,-1919.87,0.00,0.00,-365.30,0.000,0.000,6,0.5,0.000,-15.577,0.000,0.010774,0.434
30,-760.72,-1116.77,-144.43,10.05,0.136,0.455,6,3.3,0.333,-5.208,-7.555,0.010694,0.421
26,1030.41,0.00,0.00,-365.30,0.000,0.000,11,0.5,0.818,10.314,0.000,0.000000,0.434
31,2321.19,-1116.77,-144.43,10.05,0.136,0.455,7,3.3,0.714,9.359,-7.555,0.000000,0.421
27,49.17,0.00,0.00,-365.30,0.000,0.000,11,0.5,0.636,0.820,0.000,0.006693,0.430
32,-318.48,-738.37,-144.43,178.66,0.195,0.455,5,3.6,0.400,-2.514,-8.370,0.008425,0.417
28,674.91,0.00,0.00,-365.30,0.000,0.000,3,0.5,0.667,7.009,0.000,0.006517,0.426
33,-772.68,-738.37,139.65,307.39,0.509,0.818,4,3.7,0.250,-14.090,4.108,0.009773,0.413
29,-888.11,0.00,0.00,-365.30,0.000,0.000,5,0.5,0.400,-3.731,0.000,0.000000,0.426
34,1009.50,-738.37,139.65,307.39,0.509,0.818,6,3.7,0.667,5.988,4.108,0.000000,0.413
30,-58.73,0.00,0.00,-365.30,0.000,0.000,8,0.5,0.625,-0.542,0.000,0.008652,0.421
35,663.55,-738.37,-121.05,113.80,0.265,0.455,2,3.8,0.500,10.272,-2.456,0.008985,0.491
31,40.70,0.00,0.00,-365.30,0.000,0.000,11,0.5,0.545,0.754,0.000,0.000000,0.421
36,1214.48,-738.37,-121.05,113.80,0.265,0.455,5,3.8,0.800,10.453,-2.456,0.000000,0.491
32,-703.74,-62.09,0.00,-422.44,0.000,0.000,9,0.5,0.444,-4.688,0.000,0.007690,0.417
37,1050.37,-651.64,26.52,256.11,0.288,0.545,12,3.3,0.750,6.992,-0.536,0.008772,0.486
33,-426.68,387.92,0.00,-374.42,0.091,0.091,10,0.5,0.300,-5.815,4.759,0.008777,0.413
38,-509.26,-75.81,26.52,360.81,0.288,0.545,7,3.1,0.143,-20.696,3.226,0.005810,0.481
34,1194.80,387.92,0.00,-374.42,0.091,0.091,7,0.5,0.714,8.654,4.759,0.000000,0.413
39,700.97,-75.81,26.52,360.81,0.288,0.545,7,3.1,1.000,18.467,3.226,0.000000,0.481
35,301.73,387.92,0.00,-374.42,0.091,0.091,9,0.5,0.444,4.398,4.759,0.008508,0.409
40,-475.57,-75.81,-27.54,319.71,0.152,0.455,6,3.1,0.167,-6.501,-2.399,0.009549,0.476
36,-2191.63,387.92,0.00,-374.42,0.091,0.091,6,0.5,0.333,-13.081,4.759,0.000000,0.409
41,-51.73,-75.81,-27.54,319.71,0.152,0.455,6,3.1,0.500,-1.156,-2.399,0.000000,0.476
37,-647.16,387.92,0.00,-398.00,0.091,0.091,10,0.5,0.300,-14.881,4.759,0.007587,0.486
42,296.01,-75.81,-27.54,319.71,0.152,0.455,4,3.1,1.000,21.921,-2.399,0.005064,0.471
38,-850.33,387.92,0.00,-398.00,0.091,0.091,9,0.5,0.222,-11.777,4.759,0.009725,0.481
43,-381.13,-14.22,-14.22,362.45,0.152,0.455,5,3.1,0.600,-4.696,-2.193,0.006556,0.467
39,-1340.41,387.92,0.00,-398.00,0.091,0.091,10,0.5,0.300,-13.146,4.759,0.000000,0.481
44,488.48,-14.22,-14.22,362.45,0.152,0.455,8,3.1,0.500,4.369,-2.193,0.000000,0.467
40,-279.46,0.00,0.00,-433.27,0.000,0.000,9,0.5,0.667,-1.548,0.000,0.007903,0.476
45,-256.80,-14.22,0.00,262.55,0.123,0.455,8,2.2,0.375,-5.611,2.836,0.005875,0.462
41,-384.35,0.00,0.00,-433.27,0.000,0.000,7,0.5,0.571,-1.272,0.000,0.000000,0.476
46,-14.88,-14.22,0.00,262.55,0.123,0.455,6,2.2,0.500,-0.345,2.836,0.000000,0.462
42,-304.33,0.00,0.00,-433.27,0.000,0.000,6,0.5,0.667,-3.329,0.000,0.007144,0.471
47,279.10,-14.22,0.00,349.88,0.177,0.455,7,2.2,0.714,5.576,3.595,0.007894,0.457
43,-52.12,0.00,0.00,-433.27,0.000,0.000,4,0.5,0.500,-1.409,0.000,0.005446,0.467
48,212.74,-14.22,0.00,349.88,0.177,0.455,4,2.2,0.500,4.607,3.595,0.007542,0.453
44,152.85,0.00,0.00,-433.27,0.000,0.000,9,0.5,0.667,1.199,0.000,0.000000,0.467
49,676.40,-14.22,0.00,349.88,0.177,0.455,6,2.2,0.833,31.490,3.595,0.000000,0.453
45,18.07,0.00,0.00,-433.27,0.000,0.000,11,0.5,0.636,0.222,0.000,0.006264,0.462
50,329.61,-14.22,0.00,379.00,0.195,0.455,4,2.4,0.500,9.327,3.710,0.005059,0.448
46,-360.20,0.00,0.00,-433.27,0.000,0.000,11,0.5,0.364,-3.136,0.000,0.000000,0.462
51,360.25,-14.22,0.00,379.00,0.195,0.455,8,2.4,0.750,3.358,3.710,0.000000,0.448
47,224.51,0.00,0.00,-433.27,0.000,0.000,8,0.5,0.750,5.651,0.000,0.005654,0.457
52,-983.46,-14.22,0.00,307.29,0.165,0.455,5,2.4,0.200,-14.517,3.151,0.006063,0.444
48,1409.49,0.00,0.00,-407.42,0.091,0.091,4,0.5,1.000,25.859,0.000,0.007091,0.453
53,-30.41,-75.81,0.00,296.09,0.165,0.455,5,2.4,0.400,-0.275,3.151,0.005044,0.439
49,154.69,0.00,0.00,-407.42,0.091,0.091,12,0.5,0.583,1.008,0.000,0.000000,0.453
54,1133.68,-75.81,0.00,296.09,0.165,0.455,7,2.4,0.857,8.438,3.151,0.000000,0.439
50,96.54,0.00,0.00,-407.42,0.091,0.091,13,0.5,0.538,0.822,0.000,0.004023,0.448
55,287.03,-75.81,0.00,396.41,0.268,0.455,9,1.9,0.667,2.571,4.948,0.003552,0.435
51,372.94,0.00,0.00,-407.42,0.091,0.091,10,0.5,0.500,3.480,0.000,0.000000,0.448
56,1604.16,-75.81,0.00,396.41,0.268,0.455,8,1.9,0.625,11.668,4.948,0.000000,0.435
52,-22.16,0.00,0.00,-407.42,0.091,0.091,5,0.5,0.200,-0.423,0.000,0.006205,0.444
57,-146.30,-75.81,0.00,230.47,0.109,0.455,7,2.4,0.286,-1.521,2.092,0.006447,0.431
53,-1418.45,0.00,0.00,-407.42,0.091,0.091,5,0.5,0.600,-9.051,0.000,0.004463,0.439
58,-2073.96,-75.81,0.00,312.53,0.188,0.455,10,2.4,0.300,-8.051,2.699,0.008050,0.426
54,-1385.09,0.00,0.00,-407.42,0.091,0.091,4,0.5,0.250,-16.103,0.000,0.000000,0.439
59,-400.88,-75.81,0.00,312.53,0.188,0.455,4,2.4,0.750,-5.658,2.699,0.000000,0.426
55,-1439.18,0.00,0.00,-407.42,0.091,0.091,10,0.5,0.200,-10.879,0.000,0.007055,0.500
60,-657.60,-75.81,0.00,312.66,0.215,0.455,5,2.1,0.400,-9.075,2.886,0.005586,0.422
56,686.10,0.00,0.00,-407.42,0.091,0.091,6,0.5,0.667,5.844,0.000,0.000000,0.500
61,-176.42,-75.81,0.00,312.66,0.215,0.455,7,2.1,0.571,-3.250,2.886,0.000000,0.422
57,-331.66,0.00,0.00,-407.42,0.091,0.091,12,0.5,0.250,-4.798,0.000,0.003997,0.495
62,-392.24,-75.81,0.00,312.66,0.215,0.455,4,2.1,0.250,-11.049,2.886,0.006318,0.418
58,875.35,0.00,0.00,-407.42,0.091,0.091,10,0.5,0.300,3.614,0.000,0.005847,0.490
63,626.85,-75.81,0.00,317.39,0.182,0.455,7,1.8,0.714,8.336,3.167,0.005429,0.414
59,-1144.95,0.00,0.00,-407.42,0.091,0.091,7,0.5,0.143,-12.732,0.000,0.000000,0.490
64,546.70,-75.81,0.00,317.39,0.182,0.455,4,1.8,0.750,14.834,3.167,0.000000,0.414
60,-324.17,0.00,0.00,-407.42,0.091,0.091,5,0.5,0.400,-1.898,0.000,0.004671,0.485
65,-48.86,-75.81,0.00,317.39,0.182,0.455,7,1.8,0.286,-0.883,3.167,0.003409,0.410
61,-63.79,0.00,0.00,-407.42,0.091,0.091,5,0.5,0.400,-0.630,0.000,0.000000,0.485
66,-603.46,-75.81,0.00,317.39,0.182,0.455,8,1.8,0.375,-6.289,3.167,0.000000,0.410
62,-1352.33,0.00,0.00,-407.42,0.091,0.091,6,0.5,0.167,-15.255,0.000,0.004752,0.480
67,-120.72,-75.81,0.00,317.39,0.182,0.455,7,1.8,0.429,-1.738,3.167,0.006596,0.487
63,817.32,0.00,0.00,-407.42,0.091,0.091,6,0.5,0.833,6.887,0.000,0.004050,0.475
68,690.49,-75.81,0.00,317.39,0.182,0.455,3,1.8,0.667,10.789,3.167,0.004063,0.482
64,1457.48,0.00,0.00,-407.42,0.091,0.091,7,0.5,0.857,13.829,0.000,0.000000,0.475
69,-1150.80,-75.81,0.00,317.39,0.182,0.455,5,1.8,0.200,-8.605,3.167,0.000000,0.482
65,-19.89,2074.05,0.00,-80.58,0.273,0.182,10,0.8,0.600,-0.107,-2.289,0.005614,0.471
70,1801.26,-75.81,0.00,317.39,0.182,0.455,6,1.8,0.833,11.812,3.167,0.006702,0.477
66,25.94,2074.05,0.00,-80.58,0.273,0.182,4,0.8,0.750,0.185,-2.289,0.000000,0.471
71,-555.32,-75.81,0.00,317.39,0.182,0.455,3,1.8,0.000,-19.983,3.167,0.000000,0.477
67,-168.20,2074.05,0.00,-80.58,0.273,0.182,12,0.8,0.417,-2.301,-2.289,0.004307,0.466
72,716.31,-75.81,0.00,317.39,0.182,0.455,5,1.8,0.800,7.498,3.167,0.003941,0.472
68,-828.24,2074.05,0.00,-80.58,0.273,0.182,14,0.8,0.357,-6.216,-2.289,0.005843,0.461
73,-762.26,-75.81,0.00,317.39,0.182,0.455,6,1.8,0.333,-13.154,3.167,0.005623,0.467
69,290.22,2074.05,0.00,-80.58,0.273,0.182,9,0.8,0.556,2.496,-2.289,0.000000,0.461
74,-475.33,-75.81,0.00,317.39,0.182,0.455,7,1.8,0.286,-6.205,3.167,0.000000,0.467
70,1130.79,2225.89,0.00,-46.57,0.318,0.273,4,1.1,0.500,4.691,0.808,0.005034,0.457
75,-49.40,-75.81,0.00,312.66,0.215,0.455,7,2.1,0.429,-0.595,2.886,0.003292,0.463
71,1653.51,2225.89,0.00,-46.57,0.318,0.273,5,1.1,1.000,18.996,0.808,0.000000,0.457
76,-310.70,-75.81,0.00,312.66,0.215,0.455,3,2.1,0.000,-77.773,2.886,0.000000,0.463
72,-141.52,2225.89,0.00,-46.57,0.318,0.273,13,1.1,0.385,-0.938,0.808,0.004370,0.452
77,-173.43,-75.81,0.00,312.66,0.215,0.455,4,2.1,0.250,-1.848,2.886,0.003693,0.458
73,-487.13,2157.96,0.00,-66.50,0.273,0.182,6,1.3,0.333,-2.324,-0.649,0.003629,0.448
78,-348.27,-75.81,0.00,312.66,0.215,0.455,7,2.1,0.571,-2.662,2.886,0.003643,0.453
74,43.84,2157.96,0.00,-66.50,0.273,0.182,11,1.3,0.455,0.389,-0.649,0.000000,0.448
79,-326.93,-75.81,0.00,312.66,0.215,0.455,5,2.1,0.600,-7.359,2.886,0.000000,0.453
75,1707.77,2157.96,0.00,-66.50,0.273,0.182,5,1.3,0.600,5.485,-0.649,0.003583,0.500
80,108.54,-75.81,0.00,290.41,0.212,0.455,6,1.6,0.500,2.847,3.245,0.003246,0.449
76,500.57,2157.96,0.00,-66.50,0.273,0.182,8,1.3,0.625,7.706,-0.649,0.000000,0.500
81,-655.16,-75.81,0.00,290.41,0.212,0.455,5,1.6,0.000,-46.893,3.245,0.000000,0.449
77,1312.03,2157.96,0.00,-158.58,0.182,0.091,10,1.3,0.600,5.062,-0.649,0.005174,0.495
82,-245.55,-75.81,0.00,239.07,0.230,0.455,10,2.0,0.300,-1.783,2.271,0.004491,0.444
78,-563.58,2668.35,0.00,-112.18,0.189,0.091,12,1.4,0.417,-4.727,-0.604,0.003837,0.490
83,-710.10,-75.81,0.00,148.71,0.171,0.455,6,2.0,0.333,-4.604,1.581,0.002779,0.440
79,1686.10,2668.35,0.00,-112.18,0.189,0.091,8,1.4,0.875,14.528,-0.604,0.000000,0.490
84,-117.48,-75.81,0.00,148.71,0.171,0.455,7,2.0,0.286,-2.019,1.581,0.000000,0.440
80,200.96,2246.09,0.00,-136.26,0.189,0.091,11,1.8,0.545,2.619,-1.810,0.005006,0.485
85,-236.69,-75.81,0.00,99.16,0.135,0.455,6,2.0,0.333,-7.032,1.241,0.003026,0.500
81,-292.68,2246.09,0.00,-136.26,0.189,0.091,8,1.8,0.375,-2.418,-1.810,0.000000,0.485
86,-282.80,-75.81,0.00,99.16,0.135,0.455,4,2.0,0.500,-7.392,1.241,0.000000,0.500
82,3.85,2246.09,0.00,-136.26,0.189,0.091,7,1.8,0.429,0.056,-1.810,0.003522,0.480
87,-347.37,-75.81,0.00,118.32,0.117,0.455,6,2.4,0.333,-4.639,1.329,0.003137,0.495
83,-432.91,2246.09,0.00,-136.26,0.189,0.091,13,1.8,0.538,-3.172,-1.810,0.004742,0.475
88,2868.62,-289.65,0.00,79.44,0.117,0.455,6,2.4,1.000,15.944,1.329,0.004109,0.490
84,1021.25,2246.09,0.00,-136.26,0.189,0.091,13,1.8,0.769,6.986,-1.810,0.000000,0.475
89,-60.82,-289.65,0.00,79.44,0.117,0.455,5,2.4,0.400,-7.110,1.329,0.000000,0.490
85,472.28,2246.09,0.00,-136.26,0.189,0.091,8,1.8,0.500,2.282,-1.810,0.004537,0.471
90,447.49,-289.65,0.00,141.54,0.165,0.455,9,2.4,0.556,3.850,1.756,0.003688,0.485
86,77.32,2246.09,0.00,-136.26,0.189,0.091,9,1.8,0.556,0.971,-1.810,0.000000,0.471
91,2864.84,-289.65,0.00,141.54,0.165,0.455,5,2.4,1.000,14.250,1.756,0.000000,0.485
87,683.79,2493.24,0.00,-114.35,0.227,0.182,7,1.2,0.429,2.966,0.235,0.003200,0.466
92,842.62,-289.65,0.00,262.97,0.239,0.455,8,1.9,0.625,8.147,2.023,0.002516,0.480
88,327.36,2493.24,0.00,-114.35,0.227,0.182,13,1.2,0.538,2.007,0.235,0.004141,0.461
93,-213.30,-289.65,0.00,262.97,0.239,0.455,7,1.9,0.571,-3.243,2.023,0.002633,0.475
89,883.24,2493.24,0.00,-114.35,0.227,0.182,7,1.2,0.714,6.257,0.235,0.000000,0.461
94,-1260.50,-289.65,0.00,262.97,0.239,0.455,8,1.9,0.125,-16.346,2.023,0.000000,0.475
90,31.69,2343.65,0.00,-148.15,0.182,0.091,9,0.9,0.667,0.558,-0.401,0.003808,0.457
95,-208.88,-289.65,0.00,262.97,0.239,0.455,6,1.9,0.667,-3.460,2.023,0.003591,0.471
91,-629.07,2343.65,0.00,-148.15,0.182,0.091,9,0.9,0.667,-3.520,-0.401,0.000000,0.457
96,695.10,-289.65,0.00,262.97,0.239,0.455,6,1.9,0.667,10.270,2.023,0.000000,0.471
92,740.82,2343.65,0.00,-148.15,0.182,0.091,10,0.9,0.700,3.925,-0.401,0.004163,0.452
97,202.80,-289.65,0.00,141.54,0.165,0.455,3,2.4,0.333,5.477,1.756,0.003511,0.466
93,252.05,2343.65,0.00,-101.62,0.227,0.091,9,0.9,0.333,5.418,0.556,0.003856,0.448
98,129.28,-75.81,0.00,119.53,0.117,0.455,5,2.4,0.400,4.691,1.337,0.001656,0.461
94,-188.74,2343.65,0.00,-101.62,0.227,0.091,11,0.9,0.545,-1.565,0.556,0.000000,0.448
99,97.96,-75.81,0.00,119.53,0.117,0.455,7,2.4,0.571,0.621,1.337,0.000000,0.461
95,1031.57,2343.65,0.00,-101.62,0.227,0.091,7,0.9,0.714,6.911,0.556,0.004356,0.443
100,245.08,-75.81,0.00,118.32,0.117,0.455,7,2.4,0.571,3.458,1.329,0.003210,0.457
96,-1054.32,2343.65,0.00,-101.62,0.227,0.091,6,0.9,0.000,-13.192,0.556,0.000000,0.443
101,-340.47,-75.81,0.00,118.32,0.117,0.455,6,2.4,0.333,-8.821,1.329,0.000000,0.457
97,20.10,2343.65,0.00,-135.70,0.227,0.091,11,0.9,0.545,0.342,0.275,0.002745,0.439
102,617.91,-75.81,0.00,99.16,0.135,0.455,6,2.0,0.667,5.975,1.241,0.002948,0.452
98,218.17,2343.65,0.00,-132.49,0.227,0.091,11,0.9,0.545,2.501,0.312,0.003900,0.434
103,-260.08,-1062.83,0.00,156.38,0.270,0.455,7,2.2,0.571,-3.846,-1.893,0.002351,0.500
99,-369.18,2343.65,0.00,-132.49,0.227,0.091,12,0.9,0.583,-1.852,0.312,0.000000,0.434
104,1346.29,-1062.83,0.00,156.38,0.270,0.455,6,2.2,0.833,4.993,-1.893,0.000000,0.500
100,668.63,2343.65,0.00,-135.70,0.227,0.091,8,0.9,0.375,6.110,0.275,0.003734,0.430
105,225.54,-1062.83,0.00,193.43,0.203,0.455,8,2.6,0.625,1.063,-3.008,0.001897,0.495
101,-153.67,2343.65,0.00,-135.70,0.227,0.091,8,0.9,0.625,-0.791,0.275,0.000000,0.430
106,-341.76,-1062.83,0.00,193.43,0.203,0.455,7,2.6,0.429,-3.580,-3.008,0.000000,0.495
102,1725.48,2343.65,0.00,-128.71,0.227,0.091,11,0.9,0.818,7.857,0.367,0.003108,0.426
107,-592.71,-1062.83,0.00,294.51,0.282,0.455,6,2.6,0.333,-9.533,-2.214,0.002421,0.490
103,53.66,2343.65,0.00,-125.50,0.227,0.091,11,0.9,0.455,0.422,0.405,0.003557,0.421
108,237.20,-1283.49,0.00,361.45,0.335,0.455,6,2.4,0.500,2.851,0.402,0.002332,0.485
104,-919.25,2343.65,0.00,-125.50,0.227,0.091,7,0.9,0.571,-5.100,0.405,0.000000,0.421
109,-948.11,-1283.49,0.00,361.45,0.335,0.455,6,2.4,0.667,-4.625,0.402,0.000000,0.485
105,81.88,2587.71,0.00,-110.30,0.227,0.091,5,0.9,0.400,1.175,0.736,0.002981,0.417
110,-423.53,-1307.97,0.00,356.95,0.335,0.455,4,2.4,0.500,-8.636,0.571,0.002603,0.480
106,1338.42,2587.71,0.00,-110.30,0.227,0.091,4,0.9,1.000,26.032,0.736,0.000000,0.417
111,-20.66,-1307.97,0.00,356.95,0.335,0.455,4,2.4,0.250,-0.345,0.571,0.000000,0.480
107,-493.45,2587.71,0.00,-110.30,0.227,0.091,8,0.9,0.375,-7.388,0.736,0.002830,0.413
112,-246.59,-1307.97,55.00,402.46,0.545,0.545,8,2.4,0.500,-3.620,1.191,0.002386,0.475
108,-33.25,2587.71,0.00,-144.64,0.470,0.273,6,1.4,0.333,-0.236,-2.773,0.003246,0.409
113,546.09,-1307.97,55.00,402.46,0.545,0.545,6,2.4,0.500,9.095,1.191,0.003275,0.471
109,-1048.22,2587.71,0.00,-144.64,0.470,0.273,9,1.4,0.333,-5.792,-2.773,0.000000,0.409
114,122.57,-1307.97,55.00,402.46,0.545,0.545,6,2.4,0.500,1.634,1.191,0.000000,0.471
110,1041.65,2587.71,0.00,-144.64,0.470,0.273,8,1.4,0.625,6.163,-2.773,0.003014,0.405
115,-465.22,-1307.97,55.00,402.46,0.545,0.545,5,2.4,0.600,-2.740,1.191,0.002715,0.466
111,400.77,2587.71,0.00,-144.64,0.470,0.273,8,1.4,0.625,3.949,-2.773,0.000000,0.405
116,1451.09,-1307.97,55.00,402.46,0.545,0.545,6,2.4,0.833,8.626,1.191,0.000000,0.466
112,374.68,2343.65,0.00,-166.83,0.470,0.273,11,1.4,0.727,6.991,-3.197,0.003031,0.401
117,910.58,-1307.97,55.00,402.46,0.545,0.545,5,2.4,0.600,9.069,1.191,0.002122,0.461
113,-394.11,2343.65,0.00,-166.83,0.470,0.273,6,1.4,0.167,-2.588,-3.197,0.002894,0.397
118,2577.35,-1307.97,55.00,267.67,0.426,0.545,3,2.7,1.000,28.042,-1.466,0.002986,0.457
114,-423.71,2343.65,0.00,-166.83,0.470,0.273,2,1.4,0.000,-16.822,-3.197,0.000000,0.397
119,2402.85,-1307.97,55.00,267.67,0.426,0.545,7,2.7,0.857,21.122,-1.466,0.000000,0.457
115,-1255.58,2493.24,0.00,-131.33,0.515,0.273,11,1.6,0.545,-5.950,-2.501,0.002635,0.471
120,-275.72,-1307.97,0.00,123.65,0.203,0.455,6,2.7,0.500,-3.592,-2.618,0.002579,0.452
116,-373.78,2493.24,0.00,-131.33,0.515,0.273,10,1.6,0.400,-5.673,-2.501,0.000000,0.471
117,-183.41,2493.24,0.00,-130.13,0.515,0.273,7,1.6,0.429,-2.314,-2.493,0.002445,0.467
121,486.01,-1307.97,0.00,123.65,0.203,0.455,5,2.7,0.600,4.825,-2.618,0.000000,0.452
118,1626.70,2253.37,0.00,-164.82,0.477,0.273,5,1.8,0.600,9.358,-3.449,0.003440,0.462
122,-1828.31,-1307.97,0.00,186.99,0.252,0.455,4,2.7,0.000,-14.959,-2.125,0.001945,0.448
119,-143.75,2253.37,0.00,-164.82,0.477,0.273,12,1.8,0.417,-1.447,-3.449,0.000000,0.462
123,1510.46,-1087.79,0.00,-30.93,0.150,0.455,2,2.6,1.000,788.375,-4.957,0.002382,0.443
124,1154.26,-1087.79,0.00,-30.93,0.150,0.455,4,2.6,1.000,27.848,-4.957,0.000000,0.443
120,1165.98,2253.37,0.00,-177.00,0.189,0.091,14,1.4,0.714,7.164,-0.898,0.001756,0.457
125,-163.61,-1087.79,0.00,89.15,0.194,0.455,5,2.2,0.400,-3.201,-3.207,0.003309,0.439
121,168.62,2253.37,0.00,-177.00,0.189,0.091,7,1.4,0.286,2.614,-0.898,0.000000,0.457
126,-277.49,-1087.79,0.00,89.15,0.194,0.455,7,2.2,0.571,-1.229,-3.207,0.000000,0.439
122,1053.50,2253.37,0.00,-177.00,0.189,0.091,11,1.4,0.545,5.155,-0.898,0.002365,0.453
127,-422.93,-1087.79,0.00,226.14,0.333,0.455,5,1.7,0.400,-3.887,-2.682,0.002449,0.434
123,231.47,2429.61,0.00,-117.91,0.492,0.273,10,1.9,0.700,0.804,-2.849,0.002250,0.448
128,392.55,-883.19,0.00,261.18,0.365,0.455,6,2.1,0.500,2.544,-0.432,0.003055,0.430
124,3333.48,2429.61,0.00,-117.91,0.492,0.273,10,1.9,0.900,12.178,-2.849,0.000000,0.448
129,231.51,-883.19,0.00,261.18,0.365,0.455,9,2.1,0.556,1.982,-0.432,0.000000,0.430
125,280.18,2429.61,0.00,-117.91,0.492,0.273,10,1.9,0.400,2.575,-2.849,0.002140,0.444
130,-571.70,-883.19,0.00,261.18,0.365,0.455,7,2.1,0.571,-6.074,-0.432,0.002666,0.426
126,-252.30,2429.61,0.00,-117.91,0.492,0.273,5,1.9,0.400,-6.813,-2.849,0.000000,0.444
131,-1120.31,-883.19,0.00,261.18,0.365,0.455,7,2.1,0.286,-10.175,-0.432,0.000000,0.426
127,1745.55,2668.35,-136.69,-108.78,0.530,0.273,5,2.6,0.800,18.317,3.860,0.002895,0.439
132,383.37,-857.75,0.00,233.80,0.276,0.455,5,2.1,0.600,5.178,-0.817,0.002536,0.421
128,-1121.45,2668.35,-136.69,-133.48,0.426,0.273,9,3.1,0.222,-7.658,-0.548,0.002495,0.435
133,36.44,-857.75,0.00,233.80,0.276,0.455,7,2.1,0.714,0.206,-0.817,0.002250,0.417
129,271.02,2668.35,-136.69,-133.48,0.426,0.273,11,3.1,0.727,2.525,-0.548,0.000000,0.435
134,-316.04,-857.75,0.00,233.80,0.276,0.455,5,2.1,0.600,-2.250,-0.817,0.000000,0.417
130,1793.44,2668.35,-136.69,-133.48,0.426,0.273,8,3.1,0.375,5.407,-0.548,0.003469,0.431
135,-549.68,-857.75,0.00,-60.15,0.276,0.455,7,2.1,0.714,-7.718,-2.637,0.003284,0.413
131,-798.34,2668.35,-136.69,-133.48,0.426,0.273,7,3.1,0.143,-13.698,-0.548,0.000000,0.431
136,145.91,-857.75,0.00,-60.15,0.276,0.455,6,2.1,0.500,3.919,-2.637,0.000000,0.413
132,402.13,2668.35,-136.69,-133.48,0.426,0.273,13,3.1,0.615,4.134,-0.548,0.002424,0.426
137,718.37,-857.75,0.00,-143.69,0.217,0.182,10,2.1,0.700,8.026,-3.816,0.002123,0.409
133,503.28,2668.35,-136.69,-134.68,0.426,0.273,4,3.1,0.750,9.124,-0.554,0.003227,0.500
138,575.91,-428.62,0.00,-69.85,0.217,0.182,5,2.1,0.600,3.106,-4.830,0.001969,0.405
134,-671.68,2668.35,-136.69,-134.68,0.426,0.273,6,3.1,0.333,-10.193,-0.554,0.000000,0.500
139,2046.62,-428.62,0.00,-69.85,0.217,0.182,7,2.1,0.429,5.760,-4.830,0.000000,0.405
135,3347.17,1707.38,-136.69,-285.26,0.471,0.273,6,3.2,1.000,19.731,-1.998,0.002835,0.495
140,19.29,-428.62,0.00,-42.81,0.245,0.182,9,2.3,0.667,0.341,-4.445,0.001453,0.401
136,-281.76,1707.38,-136.69,-285.26,0.471,0.273,10,3.2,0.500,-1.494,-1.998,0.000000,0.495
141,820.42,-428.62,0.00,-42.81,0.245,0.182,7,2.3,0.714,7.463,-4.445,0.000000,0.401
137,387.89,1562.39,-116.69,-268.03,0.515,0.273,5,4.4,0.600,4.695,-2.183,0.002653,0.490
142,-777.89,-428.62,0.00,-42.81,0.245,0.182,6,2.3,0.667,-7.688,-4.445,0.002861,0.476
138,689.32,1562.39,-116.69,-268.03,0.515,0.273,12,4.4,0.583,7.298,-2.183,0.002088,0.485
143,-205.54,-428.62,0.00,-42.81,0.245,0.182,7,2.3,0.429,-3.792,-4.445,0.003176,0.471
139,-54.09,1562.39,-116.69,-268.03,0.515,0.273,4,4.4,0.500,-0.382,-2.183,0.000000,0.485
144,-652.02,-428.62,0.00,-42.81,0.245,0.182,10,2.3,0.400,-6.986,-4.445,0.000000,0.471
140,-314.10,1481.85,-69.16,78.89,0.506,0.273,10,4.5,0.600,-4.749,-0.385,0.002182,0.480
145,-7.32,-428.62,0.00,-92.14,0.189,0.182,10,1.9,0.300,-0.079,-5.185,0.002021,0.467
141,465.41,1481.85,-69.16,78.89,0.506,0.273,8,4.5,0.500,3.930,-0.385,0.000000,0.480
146,74.92,-428.62,0.00,-92.14,0.189,0.182,8,1.9,0.500,0.521,-5.185,0.000000,0.467
142,-2077.53,1481.85,-69.16,79.71,0.550,0.364,11,3.5,0.364,-7.286,5.413,0.002634,0.475
147,-1433.99,-428.62,0.00,-69.85,0.217,0.182,10,2.1,0.200,-8.323,-4.830,0.001798,0.462
143,2076.17,1543.15,-69.16,78.72,0.458,0.273,12,3.0,0.750,7.152,-4.227,0.001841,0.471
148,-697.46,-428.62,0.00,-69.85,0.217,0.182,5,2.1,0.200,-8.850,-4.830,0.002233,0.457
144,-708.99,1543.15,-69.16,78.72,0.458,0.273,9,3.0,0.222,-7.498,-4.227,0.000000,0.471
149,-6.08,-428.62,0.00,-69.85,0.217,0.182,5,2.1,0.800,-0.162,-4.830,0.000000,0.457
145,-718.25,1214.88,-18.80,62.34,0.485,0.273,12,2.5,0.167,-6.185,-0.533,0.001928,0.466
146,-1385.56,1214.88,-18.80,62.34,0.485,0.273,10,2.5,0.100,-9.998,-0.533,0.000000,0.466
147,-574.00,1504.81,84.92,229.98,0.539,0.727,6,2.2,0.667,-3.456,7.384,0.003670,0.461
148,-162.98,1343.15,84.92,215.29,0.539,0.727,11,2.2,0.455,-1.353,7.274,0.002034,0.457
149,-485.66,1343.15,84.92,215.29,0.539,0.727,7,2.2,0.000,-24.898,7.274,0.000000,0.457
