episode,reward,profit_dollars,num_trades,sharpe_ratio,win_rate,max_drawdown,loss,avg_loss,epsilon,oos_profit_dollars,oos_num_trades,oos_sharpe_ratio,oos_win_rate,oos_max_drawdown,target_achieved,profit_gap,stability_score,consecutive_good
0,0.5363,924.15,15,9.395,0.733,0.023,0.2517,0.2517,0.990,-51.24,2,-1.854,0.500,0.024,1,-124.15,0.000,1
1,-0.2998,-687.86,15,-3.163,0.467,0.075,0.2177,0.2347,0.980,199.86,2,2.852,0.500,0.046,0,1487.86,0.000,0
2,-0.0395,-392.18,13,-2.757,0.385,0.066,0.1792,0.2162,0.968,0.00,1,0.000,0.000,0.000,0,1192.18,0.584,0
3,0.6985,1639.85,11,14.797,0.727,0.003,0.1724,0.2053,0.959,-982.87,3,-9.183,0.333,0.113,1,-839.85,0.499,1
4,0.2705,846.66,13,3.300,0.462,0.035,0.2050,0.2052,0.949,-483.07,1,0.000,0.000,0.048,1,-46.66,0.480,2
5,-0.3178,-1091.03,12,-4.364,0.417,0.128,0.1855,0.2019,0.938,1216.21,2,14.566,0.500,0.005,0,1891.03,0.722,0
6,-0.3321,-5.78,12,-0.012,0.500,0.180,0.2299,0.2059,0.500,0.00,1,0.000,0.000,0.000,0,805.78,0.635,0
7,-0.0029,-186.14,13,-2.845,0.462,0.033,0.2016,0.2054,0.495,1007.57,2,10.939,0.500,0.020,0,986.14,0.749,0
8,-0.2152,-755.81,11,-13.997,0.182,0.086,0.2353,0.2087,0.496,1627.32,4,12.248,0.750,0.020,0,1555.81,0.777,0
9,-0.0133,-417.37,13,-4.516,0.308,0.054,0.2654,0.2144,0.498,-395.36,6,-3.892,0.667,0.074,0,1217.37,0.759,0
10,-0.2049,-511.41,17,-14.662,0.059,0.051,0.3304,0.2249,0.493,525.84,3,11.813,0.667,0.002,0,1311.41,0.799,0
11,-0.1920,-552.94,12,-6.322,0.333,0.072,0.3135,0.2323,0.487,-1059.55,3,-24.139,0.000,0.106,0,1352.94,0.604,0
12,-0.9203,-2407.25,9,-12.939,0.222,0.241,0.3590,0.2421,0.497,-196.69,9,-0.796,0.556,0.102,0,3207.25,0.560,0
13,0.1150,789.67,17,4.385,0.471,0.033,0.4115,0.2542,0.499,-851.60,7,-5.000,0.429,0.121,0,10.33,0.560,0
14,-0.2832,-900.72,12,-5.321,0.333,0.115,0.3663,0.2616,0.500,1099.85,5,8.846,0.600,0.040,0,1700.72,0.600,0
15,0.0838,-72.41,17,-0.483,0.529,0.031,0.4452,0.2731,0.495,-253.84,2,-18.239,0.000,0.025,0,872.41,0.560,0
16,0.2305,703.87,16,3.187,0.688,0.056,0.5194,0.2876,0.497,12.65,2,4.355,0.500,0.002,0,96.13,0.600,0
17,0.1237,34.80,12,0.527,0.500,0.025,0.4630,0.2974,0.491,0.00,1,0.000,0.000,0.000,0,765.20,0.559,0
18,0.6209,2406.84,6,12.933,0.667,0.029,0.5876,0.3126,0.486,-550.60,5,-7.069,0.200,0.056,1,-1606.84,0.545,1
19,-0.1374,-388.04,12,-1.943,0.667,0.127,0.5895,0.3265,0.481,435.84,2,7.984,0.500,0.020,0,1188.04,0.620,0
20,-0.7120,-1724.49,15,-7.392,0.400,0.192,0.6482,0.3463,0.496,-530.90,6,-6.126,0.500,0.071,0,2524.49,0.612,0
21,0.1315,-103.82,15,-0.508,0.400,0.084,0.7819,0.3745,0.498,-558.40,1,0.000,0.000,0.056,0,903.82,0.520,0
22,0.1422,-546.63,11,-4.721,0.636,0.069,0.8315,0.4071,0.500,37.78,1,0.000,1.000,0.000,0,1346.63,0.559,0
23,-0.1351,-205.36,19,-1.190,0.526,0.054,0.8403,0.4405,0.494,1124.91,6,6.205,0.500,0.031,0,1005.36,0.599,0
24,0.1580,372.15,14,2.195,0.500,0.047,0.8844,0.4745,0.489,995.11,8,4.598,0.375,0.031,0,427.85,0.799,0
25,-0.0938,-235.27,15,-1.577,0.333,0.051,1.1561,0.5230,0.484,-22.23,1,0.000,0.000,0.002,0,1035.27,0.767,0
26,0.4698,853.18,16,5.112,0.750,0.041,1.1301,0.5680,0.498,0.00,0,0.000,0.000,0.000,1,-53.18,0.706,1
27,-0.3622,-648.60,20,-3.909,0.350,0.078,1.4106,0.6285,0.500,-16.73,1,0.000,0.000,0.002,0,1448.60,0.681,0
28,-0.4335,-671.24,14,-3.327,0.357,0.109,1.4389,0.6887,0.495,-592.13,5,-6.572,0.600,0.059,0,1471.24,0.559,0
29,0.4798,1458.81,12,3.507,0.583,0.076,1.7508,0.7629,0.496,-629.52,7,-6.323,0.429,0.073,1,-658.81,0.519,1
30,-0.0080,-588.98,12,-5.736,0.333,0.080,1.7368,0.8332,0.498,18.27,11,0.051,0.273,0.161,0,1388.98,0.559,0
31,0.0813,-378.63,10,-3.855,0.600,0.053,1.7994,0.9075,0.500,1604.76,2,25.837,1.000,0.000,0,1178.63,0.599,0
32,-0.4487,-1258.33,11,-6.653,0.455,0.132,1.8987,0.9845,0.494,-1134.39,4,-19.980,0.000,0.113,0,2058.33,0.559,0
33,0.3944,773.33,6,7.263,0.833,0.036,1.9837,1.0631,0.496,-810.34,3,-14.991,0.000,0.081,0,26.67,0.519,0
34,0.4338,698.04,10,4.650,0.600,0.044,2.0781,1.1487,0.491,878.27,7,4.050,0.429,0.059,0,101.96,0.569,0
35,-0.3341,-1035.00,8,-3.525,0.375,0.174,2.1315,1.2330,0.499,-633.16,5,-9.174,0.400,0.068,0,1835.00,0.519,0
36,0.1951,-199.31,11,-1.387,0.636,0.061,2.4077,1.3275,0.494,385.71,7,1.784,0.286,0.095,0,999.31,0.628,0
37,0.6971,1779.49,13,6.113,0.692,0.057,2.4406,1.4263,0.496,-766.15,6,-9.390,0.500,0.092,1,-979.49,0.565,1
38,-0.0618,-179.08,14,-0.654,0.500,0.115,2.7039,1.5321,0.490,-707.29,8,-6.190,0.375,0.096,0,979.08,0.560,0
39,-0.0538,392.76,7,1.505,0.571,0.133,2.6211,1.6337,0.499,-269.39,6,-4.303,0.500,0.042,0,407.24,0.560,0
40,0.2537,224.10,12,0.824,0.500,0.085,3.0052,1.7516,0.494,48.26,8,0.546,0.250,0.036,0,575.90,0.560,0
41,0.3404,545.31,8,5.411,0.750,0.031,3.2162,1.8733,0.495,-326.03,2,-18.382,0.000,0.033,0,254.69,0.594,0
42,0.1427,278.50,8,4.513,0.375,0.015,3.3824,2.0008,0.497,0.00,0,0.000,0.000,0.000,0,521.50,0.524,0
43,0.1041,-436.51,9,-3.890,0.667,0.079,3.3635,2.1270,0.499,0.00,0,0.000,0.000,0.000,0,1236.51,0.520,0
44,0.4328,1334.36,7,8.461,0.857,0.055,3.5386,2.2597,0.493,0.00,0,0.000,0.000,0.000,1,-534.36,0.580,1
45,0.2872,744.45,11,10.579,0.727,0.006,3.9042,2.3971,0.488,-229.82,18,-1.636,0.611,0.060,0,55.55,0.525,0
46,-0.0090,-177.08,10,-0.461,0.400,0.146,4.0940,2.5453,0.483,-116.94,6,-1.429,0.667,0.050,0,977.08,0.569,0
47,0.4697,878.75,11,2.455,0.636,0.100,4.4636,2.6980,0.498,-72.57,3,-0.938,0.667,0.054,1,-78.75,0.517,1
48,0.0033,-213.42,8,-0.681,0.625,0.148,4.3634,2.8442,0.500,224.76,3,2.156,0.667,0.054,0,1013.42,0.527,0
49,-0.3022,-1085.76,5,-10.457,0.400,0.116,4.7481,2.9940,0.495,-7.65,4,-0.084,0.750,0.054,0,1885.76,0.509,0
50,0.5869,1082.23,10,5.572,0.800,0.017,4.9827,3.1563,0.489,462.07,1,0.000,1.000,0.000,1,-282.23,0.577,1
51,0.1520,268.91,4,3.924,0.500,0.034,5.3761,3.3352,0.499,1295.36,1,0.000,1.000,0.000,0,531.09,0.716,0
52,-0.1045,-517.99,7,-11.164,0.286,0.061,5.5234,3.5164,0.494,-774.52,3,-17.953,0.000,0.077,0,1317.99,0.594,0
53,-0.5787,-1978.36,11,-9.716,0.273,0.226,5.8826,3.7113,0.495,435.84,2,7.984,0.500,0.020,0,2778.36,0.663,0
54,-0.3319,-489.19,3,-6.536,0.333,0.061,5.6253,3.8887,0.490,0.00,1,0.000,0.000,0.000,0,1289.19,0.633,0
55,-0.2467,-1208.35,8,-7.273,0.500,0.130,5.5740,4.0608,0.485,149.21,2,30.671,1.000,0.000,0,2008.35,0.630,0
56,-0.5075,-1387.06,8,-18.676,0.000,0.139,5.4617,4.2135,0.496,0.00,1,0.000,0.000,0.000,0,2187.06,0.599,0
57,0.2087,660.31,3,17.091,0.667,0.006,6.1039,4.3967,0.498,0.00,1,0.000,0.000,0.000,0,139.69,0.599,0
58,-0.3115,-1095.69,5,-7.006,0.400,0.137,6.0264,4.5628,0.500,0.00,1,0.000,0.000,0.000,0,1895.69,0.559,0
59,-0.8278,-2581.73,4,-17.453,0.250,0.267,6.0422,4.7339,0.494,0.00,1,0.000,0.000,0.000,0,3381.73,0.559,0
60,-0.5756,-1353.58,6,-6.003,0.333,0.196,6.3860,4.9029,0.489,0.00,1,0.000,0.000,0.000,0,2153.58,0.519,0
61,0.4800,1336.76,8,4.122,0.500,0.085,6.7558,5.0799,0.484,0.00,1,0.000,0.000,0.000,1,-536.76,0.521,1
62,0.0553,405.76,5,3.951,0.400,0.042,6.6686,5.2442,0.495,0.00,1,0.000,0.000,0.000,0,394.24,0.479,0
63,0.5783,2266.21,8,9.246,0.750,0.030,6.6047,5.4063,0.497,0.00,1,0.000,0.000,0.000,1,-1466.21,0.439,1
64,0.0986,122.40,7,3.654,0.286,0.010,6.6889,5.5638,0.492,0.00,1,0.000,0.000,0.000,0,677.60,0.439,0
65,0.3395,592.58,8,7.594,0.625,0.007,7.2459,5.7309,0.500,0.00,1,0.000,0.000,0.000,0,207.42,0.400,0
66,0.4319,866.48,7,4.111,0.429,0.058,7.1735,5.8848,0.495,0.00,1,0.000,0.000,0.000,1,-66.48,0.400,1
67,0.3713,455.35,7,3.107,0.571,0.068,7.7093,6.0471,0.497,0.00,1,0.000,0.000,0.000,0,344.65,0.400,0
68,-0.6572,-1606.59,5,-13.858,0.200,0.161,6.8099,6.1694,0.491,0.00,1,0.000,0.000,0.000,0,2406.59,0.400,0
69,-0.7525,-2279.35,9,-12.793,0.222,0.231,8.4096,6.3525,0.486,0.00,1,0.000,0.000,0.000,0,3079.35,0.400,0
70,0.1215,103.83,6,0.820,0.500,0.077,8.2982,6.5183,0.497,0.00,1,0.000,0.000,0.000,0,696.17,0.400,0
71,0.7202,2311.42,8,10.167,0.625,0.007,9.3103,6.7150,0.498,0.00,1,0.000,0.000,0.000,1,-1511.42,0.400,1
72,0.1144,-120.85,8,-0.695,0.375,0.089,8.3686,6.8573,0.493,0.00,1,0.000,0.000,0.000,0,920.85,0.400,0
73,0.2106,256.08,9,1.511,0.556,0.088,9.0216,7.0142,0.498,0.00,1,0.000,0.000,0.000,0,543.92,0.400,0
74,0.2730,222.22,14,1.388,0.571,0.028,8.9570,7.1808,0.499,0.00,1,0.000,0.000,0.000,0,577.78,0.400,0
75,-0.1957,-112.06,8,-0.440,0.375,0.121,9.2357,7.3639,0.494,0.00,1,0.000,0.000,0.000,0,912.06,0.400,0
76,-0.4414,-948.76,10,-3.965,0.500,0.151,8.9992,7.5408,0.489,0.00,1,0.000,0.000,0.000,0,1748.76,0.400,0
77,0.2724,700.85,6,3.341,0.667,0.092,8.6820,7.6697,0.497,0.00,1,0.000,0.000,0.000,0,99.15,0.400,0
78,-0.3089,-1301.08,6,-9.618,0.333,0.130,10.1292,7.8748,0.499,0.00,1,0.000,0.000,0.000,0,2101.08,0.400,0
79,-0.0699,-519.95,7,-5.866,0.571,0.062,9.5786,8.0516,0.494,0.00,1,0.000,0.000,0.000,0,1319.95,0.400,0
80,0.3107,668.76,4,7.976,0.750,0.033,9.2165,8.1931,0.497,0.00,1,0.000,0.000,0.000,0,131.24,0.400,0
81,0.4735,1073.27,7,3.947,0.714,0.087,10.1224,8.3615,0.499,0.00,1,0.000,0.000,0.000,1,-273.27,0.400,1
82,-0.2586,-308.05,8,-1.317,0.500,0.133,10.9196,8.5740,0.494,0.00,1,0.000,0.000,0.000,0,1108.05,0.400,0
83,-0.3203,-1810.71,10,-7.182,0.400,0.196,10.9017,8.7889,0.495,0.00,1,0.000,0.000,0.000,0,2610.71,0.400,0
84,0.5082,1050.67,6,4.130,0.500,0.066,10.9605,9.0025,0.497,0.00,1,0.000,0.000,0.000,1,-250.67,0.400,1
85,-0.5483,-1219.37,6,-10.409,0.167,0.138,10.7799,9.1792,0.492,0.00,1,0.000,0.000,0.000,0,2019.37,0.400,0
86,0.5522,2299.51,6,6.775,0.500,0.028,11.4405,9.3925,0.498,0.00,1,0.000,0.000,0.000,1,-1499.51,0.400,1
87,-0.6547,-1545.39,6,-15.887,0.333,0.156,10.0692,9.5105,0.500,0.00,1,0.000,0.000,0.000,0,2345.39,0.400,0
88,-0.3181,-881.80,9,-5.715,0.222,0.122,11.1913,9.7296,0.495,0.00,1,0.000,0.000,0.000,0,1681.80,0.400,0
89,-0.1464,-627.23,8,-4.497,0.375,0.105,11.1042,9.8643,0.496,0.00,1,0.000,0.000,0.000,0,1427.23,0.400,0
90,-0.0732,-503.52,8,-3.192,0.375,0.088,10.9935,9.9991,0.498,0.00,1,0.000,0.000,0.000,0,1303.52,0.400,0
91,0.1061,116.06,5,1.862,0.600,0.025,11.9254,10.1298,0.493,0.00,1,0.000,0.000,0.000,0,683.94,0.400,0
92,-0.4170,-819.23,4,-6.559,0.250,0.135,12.4718,10.3350,0.487,0.00,0,0.000,0.000,0.000,0,1619.23,0.400,0
93,-0.1042,-566.25,6,-7.577,0.333,0.057,11.8232,10.4751,0.499,0.00,0,0.000,0.000,0.000,0,1366.25,0.400,0
94,0.3549,1620.83,3,8.379,0.333,0.030,11.8135,10.6179,0.494,0.00,0,0.000,0.000,0.000,1,-820.83,0.400,1
95,-0.4184,-1111.03,7,-9.000,0.286,0.116,11.9626,10.7542,0.488,0.00,0,0.000,0.000,0.000,0,1911.03,0.400,0
96,-0.0180,-87.70,4,-1.423,0.500,0.041,13.3723,10.9729,0.497,0.00,0,0.000,0.000,0.000,0,887.70,0.400,0
97,-0.5696,-1192.64,3,-31.139,0.000,0.119,13.4347,11.2105,0.499,0.00,0,0.000,0.000,0.000,0,1992.64,0.400,0
98,0.0096,-322.44,7,-3.299,0.571,0.078,11.8854,11.2983,0.493,0.00,0,0.000,0.000,0.000,0,1122.44,0.400,0
99,-0.4172,-678.82,5,-4.984,0.200,0.121,12.0948,11.4242,0.500,0.00,1,0.000,0.000,0.000,0,1478.82,0.400,0
100,0.1685,-61.57,8,-0.467,0.500,0.061,12.7439,11.6005,0.495,0.00,1,0.000,0.000,0.000,0,861.57,0.400,0
101,-0.0738,-484.77,7,-4.321,0.429,0.080,12.0810,11.6985,0.497,0.00,1,0.000,0.000,0.000,0,1284.77,0.400,0
102,-0.0461,111.64,7,0.716,0.429,0.057,12.7640,11.7907,0.492,0.00,1,0.000,0.000,0.000,0,688.36,0.400,0
103,0.8582,1956.69,10,14.121,0.900,0.027,11.7827,11.8347,0.500,0.00,1,0.000,0.000,0.000,1,-1156.69,0.400,1
104,0.7449,2594.88,8,24.834,0.875,0.002,11.3382,11.8536,0.494,0.00,1,0.000,0.000,0.000,1,-1794.88,0.400,2
105,0.4757,834.92,10,4.160,0.600,0.045,12.9913,11.9642,0.496,0.00,1,0.000,0.000,0.000,1,-34.92,0.400,3
106,-0.0830,-713.53,11,-6.240,0.364,0.078,12.4058,12.0124,0.491,0.00,1,0.000,0.000,0.000,0,1513.53,0.400,0
107,0.5369,1024.96,7,18.928,0.857,0.009,13.7277,12.1954,0.498,0.00,1,0.000,0.000,0.000,1,-224.96,0.400,1
108,0.2792,886.18,9,7.191,0.556,0.017,13.4965,12.3106,0.500,0.00,1,0.000,0.000,0.000,1,-86.18,0.400,2
109,-0.0158,-223.55,6,-1.365,0.500,0.094,14.5727,12.4841,0.495,0.00,1,0.000,0.000,0.000,0,1023.55,0.400,0
110,0.5344,1426.98,9,8.577,0.778,0.026,14.1907,12.6439,0.496,0.00,1,0.000,0.000,0.000,1,-626.98,0.400,1
111,0.7718,2941.44,5,13.105,0.600,0.046,13.0520,12.7002,0.499,0.00,1,0.000,0.000,0.000,1,-2141.44,0.400,2
112,-0.6643,-1854.58,9,-8.026,0.444,0.202,13.1496,12.7341,0.494,0.00,1,0.000,0.000,0.000,0,2654.58,0.400,0
113,-0.5361,-1383.39,11,-4.400,0.364,0.138,13.7174,12.8288,0.488,0.00,1,0.000,0.000,0.000,0,2183.39,0.400,0
114,0.8103,2784.48,9,10.630,0.778,0.013,13.8237,12.9294,0.483,0.00,1,0.000,0.000,0.000,1,-1984.48,0.400,1
115,-0.2003,-889.61,5,-10.033,0.200,0.089,15.2860,13.0955,0.496,0.00,1,0.000,0.000,0.000,0,1689.61,0.400,0
116,0.4147,1410.57,3,30.593,1.000,0.000,13.1134,13.0826,0.497,0.00,0,0.000,0.000,0.000,1,-610.57,0.400,1
117,-0.1527,-452.79,5,-7.912,0.200,0.062,15.4634,13.1840,0.499,0.00,0,0.000,0.000,0.000,0,1252.79,0.400,0
118,0.4295,1633.52,4,17.007,0.750,0.006,15.4953,13.3645,0.494,0.00,1,0.000,0.000,0.000,1,-833.52,0.400,1
119,-0.0526,-649.16,6,-3.615,0.333,0.146,15.0834,13.5139,0.488,0.00,1,0.000,0.000,0.000,0,1449.16,0.400,0
120,-0.1810,-519.77,8,-6.057,0.250,0.062,15.2826,13.6409,0.483,0.00,1,0.000,0.000,0.000,0,1319.77,0.400,0
121,-0.1367,-286.86,8,-4.020,0.250,0.057,15.0647,13.7901,0.496,0.00,1,0.000,0.000,0.000,0,1086.86,0.400,0
122,-0.6137,-1309.39,8,-13.931,0.250,0.131,14.2473,13.8642,0.497,0.00,1,0.000,0.000,0.000,0,2109.39,0.400,0
123,0.4285,955.87,8,8.418,0.625,0.022,14.4523,13.9977,0.499,0.00,1,0.000,0.000,0.000,1,-155.87,0.400,1
124,0.2681,474.36,7,3.198,0.571,0.061,15.0034,14.1810,0.494,0.00,1,0.000,0.000,0.000,0,325.64,0.400,0
125,-0.6314,-860.97,4,-7.760,0.250,0.117,14.3131,14.2471,0.488,0.00,1,0.000,0.000,0.000,0,1660.97,0.400,0
126,0.1515,297.81,6,1.812,0.667,0.081,15.6021,14.4069,0.499,0.00,1,0.000,0.000,0.000,0,502.19,0.400,0
127,-0.7426,-1551.09,4,-17.788,0.250,0.165,14.8939,14.4652,0.494,0.00,1,0.000,0.000,0.000,0,2351.09,0.400,0
128,0.4653,1183.91,8,4.593,0.500,0.066,15.5047,14.5656,0.495,0.00,1,0.000,0.000,0.000,1,-383.91,0.400,1
129,-0.1099,-978.31,11,-3.102,0.455,0.140,14.8100,14.5775,0.490,0.00,1,0.000,0.000,0.000,0,1778.31,0.400,0
130,0.0416,-402.66,4,-3.030,0.750,0.099,15.5557,14.6457,0.497,0.00,1,0.000,0.000,0.000,0,1202.66,0.400,0
131,0.3962,1185.65,4,4.592,0.500,0.074,14.9104,14.7386,0.498,0.00,0,0.000,0.000,0.000,1,-385.65,0.400,1
132,-0.5022,-1792.98,2,-7.969,0.500,0.246,15.5569,14.8590,0.500,0.00,0,0.000,0.000,0.000,0,2592.98,0.400,0
133,-0.0129,-62.97,4,-2.559,0.500,0.011,16.0830,14.9773,0.495,0.00,0,0.000,0.000,0.000,0,862.97,0.400,0
134,-0.0549,-313.79,7,-6.783,0.286,0.031,16.6932,15.1207,0.496,0.00,0,0.000,0.000,0.000,0,1113.79,0.400,0
135,-0.4583,-1267.81,6,-11.638,0.167,0.128,18.5077,15.2818,0.491,0.00,1,0.000,0.000,0.000,0,2067.81,0.400,0
136,-0.4986,-1676.07,11,-11.238,0.182,0.168,15.9820,15.4253,0.486,0.00,1,0.000,0.000,0.000,0,2476.07,0.400,0
137,-0.8189,-1809.03,12,-8.106,0.417,0.192,17.3207,15.5181,0.498,0.00,1,0.000,0.000,0.000,0,2609.03,0.400,0
138,-0.1810,-1031.00,11,-4.767,0.545,0.147,17.6035,15.6235,0.500,0.00,1,0.000,0.000,0.000,0,1831.00,0.400,0
139,0.3325,1579.02,17,2.394,0.471,0.121,19.5969,15.8492,0.495,0.00,1,0.000,0.000,0.000,1,-779.02,0.400,1
140,-0.0747,-160.85,16,-0.534,0.438,0.069,18.1693,15.9935,0.489,0.00,1,0.000,0.000,0.000,0,960.85,0.400,0
141,-0.1644,738.90,18,1.455,0.611,0.153,18.2237,16.1515,0.497,0.00,1,0.000,0.000,0.000,0,61.10,0.400,0
142,0.0123,-354.06,13,-2.624,0.615,0.089,18.4071,16.3595,0.499,0.00,1,0.000,0.000,0.000,0,1154.06,0.400,0
143,-0.4841,-1761.94,11,-10.303,0.182,0.180,18.5589,16.5648,0.500,0.00,1,0.000,0.000,0.000,0,2561.94,0.400,0
144,-0.4436,-503.91,17,-1.662,0.471,0.116,17.0855,16.6689,0.495,0.00,1,0.000,0.000,0.000,0,1303.91,0.400,0
145,-0.3281,-695.66,17,-9.636,0.235,0.070,16.5626,16.7814,0.497,0.00,1,0.000,0.000,0.000,0,1495.66,0.400,0
146,-0.5667,-1721.70,9,-7.096,0.333,0.190,16.4962,16.8261,0.498,0.00,0,0.000,0.000,0.000,0,2521.70,0.400,0
147,-0.5298,-1423.24,8,-10.312,0.125,0.142,19.0045,17.0316,0.500,0.00,0,0.000,0.000,0.000,0,2223.24,0.400,0
148,-0.8923,-2270.75,2,-31.014,0.000,0.227,18.3051,17.1716,0.495,0.00,0,0.000,0.000,0.000,0,3070.75,0.400,0
149,-0.0262,-627.11,12,-3.009,0.417,0.097,17.3898,17.3006,0.496,0.00,1,0.000,0.000,0.000,0,1427.11,0.400,0
150,-0.2923,-1017.82,10,-9.976,0.100,0.121,18.2460,17.4351,0.498,0.00,1,0.000,0.000,0.000,0,1817.82,0.400,0
151,-0.8193,-1452.85,12,-6.153,0.500,0.187,16.2142,17.5003,0.500,0.00,1,0.000,0.000,0.000,0,2252.85,0.400,0
152,0.0444,-522.49,7,-2.917,0.571,0.102,17.1166,17.5783,0.494,0.00,0,0.000,0.000,0.000,0,1322.49,0.400,0
153,-0.5053,-1302.09,6,-18.441,0.000,0.130,16.7914,17.6137,0.489,0.00,0,0.000,0.000,0.000,0,2102.09,0.400,0
154,0.2867,660.86,6,6.032,0.667,0.035,17.4963,17.6539,0.484,0.00,0,0.000,0.000,0.000,0,139.14,0.400,0
155,-0.3808,-1024.94,6,-8.802,0.500,0.116,17.3720,17.5971,0.499,0.00,0,0.000,0.000,0.000,0,1824.94,0.400,0
156,0.2383,181.16,9,0.916,0.333,0.090,19.0008,17.7481,0.494,0.00,0,0.000,0.000,0.000,0,618.84,0.400,0
157,-0.0454,-295.23,7,-5.587,0.429,0.050,17.2585,17.7449,0.496,0.00,0,0.000,0.000,0.000,0,1095.23,0.400,0
158,0.7459,2541.41,6,25.802,1.000,0.000,18.3013,17.7798,0.490,0.00,0,0.000,0.000,0.000,1,-1741.41,0.400,1
159,0.6783,2142.48,5,37.992,1.000,0.000,18.6681,17.7334,0.485,0.00,0,0.000,0.000,0.000,1,-1342.48,0.400,2
160,0.5568,888.46,6,24.605,1.000,0.000,17.4088,17.6954,0.480,0.00,0,0.000,0.000,0.000,1,-88.46,0.400,3
161,0.1566,384.50,4,11.530,0.750,0.011,18.3617,17.7023,0.497,0.00,0,0.000,0.000,0.000,0,415.50,0.400,0
162,0.0717,82.09,6,0.686,0.500,0.050,17.2657,17.6452,0.499,0.00,0,0.000,0.000,0.000,0,717.91,0.400,0
163,0.2071,183.57,6,2.359,0.667,0.031,18.1646,17.6255,0.494,0.00,0,0.000,0.000,0.000,0,616.43,0.400,0
164,0.1033,-252.74,8,-3.012,0.625,0.059,18.4140,17.6919,0.498,0.00,0,0.000,0.000,0.000,0,1052.74,0.400,0
165,0.0878,552.48,4,4.890,0.500,0.044,20.0505,17.8663,0.500,0.00,0,0.000,0.000,0.000,0,247.52,0.400,0
166,0.3548,801.61,5,15.083,1.000,0.000,16.8621,17.8846,0.495,0.00,0,0.000,0.000,0.000,1,-1.61,0.400,1
167,0.3871,902.95,7,13.940,0.857,0.005,19.3419,17.9015,0.500,0.00,0,0.000,0.000,0.000,1,-102.95,0.400,2
168,-0.0423,-223.40,5,-2.080,0.600,0.061,18.6651,17.9195,0.495,0.00,0,0.000,0.000,0.000,0,1023.40,0.400,0
169,0.0924,164.98,9,1.370,0.333,0.025,19.6159,18.0308,0.497,0.00,0,0.000,0.000,0.000,0,635.02,0.400,0
170,-0.1636,-617.27,6,-3.241,0.667,0.112,20.6504,18.1510,0.491,0.00,0,0.000,0.000,0.000,0,1417.27,0.400,0
171,-0.1097,-618.12,10,-2.050,0.400,0.119,19.9524,18.3379,0.499,0.00,0,0.000,0.000,0.000,0,1418.12,0.400,0
172,-0.2124,-715.77,4,-6.797,0.500,0.090,19.8184,18.4730,0.494,0.00,0,0.000,0.000,0.000,0,1515.77,0.400,0
173,0.1768,791.93,8,3.677,0.250,0.041,21.3092,18.6989,0.495,0.00,0,0.000,0.000,0.000,0,8.07,0.400,0
174,0.1200,122.58,5,10.465,0.600,0.001,21.1929,18.8837,0.490,0.00,0,0.000,0.000,0.000,0,677.42,0.400,0
175,-0.1600,-585.73,4,-12.454,0.250,0.059,20.8480,19.0575,0.485,0.00,0,0.000,0.000,0.000,0,1385.73,0.400,0
176,-0.0396,-419.87,7,-3.741,0.286,0.070,20.9597,19.1554,0.499,0.00,0,0.000,0.000,0.000,0,1219.87,0.400,0
177,-0.1108,-578.33,6,-9.903,0.333,0.060,22.6045,19.4227,0.494,0.00,0,0.000,0.000,0.000,0,1378.33,0.400,0
178,0.0758,342.02,2,21.799,1.000,0.000,21.6042,19.5879,0.496,0.00,0,0.000,0.000,0.000,0,457.98,0.400,0
179,0.6275,1655.37,8,11.224,0.750,0.020,21.2848,19.7187,0.490,0.00,1,0.000,0.000,0.000,1,-855.37,0.400,1
180,-0.1456,-821.41,9,-6.130,0.333,0.089,22.9908,19.9978,0.498,0.00,1,0.000,0.000,0.000,0,1621.41,0.400,0
181,0.4492,1425.83,18,2.096,0.500,0.057,21.5333,20.1564,0.493,0.00,1,0.000,0.000,0.000,1,-625.83,0.400,1
182,-0.2159,-409.86,13,-2.082,0.308,0.117,22.7453,20.4304,0.496,0.00,1,0.000,0.000,0.000,0,1209.86,0.400,0
183,0.0118,89.03,15,0.399,0.400,0.058,20.8353,20.5639,0.491,0.00,1,0.000,0.000,0.000,0,710.97,0.400,0
184,-0.7830,-980.77,12,-2.281,0.500,0.234,22.5127,20.7689,0.498,0.00,1,0.000,0.000,0.000,0,1780.77,0.400,0
185,0.1763,721.71,15,2.696,0.600,0.090,21.3018,20.8314,0.499,0.00,1,0.000,0.000,0.000,0,78.29,0.400,0
186,-0.2667,-349.96,13,-0.597,0.308,0.179,23.6542,21.1710,0.494,0.00,1,0.000,0.000,0.000,0,1149.96,0.400,0
187,0.6428,2129.13,19,6.823,0.579,0.035,22.6080,21.3343,0.489,0.00,1,0.000,0.000,0.000,1,-1329.13,0.400,1
188,-0.0817,-755.37,15,-3.640,0.467,0.088,22.0651,21.5043,0.500,0.00,1,0.000,0.000,0.000,0,1555.37,0.400,0
189,-0.7461,-1615.56,17,-6.107,0.412,0.170,23.3200,21.6895,0.495,0.00,1,0.000,0.000,0.000,0,2415.56,0.400,0
190,-0.3612,-643.37,18,-2.940,0.500,0.093,23.3893,21.8265,0.497,0.00,1,0.000,0.000,0.000,0,1443.37,0.400,0
191,0.2469,755.81,18,2.749,0.556,0.075,23.5497,22.0064,0.491,0.00,1,0.000,0.000,0.000,0,44.19,0.400,0
192,-0.6392,-535.03,19,-1.095,0.368,0.107,23.8987,22.2104,0.486,0.00,1,0.000,0.000,0.000,0,1335.03,0.400,0
193,0.3072,462.67,10,4.128,0.400,0.029,22.4235,22.2661,0.500,0.00,1,0.000,0.000,0.000,0,337.33,0.400,0
194,-0.1026,-104.76,16,-0.841,0.375,0.058,22.8296,22.3479,0.494,0.00,1,0.000,0.000,0.000,0,904.76,0.400,0
195,0.2750,607.76,13,3.445,0.615,0.030,23.9678,22.5039,0.496,0.00,1,0.000,0.000,0.000,0,192.24,0.400,0
196,-0.1068,-776.97,12,-3.983,0.583,0.083,23.5364,22.6327,0.491,0.00,1,0.000,0.000,0.000,0,1576.97,0.400,0
197,-0.1177,-447.31,13,-2.627,0.308,0.096,23.3059,22.6678,0.485,0.00,1,0.000,0.000,0.000,0,1247.31,0.400,0
198,0.2547,435.25,5,6.315,0.600,0.022,24.3584,22.8055,0.480,0.00,0,0.000,0.000,0.000,0,364.75,0.400,0
199,-0.3672,-1242.50,5,-9.766,0.600,0.143,23.1613,22.8993,0.476,0.00,0,0.000,0.000,0.000,0,2042.50,0.400,0
200,-0.0639,-481.86,6,-8.077,0.333,0.064,23.8914,22.9444,0.497,0.00,0,0.000,0.000,0.000,0,1281.86,0.400,0
201,-0.0203,422.85,6,2.130,0.500,0.105,23.5877,23.0471,0.500,0.00,0,0.000,0.000,0.000,0,377.15,0.400,0
202,-0.9868,-1723.00,7,-6.986,0.429,0.190,24.1913,23.1194,0.495,0.00,0,0.000,0.000,0.000,0,2523.00,0.400,0
203,0.0614,92.36,4,5.585,0.500,0.007,25.0235,23.3288,0.496,0.00,0,0.000,0.000,0.000,0,707.64,0.400,0
204,-0.3688,-786.33,5,-4.843,0.400,0.137,23.8231,23.3943,0.498,0.00,0,0.000,0.000,0.000,0,1586.33,0.400,0
205,-0.4346,-822.26,6,-6.512,0.500,0.127,23.9744,23.5280,0.500,0.00,0,0.000,0.000,0.000,0,1622.26,0.400,0
206,0.1235,57.63,5,3.589,0.600,0.006,24.0520,23.5478,0.494,0.00,0,0.000,0.000,0.000,0,742.37,0.400,0
207,-0.4224,-1050.19,6,-8.190,0.333,0.118,23.9709,23.6160,0.496,0.00,0,0.000,0.000,0.000,0,1850.19,0.400,0
208,-0.3342,-1170.95,7,-3.342,0.571,0.195,23.6406,23.6948,0.491,0.00,0,0.000,0.000,0.000,0,1970.95,0.400,0
209,0.1323,319.63,5,5.445,0.600,0.026,24.6433,23.7609,0.499,0.00,0,0.000,0.000,0.000,0,480.37,0.400,0
210,-0.1515,-737.76,5,-14.119,0.200,0.082,23.4031,23.7616,0.494,0.00,0,0.000,0.000,0.000,0,1537.76,0.400,0
211,-0.2901,-1345.68,8,-5.085,0.250,0.214,22.1781,23.6930,0.498,0.00,1,0.000,0.000,0.000,0,2145.68,0.400,0
212,-0.3102,-976.95,13,-4.426,0.462,0.140,24.2208,23.7091,0.499,0.00,1,0.000,0.000,0.000,0,1776.95,0.400,0
213,0.1963,456.06,13,2.269,0.385,0.033,22.9173,23.7338,0.494,0.00,1,0.000,0.000,0.000,0,343.94,0.400,0
214,-0.0031,313.70,19,1.209,0.579,0.083,24.7037,23.8275,0.496,0.00,1,0.000,0.000,0.000,0,486.30,0.400,0
215,0.4805,1184.20,18,2.916,0.611,0.071,23.8568,23.8220,0.490,0.00,1,0.000,0.000,0.000,1,-384.20,0.400,1
216,0.0782,200.07,13,1.328,0.462,0.065,25.3302,23.9117,0.485,0.00,1,0.000,0.000,0.000,0,599.93,0.400,0
217,-1.1852,-2502.86,18,-7.088,0.389,0.315,23.7322,23.9330,0.498,0.00,1,0.000,0.000,0.000,0,3302.86,0.400,0
218,-0.2460,-822.46,14,-4.304,0.286,0.127,25.7152,24.0008,0.499,0.00,1,0.000,0.000,0.000,0,1622.46,0.400,0
219,-0.4115,-1072.48,10,-22.443,0.100,0.112,23.4210,24.0138,0.494,0.00,1,0.000,0.000,0.000,0,1872.48,0.400,0
220,-0.0114,235.40,20,0.763,0.450,0.074,22.5099,23.9447,0.489,0.00,1,0.000,0.000,0.000,0,564.60,0.400,0
221,-0.1187,-459.17,17,-2.536,0.529,0.068,27.8079,24.1558,0.500,0.00,1,0.000,0.000,0.000,0,1259.17,0.400,0
222,0.4861,1228.24,15,5.064,0.667,0.025,28.0156,24.3470,0.495,0.00,1,0.000,0.000,0.000,1,-428.24,0.400,1
223,0.2397,642.36,16,1.837,0.562,0.060,22.6434,24.2280,0.497,0.00,1,0.000,0.000,0.000,0,157.64,0.400,0
224,0.5299,1351.24,17,4.769,0.529,0.033,24.7946,24.2765,0.498,0.00,1,0.000,0.000,0.000,1,-551.24,0.400,1
225,-0.7857,-764.31,16,-3.464,0.250,0.166,24.5692,24.3063,0.493,0.00,1,0.000,0.000,0.000,0,1564.31,0.400,0
226,-0.4183,-841.36,15,-4.951,0.267,0.112,24.9086,24.3491,0.488,0.00,1,0.000,0.000,0.000,0,1641.36,0.400,0
227,0.2194,889.90,17,2.742,0.353,0.038,26.4661,24.4739,0.495,0.00,1,0.000,0.000,0.000,1,-89.90,0.400,1
228,-0.5008,-980.52,14,-4.941,0.286,0.098,24.2522,24.5045,0.497,0.00,1,0.000,0.000,0.000,0,1780.52,0.400,0
229,0.1451,347.29,15,2.573,0.467,0.027,26.9073,24.6177,0.499,0.00,1,0.000,0.000,0.000,0,452.71,0.400,0
230,0.0431,674.25,16,1.731,0.625,0.134,26.6631,24.7807,0.500,0.00,1,0.000,0.000,0.000,0,125.75,0.400,0
231,0.3627,960.72,17,2.245,0.588,0.078,25.7833,24.9609,0.495,0.00,1,0.000,0.000,0.000,1,-160.72,0.400,1
232,0.1845,341.14,9,2.137,0.444,0.042,27.5990,25.1298,0.490,0.00,0,0.000,0.000,0.000,0,458.86,0.400,0
233,-0.0373,-99.36,5,-0.821,0.400,0.049,27.9858,25.3833,0.500,0.00,0,0.000,0.000,0.000,0,899.36,0.400,0
234,-0.0484,142.91,3,4.699,0.333,0.009,27.6070,25.5284,0.495,0.00,0,0.000,0.000,0.000,0,657.09,0.400,0
235,-0.1352,-490.39,6,-6.482,0.500,0.072,27.1675,25.6940,0.499,0.00,0,0.000,0.000,0.000,0,1290.39,0.400,0
236,-0.2568,-892.08,4,-13.758,0.250,0.097,28.4283,25.8489,0.493,0.00,0,0.000,0.000,0.000,0,1692.08,0.400,0
237,0.0023,-522.82,8,-5.111,0.500,0.059,26.2339,25.9739,0.488,0.00,0,0.000,0.000,0.000,0,1322.82,0.400,0
238,0.2317,305.13,10,1.872,0.600,0.066,27.3119,26.0538,0.498,0.00,0,0.000,0.000,0.000,0,494.87,0.400,0
239,-0.1033,-383.07,4,-4.851,0.250,0.043,26.9709,26.2313,0.499,0.00,0,0.000,0.000,0.000,0,1183.07,0.400,0
240,-0.0719,-269.03,5,-7.962,0.200,0.040,25.6425,26.3879,0.494,0.00,0,0.000,0.000,0.000,0,1069.03,0.400,0
241,0.0207,-189.59,7,-3.007,0.286,0.041,24.5476,26.2249,0.489,0.00,0,0.000,0.000,0.000,0,989.59,0.400,0
242,0.3342,1139.82,4,10.225,0.750,0.004,23.8303,26.0156,0.499,0.00,0,0.000,0.000,0.000,1,-339.82,0.400,1
243,-0.5298,-554.82,9,-2.156,0.667,0.162,24.9217,26.1295,0.494,0.00,0,0.000,0.000,0.000,0,1354.82,0.400,0
244,0.1436,140.41,7,1.289,0.286,0.057,28.3570,26.3077,0.496,0.00,0,0.000,0.000,0.000,0,659.59,0.400,0
245,0.3638,567.23,5,19.660,0.800,0.004,28.0671,26.4826,0.497,0.00,0,0.000,0.000,0.000,0,232.77,0.400,0
246,-0.2041,-924.75,9,-6.832,0.444,0.099,25.5732,26.5158,0.492,0.00,0,0.000,0.000,0.000,0,1724.75,0.400,0
247,0.2780,298.18,15,2.312,0.467,0.037,26.9071,26.5378,0.496,0.00,1,0.000,0.000,0.000,0,501.82,0.400,0
248,-0.1221,543.65,17,1.290,0.588,0.112,27.3069,26.6906,0.499,0.00,1,0.000,0.000,0.000,0,256.35,0.400,0
249,0.7518,2190.64,13,7.346,0.538,0.054,26.9489,26.6927,0.494,0.00,1,0.000,0.000,0.000,1,-1390.64,0.400,1
