episode,train_profit,oos_profit,train_trades,oos_trades,train_win_rate,oos_win_rate,train_sharpe,oos_sharpe,loss,epsilon
0,-220.31,0.00,20,0,0.300,0.000,-0.499,0.000,7.488845,0.485
1,-878.07,0.00,13,0,0.308,0.000,-5.776,0.000,40.780410,0.476
2,1178.68,0.00,15,1,0.600,0.000,5.087,0.000,6.760454,0.466
3,2014.15,0.00,11,0,0.636,0.000,5.124,0.000,28.644623,0.458
4,-451.86,0.00,13,0,0.385,0.000,-2.322,0.000,17.449114,0.449
5,-2011.23,0.00,19,1,0.368,0.000,-7.164,0.000,0.944257,0.441
6,3018.33,0.00,17,0,0.824,0.000,11.271,0.000,0.206322,0.433
7,-2307.11,0.00,16,1,0.125,0.000,-8.699,0.000,0.018560,0.422
8,2113.93,0.00,15,0,0.667,0.000,6.797,0.000,0.007321,0.497
9,-441.36,0.00,11,0,0.364,0.000,-2.886,0.000,0.003686,0.488
10,-419.76,0.00,9,1,0.222,0.000,-8.487,0.000,0.002707,0.399
11,-479.72,1526.67,13,1,0.462,1.000,-1.897,0.000,0.002783,0.470
12,-1191.37,985.56,9,2,0.444,1.000,-7.026,1323.966,0.002003,0.462
13,2229.34,0.00,8,0,0.750,0.000,9.848,0.000,0.001410,0.454
14,37.22,0.00,11,0,0.636,0.000,0.312,0.000,0.001321,0.446
15,1463.10,0.00,12,1,0.667,0.000,9.974,0.000,0.001209,0.437
16,-366.20,0.00,13,0,0.538,0.000,-3.387,0.000,0.001115,0.430
17,-277.27,0.00,12,0,0.333,0.000,-1.161,0.000,0.001016,0.422
18,559.26,0.00,10,0,0.500,0.000,2.819,0.000,0.001065,0.414
19,-36.09,0.00,12,1,0.417,0.000,-0.139,0.000,0.000883,0.488
20,-519.35,0.00,15,1,0.533,0.000,-1.838,0.000,0.000887,0.473
21,779.67,0.00,11,1,0.636,0.000,6.756,0.000,0.000821,0.461
22,1285.95,0.00,12,1,0.667,0.000,7.881,0.000,0.000785,0.453
23,774.28,0.00,14,0,0.643,0.000,4.436,0.000,0.000746,0.445
24,-831.37,0.00,10,1,0.400,0.000,-6.546,0.000,0.000694,0.437
25,-399.20,1018.92,9,5,0.333,0.600,-5.888,11.044,0.000684,0.429
26,581.72,0.00,9,0,0.444,0.000,3.920,0.000,0.000626,0.421
27,-880.96,0.00,9,1,0.444,0.000,-2.576,0.000,0.000593,0.414
28,-1444.79,0.00,11,0,0.364,0.000,-6.282,0.000,0.000496,0.406
29,-1796.62,0.00,10,1,0.400,0.000,-5.849,0.000,0.000526,0.399
30,580.47,0.00,11,0,0.727,0.000,5.711,0.000,0.000512,0.392
31,-291.39,0.00,6,1,0.333,0.000,-5.003,0.000,0.000502,0.385
32,-1905.03,0.00,6,1,0.333,0.000,-19.876,0.000,0.000456,0.378
33,80.56,0.00,8,0,0.500,0.000,0.225,0.000,0.000471,0.445
34,-2366.58,0.00,13,0,0.385,0.000,-7.368,0.000,0.000483,0.437
35,305.14,833.07,10,3,0.500,0.667,2.080,13.623,0.000493,0.429
36,-666.96,0.00,10,0,0.500,0.000,-2.720,0.000,0.000481,0.422
37,195.09,0.00,14,0,0.500,0.000,0.769,0.000,0.000463,0.414
38,343.05,0.00,9,1,0.444,0.000,2.024,0.000,0.000450,0.407
39,-950.03,0.00,11,0,0.364,0.000,-8.247,0.000,0.000439,0.399
40,358.77,0.00,9,0,0.667,0.000,2.132,0.000,0.000418,0.392
41,-1461.63,0.00,6,1,0.167,0.000,-9.811,0.000,0.000418,0.462
42,-1294.89,0.00,10,1,0.400,0.000,-6.619,0.000,0.000434,0.378
43,1051.02,0.00,11,1,0.455,0.000,4.484,0.000,0.000572,0.371
44,-467.55,0.00,13,1,0.308,0.000,-2.643,0.000,0.000436,0.365
45,884.21,0.00,16,1,0.500,0.000,2.693,0.000,0.000528,0.358
46,-888.06,0.00,11,1,0.455,0.000,-4.783,0.000,0.000413,0.352
47,660.52,0.00,12,0,0.500,0.000,2.631,0.000,0.000424,0.345
48,-29.73,0.00,7,1,0.429,0.000,-0.381,0.000,0.000451,0.339
49,1823.64,0.00,9,1,0.778,0.000,10.199,0.000,0.000484,0.333
50,-133.56,0.00,10,1,0.300,0.000,-0.696,0.000,0.000401,0.392
51,-602.02,0.00,8,0,0.375,0.000,-4.838,0.000,0.000357,0.385
52,-488.07,0.00,10,1,0.600,0.000,-1.429,0.000,0.000356,0.378
53,-334.88,0.00,10,1,0.400,0.000,-6.788,0.000,0.000330,0.371
54,495.96,-301.14,7,5,0.429,0.400,6.851,-4.871,0.000343,0.365
55,-1548.46,0.00,11,0,0.364,0.000,-4.538,0.000,0.000342,0.358
56,-2773.45,0.00,12,0,0.417,0.000,-9.231,0.000,0.000404,0.352
57,542.22,0.00,7,1,0.286,0.000,1.991,0.000,0.000387,0.345
58,-1171.56,0.00,14,1,0.429,0.000,-6.516,0.000,0.000316,0.339
59,0.75,0.00,10,1,0.400,0.000,0.008,0.000,0.000319,0.333
60,386.05,0.00,8,1,0.500,0.000,2.514,0.000,0.000349,0.327
61,-322.41,0.00,11,0,0.455,0.000,-2.576,0.000,0.000306,0.321
62,202.45,0.00,8,0,0.625,0.000,2.234,0.000,0.000282,0.378
63,-1922.33,0.00,10,0,0.400,0.000,-5.180,0.000,0.000303,0.372
64,37.30,0.00,14,1,0.429,0.000,0.365,0.000,0.000292,0.365
65,-726.55,0.00,5,1,0.600,0.000,-4.331,0.000,0.000291,0.358
66,427.19,0.00,14,0,0.571,0.000,4.858,0.000,0.000284,0.352
67,72.24,0.00,5,1,0.600,0.000,0.792,0.000,0.000291,0.346
68,-389.16,0.00,5,1,0.600,0.000,-5.518,0.000,0.000259,0.339
69,-69.34,0.00,9,0,0.444,0.000,-0.153,0.000,0.000250,0.400
70,-1606.60,0.00,9,0,0.444,0.000,-9.112,0.000,0.000277,0.393
71,1153.12,0.00,9,1,0.444,0.000,5.866,0.000,0.000272,0.386
72,-850.57,0.00,10,1,0.400,0.000,-8.962,0.000,0.000257,0.379
73,-92.59,0.00,8,0,0.500,0.000,-0.763,0.000,0.000320,0.372
74,-8.24,0.00,13,1,0.538,0.000,-0.025,0.000,0.000290,0.365
75,-1188.71,0.00,14,0,0.214,0.000,-5.117,0.000,0.004156,0.359
76,-2345.07,0.00,10,0,0.500,0.000,-7.794,0.000,0.000303,0.352
77,-787.33,0.00,9,0,0.444,0.000,-8.397,0.000,0.000279,0.346
78,-215.10,0.00,9,1,0.556,0.000,-1.927,0.000,0.000265,0.407
79,-292.77,0.00,6,0,0.667,0.000,-2.840,0.000,0.000305,0.400
80,-732.66,0.00,11,1,0.091,0.000,-10.816,0.000,0.000271,0.393
81,710.75,0.00,8,0,0.500,0.000,5.875,0.000,0.000229,0.386
82,-1076.37,0.00,8,0,0.375,0.000,-5.032,0.000,0.000250,0.379
83,-239.03,0.00,11,0,0.364,0.000,-0.460,0.000,0.000243,0.372
84,-380.70,0.00,8,0,0.625,0.000,-1.794,0.000,0.000249,0.365
85,470.26,0.00,9,1,0.556,0.000,2.187,0.000,0.000582,0.359
86,-57.42,0.00,11,0,0.636,0.000,-0.499,0.000,0.001764,0.352
87,-555.83,0.00,15,0,0.333,0.000,-3.844,0.000,0.000419,0.346
88,1309.72,0.00,13,0,0.538,0.000,6.143,0.000,0.000295,0.340
89,-1281.94,0.00,11,1,0.364,0.000,-4.545,0.000,0.000287,0.334
90,-669.01,0.00,11,1,0.273,0.000,-6.373,0.000,0.000285,0.328
91,2678.58,0.00,11,1,0.636,0.000,6.751,0.000,0.000278,0.322
92,590.19,0.00,10,1,0.400,0.000,2.522,0.000,0.000275,0.316
93,-938.92,0.00,12,1,0.583,0.000,-5.418,0.000,0.001748,0.372
94,-1559.15,0.00,5,0,0.600,0.000,-7.777,0.000,0.000389,0.365
95,298.76,0.00,6,0,0.667,0.000,9.690,0.000,0.000338,0.359
96,1640.82,0.00,10,1,0.500,0.000,6.876,0.000,0.000288,0.352
97,-215.66,0.00,13,0,0.462,0.000,-0.931,0.000,0.000268,0.346
98,-114.12,0.00,6,0,0.500,0.000,-0.913,0.000,0.000284,0.340
99,1513.54,0.00,7,1,0.571,0.000,6.371,0.000,0.000248,0.334
100,636.23,0.00,9,0,0.444,0.000,4.043,0.000,0.000234,0.328
101,-400.42,0.00,7,1,0.571,0.000,-3.486,0.000,0.000233,0.322
102,-683.37,0.00,8,0,0.500,0.000,-4.251,0.000,0.000236,0.316
103,218.63,0.00,5,1,0.200,0.000,2.476,0.000,0.000216,0.372
104,297.14,0.00,15,1,0.467,0.000,1.747,0.000,0.000220,0.366
105,-747.41,0.00,9,0,0.444,0.000,-2.699,0.000,0.000220,0.359
106,314.50,0.00,11,1,0.636,0.000,1.195,0.000,0.006449,0.353
107,-589.20,0.00,12,0,0.250,0.000,-4.011,0.000,0.019522,0.346
108,-1269.55,0.00,9,0,0.111,0.000,-7.014,0.000,0.002979,0.340
109,-252.53,0.00,8,0,0.250,0.000,-1.798,0.000,0.000986,0.334
110,21.18,0.00,7,1,0.429,0.000,0.385,0.000,0.000636,0.393
111,567.40,0.00,9,1,0.444,0.000,2.534,0.000,0.000453,0.386
112,-1789.52,0.00,7,0,0.286,0.000,-10.873,0.000,0.000412,0.379
113,-160.32,0.00,10,1,0.600,0.000,-1.547,0.000,0.000338,0.373
114,-595.01,0.00,9,1,0.111,0.000,-3.817,0.000,0.000298,0.366
115,1267.67,0.00,13,0,0.846,0.000,9.265,0.000,0.000305,0.359
116,-491.17,0.00,7,0,0.571,0.000,-2.583,0.000,0.000277,0.353
117,735.33,0.00,11,0,0.727,0.000,9.503,0.000,0.000287,0.346
118,547.27,0.00,6,0,0.833,0.000,13.565,0.000,0.000270,0.340
119,-375.34,0.00,6,0,0.667,0.000,-2.622,0.000,0.000262,0.334
120,599.96,0.00,7,1,0.571,0.000,2.570,0.000,0.000263,0.328
121,-1725.90,0.00,8,0,0.625,0.000,-4.282,0.000,0.000265,0.322
122,957.46,0.00,7,0,0.571,0.000,3.416,0.000,0.000274,0.316
123,-105.22,0.00,11,0,0.455,0.000,-0.769,0.000,0.000252,0.311
124,-230.85,0.00,4,1,0.500,0.000,-2.990,0.000,0.000267,0.366
125,-1060.56,0.00,11,0,0.364,0.000,-6.014,0.000,0.000233,0.359
126,1175.81,0.00,6,0,0.833,0.000,14.748,0.000,0.000214,0.353
127,-359.58,0.00,9,1,0.333,0.000,-5.781,0.000,0.000209,0.347
128,1723.95,0.00,8,0,0.625,0.000,5.287,0.000,0.000227,0.340
129,-102.33,0.00,9,0,0.444,0.000,-0.440,0.000,0.000197,0.401
130,489.19,0.00,15,0,0.667,0.000,1.360,0.000,0.000205,0.394
131,1443.89,0.00,17,1,0.529,0.000,5.753,0.000,0.000214,0.387
132,134.63,0.00,8,1,0.625,0.000,0.730,0.000,0.000197,0.380
133,-148.82,0.00,9,0,0.556,0.000,-0.774,0.000,0.000213,0.373
134,-414.07,0.00,15,0,0.533,0.000,-1.657,0.000,0.000187,0.366
135,-1525.85,0.00,8,0,0.250,0.000,-8.762,0.000,0.000199,0.432
136,503.32,0.00,7,1,0.571,0.000,3.714,0.000,0.000205,0.424
137,803.34,0.00,10,0,0.600,0.000,4.652,0.000,0.000196,0.416
138,1570.56,0.00,7,0,0.857,0.000,14.015,0.000,0.000195,0.409
139,950.11,0.00,11,0,0.545,0.000,4.402,0.000,0.000199,0.401
140,-806.70,0.00,10,1,0.300,0.000,-8.929,0.000,0.000205,0.394
141,1723.71,0.00,12,1,0.750,0.000,7.662,0.000,0.000190,0.387
142,840.49,0.00,11,0,0.545,0.000,6.743,0.000,0.000182,0.380
143,179.54,0.00,12,0,0.583,0.000,1.295,0.000,0.000195,0.373
144,-167.98,0.00,10,1,0.400,0.000,-1.074,0.000,0.000190,0.366
145,341.63,0.00,12,1,0.667,0.000,2.664,0.000,0.000194,0.360
146,-720.80,0.00,12,0,0.417,0.000,-6.351,0.000,0.000185,0.353
147,-235.79,0.00,10,1,0.400,0.000,-1.840,0.000,0.000181,0.347
148,626.29,0.00,11,0,0.455,0.000,2.760,0.000,0.000205,0.409
149,-994.37,0.00,10,1,0.400,0.000,-5.903,0.000,0.000184,0.402
